C:\lscc\diamond\3.10_x64\synpbase\bin64\c_hdl.exe  -osyn  C:\Users\Yair\Desktop\alu02\alu02\alu\impl1\synwork\ALU00_impl1_comp.srs  -top  topalu00  -hdllog  C:\Users\Yair\Desktop\alu02\alu02\alu\impl1\synlog\ALU00_impl1_compiler.srr  -encrypt  -mp  4  -verification_mode 0  -vhdl  -prodtype  synplify_pro  -dspmac -fixsmult -infer_seqShift -nram -sdff_counter -divnmod -nostructver  -encrypt  -pro  -dmgen  C:\Users\Yair\Desktop\alu02\alu02\alu\impl1\dm  -lite -ui -fid2 -ram -sharing on -ll 2000 -autosm  -ignore_undefined_lib  -lib work C:\lscc\diamond\3.10_x64\cae_library\synthesis\vhdl\machxo2.vhd -lib work C:\Users\Yair\Desktop\alu02\alu02\alu\osc00.vhdl -lib work C:\Users\Yair\Desktop\alu02\alu02\alu\div00.vhdl -lib work C:\Users\Yair\Desktop\alu02\alu02\alu\packagefa00.vhdl -lib work C:\Users\Yair\Desktop\alu02\alu02\alu\packageha00.vhdl -lib work C:\Users\Yair\Desktop\alu02\alu02\alu\packagealu00.vhdl -lib work C:\Users\Yair\Desktop\alu02\alu02\alu\packagediv00.vhdl -lib work C:\Users\Yair\Desktop\alu02\alu02\alu\packagecomp.vhdl -lib work C:\Users\Yair\Desktop\alu02\alu02\alu\packagemul00.vhdl -lib work C:\Users\Yair\Desktop\alu02\alu02\alu\packageadder.vhdl -lib work C:\Users\Yair\Desktop\alu02\alu02\alu\ac00.vhdl -lib work C:\Users\Yair\Desktop\alu02\alu02\alu\ora00.vhdl -lib work C:\Users\Yair\Desktop\alu02\alu02\alu\anda00.vhdl -lib work C:\Users\Yair\Desktop\alu02\alu02\alu\nota00.vhdl -lib work C:\Users\Yair\Desktop\alu02\alu02\alu\nanda00.vhdl -lib work C:\Users\Yair\Desktop\alu02\alu02\alu\nora00.vhdl -lib work C:\Users\Yair\Desktop\alu02\alu02\alu\xora00.vhdl -lib work C:\Users\Yair\Desktop\alu02\alu02\alu\xnora00.vhdl -lib work C:\Users\Yair\Desktop\alu02\alu02\alu\rotL00.vhdl -lib work C:\Users\Yair\Desktop\alu02\alu02\alu\rotR00.vhdl -lib work C:\Users\Yair\Desktop\alu02\alu02\alu\shiftR00.vhdl -lib work C:\Users\Yair\Desktop\alu02\alu02\alu\shiftL00.vhdl -lib work C:\Users\Yair\Desktop\alu02\alu02\alu\and0.vhdl -lib work C:\Users\Yair\Desktop\alu02\alu02\alu\and00.vhdl -lib work C:\Users\Yair\Desktop\alu02\alu02\alu\or.vhdl -lib work C:\Users\Yair\Desktop\alu02\alu02\alu\or00.vhdl -lib work C:\Users\Yair\Desktop\alu02\alu02\alu\xnor00.vhdl -lib work C:\Users\Yair\Desktop\alu02\alu02\alu\xor.vhdl -lib work C:\Users\Yair\Desktop\alu02\alu02\alu\xor00.vhdl -lib work C:\Users\Yair\Desktop\alu02\alu02\alu\packageadder8bit00.vhdl -lib work C:\Users\Yair\Desktop\alu02\alu02\alu\addera00.vhdl -lib work C:\Users\Yair\Desktop\alu02\alu02\alu\subsa00.vhdl -lib work C:\Users\Yair\Desktop\alu02\alu02\alu\mult8bits.vhdl -lib work C:\Users\Yair\Desktop\alu02\alu02\alu\barrelrotL00.vhdl -lib work C:\Users\Yair\Desktop\alu02\alu02\alu\barrelrotR00.vhdl -lib work C:\Users\Yair\Desktop\alu02\alu02\alu\barrelshiftR00.vhdl -lib work C:\Users\Yair\Desktop\alu02\alu02\alu\barrelshiftL00.vhdl -lib work C:\Users\Yair\Desktop\alu02\alu02\alu\topdiv00.vhdl -lib work C:\Users\Yair\Desktop\alu02\alu02\alu\topadder0.vhdl -lib work C:\Users\Yair\Desktop\alu02\alu02\alu\topadder01.vhdl -lib work C:\Users\Yair\Desktop\alu02\alu02\alu\ha00.vhdl -lib work C:\Users\Yair\Desktop\alu02\alu02\alu\fa00.vhdl -lib work C:\Users\Yair\Desktop\alu02\alu02\alu\adder8bits.vhdl -lib work C:\Users\Yair\Desktop\alu02\alu02\alu\topmult00.vhdl -lib work C:\Users\Yair\Desktop\alu02\alu02\alu\topalu00.vhdl  -jobname  "compiler" 
relcom:..\..\..\..\..\..\..\..\lscc\diamond\3.10_x64\synpbase\bin64\c_hdl.exe -osyn ..\synwork\ALU00_impl1_comp.srs -top topalu00 -hdllog ..\synlog\ALU00_impl1_compiler.srr -encrypt -mp 4 -verification_mode 0 -vhdl -prodtype synplify_pro -dspmac -fixsmult -infer_seqShift -nram -sdff_counter -divnmod -nostructver -encrypt -pro -dmgen ..\dm -lite -ui -fid2 -ram -sharing on -ll 2000 -autosm -ignore_undefined_lib -lib work ..\..\..\..\..\..\..\..\lscc\diamond\3.10_x64\cae_library\synthesis\vhdl\machxo2.vhd -lib work ..\..\osc00.vhdl -lib work ..\..\div00.vhdl -lib work ..\..\packagefa00.vhdl -lib work ..\..\packageha00.vhdl -lib work ..\..\packagealu00.vhdl -lib work ..\..\packagediv00.vhdl -lib work ..\..\packagecomp.vhdl -lib work ..\..\packagemul00.vhdl -lib work ..\..\packageadder.vhdl -lib work ..\..\ac00.vhdl -lib work ..\..\ora00.vhdl -lib work ..\..\anda00.vhdl -lib work ..\..\nota00.vhdl -lib work ..\..\nanda00.vhdl -lib work ..\..\nora00.vhdl -lib work ..\..\xora00.vhdl -lib work ..\..\xnora00.vhdl -lib work ..\..\rotL00.vhdl -lib work ..\..\rotR00.vhdl -lib work ..\..\shiftR00.vhdl -lib work ..\..\shiftL00.vhdl -lib work ..\..\and0.vhdl -lib work ..\..\and00.vhdl -lib work ..\..\or.vhdl -lib work ..\..\or00.vhdl -lib work ..\..\xnor00.vhdl -lib work ..\..\xor.vhdl -lib work ..\..\xor00.vhdl -lib work ..\..\packageadder8bit00.vhdl -lib work ..\..\addera00.vhdl -lib work ..\..\subsa00.vhdl -lib work ..\..\mult8bits.vhdl -lib work ..\..\barrelrotL00.vhdl -lib work ..\..\barrelrotR00.vhdl -lib work ..\..\barrelshiftR00.vhdl -lib work ..\..\barrelshiftL00.vhdl -lib work ..\..\topdiv00.vhdl -lib work ..\..\topadder0.vhdl -lib work ..\..\topadder01.vhdl -lib work ..\..\ha00.vhdl -lib work ..\..\fa00.vhdl -lib work ..\..\adder8bits.vhdl -lib work ..\..\topmult00.vhdl -lib work ..\..\topalu00.vhdl -jobname "compiler"
rc:0 success:1 runtime:7
file:..\synwork\ALU00_impl1_comp.srs|io:o|time:1560359248|size:60839|exec:0|csum:
file:..\synlog\ALU00_impl1_compiler.srr|io:o|time:1560359248|size:50162|exec:0|csum:
file:..\..\..\..\..\..\..\..\lscc\diamond\3.10_x64\cae_library\synthesis\vhdl\machxo2.vhd|io:i|time:1493331104|size:73964|exec:0|csum:CFF92E93E4FE354031DBB4E0E47DD4A6
file:..\..\osc00.vhdl|io:i|time:1555990228|size:488|exec:0|csum:8C7223EE5D377AEFB4F483D81D100EEE
file:..\..\div00.vhdl|io:i|time:1560359231|size:2148|exec:0|csum:FC6B8E760CF5D7D33DA5F27B70F5A3D3
file:..\..\packagefa00.vhdl|io:i|time:1556634240|size:353|exec:0|csum:65A9E2A79AEEDD1ACF28EB93F1916BAA
file:..\..\packageha00.vhdl|io:i|time:1556634240|size:326|exec:0|csum:59015AD0EE41D8D645410A12B7C8C464
file:..\..\packagealu00.vhdl|io:i|time:1560139705|size:7216|exec:0|csum:4228816C714CD807BC5EACAF2A86B4CF
file:..\..\packagediv00.vhdl|io:i|time:1555990228|size:331|exec:0|csum:D24580B86AB43E90D0B9C7495453B73A
file:..\..\packagecomp.vhdl|io:i|time:1551205659|size:821|exec:0|csum:FA97A5E530D2EBF2788C0F1FDF61D354
file:..\..\packagemul00.vhdl|io:i|time:1551205614|size:331|exec:0|csum:AEA27001A827221F0D5B80DF54AAA16D
file:..\..\packageadder.vhdl|io:i|time:1551205636|size:326|exec:0|csum:F72BE1068AB0D6584F6B3D1D9F28CF63
file:..\..\ac00.vhdl|io:i|time:1560136700|size:1286|exec:0|csum:3BF99E3C194052934A4FE07C388F9C58
file:..\..\ora00.vhdl|io:i|time:1560137560|size:1011|exec:0|csum:E5B743A6A7DD13221233BDB0D9FCE851
file:..\..\anda00.vhdl|io:i|time:1560137535|size:1018|exec:0|csum:26D2DB0E4A77E2EFCB048F21C865B0B8
file:..\..\nota00.vhdl|io:i|time:1560137508|size:1049|exec:0|csum:78B8ACF0FE97C5818FA1EFC0709B61E7
file:..\..\nanda00.vhdl|io:i|time:1560137500|size:1101|exec:0|csum:9C681B5DC0E274D0267C9EBEC77D61A0
file:..\..\nora00.vhdl|io:i|time:1560137489|size:1023|exec:0|csum:2FE0A097F8D896C354D48AF0F6C717D8
file:..\..\xora00.vhdl|io:i|time:1560137479|size:1017|exec:0|csum:E410ED2C6789E681268FE65D19D35F5D
file:..\..\xnora00.vhdl|io:i|time:1560137454|size:1045|exec:0|csum:4013F6DECDD70FD10C00D5C5FA61C72D
file:..\..\rotL00.vhdl|io:i|time:1559889426|size:1165|exec:0|csum:DD821ED8820C4A365A3D6282704952FA
file:..\..\rotR00.vhdl|io:i|time:1559889401|size:1171|exec:0|csum:F1A65BFCD6A311075B55F539F8974AEF
file:..\..\shiftR00.vhdl|io:i|time:1559889370|size:1208|exec:0|csum:5BC35AD4E1F7142AC8FC3FC473778415
file:..\..\shiftL00.vhdl|io:i|time:1559889066|size:1222|exec:0|csum:C7C6AB39B456AD3227340472EC1E19BE
file:..\..\and0.vhdl|io:i|time:1551205684|size:247|exec:0|csum:656F5D174461F86D7A3297FB329EE8BF
file:..\..\and00.vhdl|io:i|time:1556634240|size:239|exec:0|csum:85BE5DE436291181C328BF21E3F35307
file:..\..\or.vhdl|io:i|time:1551205669|size:244|exec:0|csum:A8FA4BB813C1E372F20640FD5DBE4FE9
file:..\..\or00.vhdl|io:i|time:1556634240|size:232|exec:0|csum:3D7CC789B70875231D121B1A41C13E06
file:..\..\xnor00.vhdl|io:i|time:1556634240|size:250|exec:0|csum:B0BE4A2B26438D062F79648211765774
file:..\..\xor.vhdl|io:i|time:1551205692|size:240|exec:0|csum:25AD5E2878AA5BE26E1A679CB4167A2E
file:..\..\xor00.vhdl|io:i|time:1556812518|size:239|exec:0|csum:09B6985B3F92FAF21051EBD09D72FA03
file:..\..\packageadder8bit00.vhdl|io:i|time:1556634240|size:588|exec:0|csum:4795D34DF51CBC166B41931D3756F3A2
file:..\..\addera00.vhdl|io:i|time:1560137365|size:1016|exec:0|csum:B60636699052235D7F7CE9D14F51DA3A
file:..\..\subsa00.vhdl|io:i|time:1560137344|size:1016|exec:0|csum:8DF665E616A9E8FDB5A03247F9E782E2
file:..\..\mult8bits.vhdl|io:i|time:1560137310|size:928|exec:0|csum:B2B0B77975A85514A46861F0BC8732DC
file:..\..\barrelrotL00.vhdl|io:i|time:1560149478|size:1994|exec:0|csum:1796A0676FD5D444ECE06A7A100CF838
file:..\..\barrelrotR00.vhdl|io:i|time:1560149717|size:1994|exec:0|csum:431A8A0B7C107703C66C8A0500FF6FE9
file:..\..\barrelshiftR00.vhdl|io:i|time:1560150153|size:2042|exec:0|csum:6BB2A6E9820B258799D062EA759529CB
file:..\..\barrelshiftL00.vhdl|io:i|time:1560142348|size:2046|exec:0|csum:0067221F56D5ABF6C2F1C602461239AA
file:..\..\topdiv00.vhdl|io:i|time:1555990406|size:417|exec:0|csum:1E663F84766DE8FC3A206A1E596DAEE5
file:..\..\topadder0.vhdl|io:i|time:1551205646|size:407|exec:0|csum:A330421C7B45C991CA5713B7C82B6BA0
file:..\..\topadder01.vhdl|io:i|time:1551205629|size:614|exec:0|csum:2B08CD0A8F575B69C73DCF9D6A5F8F47
file:..\..\ha00.vhdl|io:i|time:1556634240|size:399|exec:0|csum:00977B651A6A5581E6C963B0A32BAA09
file:..\..\fa00.vhdl|io:i|time:1556634240|size:587|exec:0|csum:F6D167907F3DACB95BD45967F860ACFF
file:..\..\adder8bits.vhdl|io:i|time:1560137334|size:4079|exec:0|csum:090F81DD87F27A77140993EB234AB387
file:..\..\topmult00.vhdl|io:i|time:1560136773|size:12387|exec:0|csum:A27506ACA4E3D5F4F8F9FBDE0E187A83
file:..\..\topalu00.vhdl|io:i|time:1560357691|size:6815|exec:0|csum:1CBC26418B0CE1F22BA03EE85CE42104
file:..\..\..\..\..\..\..\..\lscc\diamond\3.10_x64\synpbase\bin64\c_hdl.exe|io:i|time:1501913558|size:5526016|exec:1|csum:B0FC75282263C9BC65A760D01C67ECBA
