Running in Lattice mode

Starting:    C:\lscc\diamond\3.11_x64\synpbase\bin64\mbin\synbatch.exe
Install:     C:\lscc\diamond\3.11_x64\synpbase
Hostname:    DESKTOP-496B8RB
Date:        Tue Nov 12 08:56:55 2019
Version:     N-2018.03L-SP1-1

Arguments:   -product synplify_pro -batch lcd02_lcd2_synplify.tcl
ProductType: synplify_pro




log file: "C:\Users\ameri\Documentos\ESCOM\Arquitectura\Arquitectura-de-Computadoras-master\II\Practicas\lcd02\lcd2\lcd02_lcd2.srr"
Running: hdl_info_gen in foreground

Generating HDL info...
Copied C:\Users\ameri\Documentos\ESCOM\Arquitectura\Arquitectura-de-Computadoras-master\II\Practicas\lcd02\lcd2\lcd02_lcd2.srr to C:\Users\ameri\Documentos\ESCOM\Arquitectura\Arquitectura-de-Computadoras-master\II\Practicas\lcd02\lcd2\lcd02_lcd2.srf

hdl_info_gen completed
# Tue Nov 12 08:56:59 2019

Return Code: 0
Run Time:00h:00m:02s
log file: "C:\Users\ameri\Documentos\ESCOM\Arquitectura\Arquitectura-de-Computadoras-master\II\Practicas\lcd02\lcd2\lcd02_lcd2.srr"
Running: lcd2 in foreground

Running proj_1|lcd2

Running Flow: compile (Compile) on proj_1|lcd2
# Tue Nov 12 08:57:00 2019

Running Flow: compile_flow (Compile Process) on proj_1|lcd2
# Tue Nov 12 08:57:00 2019

Running: compiler (Compile Input) on proj_1|lcd2
# Tue Nov 12 08:57:00 2019
Copied C:\Users\ameri\Documentos\ESCOM\Arquitectura\Arquitectura-de-Computadoras-master\II\Practicas\lcd02\lcd2\synwork\lcd02_lcd2_comp.srs to C:\Users\ameri\Documentos\ESCOM\Arquitectura\Arquitectura-de-Computadoras-master\II\Practicas\lcd02\lcd2\lcd02_lcd2.srs

compiler completed
# Tue Nov 12 08:57:05 2019

Return Code: 0
Run Time:00h:00m:05s

Running: multi_srs_gen (Multi-srs Generator) on proj_1|lcd2
# Tue Nov 12 08:57:05 2019

multi_srs_gen completed
# Tue Nov 12 08:57:05 2019

Return Code: 0
Run Time:00h:00m:00s
Copied C:\Users\ameri\Documentos\ESCOM\Arquitectura\Arquitectura-de-Computadoras-master\II\Practicas\lcd02\lcd2\synwork\lcd02_lcd2_mult.srs to C:\Users\ameri\Documentos\ESCOM\Arquitectura\Arquitectura-de-Computadoras-master\II\Practicas\lcd02\lcd2\lcd02_lcd2.srs
Copied C:\Users\ameri\Documentos\ESCOM\Arquitectura\Arquitectura-de-Computadoras-master\II\Practicas\lcd02\lcd2\lcd02_lcd2.srr to C:\Users\ameri\Documentos\ESCOM\Arquitectura\Arquitectura-de-Computadoras-master\II\Practicas\lcd02\lcd2\lcd02_lcd2.srf
Complete: Compile Process on proj_1|lcd2

Running: premap (Premap) on proj_1|lcd2
# Tue Nov 12 08:57:05 2019

premap completed with warnings
# Tue Nov 12 08:57:09 2019

Return Code: 1
Run Time:00h:00m:04s
Complete: Compile on proj_1|lcd2

Running Flow: map (Map) on proj_1|lcd2
# Tue Nov 12 08:57:09 2019
License granted for 4 parallel jobs

Running: fpga_mapper (Map & Optimize) on proj_1|lcd2
# Tue Nov 12 08:57:09 2019
Copied C:\Users\ameri\Documentos\ESCOM\Arquitectura\Arquitectura-de-Computadoras-master\II\Practicas\lcd02\lcd2\synwork\lcd02_lcd2_m.srm to C:\Users\ameri\Documentos\ESCOM\Arquitectura\Arquitectura-de-Computadoras-master\II\Practicas\lcd02\lcd2\lcd02_lcd2.srm

fpga_mapper completed with warnings
# Tue Nov 12 08:57:12 2019

Return Code: 1
Run Time:00h:00m:03s
Complete: Map on proj_1|lcd2
Copied C:\Users\ameri\Documentos\ESCOM\Arquitectura\Arquitectura-de-Computadoras-master\II\Practicas\lcd02\lcd2\lcd02_lcd2.srr to C:\Users\ameri\Documentos\ESCOM\Arquitectura\Arquitectura-de-Computadoras-master\II\Practicas\lcd02\lcd2\lcd02_lcd2.srf
Complete: Logic Synthesis on proj_1|lcd2
TCL script complete: "lcd02_lcd2_synplify.tcl"
exit status=0
exit status=0
Save changes for project:
C:\Users\ameri\Documentos\ESCOM\Arquitectura\Arquitectura-de-Computadoras-master\II\Practicas\lcd02\lcd2\proj_1.prj
batch mode default:no
