Running in Lattice mode

Starting:    C:\lscc\diamond\3.11_x64\synpbase\bin64\mbin\synbatch.exe
Install:     C:\lscc\diamond\3.11_x64\synpbase
Hostname:    DESKTOP-496B8RB
Date:        Thu Nov 28 10:48:15 2019
Version:     N-2018.03L-SP1-1

Arguments:   -product synplify_pro -batch alu01_alu01_synplify.tcl
ProductType: synplify_pro




log file: "C:\Users\ameri\Documentos\ESCOM\Arquitectura\ARQUITECTURA_DE_COMPUTADORAS\Practicas\2doP\P15\alu01\alu01\alu01_alu01.srr"
Running: hdl_info_gen in foreground

Generating HDL info...
Copied C:\Users\ameri\Documentos\ESCOM\Arquitectura\ARQUITECTURA_DE_COMPUTADORAS\Practicas\2doP\P15\alu01\alu01\alu01_alu01.srr to C:\Users\ameri\Documentos\ESCOM\Arquitectura\ARQUITECTURA_DE_COMPUTADORAS\Practicas\2doP\P15\alu01\alu01\alu01_alu01.srf

hdl_info_gen completed
# Thu Nov 28 10:48:19 2019

Return Code: 0
Run Time:00h:00m:02s
log file: "C:\Users\ameri\Documentos\ESCOM\Arquitectura\ARQUITECTURA_DE_COMPUTADORAS\Practicas\2doP\P15\alu01\alu01\alu01_alu01.srr"
Running: alu01 in foreground

Running proj_1|alu01

Running Flow: compile (Compile) on proj_1|alu01
# Thu Nov 28 10:48:20 2019

Running Flow: compile_flow (Compile Process) on proj_1|alu01
# Thu Nov 28 10:48:20 2019

Running: compiler (Compile Input) on proj_1|alu01
# Thu Nov 28 10:48:20 2019
Copied C:\Users\ameri\Documentos\ESCOM\Arquitectura\ARQUITECTURA_DE_COMPUTADORAS\Practicas\2doP\P15\alu01\alu01\synwork\alu01_alu01_comp.srs to C:\Users\ameri\Documentos\ESCOM\Arquitectura\ARQUITECTURA_DE_COMPUTADORAS\Practicas\2doP\P15\alu01\alu01\alu01_alu01.srs

compiler completed
# Thu Nov 28 10:48:25 2019

Return Code: 0
Run Time:00h:00m:05s

Running: multi_srs_gen (Multi-srs Generator) on proj_1|alu01
# Thu Nov 28 10:48:25 2019

multi_srs_gen completed
# Thu Nov 28 10:48:26 2019

Return Code: 0
Run Time:00h:00m:01s
Copied C:\Users\ameri\Documentos\ESCOM\Arquitectura\ARQUITECTURA_DE_COMPUTADORAS\Practicas\2doP\P15\alu01\alu01\synwork\alu01_alu01_mult.srs to C:\Users\ameri\Documentos\ESCOM\Arquitectura\ARQUITECTURA_DE_COMPUTADORAS\Practicas\2doP\P15\alu01\alu01\alu01_alu01.srs
Copied C:\Users\ameri\Documentos\ESCOM\Arquitectura\ARQUITECTURA_DE_COMPUTADORAS\Practicas\2doP\P15\alu01\alu01\alu01_alu01.srr to C:\Users\ameri\Documentos\ESCOM\Arquitectura\ARQUITECTURA_DE_COMPUTADORAS\Practicas\2doP\P15\alu01\alu01\alu01_alu01.srf
Complete: Compile Process on proj_1|alu01

Running: premap (Premap) on proj_1|alu01
# Thu Nov 28 10:48:26 2019

premap completed with warnings
# Thu Nov 28 10:48:30 2019

Return Code: 1
Run Time:00h:00m:04s
Complete: Compile on proj_1|alu01

Running Flow: map (Map) on proj_1|alu01
# Thu Nov 28 10:48:30 2019
License granted for 4 parallel jobs

Running: fpga_mapper (Map & Optimize) on proj_1|alu01
# Thu Nov 28 10:48:30 2019
Copied C:\Users\ameri\Documentos\ESCOM\Arquitectura\ARQUITECTURA_DE_COMPUTADORAS\Practicas\2doP\P15\alu01\alu01\synwork\alu01_alu01_m.srm to C:\Users\ameri\Documentos\ESCOM\Arquitectura\ARQUITECTURA_DE_COMPUTADORAS\Practicas\2doP\P15\alu01\alu01\alu01_alu01.srm

fpga_mapper completed with warnings
# Thu Nov 28 10:48:37 2019

Return Code: 1
Run Time:00h:00m:07s
Complete: Map on proj_1|alu01
Copied C:\Users\ameri\Documentos\ESCOM\Arquitectura\ARQUITECTURA_DE_COMPUTADORAS\Practicas\2doP\P15\alu01\alu01\alu01_alu01.srr to C:\Users\ameri\Documentos\ESCOM\Arquitectura\ARQUITECTURA_DE_COMPUTADORAS\Practicas\2doP\P15\alu01\alu01\alu01_alu01.srf
Complete: Logic Synthesis on proj_1|alu01
TCL script complete: "alu01_alu01_synplify.tcl"
exit status=0
exit status=0
Save changes for project:
C:\Users\ameri\Documentos\ESCOM\Arquitectura\ARQUITECTURA_DE_COMPUTADORAS\Practicas\2doP\P15\alu01\alu01\proj_1.prj
batch mode default:no
