
synpwrap -msg -prj "alu00_alu0_synplify.tcl" -log "alu00_alu0.srf"
Copyright (C) 1992-2019 Lattice Semiconductor Corporation. All rights reserved.
Lattice Diamond Version 3.11.0.396.4
    <postMsg mid="2011000" type="Info"    dynamic="0" navigation="0"  />

==contents of alu00_alu0.srf
#Build: Synplify Pro (R) N-2018.03L-SP1-1, Build 443R, Apr  1 2019
#install: C:\lscc\diamond\3.11_x64\synpbase
#OS: Windows 8 6.2
#Hostname: DESKTOP-496B8RB

# Tue Nov 19 09:03:53 2019

#Implementation: alu0


Copyright (C) 1994-2018 Synopsys, Inc.
This Synopsys software and all associated documentation are proprietary to Synopsys, Inc.
and may only be used pursuant to the terms and conditions of a written license agreement
with Synopsys, Inc. All other use, reproduction, modification, or distribution of the
Synopsys software or the associated documentation is strictly prohibited.
Tool: Synplify Pro (R)
Build: N-2018.03L-SP1-1
Install: C:\lscc\diamond\3.11_x64\synpbase
OS: Windows 6.2

Hostname: DESKTOP-496B8RB

Implementation : alu0
Synopsys HDL Compiler, Version comp2018q2p1, Build 461R, Built Apr  1 2019 09:17:43

@N|Running in 64-bit mode

Copyright (C) 1994-2018 Synopsys, Inc.
This Synopsys software and all associated documentation are proprietary to Synopsys, Inc.
and may only be used pursuant to the terms and conditions of a written license agreement
with Synopsys, Inc. All other use, reproduction, modification, or distribution of the
Synopsys software or the associated documentation is strictly prohibited.
Tool: Synplify Pro (R)
Build: N-2018.03L-SP1-1
Install: C:\lscc\diamond\3.11_x64\synpbase
OS: Windows 6.2

Hostname: DESKTOP-496B8RB

Implementation : alu0
Synopsys VHDL Compiler, Version comp2018q2p1, Build 461R, Built Apr  1 2019 09:17:43

@N|Running in 64-bit mode
@N:"C:\Users\ameri\Documentos\ESCOM\Arquitectura\Arquitectura-de-Computadoras-master\II\Practicas\alu00\topalu00.vhd":7:7:7:14|Top entity is set to topalu00.
Options changed - recompiling
VHDL syntax check successful!
Options changed - recompiling
@N: CD630 :"C:\Users\ameri\Documentos\ESCOM\Arquitectura\Arquitectura-de-Computadoras-master\II\Practicas\alu00\topalu00.vhd":7:7:7:14|Synthesizing work.topalu00.topalu0.
@N: CD630 :"C:\Users\ameri\Documentos\ESCOM\Arquitectura\Arquitectura-de-Computadoras-master\II\Practicas\alu00\ac00.vhd":6:7:6:10|Synthesizing work.ac00.ac0.
Post processing for work.ac00.ac0
Running optimization stage 1 on ac00 .......
@N: CD630 :"C:\Users\ameri\Documentos\ESCOM\Arquitectura\Arquitectura-de-Computadoras-master\II\Practicas\alu00\ora00.vhd":6:7:6:11|Synthesizing work.ora00.ora0.
Post processing for work.ora00.ora0
Running optimization stage 1 on ora00 .......
@N: CD630 :"C:\Users\ameri\Documentos\ESCOM\Arquitectura\Arquitectura-de-Computadoras-master\II\Practicas\alu00\anda00.vhd":6:7:6:12|Synthesizing work.anda00.anda0.
Post processing for work.anda00.anda0
Running optimization stage 1 on anda00 .......
@N: CD630 :"C:\Users\ameri\Documentos\ESCOM\Arquitectura\Arquitectura-de-Computadoras-master\II\Practicas\alu00\topdiv00.vhd":7:7:7:14|Synthesizing work.topdiv00.topdiv0.
@N: CD630 :"C:\Users\ameri\Documentos\ESCOM\Arquitectura\Arquitectura-de-Computadoras-master\II\Practicas\alu00\div00.vhd":9:7:9:11|Synthesizing work.div00.div0.
@N: CD364 :"C:\Users\ameri\Documentos\ESCOM\Arquitectura\Arquitectura-de-Computadoras-master\II\Practicas\alu00\div00.vhd":32:6:32:11|Removing redundant assignment.
@N: CD364 :"C:\Users\ameri\Documentos\ESCOM\Arquitectura\Arquitectura-de-Computadoras-master\II\Practicas\alu00\div00.vhd":40:6:40:11|Removing redundant assignment.
@N: CD364 :"C:\Users\ameri\Documentos\ESCOM\Arquitectura\Arquitectura-de-Computadoras-master\II\Practicas\alu00\div00.vhd":48:6:48:11|Removing redundant assignment.
@N: CD364 :"C:\Users\ameri\Documentos\ESCOM\Arquitectura\Arquitectura-de-Computadoras-master\II\Practicas\alu00\div00.vhd":56:6:56:11|Removing redundant assignment.
@N: CD364 :"C:\Users\ameri\Documentos\ESCOM\Arquitectura\Arquitectura-de-Computadoras-master\II\Practicas\alu00\div00.vhd":64:6:64:11|Removing redundant assignment.
@N: CD364 :"C:\Users\ameri\Documentos\ESCOM\Arquitectura\Arquitectura-de-Computadoras-master\II\Practicas\alu00\div00.vhd":72:6:72:11|Removing redundant assignment.
@N: CD364 :"C:\Users\ameri\Documentos\ESCOM\Arquitectura\Arquitectura-de-Computadoras-master\II\Practicas\alu00\div00.vhd":80:6:80:11|Removing redundant assignment.
@N: CD364 :"C:\Users\ameri\Documentos\ESCOM\Arquitectura\Arquitectura-de-Computadoras-master\II\Practicas\alu00\div00.vhd":88:6:88:11|Removing redundant assignment.
Post processing for work.div00.div0
Running optimization stage 1 on div00 .......
@N: CD630 :"C:\Users\ameri\Documentos\ESCOM\Arquitectura\Arquitectura-de-Computadoras-master\II\Practicas\alu00\osc00.vhd":7:7:7:11|Synthesizing work.osc00.osc0.
@W: CD276 :"C:\lscc\diamond\3.11_x64\cae_library\synthesis\vhdl\machxo2.vhd":2297:8:2297:15|Map for port sedstdby of component osch not found
@N: CD630 :"C:\lscc\diamond\3.11_x64\cae_library\synthesis\vhdl\machxo2.vhd":2291:10:2291:13|Synthesizing work.osch.syn_black_box.
Post processing for work.osch.syn_black_box
Running optimization stage 1 on OSCH .......
Post processing for work.osc00.osc0
Running optimization stage 1 on osc00 .......
Post processing for work.topdiv00.topdiv0
Running optimization stage 1 on topdiv00 .......
Post processing for work.topalu00.topalu0
Running optimization stage 1 on topalu00 .......
Running optimization stage 2 on OSCH .......
Running optimization stage 2 on osc00 .......
Running optimization stage 2 on div00 .......
Running optimization stage 2 on topdiv00 .......
Running optimization stage 2 on anda00 .......
Running optimization stage 2 on ora00 .......
Running optimization stage 2 on ac00 .......
Running optimization stage 2 on topalu00 .......

For a summary of runtime and memory usage per design unit, please see file:
==========================================================
@L: C:\Users\ameri\Documentos\ESCOM\Arquitectura\Arquitectura-de-Computadoras-master\II\Practicas\alu00\alu0\synwork\layer0.rt.csv


At c_vhdl Exit (Real Time elapsed 0h:00m:00s; CPU Time elapsed 0h:00m:00s; Memory used current: 76MB peak: 79MB)

Process took 0h:00m:01s realtime, 0h:00m:01s cputime

Process completed successfully.
# Tue Nov 19 09:03:54 2019

###########################################################]

Copyright (C) 1994-2018 Synopsys, Inc.
This Synopsys software and all associated documentation are proprietary to Synopsys, Inc.
and may only be used pursuant to the terms and conditions of a written license agreement
with Synopsys, Inc. All other use, reproduction, modification, or distribution of the
Synopsys software or the associated documentation is strictly prohibited.
Tool: Synplify Pro (R)
Build: N-2018.03L-SP1-1
Install: C:\lscc\diamond\3.11_x64\synpbase
OS: Windows 6.2

Hostname: DESKTOP-496B8RB

Implementation : alu0
Synopsys Synopsys Netlist Linker, Version comp2018q2p1, Build 461R, Built Apr  1 2019 09:17:43

@N|Running in 64-bit mode
File C:\lscc\diamond\3.10_x64\synpbase\bin64\syn_nfilter.exe changed - recompiling
File C:\Users\elite\OneDrive\Escritorio\alu00\alu0\synwork\layer0.srs changed - recompiling

At syn_nfilter Exit (Real Time elapsed 0h:00m:00s; CPU Time elapsed 0h:00m:00s; Memory used current: 67MB peak: 68MB)

Process took 0h:00m:01s realtime, 0h:00m:01s cputime

Process completed successfully.
# Tue Nov 19 09:03:54 2019

###########################################################]

For a summary of runtime and memory usage for all design units, please see file:
==========================================================
@L: C:\Users\ameri\Documentos\ESCOM\Arquitectura\Arquitectura-de-Computadoras-master\II\Practicas\alu00\alu0\synwork\alu00_alu0_comp.rt.csv

@END

At c_hdl Exit (Real Time elapsed 0h:00m:01s; CPU Time elapsed 0h:00m:00s; Memory used current: 3MB peak: 4MB)

Process took 0h:00m:01s realtime, 0h:00m:01s cputime

Process completed successfully.
# Tue Nov 19 09:03:54 2019

###########################################################]

Copyright (C) 1994-2018 Synopsys, Inc.
This Synopsys software and all associated documentation are proprietary to Synopsys, Inc.
and may only be used pursuant to the terms and conditions of a written license agreement
with Synopsys, Inc. All other use, reproduction, modification, or distribution of the
Synopsys software or the associated documentation is strictly prohibited.
Tool: Synplify Pro (R)
Build: N-2018.03L-SP1-1
Install: C:\lscc\diamond\3.11_x64\synpbase
OS: Windows 6.2

Hostname: DESKTOP-496B8RB

Database state : C:\Users\ameri\Documentos\ESCOM\Arquitectura\Arquitectura-de-Computadoras-master\II\Practicas\alu00\alu0\synwork\|alu0
Synopsys Synopsys Netlist Linker, Version comp2018q2p1, Build 461R, Built Apr  1 2019 09:17:43

@N|Running in 64-bit mode
File C:\lscc\diamond\3.10_x64\synpbase\bin64\syn_nfilter.exe changed - recompiling
File C:\Users\elite\OneDrive\Escritorio\alu00\alu0\synwork\alu00_alu0_comp.srs changed - recompiling

At syn_nfilter Exit (Real Time elapsed 0h:00m:00s; CPU Time elapsed 0h:00m:00s; Memory used current: 67MB peak: 68MB)

Process took 0h:00m:01s realtime, 0h:00m:01s cputime

Process completed successfully.
# Tue Nov 19 09:03:56 2019

###########################################################]
Premap Report

# Tue Nov 19 09:03:56 2019


Copyright (C) 1994-2018 Synopsys, Inc.
This Synopsys software and all associated documentation are proprietary to Synopsys, Inc.
and may only be used pursuant to the terms and conditions of a written license agreement
with Synopsys, Inc. All other use, reproduction, modification, or distribution of the
Synopsys software or the associated documentation is strictly prohibited.
Tool: Synplify Pro (R)
Build: N-2018.03L-SP1-1
Install: C:\lscc\diamond\3.11_x64\synpbase
OS: Windows 6.2

Hostname: DESKTOP-496B8RB

Implementation : alu0
Synopsys Lattice Technology Pre-mapping, Version maplat2018q2p1, Build 055R, Built Apr  3 2019 09:51:54


Mapper Startup Complete (Real Time elapsed 0h:00m:00s; CPU Time elapsed 0h:00m:00s; Memory used current: 99MB peak: 100MB)

@A: MF827 |No constraint file specified.
@N: MF284 |Setting synthesis effort to medium for the design
@L: C:\Users\ameri\Documentos\ESCOM\Arquitectura\Arquitectura-de-Computadoras-master\II\Practicas\alu00\alu0\alu00_alu0_scck.rpt 
Printing clock  summary report in "C:\Users\ameri\Documentos\ESCOM\Arquitectura\Arquitectura-de-Computadoras-master\II\Practicas\alu00\alu0\alu00_alu0_scck.rpt" file 
@N: MF916 |Option synthesis_strategy=base is enabled. 
@N: MF248 |Running in 64-bit mode.
@N: MF666 |Clock conversion enabled. (Command "set_option -fix_gated_and_generated_clocks 1" in the project file.)

Design Input Complete (Real Time elapsed 0h:00m:00s; CPU Time elapsed 0h:00m:00s; Memory used current: 100MB peak: 102MB)


Mapper Initialization Complete (Real Time elapsed 0h:00m:00s; CPU Time elapsed 0h:00m:00s; Memory used current: 100MB peak: 102MB)


Start loading timing files (Real Time elapsed 0h:00m:00s; CPU Time elapsed 0h:00m:00s; Memory used current: 112MB peak: 113MB)


Finished loading timing files (Real Time elapsed 0h:00m:00s; CPU Time elapsed 0h:00m:00s; Memory used current: 112MB peak: 115MB)

@N: MF284 |Setting synthesis effort to medium for the design
@W: FX474 |User-specified initial value defined for some sequential elements which can prevent optimum synthesis results from being achieved. 
@N: MH105 |UMR3 is only supported for HAPS-80.
@N: MH105 |UMR3 is only supported for HAPS-80.
syn_allowed_resources : blockrams=26  set on top level netlist topalu00

Finished netlist restructuring (Real Time elapsed 0h:00m:00s; CPU Time elapsed 0h:00m:00s; Memory used current: 140MB peak: 143MB)



Clock Summary
******************

          Start                            Requested     Requested     Clock                                           Clock                   Clock
Level     Clock                            Frequency     Period        Type                                            Group                   Load 
----------------------------------------------------------------------------------------------------------------------------------------------------
0 -       osc00|osc_int_inferred_clock     2.1 MHz       480.769       inferred                                        Inferred_clkgroup_0     22   
1 .         div00|outdiv_derived_clock     2.1 MHz       480.769       derived (from osc00|osc_int_inferred_clock)     Inferred_clkgroup_0     47   
====================================================================================================================================================



Clock Load Summary
***********************

                                 Clock     Source                           Clock Pin              Non-clock Pin     Non-clock Pin
Clock                            Load      Pin                              Seq Example            Seq Example       Comb Example 
----------------------------------------------------------------------------------------------------------------------------------
osc00|osc_int_inferred_clock     22        AL00.OS00.OSCInst0.OSC(OSCH)     AL00.OS01.outdiv.C     -                 -            
div00|outdiv_derived_clock       47        AL00.OS01.outdiv.Q[0](dffe)      AL01.outFlaga_cl.C     -                 -            
==================================================================================================================================

@W: MT529 :"c:\users\ameri\documentos\escom\arquitectura\arquitectura-de-computadoras-master\ii\practicas\alu00\div00.vhd":24:2:24:3|Found inferred clock osc00|osc_int_inferred_clock which controls 22 sequential elements including AL00.OS01.sdiv[20:0]. This clock has no specified timing constraint which may prevent conversion of gated or generated clocks and may adversely impact design performance. 

ICG Latch Removal Summary:
Number of ICG latches removed: 0
Number of ICG latches not removed:	0


@S |Clock Optimization Summary



#### START OF PREMAP CLOCK OPTIMIZATION REPORT #####[

0 non-gated/non-generated clock tree(s) driving 0 clock pin(s) of sequential element(s)
2 gated/generated clock tree(s) driving 69 clock pin(s) of sequential element(s)
0 instances converted, 69 sequential instances remain driven by gated/generated clocks

=================================================================== Gated/Generated Clocks ===================================================================
Clock Tree ID     Driving Element            Drive Element Type     Unconverted Fanout     Sample Instance          Explanation                               
--------------------------------------------------------------------------------------------------------------------------------------------------------------
@KP:ckid0_0       AL00.OS01.outdiv.Q[0]      dffe                   47                     AL01.aux                 Derived clock on input (not legal for GCC)
@KP:ckid0_2       AL00.OS00.OSCInst0.OSC     OSCH                   22                     AL00.OS01.sdiv[20:0]     Black box on clock path                   
==============================================================================================================================================================


##### END OF CLOCK OPTIMIZATION REPORT ######

@N: FX1143 |Skipping assigning INTERNAL_VREF to iobanks, because the table of mapping from pin to iobank is not initialized.
Finished Pre Mapping Phase.

Starting constraint checker (Real Time elapsed 0h:00m:01s; CPU Time elapsed 0h:00m:00s; Memory used current: 141MB peak: 143MB)


Finished constraint checker preprocessing (Real Time elapsed 0h:00m:01s; CPU Time elapsed 0h:00m:00s; Memory used current: 141MB peak: 143MB)

None
None

Finished constraint checker (Real Time elapsed 0h:00m:01s; CPU Time elapsed 0h:00m:00s; Memory used current: 141MB peak: 143MB)

Pre-mapping successful!

At Mapper Exit (Real Time elapsed 0h:00m:01s; CPU Time elapsed 0h:00m:00s; Memory used current: 57MB peak: 143MB)

Process took 0h:00m:01s realtime, 0h:00m:01s cputime
# Tue Nov 19 09:03:58 2019

###########################################################]
Map & Optimize Report

# Tue Nov 19 09:03:58 2019


Copyright (C) 1994-2018 Synopsys, Inc.
This Synopsys software and all associated documentation are proprietary to Synopsys, Inc.
and may only be used pursuant to the terms and conditions of a written license agreement
with Synopsys, Inc. All other use, reproduction, modification, or distribution of the
Synopsys software or the associated documentation is strictly prohibited.
Tool: Synplify Pro (R)
Build: N-2018.03L-SP1-1
Install: C:\lscc\diamond\3.11_x64\synpbase
OS: Windows 6.2

Hostname: DESKTOP-496B8RB

Implementation : alu0
Synopsys Lattice Technology Mapper, Version maplat2018q2p1, Build 055R, Built Apr  3 2019 09:51:54


Mapper Startup Complete (Real Time elapsed 0h:00m:00s; CPU Time elapsed 0h:00m:00s; Memory used current: 99MB peak: 100MB)

@N: MF284 |Setting synthesis effort to medium for the design
@N: MF916 |Option synthesis_strategy=base is enabled. 
@N: MF248 |Running in 64-bit mode.
@N: MF666 |Clock conversion enabled. (Command "set_option -fix_gated_and_generated_clocks 1" in the project file.)

Design Input Complete (Real Time elapsed 0h:00m:00s; CPU Time elapsed 0h:00m:00s; Memory used current: 98MB peak: 100MB)


Mapper Initialization Complete (Real Time elapsed 0h:00m:00s; CPU Time elapsed 0h:00m:00s; Memory used current: 98MB peak: 100MB)


Start loading timing files (Real Time elapsed 0h:00m:00s; CPU Time elapsed 0h:00m:00s; Memory used current: 112MB peak: 112MB)


Finished loading timing files (Real Time elapsed 0h:00m:00s; CPU Time elapsed 0h:00m:00s; Memory used current: 112MB peak: 114MB)

@N: MF284 |Setting synthesis effort to medium for the design


Starting Optimization and Mapping (Real Time elapsed 0h:00m:00s; CPU Time elapsed 0h:00m:00s; Memory used current: 140MB peak: 142MB)


Available hyper_sources - for debug and ip models
	None Found

@W: BN132 :"c:\users\ameri\documentos\escom\arquitectura\arquitectura-de-computadoras-master\ii\practicas\alu00\anda00.vhd":24:3:24:4|Removing user instance AL01.outrda_cl_23[7] because it is equivalent to instance AL01.outrda_cl_22[7]. To keep the instance, apply constraint syn_preserve=1 on the instance.
@W: BN132 :"c:\users\ameri\documentos\escom\arquitectura\arquitectura-de-computadoras-master\ii\practicas\alu00\anda00.vhd":24:3:24:4|Removing user instance AL01.outrda_cl_22[7] because it is equivalent to instance AL01.outrda_cl_20[7]. To keep the instance, apply constraint syn_preserve=1 on the instance.
@W: BN132 :"c:\users\ameri\documentos\escom\arquitectura\arquitectura-de-computadoras-master\ii\practicas\alu00\anda00.vhd":24:3:24:4|Removing user instance AL01.outrda_cl_21[7] because it is equivalent to instance AL01.outrda_cl_19[7]. To keep the instance, apply constraint syn_preserve=1 on the instance.
@W: BN132 :"c:\users\ameri\documentos\escom\arquitectura\arquitectura-de-computadoras-master\ii\practicas\alu00\anda00.vhd":24:3:24:4|Removing user instance AL01.outrda_cl_20[7] because it is equivalent to instance AL01.outrda_cl_18[7]. To keep the instance, apply constraint syn_preserve=1 on the instance.
@W: BN132 :"c:\users\ameri\documentos\escom\arquitectura\arquitectura-de-computadoras-master\ii\practicas\alu00\anda00.vhd":24:3:24:4|Removing user instance AL01.outrda_cl_19[7] because it is equivalent to instance AL01.outrda_cl_17[7]. To keep the instance, apply constraint syn_preserve=1 on the instance.
@W: BN132 :"c:\users\ameri\documentos\escom\arquitectura\arquitectura-de-computadoras-master\ii\practicas\alu00\anda00.vhd":24:3:24:4|Removing user instance AL01.outrda_cl_18[7] because it is equivalent to instance AL01.outrda_cl_16[7]. To keep the instance, apply constraint syn_preserve=1 on the instance.
@W: BN132 :"c:\users\ameri\documentos\escom\arquitectura\arquitectura-de-computadoras-master\ii\practicas\alu00\anda00.vhd":24:3:24:4|Removing user instance AL01.outrda_cl_17[7] because it is equivalent to instance AL01.outFlaga_cl_2. To keep the instance, apply constraint syn_preserve=1 on the instance.
@W: BN132 :"c:\users\ameri\documentos\escom\arquitectura\arquitectura-de-computadoras-master\ii\practicas\alu00\anda00.vhd":23:2:23:3|Removing sequential instance AL01.outrda_cl_7[7] because it is equivalent to instance AL01.outrda_cl_5[7]. To keep the instance, apply constraint syn_preserve=1 on the instance.
@W: BN132 :"c:\users\ameri\documentos\escom\arquitectura\arquitectura-de-computadoras-master\ii\practicas\alu00\anda00.vhd":23:2:23:3|Removing sequential instance AL01.outrda_cl_6[7] because it is equivalent to instance AL01.outrda_cl_4[7]. To keep the instance, apply constraint syn_preserve=1 on the instance.
@W: BN132 :"c:\users\ameri\documentos\escom\arquitectura\arquitectura-de-computadoras-master\ii\practicas\alu00\anda00.vhd":24:3:24:4|Removing user instance AL01.outFlaga_cl_2 because it is equivalent to instance AL01.outrda_cl_16[7]. To keep the instance, apply constraint syn_preserve=1 on the instance.
@W: BN132 :"c:\users\ameri\documentos\escom\arquitectura\arquitectura-de-computadoras-master\ii\practicas\alu00\anda00.vhd":23:2:23:3|Removing sequential instance AL01.outrda_cl_4[7] because it is equivalent to instance AL01.outrda_cl_2[7]. To keep the instance, apply constraint syn_preserve=1 on the instance.
@W: BN132 :"c:\users\ameri\documentos\escom\arquitectura\arquitectura-de-computadoras-master\ii\practicas\alu00\anda00.vhd":23:2:23:3|Removing sequential instance AL01.outrda_cl_3[7] because it is equivalent to instance AL01.outrda_cl_1[7]. To keep the instance, apply constraint syn_preserve=1 on the instance.
@W: BN132 :"c:\users\ameri\documentos\escom\arquitectura\arquitectura-de-computadoras-master\ii\practicas\alu00\anda00.vhd":23:2:23:3|Removing sequential instance AL01.outrda_cl_2[7] because it is equivalent to instance AL01.outrda_cl[7]. To keep the instance, apply constraint syn_preserve=1 on the instance.
@W: BN132 :"c:\users\ameri\documentos\escom\arquitectura\arquitectura-de-computadoras-master\ii\practicas\alu00\anda00.vhd":23:2:23:3|Removing sequential instance AL01.outrda_cl_1[7] because it is equivalent to instance AL01.outFlaga_cl. To keep the instance, apply constraint syn_preserve=1 on the instance.
@W: BN132 :"c:\users\ameri\documentos\escom\arquitectura\arquitectura-de-computadoras-master\ii\practicas\alu00\ora00.vhd":25:4:25:7|Removing user instance AL02.outrdo_cl_15[7] because it is equivalent to instance AL02.outrdo_cl_14[7]. To keep the instance, apply constraint syn_preserve=1 on the instance.
@W: BN132 :"c:\users\ameri\documentos\escom\arquitectura\arquitectura-de-computadoras-master\ii\practicas\alu00\ora00.vhd":25:4:25:7|Removing user instance AL02.outrdo_cl_14[7] because it is equivalent to instance AL02.outrdo_cl_12[7]. To keep the instance, apply constraint syn_preserve=1 on the instance.
@W: BN132 :"c:\users\ameri\documentos\escom\arquitectura\arquitectura-de-computadoras-master\ii\practicas\alu00\ora00.vhd":25:4:25:7|Removing user instance AL02.outrdo_cl_13[7] because it is equivalent to instance AL02.outrdo_cl_11[7]. To keep the instance, apply constraint syn_preserve=1 on the instance.
@W: BN132 :"c:\users\ameri\documentos\escom\arquitectura\arquitectura-de-computadoras-master\ii\practicas\alu00\ora00.vhd":25:4:25:7|Removing user instance AL02.outrdo_cl_12[7] because it is equivalent to instance AL02.outrdo_cl_10[7]. To keep the instance, apply constraint syn_preserve=1 on the instance.
@W: BN132 :"c:\users\ameri\documentos\escom\arquitectura\arquitectura-de-computadoras-master\ii\practicas\alu00\ora00.vhd":25:4:25:7|Removing user instance AL02.outrdo_cl_11[7] because it is equivalent to instance AL02.outrdo_cl_9[7]. To keep the instance, apply constraint syn_preserve=1 on the instance.
@W: BN132 :"c:\users\ameri\documentos\escom\arquitectura\arquitectura-de-computadoras-master\ii\practicas\alu00\ora00.vhd":25:4:25:7|Removing user instance AL02.outrdo_cl_10[7] because it is equivalent to instance AL02.outrdo_cl_8[7]. To keep the instance, apply constraint syn_preserve=1 on the instance.
@W: BN132 :"c:\users\ameri\documentos\escom\arquitectura\arquitectura-de-computadoras-master\ii\practicas\alu00\ora00.vhd":25:4:25:7|Removing user instance AL02.outrdo_cl_9[7] because it is equivalent to instance AL02.outFlago_cl_1. To keep the instance, apply constraint syn_preserve=1 on the instance.
@W: BN132 :"c:\users\ameri\documentos\escom\arquitectura\arquitectura-de-computadoras-master\ii\practicas\alu00\ora00.vhd":24:3:24:4|Removing user instance AL02.outrdo_cl_19[7] because it is equivalent to instance AL02.outrdo_cl_23[7]. To keep the instance, apply constraint syn_preserve=1 on the instance.
@W: BN132 :"c:\users\ameri\documentos\escom\arquitectura\arquitectura-de-computadoras-master\ii\practicas\alu00\ora00.vhd":24:3:24:4|Removing user instance AL02.outrdo_cl_23[7] because it is equivalent to instance AL02.outrdo_cl_22[7]. To keep the instance, apply constraint syn_preserve=1 on the instance.
@W: BN132 :"c:\users\ameri\documentos\escom\arquitectura\arquitectura-de-computadoras-master\ii\practicas\alu00\ora00.vhd":25:4:25:7|Removing user instance AL02.outrdo_cl_8[7] because it is equivalent to instance AL02.outFlago_cl_1. To keep the instance, apply constraint syn_preserve=1 on the instance.
@W: BN132 :"c:\users\ameri\documentos\escom\arquitectura\arquitectura-de-computadoras-master\ii\practicas\alu00\ora00.vhd":24:3:24:4|Removing user instance AL02.outrdo_cl_20[7] because it is equivalent to instance AL02.outrdo_cl_22[7]. To keep the instance, apply constraint syn_preserve=1 on the instance.
@W: BN132 :"c:\users\ameri\documentos\escom\arquitectura\arquitectura-de-computadoras-master\ii\practicas\alu00\ora00.vhd":24:3:24:4|Removing user instance AL02.outrdo_cl_18[7] because it is equivalent to instance AL02.outrdo_cl_17[7]. To keep the instance, apply constraint syn_preserve=1 on the instance.
@W: BN132 :"c:\users\ameri\documentos\escom\arquitectura\arquitectura-de-computadoras-master\ii\practicas\alu00\ora00.vhd":24:3:24:4|Removing user instance AL02.outrdo_cl_22[7] because it is equivalent to instance AL02.outrdo_cl_16[7]. To keep the instance, apply constraint syn_preserve=1 on the instance.
@W: BN132 :"c:\users\ameri\documentos\escom\arquitectura\arquitectura-de-computadoras-master\ii\practicas\alu00\ora00.vhd":24:3:24:4|Removing user instance AL02.outrdo_cl_17[7] because it is equivalent to instance AL02.outFlago_cl_2. To keep the instance, apply constraint syn_preserve=1 on the instance.
@W: BN132 :"c:\users\ameri\documentos\escom\arquitectura\arquitectura-de-computadoras-master\ii\practicas\alu00\anda00.vhd":23:2:23:3|Removing sequential instance AL01.outrda_cl[7] because it is equivalent to instance AL01.outrda_cl_5[7]. To keep the instance, apply constraint syn_preserve=1 on the instance.
@W: BN132 :"c:\users\ameri\documentos\escom\arquitectura\arquitectura-de-computadoras-master\ii\practicas\alu00\anda00.vhd":25:4:25:7|Removing user instance AL01.outrda_cl_14[7] because it is equivalent to instance AL01.outrda_cl_12[7]. To keep the instance, apply constraint syn_preserve=1 on the instance.
@W: BN132 :"c:\users\ameri\documentos\escom\arquitectura\arquitectura-de-computadoras-master\ii\practicas\alu00\anda00.vhd":23:2:23:3|Removing sequential instance AL01.outrda_cl_5[7] because it is equivalent to instance AL01.outFlaga_cl. To keep the instance, apply constraint syn_preserve=1 on the instance.
@W: BN132 :"c:\users\ameri\documentos\escom\arquitectura\arquitectura-de-computadoras-master\ii\practicas\alu00\anda00.vhd":25:4:25:7|Removing user instance AL01.outrda_cl_12[7] because it is equivalent to instance AL01.outrda_cl_10[7]. To keep the instance, apply constraint syn_preserve=1 on the instance.
@W: BN132 :"c:\users\ameri\documentos\escom\arquitectura\arquitectura-de-computadoras-master\ii\practicas\alu00\anda00.vhd":25:4:25:7|Removing user instance AL01.outrda_cl_11[7] because it is equivalent to instance AL01.outrda_cl_9[7]. To keep the instance, apply constraint syn_preserve=1 on the instance.
@W: BN132 :"c:\users\ameri\documentos\escom\arquitectura\arquitectura-de-computadoras-master\ii\practicas\alu00\anda00.vhd":25:4:25:7|Removing user instance AL01.outrda_cl_10[7] because it is equivalent to instance AL01.outrda_cl_8[7]. To keep the instance, apply constraint syn_preserve=1 on the instance.
@W: BN132 :"c:\users\ameri\documentos\escom\arquitectura\arquitectura-de-computadoras-master\ii\practicas\alu00\anda00.vhd":25:4:25:7|Removing user instance AL01.outrda_cl_9[7] because it is equivalent to instance AL01.outFlaga_cl_1. To keep the instance, apply constraint syn_preserve=1 on the instance.
@W: BN132 :"c:\users\ameri\documentos\escom\arquitectura\arquitectura-de-computadoras-master\ii\practicas\alu00\ora00.vhd":24:3:24:4|Removing user instance AL02.outrdo_cl_21[7] because it is equivalent to instance AL02.outrdo_cl_16[7]. To keep the instance, apply constraint syn_preserve=1 on the instance.
@W: BN132 :"c:\users\ameri\documentos\escom\arquitectura\arquitectura-de-computadoras-master\ii\practicas\alu00\ora00.vhd":23:2:23:3|Removing sequential instance AL02.outrdo_cl_5[7] because it is equivalent to instance AL02.outrdo_cl_2[7]. To keep the instance, apply constraint syn_preserve=1 on the instance.
@W: BN132 :"c:\users\ameri\documentos\escom\arquitectura\arquitectura-de-computadoras-master\ii\practicas\alu00\ora00.vhd":23:2:23:3|Removing sequential instance AL02.outrdo_cl_7[7] because it is equivalent to instance AL02.outrdo_cl_2[7]. To keep the instance, apply constraint syn_preserve=1 on the instance.
@W: BN132 :"c:\users\ameri\documentos\escom\arquitectura\arquitectura-de-computadoras-master\ii\practicas\alu00\ora00.vhd":23:2:23:3|Removing sequential instance AL02.outrdo_cl_6[7] because it is equivalent to instance AL02.outrdo_cl_2[7]. To keep the instance, apply constraint syn_preserve=1 on the instance.
@W: BN132 :"c:\users\ameri\documentos\escom\arquitectura\arquitectura-de-computadoras-master\ii\practicas\alu00\ora00.vhd":23:2:23:3|Removing sequential instance AL02.outrdo_cl_4[7] because it is equivalent to instance AL02.outrdo_cl_2[7]. To keep the instance, apply constraint syn_preserve=1 on the instance.
@W: BN132 :"c:\users\ameri\documentos\escom\arquitectura\arquitectura-de-computadoras-master\ii\practicas\alu00\ora00.vhd":23:2:23:3|Removing sequential instance AL02.outrdo_cl_2[7] because it is equivalent to instance AL02.outrdo_cl[7]. To keep the instance, apply constraint syn_preserve=1 on the instance.
@W: BN132 :"c:\users\ameri\documentos\escom\arquitectura\arquitectura-de-computadoras-master\ii\practicas\alu00\ora00.vhd":23:2:23:3|Removing sequential instance AL02.outrdo_cl_3[7] because it is equivalent to instance AL02.outrdo_cl[7]. To keep the instance, apply constraint syn_preserve=1 on the instance.
@W: BN132 :"c:\users\ameri\documentos\escom\arquitectura\arquitectura-de-computadoras-master\ii\practicas\alu00\ora00.vhd":23:2:23:3|Removing sequential instance AL02.outrdo_cl_1[7] because it is equivalent to instance AL02.outrdo_cl[7]. To keep the instance, apply constraint syn_preserve=1 on the instance.
@W: BN132 :"c:\users\ameri\documentos\escom\arquitectura\arquitectura-de-computadoras-master\ii\practicas\alu00\ora00.vhd":23:2:23:3|Removing sequential instance AL02.outrdo_cl[7] because it is equivalent to instance AL02.outFlago_cl. To keep the instance, apply constraint syn_preserve=1 on the instance.

Finished RTL optimizations (Real Time elapsed 0h:00m:00s; CPU Time elapsed 0h:00m:00s; Memory used current: 140MB peak: 142MB)


Starting factoring (Real Time elapsed 0h:00m:00s; CPU Time elapsed 0h:00m:00s; Memory used current: 140MB peak: 142MB)


Finished factoring (Real Time elapsed 0h:00m:00s; CPU Time elapsed 0h:00m:00s; Memory used current: 141MB peak: 142MB)


Finished generic timing optimizations - Pass 1 (Real Time elapsed 0h:00m:00s; CPU Time elapsed 0h:00m:00s; Memory used current: 141MB peak: 142MB)


Starting Early Timing Optimization (Real Time elapsed 0h:00m:00s; CPU Time elapsed 0h:00m:00s; Memory used current: 142MB peak: 143MB)


Finished Early Timing Optimization (Real Time elapsed 0h:00m:00s; CPU Time elapsed 0h:00m:00s; Memory used current: 142MB peak: 143MB)


Finished generic timing optimizations - Pass 2 (Real Time elapsed 0h:00m:00s; CPU Time elapsed 0h:00m:00s; Memory used current: 142MB peak: 143MB)


Finished preparing to map (Real Time elapsed 0h:00m:00s; CPU Time elapsed 0h:00m:00s; Memory used current: 142MB peak: 143MB)


Finished technology mapping (Real Time elapsed 0h:00m:00s; CPU Time elapsed 0h:00m:00s; Memory used current: 145MB peak: 147MB)

Pass		 CPU time		Worst Slack		Luts / Registers
------------------------------------------------------------
   1		0h:00m:00s		   467.92ns		  85 /        53

Finished technology timing optimizations and critical path resynthesis (Real Time elapsed 0h:00m:00s; CPU Time elapsed 0h:00m:00s; Memory used current: 145MB peak: 147MB)

@N: FX164 |The option to pack registers in the IOB has not been specified. Please set syn_useioff attribute.  

Finished restoring hierarchy (Real Time elapsed 0h:00m:01s; CPU Time elapsed 0h:00m:00s; Memory used current: 146MB peak: 147MB)


Start Writing Netlists (Real Time elapsed 0h:00m:01s; CPU Time elapsed 0h:00m:01s; Memory used current: 112MB peak: 147MB)

Writing Analyst data base C:\Users\ameri\Documentos\ESCOM\Arquitectura\Arquitectura-de-Computadoras-master\II\Practicas\alu00\alu0\synwork\alu00_alu0_m.srm

Finished Writing Netlist Databases (Real Time elapsed 0h:00m:01s; CPU Time elapsed 0h:00m:01s; Memory used current: 144MB peak: 147MB)

Writing EDIF Netlist and constraint files
@N: FX1056 |Writing EDF file: C:\Users\ameri\Documentos\ESCOM\Arquitectura\Arquitectura-de-Computadoras-master\II\Practicas\alu00\alu0\alu00_alu0.edi
N-2018.03L-SP1-1
@N: BW106 |Synplicity Constraint File capacitance units using default value of 1pF 

Finished Writing EDIF Netlist and constraint files (Real Time elapsed 0h:00m:02s; CPU Time elapsed 0h:00m:01s; Memory used current: 149MB peak: 151MB)


Start final timing analysis (Real Time elapsed 0h:00m:02s; CPU Time elapsed 0h:00m:02s; Memory used current: 149MB peak: 151MB)

@W: MT420 |Found inferred clock osc00|osc_int_inferred_clock with period 480.77ns. Please declare a user-defined clock on net AL00.OS00.sclk.
@N: MT615 |Found clock div00|outdiv_derived_clock with period 480.77ns 


##### START OF TIMING REPORT #####[
# Timing Report written on Tue Nov 19 09:04:01 2019
#


Top view:               topalu00
Requested Frequency:    2.1 MHz
Wire load mode:         top
Paths requested:        5
Constraint File(s):    
@N: MT320 |This timing report is an estimate of place and route data. For final timing results, use the FPGA vendor place and route report.

@N: MT322 |Clock constraints include only register-to-register paths associated with each individual clock.



Performance Summary
*******************


Worst slack in design: 467.491

                                 Requested     Estimated     Requested     Estimated                 Clock                                           Clock              
Starting Clock                   Frequency     Frequency     Period        Period        Slack       Type                                            Group              
------------------------------------------------------------------------------------------------------------------------------------------------------------------------
div00|outdiv_derived_clock       2.1 MHz       604.0 MHz     480.769       1.656         958.227     derived (from osc00|osc_int_inferred_clock)     Inferred_clkgroup_0
osc00|osc_int_inferred_clock     2.1 MHz       75.3 MHz      480.769       13.278        467.491     inferred                                        Inferred_clkgroup_0
========================================================================================================================================================================





Clock Relationships
*******************

Clocks                                                      |    rise  to  rise     |    fall  to  fall   |    rise  to  fall   |    fall  to  rise 
----------------------------------------------------------------------------------------------------------------------------------------------------
Starting                      Ending                        |  constraint  slack    |  constraint  slack  |  constraint  slack  |  constraint  slack
----------------------------------------------------------------------------------------------------------------------------------------------------
osc00|osc_int_inferred_clock  osc00|osc_int_inferred_clock  |  480.769     467.492  |  No paths    -      |  No paths    -      |  No paths    -    
div00|outdiv_derived_clock    div00|outdiv_derived_clock    |  480.769     958.227  |  No paths    -      |  No paths    -      |  No paths    -    
====================================================================================================================================================
 Note: 'No paths' indicates there are no paths in the design for that pair of clock edges.
       'Diff grp' indicates that paths exist but the starting clock and ending clock are in different clock groups.



Interface Information 
*********************

No IO constraint found



====================================
Detailed Report for Clock: div00|outdiv_derived_clock
====================================



Starting Points with Worst Slack
********************************

                     Starting                                                             Arrival            
Instance             Reference                      Type         Pin     Net              Time        Slack  
                     Clock                                                                                   
-------------------------------------------------------------------------------------------------------------
AL03_outFlagacio     div00|outdiv_derived_clock     IFS1P3DX     Q       outFlagac0_c     1.236       958.227
AL01.outFlaga_cl     div00|outdiv_derived_clock     FD1S3IX      Q       outFlaga_cl      1.148       958.571
AL02.outFlago_cl     div00|outdiv_derived_clock     FD1S3IX      Q       outFlago_cl      1.148       958.571
AL01.aux             div00|outdiv_derived_clock     FD1P3AX      Q       aux              1.148       958.646
AL02.aux             div00|outdiv_derived_clock     FD1P3AX      Q       aux              1.148       958.646
AL01.outrda_1[0]     div00|outdiv_derived_clock     FD1P3IX      Q       outrda_1[0]      0.972       960.012
AL01.outrda_1[1]     div00|outdiv_derived_clock     FD1P3IX      Q       outrda_1[1]      0.972       960.012
AL01.outrda_1[2]     div00|outdiv_derived_clock     FD1P3IX      Q       outrda_1[2]      0.972       960.012
AL01.outrda_1[3]     div00|outdiv_derived_clock     FD1P3IX      Q       outrda_1[3]      0.972       960.012
AL01.outrda_1[4]     div00|outdiv_derived_clock     FD1P3IX      Q       outrda_1[4]      0.972       960.012
=============================================================================================================


Ending Points with Worst Slack
******************************

                     Starting                                                               Required            
Instance             Reference                      Type        Pin     Net                 Time         Slack  
                     Clock                                                                                      
----------------------------------------------------------------------------------------------------------------
AL01.outFlaga_1      div00|outdiv_derived_clock     FD1P3IX     CD      outrda_0_sqmuxa     960.736      958.227
AL02.outFlago_1      div00|outdiv_derived_clock     FD1P3IX     CD      outrdo_0_sqmuxa     960.736      958.227
AL01.outrda_1[0]     div00|outdiv_derived_clock     FD1P3IX     CD      outrda_0_sqmuxa     960.736      958.227
AL01.outrda_1[1]     div00|outdiv_derived_clock     FD1P3IX     CD      outrda_0_sqmuxa     960.736      958.227
AL01.outrda_1[2]     div00|outdiv_derived_clock     FD1P3IX     CD      outrda_0_sqmuxa     960.736      958.227
AL01.outrda_1[3]     div00|outdiv_derived_clock     FD1P3IX     CD      outrda_0_sqmuxa     960.736      958.227
AL01.outrda_1[4]     div00|outdiv_derived_clock     FD1P3IX     CD      outrda_0_sqmuxa     960.736      958.227
AL01.outrda_1[5]     div00|outdiv_derived_clock     FD1P3IX     CD      outrda_0_sqmuxa     960.736      958.227
AL01.outrda_1[6]     div00|outdiv_derived_clock     FD1P3IX     CD      outrda_0_sqmuxa     960.736      958.227
AL01.outrda_1[7]     div00|outdiv_derived_clock     FD1P3IX     CD      outrda_0_sqmuxa     960.736      958.227
================================================================================================================



Worst Path Information
***********************


Path information for path number 1: 
      Requested Period:                      961.538
    - Setup time:                            0.803
    + Clock delay at ending point:           0.000 (ideal)
    = Required time:                         960.736

    - Propagation time:                      2.509
    - Clock delay at starting point:         0.000 (ideal)
    = Slack (non-critical) :                 958.227

    Number of logic level(s):                1
    Starting point:                          AL03_outFlagacio / Q
    Ending point:                            AL01.outFlaga_1 / CD
    The start point is clocked by            div00|outdiv_derived_clock [rising] on pin SCLK
    The end   point is clocked by            div00|outdiv_derived_clock [rising] on pin CK
    -Timing constraint applied as multi cycle path with factor 2 (from c:div00|outdiv_derived_clock to c:div00|outdiv_derived_clock)

Instance / Net                             Pin      Pin               Arrival     No. of    
Name                          Type         Name     Dir     Delay     Time        Fan Out(s)
--------------------------------------------------------------------------------------------
AL03_outFlagacio              IFS1P3DX     Q        Out     1.236     1.236       -         
outFlagac0_c                  Net          -        -       -         -           11        
AL01.outrda_0_sqmuxa_0_a3     ORCALUT4     C        In      0.000     1.236       -         
AL01.outrda_0_sqmuxa_0_a3     ORCALUT4     Z        Out     1.273     2.509       -         
outrda_0_sqmuxa               Net          -        -       -         -           9         
AL01.outFlaga_1               FD1P3IX      CD       In      0.000     2.509       -         
============================================================================================




====================================
Detailed Report for Clock: osc00|osc_int_inferred_clock
====================================



Starting Points with Worst Slack
********************************

                       Starting                                                          Arrival            
Instance               Reference                        Type        Pin     Net          Time        Slack  
                       Clock                                                                                
------------------------------------------------------------------------------------------------------------
AL00.OS01.sdiv[20]     osc00|osc_int_inferred_clock     FD1S3IX     Q       sdiv[20]     1.148       467.491
AL00.OS01.sdiv[19]     osc00|osc_int_inferred_clock     FD1S3IX     Q       sdiv[19]     1.108       467.531
AL00.OS01.sdiv[0]      osc00|osc_int_inferred_clock     FD1S3IX     Q       sdiv[0]      1.044       467.572
AL00.OS01.sdiv[1]      osc00|osc_int_inferred_clock     FD1S3IX     Q       sdiv[1]      1.044       467.572
AL00.OS01.sdiv[2]      osc00|osc_int_inferred_clock     FD1S3IX     Q       sdiv[2]      1.044       467.572
AL00.OS01.sdiv[3]      osc00|osc_int_inferred_clock     FD1S3IX     Q       sdiv[3]      1.044       467.572
AL00.OS01.sdiv[4]      osc00|osc_int_inferred_clock     FD1S3IX     Q       sdiv[4]      1.044       467.572
AL00.OS01.sdiv[5]      osc00|osc_int_inferred_clock     FD1S3IX     Q       sdiv[5]      1.044       467.572
AL00.OS01.sdiv[6]      osc00|osc_int_inferred_clock     FD1S3IX     Q       sdiv[6]      1.044       467.572
AL00.OS01.sdiv[7]      osc00|osc_int_inferred_clock     FD1S3IX     Q       sdiv[7]      1.044       467.572
============================================================================================================


Ending Points with Worst Slack
******************************

                       Starting                                                              Required            
Instance               Reference                        Type        Pin     Net              Time         Slack  
                       Clock                                                                                     
-----------------------------------------------------------------------------------------------------------------
AL00.OS01.sdiv[19]     osc00|osc_int_inferred_clock     FD1S3IX     D       un1_sdiv[20]     480.664      467.491
AL00.OS01.sdiv[20]     osc00|osc_int_inferred_clock     FD1S3IX     D       un1_sdiv[21]     480.664      467.491
AL00.OS01.sdiv[17]     osc00|osc_int_inferred_clock     FD1S3IX     D       un1_sdiv[18]     480.664      467.634
AL00.OS01.sdiv[18]     osc00|osc_int_inferred_clock     FD1S3IX     D       un1_sdiv[19]     480.664      467.634
AL00.OS01.sdiv[15]     osc00|osc_int_inferred_clock     FD1S3IX     D       un1_sdiv[16]     480.664      467.777
AL00.OS01.sdiv[16]     osc00|osc_int_inferred_clock     FD1S3IX     D       un1_sdiv[17]     480.664      467.777
AL00.OS01.sdiv[13]     osc00|osc_int_inferred_clock     FD1S3IX     D       un1_sdiv[14]     480.664      467.920
AL00.OS01.sdiv[14]     osc00|osc_int_inferred_clock     FD1S3IX     D       un1_sdiv[15]     480.664      467.920
AL00.OS01.sdiv[11]     osc00|osc_int_inferred_clock     FD1S3IX     D       un1_sdiv[12]     480.664      468.063
AL00.OS01.sdiv[12]     osc00|osc_int_inferred_clock     FD1S3IX     D       un1_sdiv[13]     480.664      468.063
=================================================================================================================



Worst Path Information
***********************


Path information for path number 1: 
      Requested Period:                      480.769
    - Setup time:                            0.106
    + Clock delay at ending point:           0.000 (ideal)
    = Required time:                         480.664

    - Propagation time:                      13.172
    - Clock delay at starting point:         0.000 (ideal)
    = Slack (critical) :                     467.491

    Number of logic level(s):                18
    Starting point:                          AL00.OS01.sdiv[20] / Q
    Ending point:                            AL00.OS01.sdiv[20] / D
    The start point is clocked by            osc00|osc_int_inferred_clock [rising] on pin CK
    The end   point is clocked by            osc00|osc_int_inferred_clock [rising] on pin CK

Instance / Net                                      Pin      Pin               Arrival     No. of    
Name                                   Type         Name     Dir     Delay     Time        Fan Out(s)
-----------------------------------------------------------------------------------------------------
AL00.OS01.sdiv[20]                     FD1S3IX      Q        Out     1.148     1.148       -         
sdiv[20]                               Net          -        -       -         -           4         
AL00.OS01.outdiv_0_sqmuxa_1_i_a3       ORCALUT4     B        In      0.000     1.148       -         
AL00.OS01.outdiv_0_sqmuxa_1_i_a3       ORCALUT4     Z        Out     1.225     2.373       -         
N_65                                   Net          -        -       -         -           5         
AL00.OS01.outdiv_0_sqmuxa_7_i_a2_0     ORCALUT4     D        In      0.000     2.373       -         
AL00.OS01.outdiv_0_sqmuxa_7_i_a2_0     ORCALUT4     Z        Out     1.193     3.565       -         
N_81                                   Net          -        -       -         -           4         
AL00.OS01.outdiv_0_sqmuxa_6_i_a6_0     ORCALUT4     D        In      0.000     3.565       -         
AL00.OS01.outdiv_0_sqmuxa_6_i_a6_0     ORCALUT4     Z        Out     1.017     4.582       -         
N_26                                   Net          -        -       -         -           1         
AL00.OS01.outdiv_0_sqmuxa_6_i          ORCALUT4     C        In      0.000     4.582       -         
AL00.OS01.outdiv_0_sqmuxa_6_i          ORCALUT4     Z        Out     1.089     5.671       -         
N_10                                   Net          -        -       -         -           2         
AL00.OS01.un1_sdiv69_1                 ORCALUT4     C        In      0.000     5.671       -         
AL00.OS01.un1_sdiv69_1                 ORCALUT4     Z        Out     1.017     6.688       -         
un1_sdiv69_1                           Net          -        -       -         -           1         
AL00.OS01.un1_sdiv69_5                 ORCALUT4     A        In      0.000     6.688       -         
AL00.OS01.un1_sdiv69_5                 ORCALUT4     Z        Out     1.089     7.777       -         
un1_sdiv69_5                           Net          -        -       -         -           2         
AL00.OS01.un1_sdiv69_i                 ORCALUT4     D        In      0.000     7.777       -         
AL00.OS01.un1_sdiv69_i                 ORCALUT4     Z        Out     1.017     8.793       -         
un1_sdiv69_i                           Net          -        -       -         -           1         
AL00.OS01.un1_sdiv_cry_0_0             CCU2D        B0       In      0.000     8.793       -         
AL00.OS01.un1_sdiv_cry_0_0             CCU2D        COUT     Out     1.544     10.338      -         
un1_sdiv_cry_0                         Net          -        -       -         -           1         
AL00.OS01.un1_sdiv_cry_1_0             CCU2D        CIN      In      0.000     10.338      -         
AL00.OS01.un1_sdiv_cry_1_0             CCU2D        COUT     Out     0.143     10.481      -         
un1_sdiv_cry_2                         Net          -        -       -         -           1         
AL00.OS01.un1_sdiv_cry_3_0             CCU2D        CIN      In      0.000     10.481      -         
AL00.OS01.un1_sdiv_cry_3_0             CCU2D        COUT     Out     0.143     10.623      -         
un1_sdiv_cry_4                         Net          -        -       -         -           1         
AL00.OS01.un1_sdiv_cry_5_0             CCU2D        CIN      In      0.000     10.623      -         
AL00.OS01.un1_sdiv_cry_5_0             CCU2D        COUT     Out     0.143     10.766      -         
un1_sdiv_cry_6                         Net          -        -       -         -           1         
AL00.OS01.un1_sdiv_cry_7_0             CCU2D        CIN      In      0.000     10.766      -         
AL00.OS01.un1_sdiv_cry_7_0             CCU2D        COUT     Out     0.143     10.909      -         
un1_sdiv_cry_8                         Net          -        -       -         -           1         
AL00.OS01.un1_sdiv_cry_9_0             CCU2D        CIN      In      0.000     10.909      -         
AL00.OS01.un1_sdiv_cry_9_0             CCU2D        COUT     Out     0.143     11.052      -         
un1_sdiv_cry_10                        Net          -        -       -         -           1         
AL00.OS01.un1_sdiv_cry_11_0            CCU2D        CIN      In      0.000     11.052      -         
AL00.OS01.un1_sdiv_cry_11_0            CCU2D        COUT     Out     0.143     11.195      -         
un1_sdiv_cry_12                        Net          -        -       -         -           1         
AL00.OS01.un1_sdiv_cry_13_0            CCU2D        CIN      In      0.000     11.195      -         
AL00.OS01.un1_sdiv_cry_13_0            CCU2D        COUT     Out     0.143     11.338      -         
un1_sdiv_cry_14                        Net          -        -       -         -           1         
AL00.OS01.un1_sdiv_cry_15_0            CCU2D        CIN      In      0.000     11.338      -         
AL00.OS01.un1_sdiv_cry_15_0            CCU2D        COUT     Out     0.143     11.480      -         
un1_sdiv_cry_16                        Net          -        -       -         -           1         
AL00.OS01.un1_sdiv_cry_17_0            CCU2D        CIN      In      0.000     11.480      -         
AL00.OS01.un1_sdiv_cry_17_0            CCU2D        COUT     Out     0.143     11.623      -         
un1_sdiv_cry_18                        Net          -        -       -         -           1         
AL00.OS01.un1_sdiv_cry_19_0            CCU2D        CIN      In      0.000     11.623      -         
AL00.OS01.un1_sdiv_cry_19_0            CCU2D        S1       Out     1.549     13.172      -         
un1_sdiv[21]                           Net          -        -       -         -           1         
AL00.OS01.sdiv[20]                     FD1S3IX      D        In      0.000     13.172      -         
=====================================================================================================



##### END OF TIMING REPORT #####]

Timing exceptions that could not be applied
None

Finished final timing analysis (Real Time elapsed 0h:00m:02s; CPU Time elapsed 0h:00m:02s; Memory used current: 149MB peak: 151MB)


Finished timing report (Real Time elapsed 0h:00m:02s; CPU Time elapsed 0h:00m:02s; Memory used current: 149MB peak: 151MB)

---------------------------------------
Resource Usage Report
Part: lcmxo2_7000he-4

Register bits: 53 of 6864 (1%)
PIC Latch:       0
I/O cells:       39


Details:
BB:             1
CCU2D:          11
FD1P3AX:        2
FD1P3IX:        18
FD1S3AX:        1
FD1S3IX:        23
GSR:            1
IB:             28
IFS1P3DX:       1
INV:            1
OB:             10
OFS1P3IX:       8
ORCALUT4:       84
OSCH:           1
PUR:            1
VHI:            4
VLO:            6
false:          1
true:           3
Mapper successful!

At Mapper Exit (Real Time elapsed 0h:00m:02s; CPU Time elapsed 0h:00m:02s; Memory used current: 33MB peak: 151MB)

Process took 0h:00m:02s realtime, 0h:00m:02s cputime
# Tue Nov 19 09:04:01 2019

###########################################################]


Synthesis exit by 0.

edif2ngd  -l "MachXO2" -d LCMXO2-7000HE -path "C:/Users/ameri/Documentos/ESCOM/Arquitectura/Arquitectura-de-Computadoras-master/II/Practicas/alu00/alu0" -path "C:/Users/ameri/Documentos/ESCOM/Arquitectura/Arquitectura-de-Computadoras-master/II/Practicas/alu00"   "C:/Users/ameri/Documentos/ESCOM/Arquitectura/Arquitectura-de-Computadoras-master/II/Practicas/alu00/alu0/alu00_alu0.edi" "alu00_alu0.ngo"   
edif2ngd:  version Diamond (64-bit) 3.11.0.396.4

Copyright (c) 1991-1994 by NeoCAD Inc. All rights reserved.
Copyright (c) 1995 AT&T Corp.   All rights reserved.
Copyright (c) 1995-2001 Lucent Technologies Inc.  All rights reserved.
Copyright (c) 2001 Agere Systems   All rights reserved.
Copyright (c) 2002-2019 Lattice Semiconductor Corporation,  All rights reserved.
Writing the design to alu00_alu0.ngo...

Total CPU Time: 0 secs  
Total REAL Time: 0 secs  
Peak Memory Usage: 11 MB


ngdbuild  -a "MachXO2" -d LCMXO2-7000HE  -p "C:/lscc/diamond/3.11_x64/ispfpga/xo2c00/data"  -p "C:/Users/ameri/Documentos/ESCOM/Arquitectura/Arquitectura-de-Computadoras-master/II/Practicas/alu00/alu0" -p "C:/Users/ameri/Documentos/ESCOM/Arquitectura/Arquitectura-de-Computadoras-master/II/Practicas/alu00"  "alu00_alu0.ngo" "alu00_alu0.ngd"  	
ngdbuild:  version Diamond (64-bit) 3.11.0.396.4

Copyright (c) 1991-1994 by NeoCAD Inc. All rights reserved.
Copyright (c) 1995 AT&T Corp.   All rights reserved.
Copyright (c) 1995-2001 Lucent Technologies Inc.  All rights reserved.
Copyright (c) 2001 Agere Systems   All rights reserved.
Copyright (c) 2002-2019 Lattice Semiconductor Corporation,  All rights reserved.
Reading 'alu00_alu0.ngo' ...
Loading NGL library 'C:/lscc/diamond/3.11_x64/ispfpga/xo2c00a/data/xo2alib.ngl'...
Loading NGL library 'C:/lscc/diamond/3.11_x64/ispfpga/xo2c00/data/xo2clib.ngl'...
Loading NGL library 'C:/lscc/diamond/3.11_x64/ispfpga/mg5g00/data/mg5glib.ngl'...
Loading NGL library 'C:/lscc/diamond/3.11_x64/ispfpga/or5g00/data/orc5glib.ngl'...


Running DRC...

    <postMsg mid="1166052" type="Warning" dynamic="2" navigation="1" arg0="logical" arg1="AL00/OS00/OSCInst0_SEDSTDBY" arg2="AL00/OS00/OSCInst0_SEDSTDBY"  />
    <postMsg mid="1163101" type="Warning" dynamic="1" navigation="0" arg0="1"  />

Design Results:
    200 blocks expanded
Complete the first expansion.
Writing 'alu00_alu0.ngd' ...
Total CPU Time: 0 secs 
Total REAL Time: 0 secs 
Peak Memory Usage: 18 MB


map -a "MachXO2" -p LCMXO2-7000HE -t TQFP144 -s 4 -oc Commercial   "alu00_alu0.ngd" -o "alu00_alu0_map.ncd" -pr "alu00_alu0.prf" -mp "alu00_alu0.mrp" -lpf "C:/Users/ameri/Documentos/ESCOM/Arquitectura/Arquitectura-de-Computadoras-master/II/Practicas/alu00/alu0/alu00_alu0_synplify.lpf" -lpf "C:/Users/ameri/Documentos/ESCOM/Arquitectura/Arquitectura-de-Computadoras-master/II/Practicas/alu00/alu00.lpf" -c 0           
map:  version Diamond (64-bit) 3.11.0.396.4

Copyright (c) 1991-1994 by NeoCAD Inc. All rights reserved.
Copyright (c) 1995 AT&T Corp.   All rights reserved.
Copyright (c) 1995-2001 Lucent Technologies Inc.  All rights reserved.
Copyright (c) 2001 Agere Systems   All rights reserved.
Copyright (c) 2002-2019 Lattice Semiconductor Corporation,  All rights reserved.
   Process the file: alu00_alu0.ngd
   Picdevice="LCMXO2-7000HE"

   Pictype="TQFP144"

   Picspeed=4

   Remove unused logic

   Do not produce over sized NCDs.

Part used: LCMXO2-7000HETQFP144, Performance used: 4.

Loading device for application map from file 'xo2c7000.nph' in environment: C:/lscc/diamond/3.11_x64/ispfpga.
Package Status:                     Final          Version 1.39.

Running general design DRC...

Removing unused logic...

Optimizing...




Design Summary:
   Number of registers:     53 out of  7209 (1%)
      PFU registers:           44 out of  6864 (1%)
      PIO registers:            9 out of   345 (3%)
   Number of SLICEs:        54 out of  3432 (2%)
      SLICEs as Logic/ROM:     54 out of  3432 (2%)
      SLICEs as RAM:            0 out of  2574 (0%)
      SLICEs as Carry:         11 out of  3432 (0%)
   Number of LUT4s:        106 out of  6864 (2%)
      Number used as logic LUTs:         84
      Number used as distributed RAM:     0
      Number used as ripple logic:       22
      Number used as shift registers:     0
   Number of PIO sites used: 39 + 4(JTAG) out of 115 (37%)
   Number of block RAMs:  0 out of 26 (0%)
   Number of GSRs:        0 out of 1 (0%)
   EFB used :        No
   JTAG used :       No
   Readback used :   No
   Oscillator used : Yes
   Startup used :    No
   POR :             On
   Bandgap :         On
   Number of Power Controller:  0 out of 1 (0%)
   Number of Dynamic Bank Controller (BCINRD):  0 out of 6 (0%)
   Number of Dynamic Bank Controller (BCLVDSO):  0 out of 1 (0%)
   Number of DCCA:  0 out of 8 (0%)
   Number of DCMA:  0 out of 2 (0%)
   Number of PLLs:  0 out of 2 (0%)
   Number of DQSDLLs:  0 out of 2 (0%)
   Number of CLKDIVC:  0 out of 4 (0%)
   Number of ECLKSYNCA:  0 out of 4 (0%)
   Number of ECLKBRIDGECS:  0 out of 2 (0%)
   Notes:-
      1. Total number of LUT4s = (Number of logic LUT4s) + 2*(Number of distributed RAMs) + 2*(Number of ripple logic)
      2. Number of logic LUT4s does not include count of distributed RAM and ripple logic.
   Number of clocks:  2
     Net clk00_c: 23 loads, 23 rising, 0 falling (Driver: AL00/OS01/outdiv )
     Net AL00/sclk: 12 loads, 12 rising, 0 falling (Driver: AL00/OS00/OSCInst0 )
   Number of Clock Enables:  4
     Net AL01/N_44_i: 5 loads, 5 LSLICEs
     Net AL01/N_28: 1 loads, 1 LSLICEs
     Net AL02/outrdo_2_sqmuxa_i_0: 5 loads, 5 LSLICEs
     Net AL02/N_33: 1 loads, 1 LSLICEs
   Number of LSRs:  6
     Net enable0_c: 8 loads, 0 LSLICEs
     Net AL01/outrda_0_sqmuxa: 5 loads, 5 LSLICEs
     Net funct0_c[0]: 1 loads, 1 LSLICEs
     Net funct0_c[5]: 1 loads, 1 LSLICEs
     Net AL02/outrdo_0_sqmuxa: 5 loads, 5 LSLICEs
     Net AL00/OS01/un1_sdiv69_RNIKKJ71: 11 loads, 11 LSLICEs
   Number of nets driven by tri-state buffers:  0
   Top 10 highest fanout non-clock nets:
     Net funct0_c[0]: 12 loads
     Net AL00/OS01/un1_sdiv69_RNIKKJ71: 11 loads
     Net N_37: 11 loads
     Net outFlagac0_c: 11 loads
     Net cdiv00_c[0]: 9 loads
     Net cdiv00_c[1]: 9 loads
     Net enable0_c: 9 loads
     Net AL03/N_70: 8 loads
     Net AL03/N_71: 8 loads
     Net cdiv00_c[4]: 8 loads
 

   Number of warnings:  0
   Number of errors:    0



Total CPU Time: 0 secs  
Total REAL Time: 0 secs  
Peak Memory Usage: 58 MB

Dumping design to file alu00_alu0_map.ncd.

mpartrce -p "alu00_alu0.p2t" -f "alu00_alu0.p3t" -tf "alu00_alu0.pt" "alu00_alu0_map.ncd" "alu00_alu0.ncd"

---- MParTrce Tool ----
Removing old design directory at request of -rem command line option to this program.
Running par. Please wait . . .

Lattice Place and Route Report for Design "alu00_alu0_map.ncd"
Tue Nov 19 09:04:07 2019

PAR: Place And Route Diamond (64-bit) 3.11.0.396.4.
Command Line: par -w -l 5 -i 6 -t 1 -c 0 -e 0 -gui -msgset C:/Users/ameri/Documentos/ESCOM/Arquitectura/Arquitectura-de-Computadoras-master/II/Practicas/alu00/promote.xml -exp parUseNBR=1:parCDP=0:parCDR=0:parPathBased=OFF alu00_alu0_map.ncd alu00_alu0.dir/5_1.ncd alu00_alu0.prf
Preference file: alu00_alu0.prf.
Placement level-cost: 5-1.
Routing Iterations: 6

Loading design for application par from file alu00_alu0_map.ncd.
Design name: topalu00
NCD version: 3.3
Vendor:      LATTICE
Device:      LCMXO2-7000HE
Package:     TQFP144
Performance: 4
Loading device for application par from file 'xo2c7000.nph' in environment: C:/lscc/diamond/3.11_x64/ispfpga.
Package Status:                     Final          Version 1.39.
Performance Hardware Data Status:   Final          Version 34.4.
License checked out.


Ignore Preference Error(s):  True
Device utilization summary:

   PIO (prelim)   39+4(JTAG)/336     13% used
                  39+4(JTAG)/115     37% bonded
   IOLOGIC            9/336           2% used

   SLICE             54/3432          1% used

   OSC                1/1           100% used


Number of Signals: 198
Number of Connections: 451

Pin Constraint Summary:
   39 out of 39 pins locked (100% locked).

The following 2 signals are selected to use the primary clock routing resources:
    clk00_c (driver: AL00/OS01/SLICE_22, clk load #: 23)
    AL00/sclk (driver: AL00/OS00/OSCInst0, clk load #: 12)


The following 1 signal is selected to use the secondary clock routing resources:
    AL00/OS01/un1_sdiv69_RNIKKJ71 (driver: AL00/OS01/SLICE_33, clk load #: 0, sr load #: 11, ce load #: 0)

No signal is selected as Global Set/Reset.
Starting Placer Phase 0.

Finished Placer Phase 0.  REAL time: 2 secs 

Starting Placer Phase 1.
..................
Placer score = 48350.
Finished Placer Phase 1.  REAL time: 6 secs 

Starting Placer Phase 2.
.
Placer score =  48269
Finished Placer Phase 2.  REAL time: 6 secs 


------------------ Clock Report ------------------

Global Clock Resources:
  CLK_PIN    : 0 out of 8 (0%)
  PLL        : 0 out of 2 (0%)
  DCM        : 0 out of 2 (0%)
  DCC        : 0 out of 8 (0%)

Global Clocks:
  PRIMARY "clk00_c" from Q0 on comp "AL00/OS01/SLICE_22" on site "R2C19C", clk load = 23
  PRIMARY "AL00/sclk" from OSC on comp "AL00/OS00/OSCInst0" on site "OSC", clk load = 12
  SECONDARY "AL00/OS01/un1_sdiv69_RNIKKJ71" from F0 on comp "AL00/OS01/SLICE_33" on site "R14C18C", clk load = 0, ce load = 0, sr load = 11

  PRIMARY  : 2 out of 8 (25%)
  SECONDARY: 1 out of 8 (12%)

Edge Clocks:
  No edge clock selected.

--------------- End of Clock Report ---------------


I/O Usage Summary (final):
   39 + 4(JTAG) out of 336 (12.8%) PIO sites used.
   39 + 4(JTAG) out of 115 (37.4%) bonded PIO sites used.
   Number of PIO comps: 39; differential: 0.
   Number of Vref pins used: 0.

I/O Bank Usage Summary:
+----------+----------------+------------+-----------+
| I/O Bank | Usage          | Bank Vccio | Bank Vref |
+----------+----------------+------------+-----------+
| 0        | 2 / 28 (  7%)  | 2.5V       | -         |
| 1        | 0 / 29 (  0%)  | -          | -         |
| 2        | 11 / 29 ( 37%) | 2.5V       | -         |
| 3        | 8 / 9 ( 88%)   | 2.5V       | -         |
| 4        | 8 / 10 ( 80%)  | 2.5V       | -         |
| 5        | 10 / 10 (100%) | 2.5V       | -         |
+----------+----------------+------------+-----------+

Total placer CPU time: 6 secs 

Dumping design to file alu00_alu0.dir/5_1.ncd.

0 connections routed; 451 unrouted.
Starting router resource preassignment

Completed router resource preassignment. Real time: 10 secs 

Start NBR router at 09:04:17 11/19/19

*****************************************************************
Info: NBR allows conflicts(one node used by more than one signal)
      in the earlier iterations. In each iteration, it tries to  
      solve the conflicts while keeping the critical connections 
      routed as short as possible. The routing process is said to
      be completed when no conflicts exist and all connections   
      are routed.                                                
Note: NBR uses a different method to calculate timing slacks. The
      worst slack and total negative slack may not be the same as
      that in TRCE report. You should always run TRCE to verify  
      your design.                                               
*****************************************************************

Start NBR special constraint process at 09:04:17 11/19/19

Start NBR section for initial routing at 09:04:17 11/19/19
Level 4, iteration 1
7(0.00%) conflicts; 0(0.00%) untouched conn; 0 (nbr) score; 
Estimated worst slack/total negative slack<setup>: 463.413ns/0.000ns; real time: 10 secs 

Info: Initial congestion level at 75% usage is 0
Info: Initial congestion area  at 75% usage is 0 (0.00%)

Start NBR section for normal routing at 09:04:17 11/19/19
Level 4, iteration 1
6(0.00%) conflicts; 0(0.00%) untouched conn; 0 (nbr) score; 
Estimated worst slack/total negative slack<setup>: 463.413ns/0.000ns; real time: 10 secs 
Level 4, iteration 2
1(0.00%) conflict; 0(0.00%) untouched conn; 0 (nbr) score; 
Estimated worst slack/total negative slack<setup>: 463.413ns/0.000ns; real time: 10 secs 
Level 4, iteration 3
0(0.00%) conflict; 0(0.00%) untouched conn; 0 (nbr) score; 
Estimated worst slack/total negative slack<setup>: 463.413ns/0.000ns; real time: 11 secs 

Start NBR section for setup/hold timing optimization with effort level 3 at 09:04:18 11/19/19

Start NBR section for re-routing at 09:04:18 11/19/19
Level 4, iteration 1
0(0.00%) conflict; 0(0.00%) untouched conn; 0 (nbr) score; 
Estimated worst slack/total negative slack<setup>: 463.413ns/0.000ns; real time: 11 secs 

Start NBR section for post-routing at 09:04:18 11/19/19

End NBR router with 0 unrouted connection

NBR Summary
-----------
  Number of unrouted connections : 0 (0.00%)
  Number of connections with timing violations : 0 (0.00%)
  Estimated worst slack<setup> : 463.413ns
  Timing score<setup> : 0
-----------
Notes: The timing info is calculated for SETUP only and all PAR_ADJs are ignored.



Total CPU time 11 secs 
Total REAL time: 11 secs 
Completely routed.
End of route.  451 routed (100.00%); 0 unrouted.

Hold time timing score: 0, hold timing errors: 0

Timing score: 0 

Dumping design to file alu00_alu0.dir/5_1.ncd.


PAR_SUMMARY::Run status = Completed
PAR_SUMMARY::Number of unrouted conns = 0
PAR_SUMMARY::Worst  slack<setup/<ns>> = 463.413
PAR_SUMMARY::Timing score<setup/<ns>> = 0.000
PAR_SUMMARY::Worst  slack<hold /<ns>> = 0.379
PAR_SUMMARY::Timing score<hold /<ns>> = 0.000
PAR_SUMMARY::Number of errors = 0

Total CPU  time to completion: 11 secs 
Total REAL time to completion: 12 secs 

par done!

Note: user must run 'Trace' for timing closure signoff.

Copyright (c) 1991-1994 by NeoCAD Inc. All rights reserved.
Copyright (c) 1995 AT&T Corp.   All rights reserved.
Copyright (c) 1995-2001 Lucent Technologies Inc.  All rights reserved.
Copyright (c) 2001 Agere Systems   All rights reserved.
Copyright (c) 2002-2019 Lattice Semiconductor Corporation,  All rights reserved.
Exiting par with exit code 0
Exiting mpartrce with exit code 0

trce -f "alu00_alu0.pt" -o "alu00_alu0.twr" "alu00_alu0.ncd" "alu00_alu0.prf"
trce:  version Diamond (64-bit) 3.11.0.396.4

Copyright (c) 1991-1994 by NeoCAD Inc. All rights reserved.
Copyright (c) 1995 AT&T Corp.   All rights reserved.
Copyright (c) 1995-2001 Lucent Technologies Inc.  All rights reserved.
Copyright (c) 2001 Agere Systems   All rights reserved.
Copyright (c) 2002-2019 Lattice Semiconductor Corporation,  All rights reserved.

Loading design for application trce from file alu00_alu0.ncd.
Design name: topalu00
NCD version: 3.3
Vendor:      LATTICE
Device:      LCMXO2-7000HE
Package:     TQFP144
Performance: 4
Loading device for application trce from file 'xo2c7000.nph' in environment: C:/lscc/diamond/3.11_x64/ispfpga.
Package Status:                     Final          Version 1.39.
Performance Hardware Data Status:   Final          Version 34.4.
Setup and Hold Report

--------------------------------------------------------------------------------
Lattice TRACE Report - Setup, Version Diamond (64-bit) 3.11.0.396.4
Tue Nov 19 09:04:20 2019

Copyright (c) 1991-1994 by NeoCAD Inc. All rights reserved.
Copyright (c) 1995 AT&T Corp.   All rights reserved.
Copyright (c) 1995-2001 Lucent Technologies Inc.  All rights reserved.
Copyright (c) 2001 Agere Systems   All rights reserved.
Copyright (c) 2002-2019 Lattice Semiconductor Corporation,  All rights reserved.

Report Information
------------------
Command line:    trce -v 10 -gt -sethld -sp 4 -sphld m -o alu00_alu0.twr -gui -msgset C:/Users/ameri/Documentos/ESCOM/Arquitectura/Arquitectura-de-Computadoras-master/II/Practicas/alu00/promote.xml alu00_alu0.ncd alu00_alu0.prf 
Design file:     alu00_alu0.ncd
Preference file: alu00_alu0.prf
Device,speed:    LCMXO2-7000HE,4
Report level:    verbose report, limited to 10 items per preference
--------------------------------------------------------------------------------

BLOCK ASYNCPATHS
BLOCK RESETPATHS
--------------------------------------------------------------------------------



Timing summary (Setup):
---------------

Timing errors: 0  Score: 0
Cumulative negative slack: 0

Constraints cover 6198 paths, 1 nets, and 256 connections (56.76% coverage)

--------------------------------------------------------------------------------
Lattice TRACE Report - Hold, Version Diamond (64-bit) 3.11.0.396.4
Tue Nov 19 09:04:20 2019

Copyright (c) 1991-1994 by NeoCAD Inc. All rights reserved.
Copyright (c) 1995 AT&T Corp.   All rights reserved.
Copyright (c) 1995-2001 Lucent Technologies Inc.  All rights reserved.
Copyright (c) 2001 Agere Systems   All rights reserved.
Copyright (c) 2002-2019 Lattice Semiconductor Corporation,  All rights reserved.

Report Information
------------------
Command line:    trce -v 10 -gt -sethld -sp 4 -sphld m -o alu00_alu0.twr -gui -msgset C:/Users/ameri/Documentos/ESCOM/Arquitectura/Arquitectura-de-Computadoras-master/II/Practicas/alu00/promote.xml alu00_alu0.ncd alu00_alu0.prf 
Design file:     alu00_alu0.ncd
Preference file: alu00_alu0.prf
Device,speed:    LCMXO2-7000HE,m
Report level:    verbose report, limited to 10 items per preference
--------------------------------------------------------------------------------

BLOCK ASYNCPATHS
BLOCK RESETPATHS
--------------------------------------------------------------------------------



Timing summary (Hold):
---------------

Timing errors: 0  Score: 0
Cumulative negative slack: 0

Constraints cover 6198 paths, 1 nets, and 256 connections (56.76% coverage)



Timing summary (Setup and Hold):
---------------

Timing errors: 0 (setup), 0 (hold)
Score: 0 (setup), 0 (hold)
Cumulative negative slack: 0 (0+0)
--------------------------------------------------------------------------------

--------------------------------------------------------------------------------

Total CPU Time: 0 secs 
Total REAL Time: 0 secs 
Peak Memory Usage: 67 MB


tmcheck -par "alu00_alu0.par" 

bitgen -f "alu00_alu0.t2b" -w "alu00_alu0.ncd"  -jedec "alu00_alu0.prf"


BITGEN: Bitstream Generator Diamond (64-bit) 3.11.0.396.4
Copyright (c) 1991-1994 by NeoCAD Inc. All rights reserved.
Copyright (c) 1995 AT&T Corp.   All rights reserved.
Copyright (c) 1995-2001 Lucent Technologies Inc.  All rights reserved.
Copyright (c) 2001 Agere Systems   All rights reserved.
Copyright (c) 2002-2019 Lattice Semiconductor Corporation,  All rights reserved.


Loading design for application Bitgen from file alu00_alu0.ncd.
Design name: topalu00
NCD version: 3.3
Vendor:      LATTICE
Device:      LCMXO2-7000HE
Package:     TQFP144
Performance: 4
Loading device for application Bitgen from file 'xo2c7000.nph' in environment: C:/lscc/diamond/3.11_x64/ispfpga.
Package Status:                     Final          Version 1.39.
Performance Hardware Data Status:   Final          Version 34.4.

Running DRC.
DRC detected 0 errors and 0 warnings.
Reading Preference File from alu00_alu0.prf.

Preference Summary:
+---------------------------------+---------------------------------+
|  Preference                     |  Current Setting                |
+---------------------------------+---------------------------------+
|                         RamCfg  |                        Reset**  |
+---------------------------------+---------------------------------+
|                     MCCLK_FREQ  |                         2.08**  |
+---------------------------------+---------------------------------+
|                  CONFIG_SECURE  |                          OFF**  |
+---------------------------------+---------------------------------+
|                          INBUF  |                           ON**  |
+---------------------------------+---------------------------------+
|                      JTAG_PORT  |                       ENABLE**  |
+---------------------------------+---------------------------------+
|                       SDM_PORT  |                      DISABLE**  |
+---------------------------------+---------------------------------+
|                 SLAVE_SPI_PORT  |                      DISABLE**  |
+---------------------------------+---------------------------------+
|                MASTER_SPI_PORT  |                      DISABLE**  |
+---------------------------------+---------------------------------+
|                       I2C_PORT  |                      DISABLE**  |
+---------------------------------+---------------------------------+
|        MUX_CONFIGURATION_PORTS  |                      DISABLE**  |
+---------------------------------+---------------------------------+
|                  CONFIGURATION  |                          CFG**  |
+---------------------------------+---------------------------------+
|                COMPRESS_CONFIG  |                           ON**  |
+---------------------------------+---------------------------------+
|                        MY_ASSP  |                          OFF**  |
+---------------------------------+---------------------------------+
|               ONE_TIME_PROGRAM  |                          OFF**  |
+---------------------------------+---------------------------------+
|                 ENABLE_TRANSFR  |                      DISABLE**  |
+---------------------------------+---------------------------------+
|                  SHAREDEBRINIT  |                      DISABLE**  |
+---------------------------------+---------------------------------+
|            BACKGROUND_RECONFIG  |                          OFF**  |
+---------------------------------+---------------------------------+
 *  Default setting.
 ** The specified setting matches the default setting.


Creating bit map...
 
Bitstream Status: Final           Version 1.95.
 
Saving bit stream in "alu00_alu0.jed".
 
===========
UFM Summary.
===========
UFM Size:        2046 Pages (128*2046 Bits).
UFM Utilization: General Purpose Flash Memory.
 
Available General Purpose Flash Memory: 2046 Pages (Page 0 to Page 2045).
Initialized UFM Pages:                     0 Page.
 
Total CPU Time: 4 secs 
Total REAL Time: 5 secs 
Peak Memory Usage: 290 MB
