
map -a "MachXO2" -p LCMXO2-7000HE -t TQFP144 -s 4 -oc Commercial   "topdiv00_topdiv00.ngd" -o "topdiv00_topdiv00_map.ncd" -pr "topdiv00_topdiv00.prf" -mp "topdiv00_topdiv00.mrp" -lpf "C:/Users/FERNANDO/Desktop/P12/div00/topdiv00/topdiv00/topdiv00_topdiv00_synplify.lpf" -lpf "C:/Users/FERNANDO/Desktop/P12/div00/topdiv00/topdiv00.lpf" -c 0            
map:  version Diamond (64-bit) 3.10.0.111.2

Copyright (c) 1991-1994 by NeoCAD Inc. All rights reserved.
Copyright (c) 1995 AT&T Corp.   All rights reserved.
Copyright (c) 1995-2001 Lucent Technologies Inc.  All rights reserved.
Copyright (c) 2001 Agere Systems   All rights reserved.
Copyright (c) 2002-2017 Lattice Semiconductor Corporation,  All rights reserved.
   Process the file: topdiv00_topdiv00.ngd
   Picdevice="LCMXO2-7000HE"

   Pictype="TQFP144"

   Picspeed=4

   Remove unused logic

   Do not produce over sized NCDs.

Part used: LCMXO2-7000HETQFP144, Performance used: 4.

Loading device for application map from file 'xo2c7000.nph' in environment: C:/lscc/diamond/3.10_x64/ispfpga.
Package Status:                     Final          Version 1.39.

Running general design DRC...

Removing unused logic...

Optimizing...




Design Summary:
   Number of registers:     22 out of  7209 (0%)
      PFU registers:           22 out of  6864 (0%)
      PIO registers:            0 out of   345 (0%)
   Number of SLICEs:        36 out of  3432 (1%)
      SLICEs as Logic/ROM:     36 out of  3432 (1%)
      SLICEs as RAM:            0 out of  2574 (0%)
      SLICEs as Carry:         11 out of  3432 (0%)
   Number of LUT4s:         71 out of  6864 (1%)
      Number used as logic LUTs:         49
      Number used as distributed RAM:     0
      Number used as ripple logic:       22
      Number used as shift registers:     0
   Number of PIO sites used: 6 + 4(JTAG) out of 115 (9%)
   Number of block RAMs:  0 out of 26 (0%)
   Number of GSRs:  0 out of 1 (0%)
   EFB used :       No
   JTAG used :      No
   Readback used :  No
   Oscillator used :  Yes
   Startup used :   No
   POR :            On
   Bandgap :        On
   Number of Power Controller:  0 out of 1 (0%)
   Number of Dynamic Bank Controller (BCINRD):  0 out of 6 (0%)
   Number of Dynamic Bank Controller (BCLVDSO):  0 out of 1 (0%)
   Number of DCCA:  0 out of 8 (0%)
   Number of DCMA:  0 out of 2 (0%)
   Number of PLLs:  0 out of 2 (0%)
   Number of DQSDLLs:  0 out of 2 (0%)
   Number of CLKDIVC:  0 out of 4 (0%)
   Number of ECLKSYNCA:  0 out of 4 (0%)
   Number of ECLKBRIDGECS:  0 out of 2 (0%)
   Notes:-
      1. Total number of LUT4s = (Number of logic LUT4s) + 2*(Number of distributed RAMs) + 2*(Number of ripple logic)
      2. Number of logic LUT4s does not include count of distributed RAM and ripple logic.
   Number of clocks:  1
     Net sclk: 12 loads, 12 rising, 0 falling (Driver: D00/OSCInst0 )
   Number of Clock Enables:  0
   Number of LSRs:  1
     Net D01/un1_sdiv61_RNISI4F: 11 loads, 11 LSLICEs
   Number of nets driven by tri-state buffers:  0
   Top 10 highest fanout non-clock nets:
     Net D01/un1_sdiv61_RNISI4F: 11 loads
     Net D01/sdiv[18]: 7 loads
     Net D01/sdiv[20]: 7 loads
     Net cdiv0_c[2]: 6 loads
     Net cdiv0_c[3]: 6 loads
     Net D01/sdiv[16]: 6 loads
     Net D01/sdiv[17]: 6 loads
     Net D01/sdiv[19]: 6 loads
     Net cdiv0_c[0]: 5 loads
     Net D01/N_24_8: 5 loads
 

   Number of warnings:  0
   Number of errors:    0



Total CPU Time: 1 secs  
Total REAL Time: 0 secs  
Peak Memory Usage: 55 MB

Dumping design to file topdiv00_topdiv00_map.ncd.

mpartrce -p "topdiv00_topdiv00.p2t" -f "topdiv00_topdiv00.p3t" -tf "topdiv00_topdiv00.pt" "topdiv00_topdiv00_map.ncd" "topdiv00_topdiv00.ncd"

---- MParTrce Tool ----
Removing old design directory at request of -rem command line option to this program.
Running par. Please wait . . .

Lattice Place and Route Report for Design "topdiv00_topdiv00_map.ncd"
Wed Feb 20 11:00:25 2019

PAR: Place And Route Diamond (64-bit) 3.10.0.111.2.
Command Line: par -w -l 5 -i 6 -t 1 -c 0 -e 0 -gui -msgset C:/Users/FERNANDO/Desktop/P12/div00/topdiv00/promote.xml -exp parUseNBR=1:parCDP=0:parCDR=0:parPathBased=OFF topdiv00_topdiv00_map.ncd topdiv00_topdiv00.dir/5_1.ncd topdiv00_topdiv00.prf
Preference file: topdiv00_topdiv00.prf.
Placement level-cost: 5-1.
Routing Iterations: 6

Loading design for application par from file topdiv00_topdiv00_map.ncd.
Design name: topdiv00
NCD version: 3.3
Vendor:      LATTICE
Device:      LCMXO2-7000HE
Package:     TQFP144
Performance: 4
Loading device for application par from file 'xo2c7000.nph' in environment: C:/lscc/diamond/3.10_x64/ispfpga.
Package Status:                     Final          Version 1.39.
Performance Hardware Data Status:   Final          Version 34.4.
License checked out.


Ignore Preference Error(s):  True
Device utilization summary:

   PIO (prelim)    6+4(JTAG)/336     3% used
                   6+4(JTAG)/115     9% bonded

   SLICE             36/3432          1% used

   OSC                1/1           100% used


Number of Signals: 108
Number of Connections: 248

Pin Constraint Summary:
   6 out of 6 pins locked (100% locked).

The following 1 signal is selected to use the primary clock routing resources:
    sclk (driver: D00/OSCInst0, clk load #: 12)


The following 1 signal is selected to use the secondary clock routing resources:
    D01/un1_sdiv61_RNISI4F (driver: D01/SLICE_12, clk load #: 0, sr load #: 11, ce load #: 0)

No signal is selected as Global Set/Reset.
Starting Placer Phase 0.

Finished Placer Phase 0.  REAL time: 0 secs 

Starting Placer Phase 1.
..................
Placer score = 11723.
Finished Placer Phase 1.  REAL time: 7 secs 

Starting Placer Phase 2.
.
Placer score =  11666
Finished Placer Phase 2.  REAL time: 7 secs 


------------------ Clock Report ------------------

Global Clock Resources:
  CLK_PIN    : 0 out of 8 (0%)
  PLL        : 0 out of 2 (0%)
  DCM        : 0 out of 2 (0%)
  DCC        : 0 out of 8 (0%)

Quadrants All (TL, TR, BL, BR) - Global Clocks:
  PRIMARY "sclk" from OSC on comp "D00/OSCInst0" on site "OSC", clk load = 12
  SECONDARY "D01/un1_sdiv61_RNISI4F" from F0 on comp "D01/SLICE_12" on site "R21C18C", clk load = 0, ce load = 0, sr load = 11

  PRIMARY  : 1 out of 8 (12%)
  SECONDARY: 1 out of 8 (12%)

Edge Clocks:
  No edge clock selected.

--------------- End of Clock Report ---------------


I/O Usage Summary (final):
   6 + 4(JTAG) out of 336 (3.0%) PIO sites used.
   6 + 4(JTAG) out of 115 (8.7%) bonded PIO sites used.
   Number of PIO comps: 6; differential: 0.
   Number of Vref pins used: 0.

I/O Bank Usage Summary:
+----------+---------------+------------+-----------+
| I/O Bank | Usage         | Bank Vccio | Bank Vref |
+----------+---------------+------------+-----------+
| 0        | 1 / 28 (  3%) | 2.5V       | -         |
| 1        | 0 / 29 (  0%) | -          | -         |
| 2        | 5 / 29 ( 17%) | 2.5V       | -         |
| 3        | 0 / 9 (  0%)  | -          | -         |
| 4        | 0 / 10 (  0%) | -          | -         |
| 5        | 0 / 10 (  0%) | -          | -         |
+----------+---------------+------------+-----------+

Total placer CPU time: 7 secs 

Dumping design to file topdiv00_topdiv00.dir/5_1.ncd.

0 connections routed; 248 unrouted.
Starting router resource preassignment

Completed router resource preassignment. Real time: 9 secs 

Start NBR router at 11:00:34 02/20/19

*****************************************************************
Info: NBR allows conflicts(one node used by more than one signal)
      in the earlier iterations. In each iteration, it tries to  
      solve the conflicts while keeping the critical connections 
      routed as short as possible. The routing process is said to
      be completed when no conflicts exist and all connections   
      are routed.                                                
Note: NBR uses a different method to calculate timing slacks. The
      worst slack and total negative slack may not be the same as
      that in TRCE report. You should always run TRCE to verify  
      your design.                                               
*****************************************************************

Start NBR special constraint process at 11:00:34 02/20/19

Start NBR section for initial routing at 11:00:34 02/20/19
Level 4, iteration 1
4(0.00%) conflicts; 0(0.00%) untouched conn; 0 (nbr) score; 
Estimated worst slack/total negative slack<setup>: 463.553ns/0.000ns; real time: 9 secs 

Info: Initial congestion level at 75% usage is 0
Info: Initial congestion area  at 75% usage is 0 (0.00%)

Start NBR section for normal routing at 11:00:34 02/20/19
Level 4, iteration 1
1(0.00%) conflict; 0(0.00%) untouched conn; 0 (nbr) score; 
Estimated worst slack/total negative slack<setup>: 463.134ns/0.000ns; real time: 9 secs 
Level 4, iteration 2
0(0.00%) conflict; 0(0.00%) untouched conn; 0 (nbr) score; 
Estimated worst slack/total negative slack<setup>: 463.134ns/0.000ns; real time: 9 secs 

Start NBR section for setup/hold timing optimization with effort level 3 at 11:00:34 02/20/19

Start NBR section for re-routing at 11:00:35 02/20/19
Level 4, iteration 1
0(0.00%) conflict; 0(0.00%) untouched conn; 0 (nbr) score; 
Estimated worst slack/total negative slack<setup>: 463.134ns/0.000ns; real time: 10 secs 

Start NBR section for post-routing at 11:00:35 02/20/19

End NBR router with 0 unrouted connection

NBR Summary
-----------
  Number of unrouted connections : 0 (0.00%)
  Number of connections with timing violations : 0 (0.00%)
  Estimated worst slack<setup> : 463.134ns
  Timing score<setup> : 0
-----------
Notes: The timing info is calculated for SETUP only and all PAR_ADJs are ignored.



Total CPU time 10 secs 
Total REAL time: 10 secs 
Completely routed.
End of route.  248 routed (100.00%); 0 unrouted.

Hold time timing score: 0, hold timing errors: 0

Timing score: 0 

Dumping design to file topdiv00_topdiv00.dir/5_1.ncd.


PAR_SUMMARY::Run status = Success
PAR_SUMMARY::Number of unrouted conns = 0
PAR_SUMMARY::Worst  slack<setup/<ns>> = 463.134
PAR_SUMMARY::Timing score<setup/<ns>> = 0.000
PAR_SUMMARY::Worst  slack<hold /<ns>> = 0.379
PAR_SUMMARY::Timing score<hold /<ns>> = 0.000
PAR_SUMMARY::Number of errors = 0

Total CPU  time to completion: 10 secs 
Total REAL time to completion: 10 secs 

par done!

Copyright (c) 1991-1994 by NeoCAD Inc. All rights reserved.
Copyright (c) 1995 AT&T Corp.   All rights reserved.
Copyright (c) 1995-2001 Lucent Technologies Inc.  All rights reserved.
Copyright (c) 2001 Agere Systems   All rights reserved.
Copyright (c) 2002-2017 Lattice Semiconductor Corporation,  All rights reserved.
Exiting par with exit code 0
Exiting mpartrce with exit code 0

bitgen -f "topdiv00_topdiv00.t2b" -w "topdiv00_topdiv00.ncd" -jedec "topdiv00_topdiv00.prf"


BITGEN: Bitstream Generator Diamond (64-bit) 3.10.0.111.2
Copyright (c) 1991-1994 by NeoCAD Inc. All rights reserved.
Copyright (c) 1995 AT&T Corp.   All rights reserved.
Copyright (c) 1995-2001 Lucent Technologies Inc.  All rights reserved.
Copyright (c) 2001 Agere Systems   All rights reserved.
Copyright (c) 2002-2017 Lattice Semiconductor Corporation,  All rights reserved.


Loading design for application Bitgen from file topdiv00_topdiv00.ncd.
Design name: topdiv00
NCD version: 3.3
Vendor:      LATTICE
Device:      LCMXO2-7000HE
Package:     TQFP144
Performance: 4
Loading device for application Bitgen from file 'xo2c7000.nph' in environment: C:/lscc/diamond/3.10_x64/ispfpga.
Package Status:                     Final          Version 1.39.
Performance Hardware Data Status:   Final          Version 34.4.

Running DRC.
DRC detected 0 errors and 0 warnings.
Reading Preference File from topdiv00_topdiv00.prf.

Preference Summary:
+---------------------------------+---------------------------------+
|  Preference                     |  Current Setting                |
+---------------------------------+---------------------------------+
|                         RamCfg  |                        Reset**  |
+---------------------------------+---------------------------------+
|                     MCCLK_FREQ  |                         2.08**  |
+---------------------------------+---------------------------------+
|                  CONFIG_SECURE  |                          OFF**  |
+---------------------------------+---------------------------------+
|                          INBUF  |                           ON**  |
+---------------------------------+---------------------------------+
|                      JTAG_PORT  |                       ENABLE**  |
+---------------------------------+---------------------------------+
|                       SDM_PORT  |                      DISABLE**  |
+---------------------------------+---------------------------------+
|                 SLAVE_SPI_PORT  |                      DISABLE**  |
+---------------------------------+---------------------------------+
|                MASTER_SPI_PORT  |                      DISABLE**  |
+---------------------------------+---------------------------------+
|                       I2C_PORT  |                      DISABLE**  |
+---------------------------------+---------------------------------+
|        MUX_CONFIGURATION_PORTS  |                      DISABLE**  |
+---------------------------------+---------------------------------+
|                  CONFIGURATION  |                          CFG**  |
+---------------------------------+---------------------------------+
|                COMPRESS_CONFIG  |                           ON**  |
+---------------------------------+---------------------------------+
|                        MY_ASSP  |                          OFF**  |
+---------------------------------+---------------------------------+
|               ONE_TIME_PROGRAM  |                          OFF**  |
+---------------------------------+---------------------------------+
|                 ENABLE_TRANSFR  |                      DISABLE**  |
+---------------------------------+---------------------------------+
|                  SHAREDEBRINIT  |                      DISABLE**  |
+---------------------------------+---------------------------------+
|            BACKGROUND_RECONFIG  |                          OFF**  |
+---------------------------------+---------------------------------+
 *  Default setting.
 ** The specified setting matches the default setting.


Creating bit map...
 
Bitstream Status: Final           Version 1.94.
 
Saving bit stream in "topdiv00_topdiv00.jed".
 
===========
UFM Summary.
===========
UFM Size:        2046 Pages (128*2046 Bits).
UFM Utilization: General Purpose Flash Memory.
 
Available General Purpose Flash Memory: 2046 Pages (Page 0 to Page 2045).
Initialized UFM Pages:                     0 Page.
 
