Running in Lattice mode

Starting:    C:\lscc\diamond\3.10_x64\synpbase\bin64\mbin\synbatch.exe
Install:     C:\lscc\diamond\3.10_x64\synpbase
Hostname:    FERNANDO-VAIO
Date:        Wed Feb 20 10:56:43 2019
Version:     M-2017.03L-SP1-1

Arguments:   -product synplify_pro -batch topdiv00_topdiv00_synplify.tcl
ProductType: synplify_pro




log file: "C:\Users\FERNANDO\Desktop\P12\div00\topdiv00\topdiv00\topdiv00_topdiv00.srr"
Running: hdl_info_gen in foreground

Generating HDL info...

hdl_info_gen completed
# Wed Feb 20 10:56:45 2019

Return Code: 0
Run Time:00h:00m:02s
log file: "C:\Users\FERNANDO\Desktop\P12\div00\topdiv00\topdiv00\topdiv00_topdiv00.srr"
Running: topdiv00 in foreground

Running proj_1|topdiv00

Running: compile (Compile) on proj_1|topdiv00
# Wed Feb 20 10:56:45 2019

Running: compile_flow (Compile Process) on proj_1|topdiv00
# Wed Feb 20 10:56:45 2019

Running: compiler (Compile Input) on proj_1|topdiv00
# Wed Feb 20 10:56:45 2019
Copied C:\Users\FERNANDO\Desktop\P12\div00\topdiv00\topdiv00\synwork\topdiv00_topdiv00_comp.srs to C:\Users\FERNANDO\Desktop\P12\div00\topdiv00\topdiv00\topdiv00_topdiv00.srs

compiler completed
# Wed Feb 20 10:56:50 2019

Return Code: 0
Run Time:00h:00m:05s

Running: multi_srs_gen (Multi-srs Generator) on proj_1|topdiv00
# Wed Feb 20 10:56:50 2019

multi_srs_gen completed
# Wed Feb 20 10:56:50 2019

Return Code: 0
Run Time:00h:00m:00s
Copied C:\Users\FERNANDO\Desktop\P12\div00\topdiv00\topdiv00\synwork\topdiv00_topdiv00_mult.srs to C:\Users\FERNANDO\Desktop\P12\div00\topdiv00\topdiv00\topdiv00_topdiv00.srs
Copied C:\Users\FERNANDO\Desktop\P12\div00\topdiv00\topdiv00\topdiv00_topdiv00.srr to C:\Users\FERNANDO\Desktop\P12\div00\topdiv00\topdiv00\topdiv00_topdiv00.srf
Complete: Compile Process on proj_1|topdiv00

Running: premap (Pre-mapping) on proj_1|topdiv00
# Wed Feb 20 10:56:50 2019

premap completed with warnings
# Wed Feb 20 10:56:55 2019

Return Code: 1
Run Time:00h:00m:05s
Complete: Compile on proj_1|topdiv00

Running: map (Map) on proj_1|topdiv00
# Wed Feb 20 10:56:55 2019
License granted for 4 parallel jobs

Running: fpga_mapper (Map & Optimize) on proj_1|topdiv00
# Wed Feb 20 10:56:55 2019
Copied C:\Users\FERNANDO\Desktop\P12\div00\topdiv00\topdiv00\synwork\topdiv00_topdiv00_m.srm to C:\Users\FERNANDO\Desktop\P12\div00\topdiv00\topdiv00\topdiv00_topdiv00.srm

fpga_mapper completed with warnings
# Wed Feb 20 10:56:59 2019

Return Code: 1
Run Time:00h:00m:04s
Complete: Map on proj_1|topdiv00
Copied C:\Users\FERNANDO\Desktop\P12\div00\topdiv00\topdiv00\topdiv00_topdiv00.srr to C:\Users\FERNANDO\Desktop\P12\div00\topdiv00\topdiv00\topdiv00_topdiv00.srf
Complete: Logic Synthesis on proj_1|topdiv00
TCL script complete: "topdiv00_topdiv00_synplify.tcl"
exit status=0
exit status=0
Save changes for project:
C:\Users\FERNANDO\Desktop\P12\div00\topdiv00\topdiv00\proj_1.prj
batch mode default:no
