
           Lattice Mapping Report File for Design Module 'topram00'


Design Information
------------------

Command line:   map -a MachXO2 -p LCMXO2-7000HE -t TQFP144 -s 4 -oc Commercial
     ram00_ram0.ngd -o ram00_ram0_map.ncd -pr ram00_ram0.prf -mp ram00_ram0.mrp
     -lpf C:/Users/FERNANDO/Desktop/P2/ram00/ram0/ram00_ram0_synplify.lpf -lpf
     C:/Users/FERNANDO/Desktop/P2/ram00/ram00.lpf -c 0 -gui -msgset
     C:/Users/FERNANDO/Desktop/P2/ram00/promote.xml 
Target Vendor:  LATTICE
Target Device:  LCMXO2-7000HETQFP144
Target Performance:   4
Mapper:  xo2c00,  version:  Diamond (64-bit) 3.10.0.111.2
Mapped on:  03/31/19  11:28:02

Design Summary
--------------

   Number of registers:     57 out of  7209 (1%)
      PFU registers:           57 out of  6864 (1%)
      PIO registers:            0 out of   345 (0%)
   Number of SLICEs:        91 out of  3432 (3%)
      SLICEs as Logic/ROM:     79 out of  3432 (2%)
      SLICEs as RAM:           12 out of  2574 (0%)
      SLICEs as Carry:         15 out of  3432 (0%)
   Number of LUT4s:        181 out of  6864 (3%)
      Number used as logic LUTs:        127
      Number used as distributed RAM:    24
      Number used as ripple logic:       30
      Number used as shift registers:     0
   Number of PIO sites used: 42 + 4(JTAG) out of 115 (40%)
   Number of block RAMs:  0 out of 26 (0%)
   Number of GSRs:  0 out of 1 (0%)
   EFB used :       No
   JTAG used :      No
   Readback used :  No
   Oscillator used :  Yes
   Startup used :   No
   POR :            On
   Bandgap :        On
   Number of Power Controller:  0 out of 1 (0%)
   Number of Dynamic Bank Controller (BCINRD):  0 out of 6 (0%)
   Number of Dynamic Bank Controller (BCLVDSO):  0 out of 1 (0%)
   Number of DCCA:  0 out of 8 (0%)
   Number of DCMA:  0 out of 2 (0%)
   Number of PLLs:  0 out of 2 (0%)
   Number of DQSDLLs:  0 out of 2 (0%)
   Number of CLKDIVC:  0 out of 4 (0%)
   Number of ECLKSYNCA:  0 out of 4 (0%)
   Number of ECLKBRIDGECS:  0 out of 2 (0%)
   Notes:-
      1. Total number of LUT4s = (Number of logic LUT4s) + 2*(Number of
     distributed RAMs) + 2*(Number of ripple logic)
      2. Number of logic LUT4s does not include count of distributed RAM and
     ripple logic.
   Number of clocks:  2
     Net RA00.D01.outdiv_i: 8 loads, 8 rising, 0 falling (Driver:
     RA00/D01/outdiv )
     Net RA00.sclk_0: 35 loads, 35 rising, 0 falling (Driver: RA00/D00/OSCInst0

                                    Page 1




Design:  topram00                                      Date:  03/31/19  11:28:02

Design Summary (cont)
---------------------
     )
   Number of Clock Enables:  8
     Net un1_outdiv_0_sqmuxa_1_RNIE0NJ: 9 loads, 9 LSLICEs
     Net RA03/outwordra_cnv[0]: 4 loads, 4 LSLICEs
     Net RA02/outFlagc_RNO_0: 1 loads, 1 LSLICEs
     Net RA02/un1_rwc_3_0_0_RNI0EGV: 4 loads, 4 LSLICEs
     Net RA02/aux4_RNO: 1 loads, 1 LSLICEs
     Net RA02/aux3_RNO: 1 loads, 1 LSLICEs
     Net RA02/aux2_RNO: 1 loads, 1 LSLICEs
     Net RA02/aux1_RNO: 1 loads, 1 LSLICEs
   Number of LSRs:  6
     Net RA05/outcontrd_68: 3 loads, 3 LSLICEs
     Net RA03/outwordra_70: 4 loads, 4 LSLICEs
     Net un1_outdiv_0_sqmuxa_1_RNII9RA1: 4 loads, 4 LSLICEs
     Net un1_outdiv_0_sqmuxa_1_RNI5NOR: 2 loads, 2 LSLICEs
     Net RA01/fb: 1 loads, 1 LSLICEs
     Net RA00/D01/un1_sdiv69_RNIC1UL: 11 loads, 11 LSLICEs
   Number of nets driven by tri-state buffers:  0
   Top 10 highest fanout non-clock nets:
     Net en0_c: 27 loads
     Net outcontR0_c[0]: 20 loads
     Net outcontR0_c[1]: 19 loads
     Net outcontR0_c[2]: 19 loads
     Net rw0_c: 19 loads
     Net outcontR0_c[3]: 18 loads
     Net outr0_c[2]: 16 loads
     Net outr0_c[1]: 15 loads
     Net inkey0_c[1]: 14 loads
     Net outr0_c[3]: 14 loads




   Number of warnings:  0
   Number of errors:    0
     

Design Errors/Warnings
----------------------

   No errors or warnings present.

IO (PIO) Attributes
-------------------

+---------------------+-----------+-----------+------------+
| IO Name             | Direction | Levelmode | IO         |
|                     |           |  IO_TYPE  | Register   |
+---------------------+-----------+-----------+------------+
| clk00               | OUTPUT    | LVCMOS25  |            |
+---------------------+-----------+-----------+------------+
| cdiv00[0]           | INPUT     | LVCMOS25  |            |
+---------------------+-----------+-----------+------------+
| outtransist0[3]     | OUTPUT    | LVCMOS25  |            |
+---------------------+-----------+-----------+------------+
| outtransist0[2]     | OUTPUT    | LVCMOS25  |            |

                                    Page 2




Design:  topram00                                      Date:  03/31/19  11:28:02

IO (PIO) Attributes (cont)
--------------------------
+---------------------+-----------+-----------+------------+
| outtransist0[1]     | OUTPUT    | LVCMOS25  |            |
+---------------------+-----------+-----------+------------+
| outtransist0[0]     | OUTPUT    | LVCMOS25  |            |
+---------------------+-----------+-----------+------------+
| outword0[6]         | OUTPUT    | LVCMOS25  |            |
+---------------------+-----------+-----------+------------+
| outword0[5]         | OUTPUT    | LVCMOS25  |            |
+---------------------+-----------+-----------+------------+
| outword0[4]         | OUTPUT    | LVCMOS25  |            |
+---------------------+-----------+-----------+------------+
| outword0[3]         | OUTPUT    | LVCMOS25  |            |
+---------------------+-----------+-----------+------------+
| outword0[2]         | OUTPUT    | LVCMOS25  |            |
+---------------------+-----------+-----------+------------+
| outword0[1]         | OUTPUT    | LVCMOS25  |            |
+---------------------+-----------+-----------+------------+
| outword0[0]         | OUTPUT    | LVCMOS25  |            |
+---------------------+-----------+-----------+------------+
| outFlag0            | OUTPUT    | LVCMOS25  |            |
+---------------------+-----------+-----------+------------+
| outcontR0[4]        | OUTPUT    | LVCMOS25  |            |
+---------------------+-----------+-----------+------------+
| outcontR0[3]        | OUTPUT    | LVCMOS25  |            |
+---------------------+-----------+-----------+------------+
| outcontR0[2]        | OUTPUT    | LVCMOS25  |            |
+---------------------+-----------+-----------+------------+
| outcontR0[1]        | OUTPUT    | LVCMOS25  |            |
+---------------------+-----------+-----------+------------+
| outcontR0[0]        | OUTPUT    | LVCMOS25  |            |
+---------------------+-----------+-----------+------------+
| outcontW0[4]        | OUTPUT    | LVCMOS25  |            |
+---------------------+-----------+-----------+------------+
| outcontW0[3]        | OUTPUT    | LVCMOS25  |            |
+---------------------+-----------+-----------+------------+
| outcontW0[2]        | OUTPUT    | LVCMOS25  |            |
+---------------------+-----------+-----------+------------+
| outcontW0[1]        | OUTPUT    | LVCMOS25  |            |
+---------------------+-----------+-----------+------------+
| outcontW0[0]        | OUTPUT    | LVCMOS25  |            |
+---------------------+-----------+-----------+------------+
| outrLED0[3]         | OUTPUT    | LVCMOS25  |            |
+---------------------+-----------+-----------+------------+
| outrLED0[2]         | OUTPUT    | LVCMOS25  |            |
+---------------------+-----------+-----------+------------+
| outrLED0[1]         | OUTPUT    | LVCMOS25  |            |
+---------------------+-----------+-----------+------------+
| outrLED0[0]         | OUTPUT    | LVCMOS25  |            |
+---------------------+-----------+-----------+------------+
| outr0[3]            | OUTPUT    | LVCMOS25  |            |
+---------------------+-----------+-----------+------------+
| outr0[2]            | OUTPUT    | LVCMOS25  |            |
+---------------------+-----------+-----------+------------+
| outr0[1]            | OUTPUT    | LVCMOS25  |            |
+---------------------+-----------+-----------+------------+
| outr0[0]            | OUTPUT    | LVCMOS25  |            |

                                    Page 3




Design:  topram00                                      Date:  03/31/19  11:28:02

IO (PIO) Attributes (cont)
--------------------------
+---------------------+-----------+-----------+------------+
| inkey0[3]           | INPUT     | LVCMOS25  |            |
+---------------------+-----------+-----------+------------+
| inkey0[2]           | INPUT     | LVCMOS25  |            |
+---------------------+-----------+-----------+------------+
| inkey0[1]           | INPUT     | LVCMOS25  |            |
+---------------------+-----------+-----------+------------+
| inkey0[0]           | INPUT     | LVCMOS25  |            |
+---------------------+-----------+-----------+------------+
| rw0                 | INPUT     | LVCMOS25  |            |
+---------------------+-----------+-----------+------------+
| en0                 | INPUT     | LVCMOS25  |            |
+---------------------+-----------+-----------+------------+
| cdiv00[4]           | INPUT     | LVCMOS25  |            |
+---------------------+-----------+-----------+------------+
| cdiv00[3]           | INPUT     | LVCMOS25  |            |
+---------------------+-----------+-----------+------------+
| cdiv00[2]           | INPUT     | LVCMOS25  |            |
+---------------------+-----------+-----------+------------+
| cdiv00[1]           | INPUT     | LVCMOS25  |            |
+---------------------+-----------+-----------+------------+

Removed logic
-------------

Block RA03/GND undriven or does not drive anything - clipped.
Block GSR_INST undriven or does not drive anything - clipped.
Block RA00/GND undriven or does not drive anything - clipped.
Block RA00/VCC undriven or does not drive anything - clipped.
Block RA00/D00/VCC undriven or does not drive anything - clipped.
Block RA00/D01/VCC undriven or does not drive anything - clipped.
Block RA01/GND undriven or does not drive anything - clipped.
Block RA01/VCC undriven or does not drive anything - clipped.
Block RA02/VCC undriven or does not drive anything - clipped.
Block RA02/GND undriven or does not drive anything - clipped.
Block RA03/VCC undriven or does not drive anything - clipped.
Block RA04/GND undriven or does not drive anything - clipped.
Block RA04/VCC undriven or does not drive anything - clipped.
Block RA05/VCC undriven or does not drive anything - clipped.
Signal RA00/D00/GND undriven or does not drive anything - clipped.
Signal RA00/D01/GND undriven or does not drive anything - clipped.
Signal RA05/GND undriven or does not drive anything - clipped.
Signal RA00/D00/OSCInst0_SEDSTDBY undriven or does not drive anything - clipped.
     
Signal RA00/D01/un1_sdiv_cry_0_0_S0 undriven or does not drive anything -
     clipped.
Signal RA00/D01/N_1 undriven or does not drive anything - clipped.
Signal RA00/D01/un1_sdiv_cry_19_0_COUT undriven or does not drive anything -
     clipped.
Signal RA03/wordram_ram_0_DO3 undriven or does not drive anything - clipped.
Signal RA03/wordram_ram_2_DO3 undriven or does not drive anything - clipped.
Signal RA05/un1_outcontrd_cry_1_0_S1 undriven or does not drive anything -
     clipped.
Signal RA05/un1_outcontrd_cry_1_0_S0 undriven or does not drive anything -
     clipped.
Signal RA05/un1_outcontrd_cry_3_0_S1 undriven or does not drive anything -

                                    Page 4




Design:  topram00                                      Date:  03/31/19  11:28:02

Removed logic (cont)
--------------------
     clipped.
Signal RA05/un1_outcontrd_cry_3_0_S0 undriven or does not drive anything -
     clipped.
Signal RA05/un1_outcontrd_cry_4_0_S1 undriven or does not drive anything -
     clipped.
Signal RA05/un1_outcontrd_cry_4_0_COUT undriven or does not drive anything -
     clipped.
Signal RA05/un1_outcontrd_cry_0_0_S1 undriven or does not drive anything -
     clipped.
Signal RA05/un1_outcontrd_cry_0_0_S0 undriven or does not drive anything -
     clipped.
Signal RA05/N_1 undriven or does not drive anything - clipped.
Block RA00/D00/GND was optimized away.
Block RA00/D01/GND was optimized away.
Block RA05/GND was optimized away.

Memory Usage
------------

/RA03/wordram_ram:
    EBRs: 0
    RAM SLICEs: 3
    Logic SLICEs: 0
    PFU Registers: 0
/RA03/wordram_ram_0:
    EBRs: 0
    RAM SLICEs: 3
    Logic SLICEs: 0
    PFU Registers: 0
/RA03/wordram_ram_1:
    EBRs: 0
    RAM SLICEs: 3
    Logic SLICEs: 0
    PFU Registers: 0
/RA03/wordram_ram_2:
    EBRs: 0
    RAM SLICEs: 3
    Logic SLICEs: 0
    PFU Registers: 0

     

OSC Summary
-----------

OSC 1:                                     Pin/Node Value
  OSC Instance Name:                                RA00/D00/OSCInst0
  OSC Type:                                         OSCH
  STDBY Input:                                      NONE
  OSC Output:                              NODE     RA00.sclk_0
  OSC Nominal Frequency (MHz):                      2.08

ASIC Components
---------------

Instance Name: RA00/D00/OSCInst0

                                    Page 5




Design:  topram00                                      Date:  03/31/19  11:28:02

ASIC Components (cont)
----------------------
         Type: OSCH

Run Time and Memory Usage
-------------------------

   Total CPU Time: 2 secs  
   Total REAL Time: 3 secs  
   Peak Memory Usage: 56 MB
        
















































                                    Page 6


Copyright (c) 1991-1994 by NeoCAD Inc. All rights reserved.
     Copyright (c) 1995 AT&T Corp.   All rights reserved.
     Copyright (c) 1995-2001 Lucent Technologies Inc.  All rights reserved.
     Copyright (c) 2001 Agere Systems   All rights reserved.
     Copyright (c) 2002-2017 Lattice Semiconductor Corporation,  All rights
     reserved.
