Running in Lattice mode

Starting:    C:\lscc\diamond\3.10_x64\synpbase\bin64\mbin\synbatch.exe
Install:     C:\lscc\diamond\3.10_x64\synpbase
Hostname:    FERNANDO-VAIO
Date:        Tue Feb 19 17:03:40 2019
Version:     M-2017.03L-SP1-1

Arguments:   -product synplify_pro -batch osc00_osc00_synplify.tcl
ProductType: synplify_pro




log file: "C:\Users\FERNANDO\Desktop\P12\osc00MachXO2280C\osc00\osc00_osc00.srr"
Running: hdl_info_gen in foreground

Generating HDL info...

hdl_info_gen completed
# Tue Feb 19 17:03:41 2019

Return Code: 0
Run Time:00h:00m:01s
log file: "C:\Users\FERNANDO\Desktop\P12\osc00MachXO2280C\osc00\osc00_osc00.srr"
Running: osc00 in foreground

Running proj_1|osc00

Running: compile (Compile) on proj_1|osc00
# Tue Feb 19 17:03:41 2019

Running: compile_flow (Compile Process) on proj_1|osc00
# Tue Feb 19 17:03:41 2019

Running: compiler (Compile Input) on proj_1|osc00
# Tue Feb 19 17:03:41 2019
Copied C:\Users\FERNANDO\Desktop\P12\osc00MachXO2280C\osc00\synwork\osc00_osc00_comp.srs to C:\Users\FERNANDO\Desktop\P12\osc00MachXO2280C\osc00\osc00_osc00.srs

compiler completed
# Tue Feb 19 17:03:43 2019

Return Code: 0
Run Time:00h:00m:02s

Running: multi_srs_gen (Multi-srs Generator) on proj_1|osc00
# Tue Feb 19 17:03:43 2019

multi_srs_gen completed
# Tue Feb 19 17:03:43 2019

Return Code: 0
Run Time:00h:00m:00s
Copied C:\Users\FERNANDO\Desktop\P12\osc00MachXO2280C\osc00\synwork\osc00_osc00_mult.srs to C:\Users\FERNANDO\Desktop\P12\osc00MachXO2280C\osc00\osc00_osc00.srs
Copied C:\Users\FERNANDO\Desktop\P12\osc00MachXO2280C\osc00\osc00_osc00.srr to C:\Users\FERNANDO\Desktop\P12\osc00MachXO2280C\osc00\osc00_osc00.srf
Complete: Compile Process on proj_1|osc00

Running: premap (Pre-mapping) on proj_1|osc00
# Tue Feb 19 17:03:43 2019

premap completed
# Tue Feb 19 17:03:45 2019

Return Code: 0
Run Time:00h:00m:02s
Complete: Compile on proj_1|osc00

Running: map (Map) on proj_1|osc00
# Tue Feb 19 17:03:45 2019
License granted for 4 parallel jobs

Running: fpga_mapper (Map & Optimize) on proj_1|osc00
# Tue Feb 19 17:03:45 2019
Copied C:\Users\FERNANDO\Desktop\P12\osc00MachXO2280C\osc00\synwork\osc00_osc00_m.srm to C:\Users\FERNANDO\Desktop\P12\osc00MachXO2280C\osc00\osc00_osc00.srm

fpga_mapper completed
# Tue Feb 19 17:03:47 2019

Return Code: 0
Run Time:00h:00m:02s
Complete: Map on proj_1|osc00
Copied C:\Users\FERNANDO\Desktop\P12\osc00MachXO2280C\osc00\osc00_osc00.srr to C:\Users\FERNANDO\Desktop\P12\osc00MachXO2280C\osc00\osc00_osc00.srf
Complete: Logic Synthesis on proj_1|osc00
TCL script complete: "osc00_osc00_synplify.tcl"
exit status=0
exit status=0
Save changes for project:
C:\Users\FERNANDO\Desktop\P12\osc00MachXO2280C\osc00\proj_1.prj
batch mode default:no
