Running in Lattice mode

Starting:    C:\lscc\diamond\3.10_x64\synpbase\bin64\mbin\synbatch.exe
Install:     C:\lscc\diamond\3.10_x64\synpbase
Hostname:    FERNANDO-VAIO
Date:        Tue Jan 29 22:00:27 2019
Version:     M-2017.03L-SP1-1

Arguments:   -product synplify_pro -batch xor00_xor_synplify.tcl
ProductType: synplify_pro




log file: "C:\Users\FERNANDO\Desktop\COMPUERTAS\xor00\xor\xor00_xor.srr"
Running: hdl_info_gen in foreground

Generating HDL info...

hdl_info_gen completed
# Tue Jan 29 22:00:28 2019

Return Code: 0
Run Time:00h:00m:00s
log file: "C:\Users\FERNANDO\Desktop\COMPUERTAS\xor00\xor\xor00_xor.srr"
Running: xor in foreground

Running proj_1|xor

Running: compile (Compile) on proj_1|xor
# Tue Jan 29 22:00:28 2019

Running: compile_flow (Compile Process) on proj_1|xor
# Tue Jan 29 22:00:28 2019

Running: compiler (Compile Input) on proj_1|xor
# Tue Jan 29 22:00:28 2019
Copied C:\Users\FERNANDO\Desktop\COMPUERTAS\xor00\xor\synwork\xor00_xor_comp.srs to C:\Users\FERNANDO\Desktop\COMPUERTAS\xor00\xor\xor00_xor.srs

compiler completed
# Tue Jan 29 22:00:30 2019

Return Code: 0
Run Time:00h:00m:02s

Running: multi_srs_gen (Multi-srs Generator) on proj_1|xor
# Tue Jan 29 22:00:30 2019

multi_srs_gen completed
# Tue Jan 29 22:00:30 2019

Return Code: 0
Run Time:00h:00m:00s
Copied C:\Users\FERNANDO\Desktop\COMPUERTAS\xor00\xor\synwork\xor00_xor_mult.srs to C:\Users\FERNANDO\Desktop\COMPUERTAS\xor00\xor\xor00_xor.srs
Copied C:\Users\FERNANDO\Desktop\COMPUERTAS\xor00\xor\xor00_xor.srr to C:\Users\FERNANDO\Desktop\COMPUERTAS\xor00\xor\xor00_xor.srf
Complete: Compile Process on proj_1|xor

Running: premap (Pre-mapping) on proj_1|xor
# Tue Jan 29 22:00:30 2019

premap completed
# Tue Jan 29 22:00:31 2019

Return Code: 0
Run Time:00h:00m:01s
Complete: Compile on proj_1|xor

Running: map (Map) on proj_1|xor
# Tue Jan 29 22:00:31 2019
License granted for 4 parallel jobs

Running: fpga_mapper (Map & Optimize) on proj_1|xor
# Tue Jan 29 22:00:31 2019
Copied C:\Users\FERNANDO\Desktop\COMPUERTAS\xor00\xor\synwork\xor00_xor_m.srm to C:\Users\FERNANDO\Desktop\COMPUERTAS\xor00\xor\xor00_xor.srm

fpga_mapper completed
# Tue Jan 29 22:00:33 2019

Return Code: 0
Run Time:00h:00m:02s
Complete: Map on proj_1|xor
Copied C:\Users\FERNANDO\Desktop\COMPUERTAS\xor00\xor\xor00_xor.srr to C:\Users\FERNANDO\Desktop\COMPUERTAS\xor00\xor\xor00_xor.srf
Complete: Logic Synthesis on proj_1|xor
TCL script complete: "xor00_xor_synplify.tcl"
exit status=0
exit status=0
Save changes for project:
C:\Users\FERNANDO\Desktop\COMPUERTAS\xor00\xor\proj_1.prj
batch mode default:no
