
            Lattice Mapping Report File for Design Module 'xor00'


Design Information
------------------

Command line:   map -a MachXO2 -p LCMXO2-7000HE -t TQFP144 -s 4 -oc Commercial
     xor00_xor.ngd -o xor00_xor_map.ncd -pr xor00_xor.prf -mp xor00_xor.mrp -lpf
     C:/Users/FERNANDO/Desktop/COMPUERTAS/xor00/xor/xor00_xor_synplify.lpf -lpf
     C:/Users/FERNANDO/Desktop/COMPUERTAS/xor00/xor00.lpf -c 0 -gui 
Target Vendor:  LATTICE
Target Device:  LCMXO2-7000HETQFP144
Target Performance:   4
Mapper:  xo2c00,  version:  Diamond (64-bit) 3.10.0.111.2
Mapped on:  01/29/19  22:04:54

Design Summary
--------------

   Number of registers:      0 out of  7209 (0%)
      PFU registers:            0 out of  6864 (0%)
      PIO registers:            0 out of   345 (0%)
   Number of SLICEs:         8 out of  3432 (0%)
      SLICEs as Logic/ROM:      8 out of  3432 (0%)
      SLICEs as RAM:            0 out of  2574 (0%)
      SLICEs as Carry:          0 out of  3432 (0%)
   Number of LUT4s:          8 out of  6864 (0%)
      Number used as logic LUTs:          8
      Number used as distributed RAM:     0
      Number used as ripple logic:        0
      Number used as shift registers:     0
   Number of PIO sites used: 24 + 4(JTAG) out of 115 (24%)
   Number of block RAMs:  0 out of 26 (0%)
   Number of GSRs:  0 out of 1 (0%)
   EFB used :       No
   JTAG used :      No
   Readback used :  No
   Oscillator used :  No
   Startup used :   No
   POR :            On
   Bandgap :        On
   Number of Power Controller:  0 out of 1 (0%)
   Number of Dynamic Bank Controller (BCINRD):  0 out of 6 (0%)
   Number of Dynamic Bank Controller (BCLVDSO):  0 out of 1 (0%)
   Number of DCCA:  0 out of 8 (0%)
   Number of DCMA:  0 out of 2 (0%)
   Number of PLLs:  0 out of 2 (0%)
   Number of DQSDLLs:  0 out of 2 (0%)
   Number of CLKDIVC:  0 out of 4 (0%)
   Number of ECLKSYNCA:  0 out of 4 (0%)
   Number of ECLKBRIDGECS:  0 out of 2 (0%)
   Notes:-
      1. Total number of LUT4s = (Number of logic LUT4s) + 2*(Number of
     distributed RAMs) + 2*(Number of ripple logic)
      2. Number of logic LUT4s does not include count of distributed RAM and
     ripple logic.
   Number of clocks:  0
   Number of Clock Enables:  0
   Number of LSRs:  0
   Number of nets driven by tri-state buffers:  0
   Top 10 highest fanout non-clock nets:

                                    Page 1




Design:  xor00                                         Date:  01/29/19  22:04:54

Design Summary (cont)
---------------------
     Net Aa_c[0]: 1 loads
     Net Aa_c[7]: 1 loads
     Net Ba_c[7]: 1 loads
     Net Ya_c[0]: 1 loads
     Net Ya_c[2]: 1 loads
     Net Ya_c[3]: 1 loads
     Net Ya_c[4]: 1 loads
     Net Ya_c[5]: 1 loads
     Net Ya_c[6]: 1 loads
     Net Ya_c[7]: 1 loads




   Number of warnings:  0
   Number of errors:    0
     

Design Errors/Warnings
----------------------

   No errors or warnings present.

IO (PIO) Attributes
-------------------

+---------------------+-----------+-----------+------------+
| IO Name             | Direction | Levelmode | IO         |
|                     |           |  IO_TYPE  | Register   |
+---------------------+-----------+-----------+------------+
| Ya[0]               | OUTPUT    | LVCMOS25  |            |
+---------------------+-----------+-----------+------------+
| Aa[0]               | INPUT     | LVCMOS25  |            |
+---------------------+-----------+-----------+------------+
| Ya[7]               | OUTPUT    | LVCMOS25  |            |
+---------------------+-----------+-----------+------------+
| Ya[6]               | OUTPUT    | LVCMOS25  |            |
+---------------------+-----------+-----------+------------+
| Ya[5]               | OUTPUT    | LVCMOS25  |            |
+---------------------+-----------+-----------+------------+
| Ya[4]               | OUTPUT    | LVCMOS25  |            |
+---------------------+-----------+-----------+------------+
| Ya[3]               | OUTPUT    | LVCMOS25  |            |
+---------------------+-----------+-----------+------------+
| Ya[2]               | OUTPUT    | LVCMOS25  |            |
+---------------------+-----------+-----------+------------+
| Ya[1]               | OUTPUT    | LVCMOS25  |            |
+---------------------+-----------+-----------+------------+
| Ba[7]               | INPUT     | LVCMOS25  |            |
+---------------------+-----------+-----------+------------+
| Ba[6]               | INPUT     | LVCMOS25  |            |
+---------------------+-----------+-----------+------------+
| Ba[5]               | INPUT     | LVCMOS25  |            |
+---------------------+-----------+-----------+------------+
| Ba[4]               | INPUT     | LVCMOS25  |            |
+---------------------+-----------+-----------+------------+

                                    Page 2




Design:  xor00                                         Date:  01/29/19  22:04:54

IO (PIO) Attributes (cont)
--------------------------
| Ba[3]               | INPUT     | LVCMOS25  |            |
+---------------------+-----------+-----------+------------+
| Ba[2]               | INPUT     | LVCMOS25  |            |
+---------------------+-----------+-----------+------------+
| Ba[1]               | INPUT     | LVCMOS25  |            |
+---------------------+-----------+-----------+------------+
| Ba[0]               | INPUT     | LVCMOS25  |            |
+---------------------+-----------+-----------+------------+
| Aa[7]               | INPUT     | LVCMOS25  |            |
+---------------------+-----------+-----------+------------+
| Aa[6]               | INPUT     | LVCMOS25  |            |
+---------------------+-----------+-----------+------------+
| Aa[5]               | INPUT     | LVCMOS25  |            |
+---------------------+-----------+-----------+------------+
| Aa[4]               | INPUT     | LVCMOS25  |            |
+---------------------+-----------+-----------+------------+
| Aa[3]               | INPUT     | LVCMOS25  |            |
+---------------------+-----------+-----------+------------+
| Aa[2]               | INPUT     | LVCMOS25  |            |
+---------------------+-----------+-----------+------------+
| Aa[1]               | INPUT     | LVCMOS25  |            |
+---------------------+-----------+-----------+------------+

Removed logic
-------------

Block VCC undriven or does not drive anything - clipped.
Block GSR_INST undriven or does not drive anything - clipped.
Block GND undriven or does not drive anything - clipped.
Signal VCC undriven or does not drive anything - clipped.

Memory Usage
------------


     

Run Time and Memory Usage
-------------------------

   Total CPU Time: 1 secs  
   Total REAL Time: 2 secs  
   Peak Memory Usage: 55 MB
        













                                    Page 3


Copyright (c) 1991-1994 by NeoCAD Inc. All rights reserved.
     Copyright (c) 1995 AT&T Corp.   All rights reserved.
     Copyright (c) 1995-2001 Lucent Technologies Inc.  All rights reserved.
     Copyright (c) 2001 Agere Systems   All rights reserved.
     Copyright (c) 2002-2017 Lattice Semiconductor Corporation,  All rights
     reserved.
