Running in Lattice mode

Starting:    C:\lscc\diamond\3.10_x64\synpbase\bin64\mbin\synbatch.exe
Install:     C:\lscc\diamond\3.10_x64\synpbase
Hostname:    FERNANDO-VAIO
Date:        Tue Jan 29 22:54:58 2019
Version:     M-2017.03L-SP1-1

Arguments:   -product synplify_pro -batch xnor00_xnor00_synplify.tcl
ProductType: synplify_pro




log file: "C:\Users\FERNANDO\Desktop\COMPUERTAS\xnor00\xnor00\xnor00_xnor00.srr"
Running: hdl_info_gen in foreground

Generating HDL info...

hdl_info_gen completed
# Tue Jan 29 22:54:58 2019

Return Code: 0
Run Time:00h:00m:00s
log file: "C:\Users\FERNANDO\Desktop\COMPUERTAS\xnor00\xnor00\xnor00_xnor00.srr"
Running: xnor00 in foreground

Running proj_1|xnor00

Running: compile (Compile) on proj_1|xnor00
# Tue Jan 29 22:54:59 2019

Running: compile_flow (Compile Process) on proj_1|xnor00
# Tue Jan 29 22:54:59 2019

Running: compiler (Compile Input) on proj_1|xnor00
# Tue Jan 29 22:54:59 2019
Copied C:\Users\FERNANDO\Desktop\COMPUERTAS\xnor00\xnor00\synwork\xnor00_xnor00_comp.srs to C:\Users\FERNANDO\Desktop\COMPUERTAS\xnor00\xnor00\xnor00_xnor00.srs

compiler completed
# Tue Jan 29 22:55:01 2019

Return Code: 0
Run Time:00h:00m:02s

Running: multi_srs_gen (Multi-srs Generator) on proj_1|xnor00
# Tue Jan 29 22:55:01 2019

multi_srs_gen completed
# Tue Jan 29 22:55:01 2019

Return Code: 0
Run Time:00h:00m:00s
Copied C:\Users\FERNANDO\Desktop\COMPUERTAS\xnor00\xnor00\synwork\xnor00_xnor00_mult.srs to C:\Users\FERNANDO\Desktop\COMPUERTAS\xnor00\xnor00\xnor00_xnor00.srs
Copied C:\Users\FERNANDO\Desktop\COMPUERTAS\xnor00\xnor00\xnor00_xnor00.srr to C:\Users\FERNANDO\Desktop\COMPUERTAS\xnor00\xnor00\xnor00_xnor00.srf
Complete: Compile Process on proj_1|xnor00

Running: premap (Pre-mapping) on proj_1|xnor00
# Tue Jan 29 22:55:01 2019

premap completed
# Tue Jan 29 22:55:02 2019

Return Code: 0
Run Time:00h:00m:01s
Complete: Compile on proj_1|xnor00

Running: map (Map) on proj_1|xnor00
# Tue Jan 29 22:55:02 2019
License granted for 4 parallel jobs

Running: fpga_mapper (Map & Optimize) on proj_1|xnor00
# Tue Jan 29 22:55:02 2019
Copied C:\Users\FERNANDO\Desktop\COMPUERTAS\xnor00\xnor00\synwork\xnor00_xnor00_m.srm to C:\Users\FERNANDO\Desktop\COMPUERTAS\xnor00\xnor00\xnor00_xnor00.srm

fpga_mapper completed
# Tue Jan 29 22:55:04 2019

Return Code: 0
Run Time:00h:00m:02s
Complete: Map on proj_1|xnor00
Copied C:\Users\FERNANDO\Desktop\COMPUERTAS\xnor00\xnor00\xnor00_xnor00.srr to C:\Users\FERNANDO\Desktop\COMPUERTAS\xnor00\xnor00\xnor00_xnor00.srf
Complete: Logic Synthesis on proj_1|xnor00
TCL script complete: "xnor00_xnor00_synplify.tcl"
exit status=0
exit status=0
Save changes for project:
C:\Users\FERNANDO\Desktop\COMPUERTAS\xnor00\xnor00\proj_1.prj
batch mode default:no
