
Copyright (C) 1994-2018 Synopsys, Inc.
This Synopsys software and all associated documentation are proprietary to Synopsys, Inc.
and may only be used pursuant to the terms and conditions of a written license agreement
with Synopsys, Inc. All other use, reproduction, modification, or distribution of the
Synopsys software or the associated documentation is strictly prohibited.
Tool: Synplify Pro (R)
Build: N-2018.03L-SP1-1
Install: C:\lscc\diamond\3.11_x64\synpbase
OS: Windows 6.2

Hostname: DESKTOP-496B8RB

Implementation : lcd4
Synopsys HDL compiler and linker, Version comp2018q2p1, Build 461R, Built Apr  1 2019 09:17:43

Modified Files: 64
FID:  path (prevtimestamp, timestamp)
32       C:\Users\ameri\Documentos\ESCOM\Arquitectura\Arquitectura-de-Computadoras-master\II\Practicas\lcd04\coderk00.vhd (N/A, 2019-08-04 00:00:34)
33       C:\Users\ameri\Documentos\ESCOM\Arquitectura\Arquitectura-de-Computadoras-master\II\Practicas\lcd04\contRead00.vhd (N/A, 2019-08-04 00:00:34)
34       C:\Users\ameri\Documentos\ESCOM\Arquitectura\Arquitectura-de-Computadoras-master\II\Practicas\lcd04\contring00.vhd (N/A, 2019-08-04 00:00:34)
35       C:\Users\ameri\Documentos\ESCOM\Arquitectura\Arquitectura-de-Computadoras-master\II\Practicas\lcd04\div00.vhd (N/A, 2019-08-04 00:00:34)
36       C:\Users\ameri\Documentos\ESCOM\Arquitectura\Arquitectura-de-Computadoras-master\II\Practicas\lcd04\lcdContData00.vhd (N/A, 2019-08-04 00:00:34)
37       C:\Users\ameri\Documentos\ESCOM\Arquitectura\Arquitectura-de-Computadoras-master\II\Practicas\lcd04\lcdData00.vhd (N/A, 2019-08-04 00:00:34)
38       C:\Users\ameri\Documentos\ESCOM\Arquitectura\Arquitectura-de-Computadoras-master\II\Practicas\lcd04\lcdconfig00.vhd (N/A, 2019-08-04 00:00:34)
39       C:\Users\ameri\Documentos\ESCOM\Arquitectura\Arquitectura-de-Computadoras-master\II\Practicas\lcd04\lcdcontconfig0.vhd (N/A, 2019-08-04 00:00:34)
40       C:\Users\ameri\Documentos\ESCOM\Arquitectura\Arquitectura-de-Computadoras-master\II\Practicas\lcd04\lcdmux00.vhd (N/A, 2019-08-04 00:00:34)
41       C:\Users\ameri\Documentos\ESCOM\Arquitectura\Arquitectura-de-Computadoras-master\II\Practicas\lcd04\muxram00.vhd (N/A, 2019-08-04 00:00:34)
42       C:\Users\ameri\Documentos\ESCOM\Arquitectura\Arquitectura-de-Computadoras-master\II\Practicas\lcd04\osc00.vhd (N/A, 2019-08-04 00:00:34)
43       C:\Users\ameri\Documentos\ESCOM\Arquitectura\Arquitectura-de-Computadoras-master\II\Practicas\lcd04\packagekey00.vhd (N/A, 2019-08-04 00:00:34)
44       C:\Users\ameri\Documentos\ESCOM\Arquitectura\Arquitectura-de-Computadoras-master\II\Practicas\lcd04\packagelcd00.vhd (N/A, 2019-08-04 00:00:34)
45       C:\Users\ameri\Documentos\ESCOM\Arquitectura\Arquitectura-de-Computadoras-master\II\Practicas\lcd04\packageosc00.vhd (N/A, 2019-08-04 00:00:34)
46       C:\Users\ameri\Documentos\ESCOM\Arquitectura\Arquitectura-de-Computadoras-master\II\Practicas\lcd04\packageram00.vhd (N/A, 2019-08-04 00:00:34)
47       C:\Users\ameri\Documentos\ESCOM\Arquitectura\Arquitectura-de-Computadoras-master\II\Practicas\lcd04\ram00.vhd (N/A, 2019-11-11 10:50:34)
48       C:\Users\ameri\Documentos\ESCOM\Arquitectura\Arquitectura-de-Computadoras-master\II\Practicas\lcd04\topkey00.vhd (N/A, 2019-08-04 00:00:34)
49       C:\Users\ameri\Documentos\ESCOM\Arquitectura\Arquitectura-de-Computadoras-master\II\Practicas\lcd04\toplcd00.vhd (N/A, 2019-08-04 00:00:34)
50       C:\Users\ameri\Documentos\ESCOM\Arquitectura\Arquitectura-de-Computadoras-master\II\Practicas\lcd04\toposc00.vhd (N/A, 2019-08-04 00:00:34)
51       C:\Users\ameri\Documentos\ESCOM\Arquitectura\Arquitectura-de-Computadoras-master\II\Practicas\lcd04\topram00.vhd (N/A, 2019-08-04 00:00:34)
0        C:\Users\elite\OneDrive\Escritorio\lcd04\coderk00.vhd (2019-05-07 03:46:08, N/A)
1        C:\Users\elite\OneDrive\Escritorio\lcd04\contRead00.vhd (2019-05-07 03:39:06, N/A)
2        C:\Users\elite\OneDrive\Escritorio\lcd04\contring00.vhd (2019-05-07 03:39:06, N/A)
3        C:\Users\elite\OneDrive\Escritorio\lcd04\div00.vhd (2019-05-07 03:39:06, N/A)
4        C:\Users\elite\OneDrive\Escritorio\lcd04\lcdContData00.vhd (2019-05-07 03:39:06, N/A)
5        C:\Users\elite\OneDrive\Escritorio\lcd04\lcdData00.vhd (2019-05-07 03:39:06, N/A)
6        C:\Users\elite\OneDrive\Escritorio\lcd04\lcdconfig00.vhd (2019-05-07 04:06:24, N/A)
7        C:\Users\elite\OneDrive\Escritorio\lcd04\lcdcontconfig0.vhd (2019-05-07 03:39:06, N/A)
8        C:\Users\elite\OneDrive\Escritorio\lcd04\lcdmux00.vhd (2019-05-07 03:39:06, N/A)
9        C:\Users\elite\OneDrive\Escritorio\lcd04\muxram00.vhd (2019-05-07 03:39:06, N/A)
10       C:\Users\elite\OneDrive\Escritorio\lcd04\osc00.vhd (2019-05-07 03:53:07, N/A)
11       C:\Users\elite\OneDrive\Escritorio\lcd04\packagekey00.vhd (2019-05-07 03:39:06, N/A)
12       C:\Users\elite\OneDrive\Escritorio\lcd04\packagelcd00.vhd (2019-05-07 03:39:06, N/A)
13       C:\Users\elite\OneDrive\Escritorio\lcd04\packageosc00.vhd (2019-05-07 03:39:06, N/A)
14       C:\Users\elite\OneDrive\Escritorio\lcd04\packageram00.vhd (2019-05-07 03:39:06, N/A)
15       C:\Users\elite\OneDrive\Escritorio\lcd04\ram00.vhd (2019-05-07 03:39:06, N/A)
16       C:\Users\elite\OneDrive\Escritorio\lcd04\topkey00.vhd (2019-05-07 03:39:06, N/A)
17       C:\Users\elite\OneDrive\Escritorio\lcd04\toplcd00.vhd (2019-05-07 03:39:06, N/A)
18       C:\Users\elite\OneDrive\Escritorio\lcd04\toposc00.vhd (2019-05-07 03:39:06, N/A)
19       C:\Users\elite\OneDrive\Escritorio\lcd04\topram00.vhd (2019-05-07 03:41:30, N/A)
20       C:\lscc\diamond\3.10_x64\cae_library\synthesis\vhdl\machxo2.vhd (2017-04-27 17:11:44, N/A)
21       C:\lscc\diamond\3.10_x64\synpbase\lib\cpld\lattice.vhd (2017-08-05 02:23:36, N/A)
22       C:\lscc\diamond\3.10_x64\synpbase\lib\lucent\machxo2.vhd (2017-08-05 02:23:36, N/A)
23       C:\lscc\diamond\3.10_x64\synpbase\lib\vhd\arith.vhd (2017-08-05 01:03:44, N/A)
24       C:\lscc\diamond\3.10_x64\synpbase\lib\vhd\hyperents.vhd (2017-08-05 01:03:44, N/A)
25       C:\lscc\diamond\3.10_x64\synpbase\lib\vhd\location.map (2017-08-05 07:43:28, N/A)
26       C:\lscc\diamond\3.10_x64\synpbase\lib\vhd\numeric.vhd (2017-08-05 01:03:44, N/A)
27       C:\lscc\diamond\3.10_x64\synpbase\lib\vhd\snps_haps_pkg.vhd (2017-08-05 01:03:44, N/A)
28       C:\lscc\diamond\3.10_x64\synpbase\lib\vhd\std.vhd (2017-08-05 01:03:44, N/A)
29       C:\lscc\diamond\3.10_x64\synpbase\lib\vhd\std1164.vhd (2017-08-05 01:03:44, N/A)
30       C:\lscc\diamond\3.10_x64\synpbase\lib\vhd\umr_capim.vhd (2017-08-05 01:03:44, N/A)
31       C:\lscc\diamond\3.10_x64\synpbase\lib\vhd\unsigned.vhd (2017-08-05 01:03:44, N/A)
52       C:\lscc\diamond\3.11_x64\cae_library\synthesis\vhdl\machxo2.vhd (N/A, 2018-11-15 00:32:12)
53       C:\lscc\diamond\3.11_x64\synpbase\lib\cpld\lattice.vhd (N/A, 2019-04-01 08:08:08)
54       C:\lscc\diamond\3.11_x64\synpbase\lib\lucent\machxo2.vhd (N/A, 2019-04-01 08:08:08)
55       C:\lscc\diamond\3.11_x64\synpbase\lib\vhd\arith.vhd (N/A, 2019-04-01 08:07:44)
56       C:\lscc\diamond\3.11_x64\synpbase\lib\vhd\hyperents.vhd (N/A, 2019-04-01 08:07:44)
57       C:\lscc\diamond\3.11_x64\synpbase\lib\vhd\location.map (N/A, 2019-04-01 15:01:20)
58       C:\lscc\diamond\3.11_x64\synpbase\lib\vhd\numeric.vhd (N/A, 2019-04-01 08:07:44)
59       C:\lscc\diamond\3.11_x64\synpbase\lib\vhd\snps_haps_pkg.vhd (N/A, 2019-04-01 08:07:44)
60       C:\lscc\diamond\3.11_x64\synpbase\lib\vhd\std.vhd (N/A, 2019-04-01 08:07:44)
61       C:\lscc\diamond\3.11_x64\synpbase\lib\vhd\std1164.vhd (N/A, 2019-04-01 08:07:44)
62       C:\lscc\diamond\3.11_x64\synpbase\lib\vhd\umr_capim.vhd (N/A, 2019-04-01 08:07:44)
63       C:\lscc\diamond\3.11_x64\synpbase\lib\vhd\unsigned.vhd (N/A, 2019-04-01 08:07:44)

*******************************************************************
Modules that may have changed as a result of file changes: 16
MID:  lib.cell.view
0        work.coderk00.coderk0 may have changed because the following files changed:
                        C:\Users\ameri\Documentos\ESCOM\Arquitectura\Arquitectura-de-Computadoras-master\II\Practicas\lcd04\coderk00.vhd (N/A, 2019-08-04 00:00:34) <-- (architecture and entity definition)
                        C:\Users\ameri\Documentos\ESCOM\Arquitectura\Arquitectura-de-Computadoras-master\II\Practicas\lcd04\topkey00.vhd (N/A, 2019-08-04 00:00:34) <-- (may instantiate this module)
                        C:\Users\ameri\Documentos\ESCOM\Arquitectura\Arquitectura-de-Computadoras-master\II\Practicas\lcd04\topram00.vhd (N/A, 2019-08-04 00:00:34) <-- (may instantiate this module)
2        work.contread00.contread0 may have changed because the following files changed:
                        C:\Users\ameri\Documentos\ESCOM\Arquitectura\Arquitectura-de-Computadoras-master\II\Practicas\lcd04\contRead00.vhd (N/A, 2019-08-04 00:00:34) <-- (architecture and entity definition)
                        C:\Users\ameri\Documentos\ESCOM\Arquitectura\Arquitectura-de-Computadoras-master\II\Practicas\lcd04\topram00.vhd (N/A, 2019-08-04 00:00:34) <-- (may instantiate this module)
4        work.contring00.contring0 may have changed because the following files changed:
                        C:\Users\ameri\Documentos\ESCOM\Arquitectura\Arquitectura-de-Computadoras-master\II\Practicas\lcd04\contring00.vhd (N/A, 2019-08-04 00:00:34) <-- (architecture and entity definition)
                        C:\Users\ameri\Documentos\ESCOM\Arquitectura\Arquitectura-de-Computadoras-master\II\Practicas\lcd04\topkey00.vhd (N/A, 2019-08-04 00:00:34) <-- (may instantiate this module)
                        C:\Users\ameri\Documentos\ESCOM\Arquitectura\Arquitectura-de-Computadoras-master\II\Practicas\lcd04\topram00.vhd (N/A, 2019-08-04 00:00:34) <-- (may instantiate this module)
6        work.div00.div0 may have changed because the following files changed:
                        C:\Users\ameri\Documentos\ESCOM\Arquitectura\Arquitectura-de-Computadoras-master\II\Practicas\lcd04\div00.vhd (N/A, 2019-08-04 00:00:34) <-- (architecture and entity definition)
                        C:\Users\ameri\Documentos\ESCOM\Arquitectura\Arquitectura-de-Computadoras-master\II\Practicas\lcd04\toposc00.vhd (N/A, 2019-08-04 00:00:34) <-- (may instantiate this module)
                        C:\Users\ameri\Documentos\ESCOM\Arquitectura\Arquitectura-de-Computadoras-master\II\Practicas\lcd04\topram00.vhd (N/A, 2019-08-04 00:00:34) <-- (may instantiate this module)
8        work.lcdconfig00.lcdconfig0 may have changed because the following files changed:
                        C:\Users\ameri\Documentos\ESCOM\Arquitectura\Arquitectura-de-Computadoras-master\II\Practicas\lcd04\lcdconfig00.vhd (N/A, 2019-08-04 00:00:34) <-- (architecture and entity definition)
                        C:\Users\ameri\Documentos\ESCOM\Arquitectura\Arquitectura-de-Computadoras-master\II\Practicas\lcd04\toplcd00.vhd (N/A, 2019-08-04 00:00:34) <-- (may instantiate this module)
                        C:\Users\ameri\Documentos\ESCOM\Arquitectura\Arquitectura-de-Computadoras-master\II\Practicas\lcd04\topram00.vhd (N/A, 2019-08-04 00:00:34) <-- (may instantiate this module)
10       work.lcdcontconfig00.lcdcontconfig0 may have changed because the following files changed:
                        C:\Users\ameri\Documentos\ESCOM\Arquitectura\Arquitectura-de-Computadoras-master\II\Practicas\lcd04\lcdcontconfig0.vhd (N/A, 2019-08-04 00:00:34) <-- (architecture and entity definition)
                        C:\Users\ameri\Documentos\ESCOM\Arquitectura\Arquitectura-de-Computadoras-master\II\Practicas\lcd04\toplcd00.vhd (N/A, 2019-08-04 00:00:34) <-- (may instantiate this module)
                        C:\Users\ameri\Documentos\ESCOM\Arquitectura\Arquitectura-de-Computadoras-master\II\Practicas\lcd04\topram00.vhd (N/A, 2019-08-04 00:00:34) <-- (may instantiate this module)
12       work.lcdcontdata00.lcdcontdata0 may have changed because the following files changed:
                        C:\Users\ameri\Documentos\ESCOM\Arquitectura\Arquitectura-de-Computadoras-master\II\Practicas\lcd04\lcdContData00.vhd (N/A, 2019-08-04 00:00:34) <-- (architecture and entity definition)
                        C:\Users\ameri\Documentos\ESCOM\Arquitectura\Arquitectura-de-Computadoras-master\II\Practicas\lcd04\toplcd00.vhd (N/A, 2019-08-04 00:00:34) <-- (may instantiate this module)
                        C:\Users\ameri\Documentos\ESCOM\Arquitectura\Arquitectura-de-Computadoras-master\II\Practicas\lcd04\topram00.vhd (N/A, 2019-08-04 00:00:34) <-- (may instantiate this module)
14       work.lcddata00.lcddata0 may have changed because the following files changed:
                        C:\Users\ameri\Documentos\ESCOM\Arquitectura\Arquitectura-de-Computadoras-master\II\Practicas\lcd04\lcdData00.vhd (N/A, 2019-08-04 00:00:34) <-- (architecture and entity definition)
                        C:\Users\ameri\Documentos\ESCOM\Arquitectura\Arquitectura-de-Computadoras-master\II\Practicas\lcd04\toplcd00.vhd (N/A, 2019-08-04 00:00:34) <-- (may instantiate this module)
                        C:\Users\ameri\Documentos\ESCOM\Arquitectura\Arquitectura-de-Computadoras-master\II\Practicas\lcd04\topram00.vhd (N/A, 2019-08-04 00:00:34) <-- (may instantiate this module)
16       work.lcdmux00.lcdmux0 may have changed because the following files changed:
                        C:\Users\ameri\Documentos\ESCOM\Arquitectura\Arquitectura-de-Computadoras-master\II\Practicas\lcd04\lcdmux00.vhd (N/A, 2019-08-04 00:00:34) <-- (architecture and entity definition)
                        C:\Users\ameri\Documentos\ESCOM\Arquitectura\Arquitectura-de-Computadoras-master\II\Practicas\lcd04\toplcd00.vhd (N/A, 2019-08-04 00:00:34) <-- (may instantiate this module)
                        C:\Users\ameri\Documentos\ESCOM\Arquitectura\Arquitectura-de-Computadoras-master\II\Practicas\lcd04\topram00.vhd (N/A, 2019-08-04 00:00:34) <-- (may instantiate this module)
18       work.muxram00.muxram0 may have changed because the following files changed:
                        C:\Users\ameri\Documentos\ESCOM\Arquitectura\Arquitectura-de-Computadoras-master\II\Practicas\lcd04\muxram00.vhd (N/A, 2019-08-04 00:00:34) <-- (architecture and entity definition)
                        C:\Users\ameri\Documentos\ESCOM\Arquitectura\Arquitectura-de-Computadoras-master\II\Practicas\lcd04\topram00.vhd (N/A, 2019-08-04 00:00:34) <-- (may instantiate this module)
20       work.osc00.osc0 may have changed because the following files changed:
                        C:\Users\ameri\Documentos\ESCOM\Arquitectura\Arquitectura-de-Computadoras-master\II\Practicas\lcd04\osc00.vhd (N/A, 2019-08-04 00:00:34) <-- (architecture and entity definition)
                        C:\Users\ameri\Documentos\ESCOM\Arquitectura\Arquitectura-de-Computadoras-master\II\Practicas\lcd04\toposc00.vhd (N/A, 2019-08-04 00:00:34) <-- (may instantiate this module)
                        C:\Users\ameri\Documentos\ESCOM\Arquitectura\Arquitectura-de-Computadoras-master\II\Practicas\lcd04\topram00.vhd (N/A, 2019-08-04 00:00:34) <-- (may instantiate this module)
22       work.ram00.ram0 may have changed because the following files changed:
                        C:\Users\ameri\Documentos\ESCOM\Arquitectura\Arquitectura-de-Computadoras-master\II\Practicas\lcd04\ram00.vhd (N/A, 2019-11-11 10:50:34) <-- (architecture and entity definition)
                        C:\Users\ameri\Documentos\ESCOM\Arquitectura\Arquitectura-de-Computadoras-master\II\Practicas\lcd04\topram00.vhd (N/A, 2019-08-04 00:00:34) <-- (may instantiate this module)
24       work.topkey00.topkey0 may have changed because the following files changed:
                        C:\Users\ameri\Documentos\ESCOM\Arquitectura\Arquitectura-de-Computadoras-master\II\Practicas\lcd04\topkey00.vhd (N/A, 2019-08-04 00:00:34) <-- (architecture and entity definition)
                        C:\Users\ameri\Documentos\ESCOM\Arquitectura\Arquitectura-de-Computadoras-master\II\Practicas\lcd04\topram00.vhd (N/A, 2019-08-04 00:00:34) <-- (may instantiate this module)
26       work.toplcd00.toplcd0 may have changed because the following files changed:
                        C:\Users\ameri\Documentos\ESCOM\Arquitectura\Arquitectura-de-Computadoras-master\II\Practicas\lcd04\toplcd00.vhd (N/A, 2019-08-04 00:00:34) <-- (architecture and entity definition)
                        C:\Users\ameri\Documentos\ESCOM\Arquitectura\Arquitectura-de-Computadoras-master\II\Practicas\lcd04\topram00.vhd (N/A, 2019-08-04 00:00:34) <-- (may instantiate this module)
28       work.toposc00.toposc0 may have changed because the following files changed:
                        C:\Users\ameri\Documentos\ESCOM\Arquitectura\Arquitectura-de-Computadoras-master\II\Practicas\lcd04\toposc00.vhd (N/A, 2019-08-04 00:00:34) <-- (architecture and entity definition)
                        C:\Users\ameri\Documentos\ESCOM\Arquitectura\Arquitectura-de-Computadoras-master\II\Practicas\lcd04\topram00.vhd (N/A, 2019-08-04 00:00:34) <-- (may instantiate this module)
30       work.topram00.topram0 may have changed because the following files changed:
                        C:\Users\ameri\Documentos\ESCOM\Arquitectura\Arquitectura-de-Computadoras-master\II\Practicas\lcd04\topram00.vhd (N/A, 2019-08-04 00:00:34) <-- (architecture and entity definition)

*******************************************************************
Unmodified files: 0
FID:  path (timestamp)

*******************************************************************
Unchanged modules: 0
MID:  lib.cell.view
