
Copyright (C) 1994-2018 Synopsys, Inc.
This Synopsys software and all associated documentation are proprietary to Synopsys, Inc.
and may only be used pursuant to the terms and conditions of a written license agreement
with Synopsys, Inc. All other use, reproduction, modification, or distribution of the
Synopsys software or the associated documentation is strictly prohibited.
Tool: Synplify Pro (R)
Build: N-2018.03L-SP1-1
Install: C:\lscc\diamond\3.11_x64\synpbase
OS: Windows 6.2

Hostname: DESKTOP-496B8RB

Implementation : lcdram00
Synopsys HDL compiler and linker, Version comp2018q2p1, Build 461R, Built Apr  1 2019 09:17:43

Modified Files: 1
FID:  path (prevtimestamp, timestamp)
46       C:\Users\ameri\Documentos\ESCOM\Arquitectura\Arquitectura-de-Computadoras-master\II\Practicas\lcd03\lcdkeyborrar\lcdram00\lcdram00\lcdram00\source\lcdram00.vhd (2019-11-12 09:17:16, 2019-11-12 09:26:55)

*******************************************************************
Modules that may have changed as a result of file changes: 1
MID:  lib.cell.view
2        work.lcdram00.lcdram0 may have changed because the following files changed:
                        C:\Users\ameri\Documentos\ESCOM\Arquitectura\Arquitectura-de-Computadoras-master\II\Practicas\lcd03\lcdkeyborrar\lcdram00\lcdram00\lcdram00\source\lcdram00.vhd (2019-11-12 09:17:16, 2019-11-12 09:26:55) <-- (architecture and entity definition)

*******************************************************************
Unmodified files: 18
FID:  path (timestamp)
45       C:\Users\ameri\Documentos\ESCOM\Arquitectura\Arquitectura-de-Computadoras-master\II\Practicas\lcd03\lcdkeyborrar\lcdram00\lcdram00\lcdram00\source\div00.vhd (2019-08-04 00:00:34)
47       C:\Users\ameri\Documentos\ESCOM\Arquitectura\Arquitectura-de-Computadoras-master\II\Practicas\lcd03\lcdkeyborrar\lcdram00\lcdram00\lcdram00\source\osc00.vhd (2019-08-04 00:00:34)
48       C:\Users\ameri\Documentos\ESCOM\Arquitectura\Arquitectura-de-Computadoras-master\II\Practicas\lcd03\lcdkeyborrar\lcdram00\lcdram00\lcdram00\source\packagelcdram00.vhd (2019-08-04 00:00:34)
49       C:\Users\ameri\Documentos\ESCOM\Arquitectura\Arquitectura-de-Computadoras-master\II\Practicas\lcd03\lcdkeyborrar\lcdram00\lcdram00\lcdram00\source\packageosc00.vhd (2019-08-04 00:00:34)
50       C:\Users\ameri\Documentos\ESCOM\Arquitectura\Arquitectura-de-Computadoras-master\II\Practicas\lcd03\lcdkeyborrar\lcdram00\lcdram00\lcdram00\source\toplcdram00.vhd (2019-08-04 00:00:34)
51       C:\Users\ameri\Documentos\ESCOM\Arquitectura\Arquitectura-de-Computadoras-master\II\Practicas\lcd03\lcdkeyborrar\lcdram00\lcdram00\lcdram00\source\toposc00.vhd (2019-08-04 00:00:34)
52       C:\lscc\diamond\3.11_x64\cae_library\synthesis\vhdl\machxo2.vhd (2018-11-15 00:32:12)
53       C:\lscc\diamond\3.11_x64\synpbase\lib\cpld\lattice.vhd (2019-04-01 08:08:08)
54       C:\lscc\diamond\3.11_x64\synpbase\lib\lucent\machxo2.vhd (2019-04-01 08:08:08)
55       C:\lscc\diamond\3.11_x64\synpbase\lib\vhd\arith.vhd (2019-04-01 08:07:44)
56       C:\lscc\diamond\3.11_x64\synpbase\lib\vhd\hyperents.vhd (2019-04-01 08:07:44)
57       C:\lscc\diamond\3.11_x64\synpbase\lib\vhd\location.map (2019-04-01 15:01:20)
58       C:\lscc\diamond\3.11_x64\synpbase\lib\vhd\numeric.vhd (2019-04-01 08:07:44)
59       C:\lscc\diamond\3.11_x64\synpbase\lib\vhd\snps_haps_pkg.vhd (2019-04-01 08:07:44)
60       C:\lscc\diamond\3.11_x64\synpbase\lib\vhd\std.vhd (2019-04-01 08:07:44)
61       C:\lscc\diamond\3.11_x64\synpbase\lib\vhd\std1164.vhd (2019-04-01 08:07:44)
62       C:\lscc\diamond\3.11_x64\synpbase\lib\vhd\umr_capim.vhd (2019-04-01 08:07:44)
63       C:\lscc\diamond\3.11_x64\synpbase\lib\vhd\unsigned.vhd (2019-04-01 08:07:44)

*******************************************************************
Unchanged modules: 8
MID:  lib.cell.view
0        work.div00.div0
1        work.div00.vhdl
4        work.osc00.osc0
5        work.osc00.vhdl
6        work.toplcdram00.toplcdram0
7        work.toplcdram00.vhdl
8        work.toposc00.toposc0
9        work.toposc00.vhdl
