Running in Lattice mode

Starting:    C:\lscc\diamond\3.11_x64\synpbase\bin64\mbin\synbatch.exe
Install:     C:\lscc\diamond\3.11_x64\synpbase
Hostname:    DESKTOP-496B8RB
Date:        Mon Oct 28 20:56:45 2019
Version:     N-2018.03L-SP1-1

Arguments:   -product synplify_pro -batch lcd01_lcd1_synplify.tcl
ProductType: synplify_pro




Copied C:\Users\ameri\Documentos\ESCOM\Arquitectura\Arquitectura-de-Computadoras-master\II\Practicas\lcd01\lcd1\lcd01_lcd1.srr to C:\Users\ameri\Documentos\ESCOM\Arquitectura\Arquitectura-de-Computadoras-master\II\Practicas\lcd01\lcd1\backup\lcd01_lcd1.srr
log file: "C:\Users\ameri\Documentos\ESCOM\Arquitectura\Arquitectura-de-Computadoras-master\II\Practicas\lcd01\lcd1\lcd01_lcd1.srr"
Running: hdl_info_gen in foreground

Generating HDL info...
Copied C:\Users\ameri\Documentos\ESCOM\Arquitectura\Arquitectura-de-Computadoras-master\II\Practicas\lcd01\lcd1\lcd01_lcd1.srr to C:\Users\ameri\Documentos\ESCOM\Arquitectura\Arquitectura-de-Computadoras-master\II\Practicas\lcd01\lcd1\lcd01_lcd1.srf

hdl_info_gen completed
# Mon Oct 28 20:56:49 2019

Return Code: 0
Run Time:00h:00m:01s
log file: "C:\Users\ameri\Documentos\ESCOM\Arquitectura\Arquitectura-de-Computadoras-master\II\Practicas\lcd01\lcd1\lcd01_lcd1.srr"
Running: lcd1 in foreground

Running proj_1|lcd1

Running Flow: compile (Compile) on proj_1|lcd1
# Mon Oct 28 20:56:50 2019

Running Flow: compile_flow (Compile Process) on proj_1|lcd1
# Mon Oct 28 20:56:50 2019

Running: compiler (Compile Input) on proj_1|lcd1
# Mon Oct 28 20:56:50 2019
Copied C:\Users\ameri\Documentos\ESCOM\Arquitectura\Arquitectura-de-Computadoras-master\II\Practicas\lcd01\lcd1\synwork\lcd01_lcd1_comp.srs to C:\Users\ameri\Documentos\ESCOM\Arquitectura\Arquitectura-de-Computadoras-master\II\Practicas\lcd01\lcd1\lcd01_lcd1.srs

compiler completed
# Mon Oct 28 20:56:54 2019

Return Code: 0
Run Time:00h:00m:04s

Running: multi_srs_gen (Multi-srs Generator) on proj_1|lcd1
# Mon Oct 28 20:56:54 2019

multi_srs_gen completed
# Mon Oct 28 20:56:54 2019

Return Code: 0
Run Time:00h:00m:00s
Copied C:\Users\ameri\Documentos\ESCOM\Arquitectura\Arquitectura-de-Computadoras-master\II\Practicas\lcd01\lcd1\synwork\lcd01_lcd1_mult.srs to C:\Users\ameri\Documentos\ESCOM\Arquitectura\Arquitectura-de-Computadoras-master\II\Practicas\lcd01\lcd1\lcd01_lcd1.srs
Copied C:\Users\ameri\Documentos\ESCOM\Arquitectura\Arquitectura-de-Computadoras-master\II\Practicas\lcd01\lcd1\lcd01_lcd1.srr to C:\Users\ameri\Documentos\ESCOM\Arquitectura\Arquitectura-de-Computadoras-master\II\Practicas\lcd01\lcd1\lcd01_lcd1.srf
Complete: Compile Process on proj_1|lcd1

Running: premap (Premap) on proj_1|lcd1
# Mon Oct 28 20:56:54 2019

premap completed with warnings
# Mon Oct 28 20:56:57 2019

Return Code: 1
Run Time:00h:00m:03s
Complete: Compile on proj_1|lcd1

Running Flow: map (Map) on proj_1|lcd1
# Mon Oct 28 20:56:57 2019
License granted for 4 parallel jobs

Running: fpga_mapper (Map & Optimize) on proj_1|lcd1
# Mon Oct 28 20:56:57 2019
Copied C:\Users\ameri\Documentos\ESCOM\Arquitectura\Arquitectura-de-Computadoras-master\II\Practicas\lcd01\lcd1\synwork\lcd01_lcd1_m.srm to C:\Users\ameri\Documentos\ESCOM\Arquitectura\Arquitectura-de-Computadoras-master\II\Practicas\lcd01\lcd1\lcd01_lcd1.srm

fpga_mapper completed with warnings
# Mon Oct 28 20:57:00 2019

Return Code: 1
Run Time:00h:00m:03s
Complete: Map on proj_1|lcd1
Copied C:\Users\ameri\Documentos\ESCOM\Arquitectura\Arquitectura-de-Computadoras-master\II\Practicas\lcd01\lcd1\lcd01_lcd1.srr to C:\Users\ameri\Documentos\ESCOM\Arquitectura\Arquitectura-de-Computadoras-master\II\Practicas\lcd01\lcd1\lcd01_lcd1.srf
Complete: Logic Synthesis on proj_1|lcd1
TCL script complete: "lcd01_lcd1_synplify.tcl"
exit status=0
exit status=0
Save changes for project:
C:\Users\ameri\Documentos\ESCOM\Arquitectura\Arquitectura-de-Computadoras-master\II\Practicas\lcd01\lcd1\proj_1.prj
batch mode default:no
