C:\lscc\diamond\3.11_x64\synpbase\bin64\c_hdl.exe  -osyn  C:\Users\FAROL\Documents\ArquitecturaDeComputadoras3CM1\bcd00\bcd0\synwork\bcd00_bcd0_comp.srs  -top  topbcd00  -hdllog  C:\Users\FAROL\Documents\ArquitecturaDeComputadoras3CM1\bcd00\bcd0\synlog\bcd00_bcd0_compiler.srr  -encrypt  -mp  4  -verification_mode 0  -vhdl  -prodtype  synplify_pro  -dspmac -fixsmult -infer_seqShift -nram -sdff_counter -divnmod -nostructver  -encrypt  -pro  -dmgen  C:\Users\FAROL\Documents\ArquitecturaDeComputadoras3CM1\bcd00\bcd0\dm  -lite -ui -fid2 -ram -sharing on -ll 2000 -autosm  -ignore_undefined_lib  -lib work C:\lscc\diamond\3.11_x64\cae_library\synthesis\vhdl\machxo2.vhd -lib work C:\Users\FAROL\Documents\ArquitecturaDeComputadoras3CM1\bcd00\div01.vhdl -lib work C:\Users\FAROL\Documents\ArquitecturaDeComputadoras3CM1\div00VHDL\div00.vhdl -lib work C:\Users\FAROL\Documents\ArquitecturaDeComputadoras3CM1\div00VHDL\osc00.vhd -lib work C:\Users\FAROL\Documents\ArquitecturaDeComputadoras3CM1\div00VHDL\packagediv00.vhdl -lib work C:\Users\FAROL\Documents\ArquitecturaDeComputadoras3CM1\bcd00\sust00.vhdl -lib work C:\Users\FAROL\Documents\ArquitecturaDeComputadoras3CM1\bcd00\shift800.vhdl -lib work C:\Users\FAROL\Documents\ArquitecturaDeComputadoras3CM1\bcd00\shift1200.vhdl -lib work C:\Users\FAROL\Documents\ArquitecturaDeComputadoras3CM1\bcd00\pc00.vhdl -lib work C:\Users\FAROL\Documents\ArquitecturaDeComputadoras3CM1\bcd00\mux00.vhdl -lib work C:\Users\FAROL\Documents\ArquitecturaDeComputadoras3CM1\bcd00\loadData00.vhdl -lib work C:\Users\FAROL\Documents\ArquitecturaDeComputadoras3CM1\bcd00\progMem00.vhdl -lib work C:\Users\FAROL\Documents\ArquitecturaDeComputadoras3CM1\bcd00\init00.vhdl -lib work C:\Users\FAROL\Documents\ArquitecturaDeComputadoras3CM1\bcd00\contring00.vhdl -lib work C:\Users\FAROL\Documents\ArquitecturaDeComputadoras3CM1\bcd00\contIter00.vhdl -lib work C:\Users\FAROL\Documents\ArquitecturaDeComputadoras3CM1\bcd00\compadd00.vhdl -lib work C:\Users\FAROL\Documents\ArquitecturaDeComputadoras3CM1\bcd00\coderNibbles00.vhdl -lib work C:\Users\FAROL\Documents\ArquitecturaDeComputadoras3CM1\bcd00\checkCode00.vhdl -lib work C:\Users\FAROL\Documents\ArquitecturaDeComputadoras3CM1\bcd00\uc00.vhdl -lib work C:\Users\FAROL\Documents\ArquitecturaDeComputadoras3CM1\bcd00\ac800.vhdl -lib work C:\Users\FAROL\Documents\ArquitecturaDeComputadoras3CM1\bcd00\ac1200.vhdl -lib work C:\Users\FAROL\Documents\ArquitecturaDeComputadoras3CM1\bcd00\packagebcd00.vhdl -lib work C:\Users\FAROL\Documents\ArquitecturaDeComputadoras3CM1\div00VHDL\topdiv00.vhdl -lib work C:\Users\FAROL\Documents\ArquitecturaDeComputadoras3CM1\bcd00\topbcd00.vhdl  -jobname  "compiler" 
relcom:..\..\..\..\..\..\..\lscc\diamond\3.11_x64\synpbase\bin64\c_hdl.exe -osyn ..\synwork\bcd00_bcd0_comp.srs -top topbcd00 -hdllog ..\synlog\bcd00_bcd0_compiler.srr -encrypt -mp 4 -verification_mode 0 -vhdl -prodtype synplify_pro -dspmac -fixsmult -infer_seqShift -nram -sdff_counter -divnmod -nostructver -encrypt -pro -dmgen ..\dm -lite -ui -fid2 -ram -sharing on -ll 2000 -autosm -ignore_undefined_lib -lib work ..\..\..\..\..\..\..\lscc\diamond\3.11_x64\cae_library\synthesis\vhdl\machxo2.vhd -lib work ..\..\div01.vhdl -lib work ..\..\..\div00VHDL\div00.vhdl -lib work ..\..\..\div00VHDL\osc00.vhd -lib work ..\..\..\div00VHDL\packagediv00.vhdl -lib work ..\..\sust00.vhdl -lib work ..\..\shift800.vhdl -lib work ..\..\shift1200.vhdl -lib work ..\..\pc00.vhdl -lib work ..\..\mux00.vhdl -lib work ..\..\loadData00.vhdl -lib work ..\..\progMem00.vhdl -lib work ..\..\init00.vhdl -lib work ..\..\contring00.vhdl -lib work ..\..\contIter00.vhdl -lib work ..\..\compadd00.vhdl -lib work ..\..\coderNibbles00.vhdl -lib work ..\..\checkCode00.vhdl -lib work ..\..\uc00.vhdl -lib work ..\..\ac800.vhdl -lib work ..\..\ac1200.vhdl -lib work ..\..\packagebcd00.vhdl -lib work ..\..\..\div00VHDL\topdiv00.vhdl -lib work ..\..\topbcd00.vhdl -jobname "compiler"
rc:0 success:1 runtime:2
file:..\synwork\bcd00_bcd0_comp.srs|io:o|time:1573487769|size:39897|exec:0|csum:
file:..\synlog\bcd00_bcd0_compiler.srr|io:o|time:1573487769|size:19263|exec:0|csum:
file:..\..\..\..\..\..\..\lscc\diamond\3.11_x64\cae_library\synthesis\vhdl\machxo2.vhd|io:i|time:1542263532|size:73964|exec:0|csum:CFF92E93E4FE354031DBB4E0E47DD4A6
file:..\..\div01.vhdl|io:i|time:1573478104|size:1873|exec:0|csum:516CFA3ACFF043BD247DFAABE04D4843
file:..\..\..\div00VHDL\div00.vhdl|io:i|time:1567434920|size:2406|exec:0|csum:6D96C1327C2B728D2CA8405454183B97
file:..\..\..\div00VHDL\osc00.vhd|io:i|time:1567089016|size:488|exec:0|csum:E103428FFE1B0EE8A6A8BABB81BA5BB0
file:..\..\..\div00VHDL\packagediv00.vhdl|io:i|time:1573138448|size:464|exec:0|csum:8FDF4DF0AC5C3FC9D007295C5BE4F9B7
file:..\..\sust00.vhdl|io:i|time:1573486278|size:1289|exec:0|csum:7155DE489702AAAA5627EA94DDAF3004
file:..\..\shift800.vhdl|io:i|time:1573478206|size:994|exec:0|csum:363E4A435FE265623B4E00F2E0075165
file:..\..\shift1200.vhdl|io:i|time:1573478376|size:1042|exec:0|csum:8F681576FF64BDEF937513B556AE2EA9
file:..\..\pc00.vhdl|io:i|time:1573487219|size:1020|exec:0|csum:E529F179E86EB19F4D54E71588518C1C
file:..\..\mux00.vhdl|io:i|time:1573478458|size:625|exec:0|csum:D661BD0D4EB82ABDD8E3F177C895A991
file:..\..\loadData00.vhdl|io:i|time:1573478500|size:1102|exec:0|csum:5FD2AF957807D24FE89B71E679FC5242
file:..\..\progMem00.vhdl|io:i|time:1573487288|size:1084|exec:0|csum:E860EA2BA70D80529C27756FFF3448A4
file:..\..\init00.vhdl|io:i|time:1573487720|size:1378|exec:0|csum:4C1B9176774CABDA160F8C0534EFD5AF
file:..\..\contring00.vhdl|io:i|time:1573478690|size:773|exec:0|csum:5084B0E2ECB50B41F4531EFD29F605AA
file:..\..\contIter00.vhdl|io:i|time:1573487140|size:1619|exec:0|csum:81CA5930A8A923AB4F7392D42D0D6060
file:..\..\compadd00.vhdl|io:i|time:1573478764|size:1702|exec:0|csum:B6FA0B46162F13155AFC3830F978BC86
file:..\..\coderNibbles00.vhdl|io:i|time:1573479033|size:3064|exec:0|csum:D538C571CF2A779C55A260D5B7705B07
file:..\..\checkCode00.vhdl|io:i|time:1573479093|size:687|exec:0|csum:B1D0BF597ED983D7FF3C854B93563A4F
file:..\..\uc00.vhdl|io:i|time:1573487020|size:1834|exec:0|csum:3F3B532D861BA6844C0C96C340B68D64
file:..\..\ac800.vhdl|io:i|time:1573479180|size:744|exec:0|csum:499DD2EADB98EE8A86012CB6D3CAFE11
file:..\..\ac1200.vhdl|io:i|time:1573479208|size:770|exec:0|csum:8E554C2D59489F98445153A73DDDDB57
file:..\..\packagebcd00.vhdl|io:i|time:1573487298|size:4533|exec:0|csum:F46330810BFE7028EC3E91B154DA7994
file:..\..\..\div00VHDL\topdiv00.vhdl|io:i|time:1573479454|size:581|exec:0|csum:B42CE8778DC11437144C9E75095A4B6B
file:..\..\topbcd00.vhdl|io:i|time:1573487759|size:5135|exec:0|csum:86CC78A6E8B3D76A9C3EE58C21D902B5
file:..\..\..\..\..\..\..\lscc\diamond\3.11_x64\synpbase\bin64\c_hdl.exe|io:i|time:1554128294|size:5681664|exec:1|csum:39598EA786684F7CB53832C08B4CCDF5
