Running in Lattice mode

Starting:    C:\lscc\diamond\3.10_x64\synpbase\bin64\mbin\synbatch.exe
Install:     C:\lscc\diamond\3.10_x64\synpbase
Hostname:    FERNANDO-VAIO
Date:        Wed May  8 09:43:23 2019
Version:     M-2017.03L-SP1-1

Arguments:   -product synplify_pro -batch alu02_alu02_synplify.tcl
ProductType: synplify_pro




log file: "C:\Users\FERNANDO\Desktop\P16\alu02\alu02\alu02_alu02.srr"
Running: hdl_info_gen in foreground

Generating HDL info...

hdl_info_gen completed
# Wed May  8 09:43:24 2019

Return Code: 0
Run Time:00h:00m:01s
Copied C:\Users\FERNANDO\Desktop\P16\alu02\alu02\alu02_alu02.srr to C:\Users\FERNANDO\Desktop\P16\alu02\alu02\alu02_alu02.srf
log file: "C:\Users\FERNANDO\Desktop\P16\alu02\alu02\alu02_alu02.srr"
Running: alu02 in foreground

Running proj_1|alu02

Running: compile (Compile) on proj_1|alu02
# Wed May  8 09:43:24 2019

Running: compile_flow (Compile Process) on proj_1|alu02
# Wed May  8 09:43:24 2019

Running: compiler (Compile Input) on proj_1|alu02
# Wed May  8 09:43:24 2019
Copied C:\Users\FERNANDO\Desktop\P16\alu02\alu02\synwork\alu02_alu02_comp.srs to C:\Users\FERNANDO\Desktop\P16\alu02\alu02\alu02_alu02.srs

compiler completed
# Wed May  8 09:43:27 2019

Return Code: 0
Run Time:00h:00m:03s

Running: multi_srs_gen (Multi-srs Generator) on proj_1|alu02
# Wed May  8 09:43:27 2019

multi_srs_gen completed
# Wed May  8 09:43:28 2019

Return Code: 0
Run Time:00h:00m:01s
Copied C:\Users\FERNANDO\Desktop\P16\alu02\alu02\synwork\alu02_alu02_mult.srs to C:\Users\FERNANDO\Desktop\P16\alu02\alu02\alu02_alu02.srs
Copied C:\Users\FERNANDO\Desktop\P16\alu02\alu02\alu02_alu02.srr to C:\Users\FERNANDO\Desktop\P16\alu02\alu02\alu02_alu02.srf
Complete: Compile Process on proj_1|alu02

Running: premap (Pre-mapping) on proj_1|alu02
# Wed May  8 09:43:28 2019

premap completed with warnings
# Wed May  8 09:43:30 2019

Return Code: 1
Run Time:00h:00m:02s
Complete: Compile on proj_1|alu02

Running: map (Map) on proj_1|alu02
# Wed May  8 09:43:30 2019
License granted for 4 parallel jobs

Running: fpga_mapper (Map & Optimize) on proj_1|alu02
# Wed May  8 09:43:30 2019
Copied C:\Users\FERNANDO\Desktop\P16\alu02\alu02\synwork\alu02_alu02_m.srm to C:\Users\FERNANDO\Desktop\P16\alu02\alu02\alu02_alu02.srm

fpga_mapper completed with warnings
# Wed May  8 09:43:36 2019

Return Code: 1
Run Time:00h:00m:06s
Complete: Map on proj_1|alu02
Copied C:\Users\FERNANDO\Desktop\P16\alu02\alu02\alu02_alu02.srr to C:\Users\FERNANDO\Desktop\P16\alu02\alu02\alu02_alu02.srf
Complete: Logic Synthesis on proj_1|alu02
TCL script complete: "alu02_alu02_synplify.tcl"
exit status=0
exit status=0
Save changes for project:
C:\Users\FERNANDO\Desktop\P16\alu02\alu02\proj_1.prj
batch mode default:no
