Running in Lattice mode

Starting:    C:\lscc\diamond\3.10_x64\synpbase\bin64\mbin\synbatch.exe
Install:     C:\lscc\diamond\3.10_x64\synpbase
Hostname:    FERNANDO-VAIO
Date:        Wed Jan 30 11:11:31 2019
Version:     M-2017.03L-SP1-1

Arguments:   -product synplify_pro -batch mux00_mux00_synplify.tcl
ProductType: synplify_pro




log file: "C:\Users\FERNANDO\Desktop\MUX\mux00\mux00\mux00_mux00.srr"
Running: hdl_info_gen in foreground

Generating HDL info...

hdl_info_gen completed
# Wed Jan 30 11:11:31 2019

Return Code: 0
Run Time:00h:00m:00s
log file: "C:\Users\FERNANDO\Desktop\MUX\mux00\mux00\mux00_mux00.srr"
Running: mux00 in foreground

Running proj_1|mux00

Running: compile (Compile) on proj_1|mux00
# Wed Jan 30 11:11:31 2019

Running: compile_flow (Compile Process) on proj_1|mux00
# Wed Jan 30 11:11:31 2019

Running: compiler (Compile Input) on proj_1|mux00
# Wed Jan 30 11:11:31 2019
Copied C:\Users\FERNANDO\Desktop\MUX\mux00\mux00\synwork\mux00_mux00_comp.srs to C:\Users\FERNANDO\Desktop\MUX\mux00\mux00\mux00_mux00.srs

compiler completed
# Wed Jan 30 11:11:33 2019

Return Code: 0
Run Time:00h:00m:02s

Running: multi_srs_gen (Multi-srs Generator) on proj_1|mux00
# Wed Jan 30 11:11:33 2019

multi_srs_gen completed
# Wed Jan 30 11:11:34 2019

Return Code: 0
Run Time:00h:00m:01s
Copied C:\Users\FERNANDO\Desktop\MUX\mux00\mux00\synwork\mux00_mux00_mult.srs to C:\Users\FERNANDO\Desktop\MUX\mux00\mux00\mux00_mux00.srs
Copied C:\Users\FERNANDO\Desktop\MUX\mux00\mux00\mux00_mux00.srr to C:\Users\FERNANDO\Desktop\MUX\mux00\mux00\mux00_mux00.srf
Complete: Compile Process on proj_1|mux00

Running: premap (Pre-mapping) on proj_1|mux00
# Wed Jan 30 11:11:34 2019

premap completed
# Wed Jan 30 11:11:35 2019

Return Code: 0
Run Time:00h:00m:01s
Complete: Compile on proj_1|mux00

Running: map (Map) on proj_1|mux00
# Wed Jan 30 11:11:35 2019
License granted for 4 parallel jobs

Running: fpga_mapper (Map & Optimize) on proj_1|mux00
# Wed Jan 30 11:11:35 2019
Copied C:\Users\FERNANDO\Desktop\MUX\mux00\mux00\synwork\mux00_mux00_m.srm to C:\Users\FERNANDO\Desktop\MUX\mux00\mux00\mux00_mux00.srm

fpga_mapper completed
# Wed Jan 30 11:11:38 2019

Return Code: 0
Run Time:00h:00m:03s
Complete: Map on proj_1|mux00
Copied C:\Users\FERNANDO\Desktop\MUX\mux00\mux00\mux00_mux00.srr to C:\Users\FERNANDO\Desktop\MUX\mux00\mux00\mux00_mux00.srf
Complete: Logic Synthesis on proj_1|mux00
TCL script complete: "mux00_mux00_synplify.tcl"
exit status=0
exit status=0
Save changes for project:
C:\Users\FERNANDO\Desktop\MUX\mux00\mux00\proj_1.prj
batch mode default:no
