
          Lattice Mapping Report File for Design Module 'topStack00'


Design Information
------------------

Command line:   map -a MachXO2 -p LCMXO2-7000HE -t TQFP144 -s 4 -oc Commercial
     stack_stack.ngd -o stack_stack_map.ncd -pr stack_stack.prf -mp
     stack_stack.mrp -lpf
     C:/Users/FERNANDO/Desktop/pilas/STACK/stack/stack_stack_synplify.lpf -lpf
     C:/Users/FERNANDO/Desktop/pilas/STACK/stack.lpf -c 0 -gui -msgset
     C:/Users/FERNANDO/Desktop/pilas/STACK/promote.xml 
Target Vendor:  LATTICE
Target Device:  LCMXO2-7000HETQFP144
Target Performance:   4
Mapper:  xo2c00,  version:  Diamond (64-bit) 3.10.0.111.2
Mapped on:  03/31/19  17:00:50

Design Summary
--------------

   Number of registers:     58 out of  7209 (1%)
      PFU registers:           57 out of  6864 (1%)
      PIO registers:            1 out of   345 (0%)
   Number of SLICEs:        97 out of  3432 (3%)
      SLICEs as Logic/ROM:     85 out of  3432 (2%)
      SLICEs as RAM:           12 out of  2574 (0%)
      SLICEs as Carry:         14 out of  3432 (0%)
   Number of LUT4s:        192 out of  6864 (3%)
      Number used as logic LUTs:        140
      Number used as distributed RAM:    24
      Number used as ripple logic:       28
      Number used as shift registers:     0
   Number of PIO sites used: 42 + 4(JTAG) out of 115 (40%)
   Number of block RAMs:  0 out of 26 (0%)
   Number of GSRs:  0 out of 1 (0%)
   EFB used :       No
   JTAG used :      No
   Readback used :  No
   Oscillator used :  Yes
   Startup used :   No
   POR :            On
   Bandgap :        On
   Number of Power Controller:  0 out of 1 (0%)
   Number of Dynamic Bank Controller (BCINRD):  0 out of 6 (0%)
   Number of Dynamic Bank Controller (BCLVDSO):  0 out of 1 (0%)
   Number of DCCA:  0 out of 8 (0%)
   Number of DCMA:  0 out of 2 (0%)
   Number of PLLs:  0 out of 2 (0%)
   Number of DQSDLLs:  0 out of 2 (0%)
   Number of CLKDIVC:  0 out of 4 (0%)
   Number of ECLKSYNCA:  0 out of 4 (0%)
   Number of ECLKBRIDGECS:  0 out of 2 (0%)
   Notes:-
      1. Total number of LUT4s = (Number of logic LUT4s) + 2*(Number of
     distributed RAMs) + 2*(Number of ripple logic)
      2. Number of logic LUT4s does not include count of distributed RAM and
     ripple logic.
   Number of clocks:  2
     Net RA00.OS01.SalidaOsc_i: 8 loads, 8 rising, 0 falling (Driver:
     RA00/OS01/SalidaOsc )

                                    Page 1




Design:  topStack00                                    Date:  03/31/19  17:00:50

Design Summary (cont)
---------------------
     Net RA00.S1_0: 34 loads, 34 rising, 0 falling (Driver: RA00/OS00/OSCInst0 )
     
   Number of Clock Enables:  6
     Net un1_outFlagr_0_sqmuxa_2_0_RNIVDQ81: 1 loads, 0 LSLICEs
     Net G_26: 3 loads, 3 LSLICEs
     Net RA03/outwordra_cnv[0]: 4 loads, 4 LSLICEs
     Net G_12: 6 loads, 6 LSLICEs
     Net RA02/aux1_cnv: 2 loads, 2 LSLICEs
     Net RA02/outcoderr_0_sqmuxa_RNINRNR: 4 loads, 4 LSLICEs
   Number of LSRs:  4
     Net G_14: 7 loads, 6 LSLICEs
     Net RA03/outwordra_54: 4 loads, 4 LSLICEs
     Net RA01/fb: 1 loads, 1 LSLICEs
     Net RA00/OS01/SalidaOsc_0_sqmuxa_0_a2_i_0_RNIRA7T: 11 loads, 11 LSLICEs
   Number of nets driven by tri-state buffers:  0
   Top 10 highest fanout non-clock nets:
     Net en0_c: 27 loads
     Net outcontRead0_c[1]: 17 loads
     Net outcontRead0_c[2]: 17 loads
     Net outcontRead0_c[3]: 17 loads
     Net cdiv0_c[0]: 16 loads
     Net outcontRead0_c[0]: 16 loads
     Net inkey0_c[1]: 15 loads
     Net outr0_c[2]: 15 loads
     Net outr0_c[3]: 13 loads
     Net rw0_c: 13 loads




   Number of warnings:  0
   Number of errors:    0
     

Design Errors/Warnings
----------------------

   No errors or warnings present.

IO (PIO) Attributes
-------------------

+---------------------+-----------+-----------+------------+
| IO Name             | Direction | Levelmode | IO         |
|                     |           |  IO_TYPE  | Register   |
+---------------------+-----------+-----------+------------+
| clk0                | OUTPUT    | LVCMOS25  |            |
+---------------------+-----------+-----------+------------+
| cdiv0[0]            | INPUT     | LVCMOS25  |            |
+---------------------+-----------+-----------+------------+
| outtransist0[3]     | OUTPUT    | LVCMOS25  |            |
+---------------------+-----------+-----------+------------+
| outtransist0[2]     | OUTPUT    | LVCMOS25  |            |
+---------------------+-----------+-----------+------------+
| outtransist0[1]     | OUTPUT    | LVCMOS25  |            |
+---------------------+-----------+-----------+------------+

                                    Page 2




Design:  topStack00                                    Date:  03/31/19  17:00:50

IO (PIO) Attributes (cont)
--------------------------
| outtransist0[0]     | OUTPUT    | LVCMOS25  |            |
+---------------------+-----------+-----------+------------+
| outcontRead0[4]     | OUTPUT    | LVCMOS25  |            |
+---------------------+-----------+-----------+------------+
| outcontRead0[3]     | OUTPUT    | LVCMOS25  |            |
+---------------------+-----------+-----------+------------+
| outcontRead0[2]     | OUTPUT    | LVCMOS25  |            |
+---------------------+-----------+-----------+------------+
| outcontRead0[1]     | OUTPUT    | LVCMOS25  |            |
+---------------------+-----------+-----------+------------+
| outcontRead0[0]     | OUTPUT    | LVCMOS25  |            |
+---------------------+-----------+-----------+------------+
| outcontcoder0[4]    | OUTPUT    | LVCMOS25  |            |
+---------------------+-----------+-----------+------------+
| outcontcoder0[3]    | OUTPUT    | LVCMOS25  |            |
+---------------------+-----------+-----------+------------+
| outcontcoder0[2]    | OUTPUT    | LVCMOS25  |            |
+---------------------+-----------+-----------+------------+
| outcontcoder0[1]    | OUTPUT    | LVCMOS25  |            |
+---------------------+-----------+-----------+------------+
| outcontcoder0[0]    | OUTPUT    | LVCMOS25  |            |
+---------------------+-----------+-----------+------------+
| outFlagram0         | OUTPUT    | LVCMOS25  |            |
+---------------------+-----------+-----------+------------+
| outFlagcoder0       | OUTPUT    | LVCMOS25  | OUT        |
+---------------------+-----------+-----------+------------+
| outrled0[3]         | OUTPUT    | LVCMOS25  |            |
+---------------------+-----------+-----------+------------+
| outrled0[2]         | OUTPUT    | LVCMOS25  |            |
+---------------------+-----------+-----------+------------+
| outrled0[1]         | OUTPUT    | LVCMOS25  |            |
+---------------------+-----------+-----------+------------+
| outrled0[0]         | OUTPUT    | LVCMOS25  |            |
+---------------------+-----------+-----------+------------+
| outr0[3]            | OUTPUT    | LVCMOS25  |            |
+---------------------+-----------+-----------+------------+
| outr0[2]            | OUTPUT    | LVCMOS25  |            |
+---------------------+-----------+-----------+------------+
| outr0[1]            | OUTPUT    | LVCMOS25  |            |
+---------------------+-----------+-----------+------------+
| outr0[0]            | OUTPUT    | LVCMOS25  |            |
+---------------------+-----------+-----------+------------+
| outword0[6]         | OUTPUT    | LVCMOS25  |            |
+---------------------+-----------+-----------+------------+
| outword0[5]         | OUTPUT    | LVCMOS25  |            |
+---------------------+-----------+-----------+------------+
| outword0[4]         | OUTPUT    | LVCMOS25  |            |
+---------------------+-----------+-----------+------------+
| outword0[3]         | OUTPUT    | LVCMOS25  |            |
+---------------------+-----------+-----------+------------+
| outword0[2]         | OUTPUT    | LVCMOS25  |            |
+---------------------+-----------+-----------+------------+
| outword0[1]         | OUTPUT    | LVCMOS25  |            |
+---------------------+-----------+-----------+------------+
| outword0[0]         | OUTPUT    | LVCMOS25  |            |
+---------------------+-----------+-----------+------------+

                                    Page 3




Design:  topStack00                                    Date:  03/31/19  17:00:50

IO (PIO) Attributes (cont)
--------------------------
| inkey0[3]           | INPUT     | LVCMOS25  |            |
+---------------------+-----------+-----------+------------+
| inkey0[2]           | INPUT     | LVCMOS25  |            |
+---------------------+-----------+-----------+------------+
| inkey0[1]           | INPUT     | LVCMOS25  |            |
+---------------------+-----------+-----------+------------+
| inkey0[0]           | INPUT     | LVCMOS25  |            |
+---------------------+-----------+-----------+------------+
| rw0                 | INPUT     | LVCMOS25  |            |
+---------------------+-----------+-----------+------------+
| en0                 | INPUT     | LVCMOS25  |            |
+---------------------+-----------+-----------+------------+
| cdiv0[3]            | INPUT     | LVCMOS25  |            |
+---------------------+-----------+-----------+------------+
| cdiv0[2]            | INPUT     | LVCMOS25  |            |
+---------------------+-----------+-----------+------------+
| cdiv0[1]            | INPUT     | LVCMOS25  |            |
+---------------------+-----------+-----------+------------+

Removed logic
-------------

Block RA03/GND undriven or does not drive anything - clipped.
Block GSR_INST undriven or does not drive anything - clipped.
Block RA00/GND undriven or does not drive anything - clipped.
Block RA00/VCC undriven or does not drive anything - clipped.
Block RA00/OS00/VCC undriven or does not drive anything - clipped.
Block RA01/GND undriven or does not drive anything - clipped.
Block RA01/VCC undriven or does not drive anything - clipped.
Block RA02/VCC undriven or does not drive anything - clipped.
Block RA02/GND undriven or does not drive anything - clipped.
Block RA03/VCC undriven or does not drive anything - clipped.
Block RA04/VCC undriven or does not drive anything - clipped.
Block RA05/GND undriven or does not drive anything - clipped.
Block RA05/VCC undriven or does not drive anything - clipped.
Signal RA00/OS00/GND undriven or does not drive anything - clipped.
Signal RA00/OS01/GND undriven or does not drive anything - clipped.
Signal RA04/GND undriven or does not drive anything - clipped.
Signal RA00/OS00/OSCInst0_SEDSTDBY undriven or does not drive anything -
     clipped.
Signal RA00/OS01/un3_sdiv_cry_0_0_S1 undriven or does not drive anything -
     clipped.
Signal RA00/OS01/un3_sdiv_cry_0_0_S0 undriven or does not drive anything -
     clipped.
Signal RA00/OS01/N_1 undriven or does not drive anything - clipped.
Signal RA00/OS01/un3_sdiv_cry_19_0_COUT undriven or does not drive anything -
     clipped.
Signal RA03/wordram_ram_0_DO3 undriven or does not drive anything - clipped.
Signal RA03/wordram_ram_2_DO3 undriven or does not drive anything - clipped.
Signal RA04/outcontrd_cry_0_COUT[3] undriven or does not drive anything -
     clipped.
Signal RA04/outcontrd_cry_0_S0[0] undriven or does not drive anything - clipped.
     
Signal RA04/N_1 undriven or does not drive anything - clipped.
Block RA00/OS00/GND was optimized away.
Block RA00/OS01/GND was optimized away.

                                    Page 4




Design:  topStack00                                    Date:  03/31/19  17:00:50

Removed logic (cont)
--------------------
Block RA04/GND was optimized away.

Memory Usage
------------

/RA03/wordram_ram:
    EBRs: 0
    RAM SLICEs: 3
    Logic SLICEs: 0
    PFU Registers: 0
/RA03/wordram_ram_0:
    EBRs: 0
    RAM SLICEs: 3
    Logic SLICEs: 0
    PFU Registers: 0
/RA03/wordram_ram_1:
    EBRs: 0
    RAM SLICEs: 3
    Logic SLICEs: 0
    PFU Registers: 0
/RA03/wordram_ram_2:
    EBRs: 0
    RAM SLICEs: 3
    Logic SLICEs: 0
    PFU Registers: 0

     

OSC Summary
-----------

OSC 1:                                     Pin/Node Value
  OSC Instance Name:                                RA00/OS00/OSCInst0
  OSC Type:                                         OSCH
  STDBY Input:                                      NONE
  OSC Output:                              NODE     RA00.S1_0
  OSC Nominal Frequency (MHz):                      2.08

ASIC Components
---------------

Instance Name: RA00/OS00/OSCInst0
         Type: OSCH

Run Time and Memory Usage
-------------------------

   Total CPU Time: 1 secs  
   Total REAL Time: 2 secs  
   Peak Memory Usage: 57 MB
        






                                    Page 5


Copyright (c) 1991-1994 by NeoCAD Inc. All rights reserved.
     Copyright (c) 1995 AT&T Corp.   All rights reserved.
     Copyright (c) 1995-2001 Lucent Technologies Inc.  All rights reserved.
     Copyright (c) 2001 Agere Systems   All rights reserved.
     Copyright (c) 2002-2017 Lattice Semiconductor Corporation,  All rights
     reserved.
