# Synopsys Constraint Checker, version maplat, Build 1796R, built Aug  4 2017
# Copyright (C) 1994-2017 Synopsys, Inc. This Synopsys software and all associated documentation are proprietary to Synopsys, Inc. and may only be used pursuant to the terms and conditions of a written license agreement with Synopsys, Inc. All other use, reproduction, modification, or distribution of the Synopsys software or the associated documentation is strictly prohibited.

# Written on Sun Mar 31 16:59:08 2019


##### DESIGN INFO #######################################################

Top View:                "topStack00"
Constraint File(s):      (none)




##### SUMMARY ############################################################

Found 0 issues in 0 out of 0 constraints


##### DETAILS ############################################################



Clock Relationships
*******************

Starting                               Ending                                 |     rise to rise     |     fall to fall     |     rise to fall     |     fall to rise                     
-----------------------------------------------------------------------------------------------------------------------------------------------------------------------------------------
oscilador00|osc_int_inferred_clock     oscilador00|osc_int_inferred_clock     |     480.769          |     No paths         |     No paths         |     No paths                         
div00|SalidaOsc_derived_clock          div00|SalidaOsc_derived_clock          |     480.769          |     No paths         |     No paths         |     No paths                         
=========================================================================================================================================================================================
 Note: 'No paths' indicates there are no paths in the design for that pair of clock edges.
       'Diff grp' indicates that paths exist but the starting clock and ending clock are in different clock groups.


Unconstrained Start/End Points
******************************

p:cdiv0[0]
p:cdiv0[1]
p:cdiv0[2]
p:cdiv0[3]
p:en0
p:inkey0[0]
p:inkey0[1]
p:inkey0[2]
p:inkey0[3]
p:outFlagcoder0
p:outFlagram0
p:outcontRead0[0]
p:outcontRead0[1]
p:outcontRead0[2]
p:outcontRead0[3]
p:outcontRead0[4]
p:outcontcoder0[0]
p:outcontcoder0[1]
p:outcontcoder0[2]
p:outcontcoder0[3]
p:outcontcoder0[4]
p:outr0[0]
p:outr0[1]
p:outr0[2]
p:outr0[3]
p:outrled0[0]
p:outrled0[1]
p:outrled0[2]
p:outrled0[3]
p:outtransist0[0]
p:outtransist0[1]
p:outtransist0[2]
p:outtransist0[3]
p:outword0[0]
p:outword0[1]
p:outword0[2]
p:outword0[3]
p:outword0[4]
p:outword0[5]
p:outword0[6]
p:rw0


Inapplicable constraints
************************

(none)


Applicable constraints with issues
**********************************

(none)


Constraints with matching wildcard expressions
**********************************************

(none)


Library Report
**************


# End of Constraint Checker Report
