C:\lscc\diamond\3.11_x64\synpbase\bin64\c_vhdl.exe  -osyn  C:\Users\ameri\Documentos\ESCOM\Arquitectura\Arquitectura-de-Computadoras-master\II\Practicas\bcd01\bcd1\synwork\bcd01_bcd1_hdl_.srs  -top  topbcd00  -prodtype  synplify_pro  -dspmac -fixsmult -infer_seqShift -nram -sdff_counter -divnmod -nostructver  -encrypt  -pro  -dmgen  C:\Users\ameri\Documentos\ESCOM\Arquitectura\Arquitectura-de-Computadoras-master\II\Practicas\bcd01\bcd1\dm  -lite -ui -fid2 -ram -sharing on -ll 2000 -autosm  -ignore_undefined_lib  -lib work C:\lscc\diamond\3.11_x64\cae_library\synthesis\vhdl\machxo2.vhd -lib work C:\Users\ameri\Documentos\ESCOM\Arquitectura\Arquitectura-de-Computadoras-master\II\Practicas\bcd01\div01.vhdl -lib work C:\Users\ameri\Documentos\ESCOM\Arquitectura\Arquitectura-de-Computadoras-master\II\Practicas\bcd01\div00.vhdl -lib work C:\Users\ameri\Documentos\ESCOM\Arquitectura\Arquitectura-de-Computadoras-master\II\Practicas\bcd01\osc00.vhd -lib work C:\Users\ameri\Documentos\ESCOM\Arquitectura\Arquitectura-de-Computadoras-master\II\Practicas\bcd01\packagediv00.vhdl -lib work C:\Users\ameri\Documentos\ESCOM\Arquitectura\Arquitectura-de-Computadoras-master\II\Practicas\bcd01\topdiv00.vhdl -lib work C:\Users\ameri\Documentos\ESCOM\Arquitectura\Arquitectura-de-Computadoras-master\II\Practicas\bcd01\sust00.vhdl -lib work C:\Users\ameri\Documentos\ESCOM\Arquitectura\Arquitectura-de-Computadoras-master\II\Practicas\bcd01\shift800.vhdl -lib work C:\Users\ameri\Documentos\ESCOM\Arquitectura\Arquitectura-de-Computadoras-master\II\Practicas\bcd01\shift1200.vhdl -lib work C:\Users\ameri\Documentos\ESCOM\Arquitectura\Arquitectura-de-Computadoras-master\II\Practicas\bcd01\pc00.vhdl -lib work C:\Users\ameri\Documentos\ESCOM\Arquitectura\Arquitectura-de-Computadoras-master\II\Practicas\bcd01\mux00.vhdl -lib work C:\Users\ameri\Documentos\ESCOM\Arquitectura\Arquitectura-de-Computadoras-master\II\Practicas\bcd01\readData00.vhdl -lib work C:\Users\ameri\Documentos\ESCOM\Arquitectura\Arquitectura-de-Computadoras-master\II\Practicas\bcd01\memProg00.vhdl -lib work C:\Users\ameri\Documentos\ESCOM\Arquitectura\Arquitectura-de-Computadoras-master\II\Practicas\bcd01\init00.vhdl -lib work C:\Users\ameri\Documentos\ESCOM\Arquitectura\Arquitectura-de-Computadoras-master\II\Practicas\bcd01\contring00.vhdl -lib work C:\Users\ameri\Documentos\ESCOM\Arquitectura\Arquitectura-de-Computadoras-master\II\Practicas\bcd01\contIter00.vhdl -lib work C:\Users\ameri\Documentos\ESCOM\Arquitectura\Arquitectura-de-Computadoras-master\II\Practicas\bcd01\compadd00.vhdl -lib work C:\Users\ameri\Documentos\ESCOM\Arquitectura\Arquitectura-de-Computadoras-master\II\Practicas\bcd01\coderNibbles00.vhdl -lib work C:\Users\ameri\Documentos\ESCOM\Arquitectura\Arquitectura-de-Computadoras-master\II\Practicas\bcd01\checkCode00.vhdl -lib work C:\Users\ameri\Documentos\ESCOM\Arquitectura\Arquitectura-de-Computadoras-master\II\Practicas\bcd01\uc00.vhdl -lib work C:\Users\ameri\Documentos\ESCOM\Arquitectura\Arquitectura-de-Computadoras-master\II\Practicas\bcd01\ac800.vhdl -lib work C:\Users\ameri\Documentos\ESCOM\Arquitectura\Arquitectura-de-Computadoras-master\II\Practicas\bcd01\ac1200.vhdl -lib work C:\Users\ameri\Documentos\ESCOM\Arquitectura\Arquitectura-de-Computadoras-master\II\Practicas\bcd01\packagebcd00.vhdl -lib work C:\Users\ameri\Documentos\ESCOM\Arquitectura\Arquitectura-de-Computadoras-master\II\Practicas\bcd01\topbcd00.vhdl  -log  C:\Users\ameri\Documentos\ESCOM\Arquitectura\Arquitectura-de-Computadoras-master\II\Practicas\bcd01\bcd1\syntax.log  -fileorder  C:\Users\ameri\Documentos\ESCOM\Arquitectura\Arquitectura-de-Computadoras-master\II\Practicas\bcd01\bcd1\syntmp\hdlorder.tcl  -jobname  "hdl_info_gen" 
relcom:..\..\..\..\..\..\..\..\..\..\..\lscc\diamond\3.11_x64\synpbase\bin64\c_vhdl.exe -osyn ..\synwork\bcd01_bcd1_hdl_.srs -top topbcd00 -prodtype synplify_pro -dspmac -fixsmult -infer_seqShift -nram -sdff_counter -divnmod -nostructver -encrypt -pro -dmgen ..\dm -lite -ui -fid2 -ram -sharing on -ll 2000 -autosm -ignore_undefined_lib -lib work ..\..\..\..\..\..\..\..\..\..\..\lscc\diamond\3.11_x64\cae_library\synthesis\vhdl\machxo2.vhd -lib work ..\..\div01.vhdl -lib work ..\..\div00.vhdl -lib work ..\..\osc00.vhd -lib work ..\..\packagediv00.vhdl -lib work ..\..\topdiv00.vhdl -lib work ..\..\sust00.vhdl -lib work ..\..\shift800.vhdl -lib work ..\..\shift1200.vhdl -lib work ..\..\pc00.vhdl -lib work ..\..\mux00.vhdl -lib work ..\..\readData00.vhdl -lib work ..\..\memProg00.vhdl -lib work ..\..\init00.vhdl -lib work ..\..\contring00.vhdl -lib work ..\..\contIter00.vhdl -lib work ..\..\compadd00.vhdl -lib work ..\..\coderNibbles00.vhdl -lib work ..\..\checkCode00.vhdl -lib work ..\..\uc00.vhdl -lib work ..\..\ac800.vhdl -lib work ..\..\ac1200.vhdl -lib work ..\..\packagebcd00.vhdl -lib work ..\..\topbcd00.vhdl -log ..\syntax.log -fileorder hdlorder.tcl -jobname "hdl_info_gen"
rc:0 success:1 runtime:1
file:..\synwork\bcd01_bcd1_hdl_.srs|io:o|time:0|size:-1|exec:0|csum:
file:..\..\..\..\..\..\..\..\..\..\..\lscc\diamond\3.11_x64\cae_library\synthesis\vhdl\machxo2.vhd|io:i|time:1542263532|size:73964|exec:0|csum:CFF92E93E4FE354031DBB4E0E47DD4A6
file:..\..\div01.vhdl|io:i|time:1573694658|size:2183|exec:0|csum:646E26FE5566AFBEA82F64319FD0541F
file:..\..\div00.vhdl|io:i|time:1573698706|size:2406|exec:0|csum:6D96C1327C2B728D2CA8405454183B97
file:..\..\osc00.vhd|io:i|time:1573698737|size:488|exec:0|csum:E103428FFE1B0EE8A6A8BABB81BA5BB0
file:..\..\packagediv00.vhdl|io:i|time:1573698799|size:459|exec:0|csum:C1E8FAB3AD8CB3F29005D3CCE2FCEC8E
file:..\..\topdiv00.vhdl|io:i|time:1573698823|size:572|exec:0|csum:B8FE35F31DA83994D93D5CE48F0BBBC8
file:..\..\sust00.vhdl|io:i|time:1573694658|size:1285|exec:0|csum:CF9FBFA366F1B204025A003BC28560E1
file:..\..\shift800.vhdl|io:i|time:1573694658|size:994|exec:0|csum:363E4A435FE265623B4E00F2E0075165
file:..\..\shift1200.vhdl|io:i|time:1573694658|size:1042|exec:0|csum:8F681576FF64BDEF937513B556AE2EA9
file:..\..\pc00.vhdl|io:i|time:1573694658|size:1722|exec:0|csum:8A44B4FB8A94E631F7BCC4C733B9FE66
file:..\..\mux00.vhdl|io:i|time:1573694658|size:625|exec:0|csum:7EEC7E81C9B074277DE29554CA17FBFF
file:..\..\readData00.vhdl|io:i|time:1573694658|size:1102|exec:0|csum:297AB1E4872DA91C5DC1B007665CB0EF
file:..\..\memProg00.vhdl|io:i|time:1573694658|size:1085|exec:0|csum:1B1A7CBCC264D21FE4636D1C1301021D
file:..\..\init00.vhdl|io:i|time:1573694658|size:1796|exec:0|csum:7EF2056D347140C1FE4807CB395E8869
file:..\..\contring00.vhdl|io:i|time:1573694658|size:767|exec:0|csum:F838B56F32DE9C64A38C055B59DC5FF7
file:..\..\contIter00.vhdl|io:i|time:1573694658|size:2366|exec:0|csum:02969FC0176CC0E1B2D0F62E2AD13AEA
file:..\..\compadd00.vhdl|io:i|time:1573694658|size:1668|exec:0|csum:3C0605A6F79EF538417CF77E80099261
file:..\..\coderNibbles00.vhdl|io:i|time:1573694658|size:2465|exec:0|csum:7C10EA30A0FA99EAFC5BA95A9D91C0EB
file:..\..\checkCode00.vhdl|io:i|time:1573694658|size:686|exec:0|csum:425BEF9577C548839B323B8C3FEC8311
file:..\..\uc00.vhdl|io:i|time:1573694658|size:1075|exec:0|csum:8CFFEC8C30EA7B717C6175DF2D677810
file:..\..\ac800.vhdl|io:i|time:1573694658|size:744|exec:0|csum:499DD2EADB98EE8A86012CB6D3CAFE11
file:..\..\ac1200.vhdl|io:i|time:1573694658|size:770|exec:0|csum:8E554C2D59489F98445153A73DDDDB57
file:..\..\packagebcd00.vhdl|io:i|time:1573694658|size:4573|exec:0|csum:6FAC51DA5889192C148AD4FB9E66801B
file:..\..\topbcd00.vhdl|io:i|time:1573694658|size:5482|exec:0|csum:58C2EE8E307AA680F09F10FF883E61CE
file:..\syntax.log|io:o|time:1573698917|size:1123|exec:0|csum:
file:..\..\..\..\..\..\..\..\..\..\..\lscc\diamond\3.11_x64\synpbase\bin64\c_vhdl.exe|io:i|time:1554128468|size:5997056|exec:1|csum:DAAAD176B5AB08B7BBDB4E321AED1C72
