
synpwrap -msg -prj "mult8bit00_mult8bit00_synplify.tcl" -log "mult8bit00_mult8bit00.srf"
Copyright (C) 1992-2016 Lattice Semiconductor Corporation. All rights reserved.
Lattice Diamond Version 3.7.0.96.1
    <postMsg mid="2011000" type="Info"    dynamic="0" navigation="0"  />

==contents of mult8bit00_mult8bit00.srf
#Build: Synplify Pro K-2015.09L-2, Build 126R, Dec 14 2015
#install: C:\lscc\diamond\3.7_x64\synpbase
#OS: Windows 8 6.2
#Hostname: OTHONIEL

# Wed Oct 19 11:25:30 2016

#Implementation: mult8bit00

Synopsys HDL Compiler, version comp201509p1, Build 145R, built Dec  9 2015
@N|Running in 64-bit mode
Copyright (C) 1994-2015 Synopsys, Inc. This software and the associated documentation are proprietary to Synopsys, Inc. This software may only be used in accordance with the terms and conditions of a written license agreement with Synopsys, Inc.  All other use, reproduction, or distribution of this software is strictly prohibited.

Synopsys VHDL Compiler, version comp201509p1, Build 145R, built Dec  9 2015
@N|Running in 64-bit mode
Copyright (C) 1994-2015 Synopsys, Inc. This software and the associated documentation are proprietary to Synopsys, Inc. This software may only be used in accordance with the terms and conditions of a written license agreement with Synopsys, Inc.  All other use, reproduction, or distribution of this software is strictly prohibited.

@N: CD720 :"C:\lscc\diamond\3.7_x64\synpbase\lib\vhd\std.vhd":123:18:123:21|Setting time resolution to ns
@N:"C:\Users\Othoniel\Desktop\Arquitectura de Computadoras\Practicas\mult8bit00\topmult8bit00.vhdl":9:7:9:19|Top entity is set to topmult8bit00.
Options changed - recompiling
VHDL syntax check successful!
Options changed - recompiling
@N: CD630 :"C:\Users\Othoniel\Desktop\Arquitectura de Computadoras\Practicas\mult8bit00\topmult8bit00.vhdl":9:7:9:19|Synthesizing work.topmult8bit00.topmult8bit0.
@W: CD796 :"C:\Users\Othoniel\Desktop\Arquitectura de Computadoras\Practicas\mult8bit00\topmult8bit00.vhdl":18:8:18:9|Bit 7 of signal s0 is undriven. Possible simulation mismatch as initial value or default value is ignored. To avoid simulation mismatches, explicitly drive this bit. 
@W: CD796 :"C:\Users\Othoniel\Desktop\Arquitectura de Computadoras\Practicas\mult8bit00\topmult8bit00.vhdl":18:20:18:21|Bit 7 of signal s3 is undriven. Possible simulation mismatch as initial value or default value is ignored. To avoid simulation mismatches, explicitly drive this bit. 
@W: CD796 :"C:\Users\Othoniel\Desktop\Arquitectura de Computadoras\Practicas\mult8bit00\topmult8bit00.vhdl":18:32:18:33|Bit 7 of signal s6 is undriven. Possible simulation mismatch as initial value or default value is ignored. To avoid simulation mismatches, explicitly drive this bit. 
@W: CD796 :"C:\Users\Othoniel\Desktop\Arquitectura de Computadoras\Practicas\mult8bit00\topmult8bit00.vhdl":18:44:18:45|Bit 7 of signal s9 is undriven. Possible simulation mismatch as initial value or default value is ignored. To avoid simulation mismatches, explicitly drive this bit. 
@W: CD796 :"C:\Users\Othoniel\Desktop\Arquitectura de Computadoras\Practicas\mult8bit00\topmult8bit00.vhdl":18:58:18:60|Bit 7 of signal s12 is undriven. Possible simulation mismatch as initial value or default value is ignored. To avoid simulation mismatches, explicitly drive this bit. 
@W: CD796 :"C:\Users\Othoniel\Desktop\Arquitectura de Computadoras\Practicas\mult8bit00\topmult8bit00.vhdl":18:73:18:75|Bit 7 of signal s15 is undriven. Possible simulation mismatch as initial value or default value is ignored. To avoid simulation mismatches, explicitly drive this bit. 
@W: CD796 :"C:\Users\Othoniel\Desktop\Arquitectura de Computadoras\Practicas\mult8bit00\topmult8bit00.vhdl":18:88:18:90|Bit 7 of signal s18 is undriven. Possible simulation mismatch as initial value or default value is ignored. To avoid simulation mismatches, explicitly drive this bit. 
@W: CD796 :"C:\Users\Othoniel\Desktop\Arquitectura de Computadoras\Practicas\mult8bit00\topmult8bit00.vhdl":18:98:18:100|Bit 7 of signal s20 is undriven. Possible simulation mismatch as initial value or default value is ignored. To avoid simulation mismatches, explicitly drive this bit. 
@N: CD630 :"C:\Users\Othoniel\Desktop\Arquitectura de Computadoras\Practicas\mult4bit00VHDL\topfa00.vhdl":9:7:9:13|Synthesizing work.topfa00.topfa0.
@N: CD630 :"C:\Users\Othoniel\Desktop\Arquitectura de Computadoras\Practicas\mult4bit00VHDL\or00.vhdl":7:7:7:10|Synthesizing work.or00.or0.
Post processing for work.or00.or0
@N: CD630 :"C:\Users\Othoniel\Desktop\Arquitectura de Computadoras\Practicas\mult4bit00VHDL\topha00.vhdl":9:7:9:13|Synthesizing work.topha00.topha0.
@N: CD630 :"C:\Users\Othoniel\Desktop\Arquitectura de Computadoras\Practicas\mult4bit00VHDL\xor00.vhdl":8:7:8:11|Synthesizing work.xor00.xor0.
Post processing for work.xor00.xor0
@N: CD630 :"C:\Users\Othoniel\Desktop\Arquitectura de Computadoras\Practicas\mult4bit00VHDL\and00.vhdl":8:7:8:11|Synthesizing work.and00.and0.
Post processing for work.and00.and0
Post processing for work.topha00.topha0
Post processing for work.topfa00.topfa0
Post processing for work.topmult8bit00.topmult8bit0

At c_vhdl Exit (Real Time elapsed 0h:00m:00s; CPU Time elapsed 0h:00m:00s; Memory used current: 76MB peak: 77MB)

Process took 0h:00m:01s realtime, 0h:00m:01s cputime

Process completed successfully.
# Wed Oct 19 11:25:31 2016

###########################################################]
Synopsys Netlist Linker, version comp201509p1, Build 145R, built Dec  9 2015
@N|Running in 64-bit mode

At syn_nfilter Exit (Real Time elapsed 0h:00m:00s; CPU Time elapsed 0h:00m:00s; Memory used current: 67MB peak: 68MB)

Process took 0h:00m:01s realtime, 0h:00m:01s cputime

Process completed successfully.
# Wed Oct 19 11:25:31 2016

###########################################################]
@END

At c_hdl Exit (Real Time elapsed 0h:00m:00s; CPU Time elapsed 0h:00m:00s; Memory used current: 3MB peak: 4MB)

Process took 0h:00m:01s realtime, 0h:00m:01s cputime

Process completed successfully.
# Wed Oct 19 11:25:31 2016

###########################################################]
Synopsys Netlist Linker, version comp201509p1, Build 145R, built Dec  9 2015
@N|Running in 64-bit mode

At syn_nfilter Exit (Real Time elapsed 0h:00m:00s; CPU Time elapsed 0h:00m:00s; Memory used current: 67MB peak: 68MB)

Process took 0h:00m:01s realtime, 0h:00m:01s cputime

Process completed successfully.
# Wed Oct 19 11:25:32 2016

###########################################################]
Pre-mapping Report

Synopsys Lattice Technology Pre-mapping, Version maplat, Build 1368R, Built Jan  8 2016 09:37:50
Copyright (C) 1994-2016 Synopsys, Inc. All rights reserved. This Synopsys software and all associated documentation are proprietary to Synopsys, Inc. and may only be used pursuant to the terms and conditions of a written license agreement with Synopsys, Inc. All other use, reproduction, modification, or distribution of the Synopsys software or the associated documentation is strictly prohibited.
Product Version K-2015.09L-2

Mapper Startup Complete (Real Time elapsed 0h:00m:00s; CPU Time elapsed 0h:00m:00s; Memory used current: 99MB peak: 100MB)

@L: C:\Users\Othoniel\Desktop\Arquitectura de Computadoras\Practicas\mult8bit00\mult8bit00\mult8bit00_mult8bit00_scck.rpt 
Printing clock  summary report in "C:\Users\Othoniel\Desktop\Arquitectura de Computadoras\Practicas\mult8bit00\mult8bit00\mult8bit00_mult8bit00_scck.rpt" file 
@N: MF248 |Running in 64-bit mode.
@N: MF666 |Clock conversion enabled 

Design Input Complete (Real Time elapsed 0h:00m:00s; CPU Time elapsed 0h:00m:00s; Memory used current: 100MB peak: 102MB)


Mapper Initialization Complete (Real Time elapsed 0h:00m:00s; CPU Time elapsed 0h:00m:00s; Memory used current: 100MB peak: 102MB)


Start loading timing files (Real Time elapsed 0h:00m:00s; CPU Time elapsed 0h:00m:00s; Memory used current: 112MB peak: 113MB)


Finished loading timing files (Real Time elapsed 0h:00m:00s; CPU Time elapsed 0h:00m:00s; Memory used current: 112MB peak: 115MB)

ICG Latch Removal Summary:
Number of ICG latches removed:	0
Number of ICG latches not removed:	0
syn_allowed_resources : blockrams=26  set on top level netlist topmult8bit00

Finished netlist restructuring (Real Time elapsed 0h:00m:00s; CPU Time elapsed 0h:00m:00s; Memory used current: 143MB peak: 144MB)



Clock Summary
*****************

Start     Requested     Requested     Clock     Clock
Clock     Frequency     Period        Type      Group
-----------------------------------------------------
=====================================================

Finished Pre Mapping Phase.

Starting constraint checker (Real Time elapsed 0h:00m:00s; CPU Time elapsed 0h:00m:00s; Memory used current: 143MB peak: 144MB)


Available hyper_sources - for debug and ip models
	None Found

None
None

Finished constraint checker (Real Time elapsed 0h:00m:00s; CPU Time elapsed 0h:00m:00s; Memory used current: 143MB peak: 144MB)

Pre-mapping successful!

At Mapper Exit (Real Time elapsed 0h:00m:00s; CPU Time elapsed 0h:00m:00s; Memory used current: 81MB peak: 144MB)

Process took 0h:00m:01s realtime, 0h:00m:01s cputime
# Wed Oct 19 11:25:33 2016

###########################################################]
Map & Optimize Report

Synopsys Lattice Technology Mapper, Version maplat, Build 1368R, Built Jan  8 2016 09:37:50
Copyright (C) 1994-2016 Synopsys, Inc. All rights reserved. This Synopsys software and all associated documentation are proprietary to Synopsys, Inc. and may only be used pursuant to the terms and conditions of a written license agreement with Synopsys, Inc. All other use, reproduction, modification, or distribution of the Synopsys software or the associated documentation is strictly prohibited.
Product Version K-2015.09L-2

Mapper Startup Complete (Real Time elapsed 0h:00m:00s; CPU Time elapsed 0h:00m:00s; Memory used current: 99MB peak: 99MB)

@N: MF248 |Running in 64-bit mode.
@N: MF666 |Clock conversion enabled 

Design Input Complete (Real Time elapsed 0h:00m:00s; CPU Time elapsed 0h:00m:00s; Memory used current: 99MB peak: 100MB)


Mapper Initialization Complete (Real Time elapsed 0h:00m:00s; CPU Time elapsed 0h:00m:00s; Memory used current: 99MB peak: 100MB)


Start loading timing files (Real Time elapsed 0h:00m:00s; CPU Time elapsed 0h:00m:00s; Memory used current: 111MB peak: 111MB)


Finished loading timing files (Real Time elapsed 0h:00m:00s; CPU Time elapsed 0h:00m:00s; Memory used current: 111MB peak: 114MB)



Starting Optimization and Mapping (Real Time elapsed 0h:00m:00s; CPU Time elapsed 0h:00m:00s; Memory used current: 138MB peak: 140MB)


Available hyper_sources - for debug and ip models
	None Found


Finished RTL optimizations (Real Time elapsed 0h:00m:00s; CPU Time elapsed 0h:00m:00s; Memory used current: 140MB peak: 141MB)


Starting factoring (Real Time elapsed 0h:00m:00s; CPU Time elapsed 0h:00m:00s; Memory used current: 140MB peak: 141MB)


Finished factoring (Real Time elapsed 0h:00m:01s; CPU Time elapsed 0h:00m:01s; Memory used current: 147MB peak: 147MB)


Finished gated-clock and generated-clock conversion (Real Time elapsed 0h:00m:01s; CPU Time elapsed 0h:00m:01s; Memory used current: 145MB peak: 147MB)


Finished generic timing optimizations - Pass 1 (Real Time elapsed 0h:00m:01s; CPU Time elapsed 0h:00m:01s; Memory used current: 148MB peak: 149MB)


Starting Early Timing Optimization (Real Time elapsed 0h:00m:01s; CPU Time elapsed 0h:00m:01s; Memory used current: 149MB peak: 149MB)


Finished Early Timing Optimization (Real Time elapsed 0h:00m:01s; CPU Time elapsed 0h:00m:01s; Memory used current: 149MB peak: 149MB)


Finished generic timing optimizations - Pass 2 (Real Time elapsed 0h:00m:01s; CPU Time elapsed 0h:00m:01s; Memory used current: 148MB peak: 149MB)


Finished preparing to map (Real Time elapsed 0h:00m:01s; CPU Time elapsed 0h:00m:01s; Memory used current: 148MB peak: 149MB)


Finished technology mapping (Real Time elapsed 0h:00m:02s; CPU Time elapsed 0h:00m:02s; Memory used current: 161MB peak: 163MB)

Pass		 CPU time		Worst Slack		Luts / Registers
------------------------------------------------------------
   1		0h:00m:02s		100000.00ns		 122 /         0

Finished technology timing optimizations and critical path resynthesis (Real Time elapsed 0h:00m:02s; CPU Time elapsed 0h:00m:02s; Memory used current: 161MB peak: 163MB)

@N: FX164 |The option to pack registers in the IOB has not been specified. Please set syn_useioff attribute.  

Finished restoring hierarchy (Real Time elapsed 0h:00m:02s; CPU Time elapsed 0h:00m:02s; Memory used current: 163MB peak: 164MB)



@S |Clock Optimization Summary


#### START OF CLOCK OPTIMIZATION REPORT #####[

0 non-gated/non-generated clock tree(s) driving 0 clock pin(s) of sequential element(s)
0 gated/generated clock tree(s) driving 0 clock pin(s) of sequential element(s)
0 instances converted, 0 sequential instances remain driven by gated/generated clocks



##### END OF CLOCK OPTIMIZATION REPORT ######]


Start Writing Netlists (Real Time elapsed 0h:00m:02s; CPU Time elapsed 0h:00m:02s; Memory used current: 128MB peak: 164MB)

Writing Analyst data base C:\Users\Othoniel\Desktop\Arquitectura de Computadoras\Practicas\mult8bit00\mult8bit00\synwork\mult8bit00_mult8bit00_m.srm

Finished Writing Netlist Databases (Real Time elapsed 0h:00m:02s; CPU Time elapsed 0h:00m:02s; Memory used current: 161MB peak: 164MB)

Writing EDIF Netlist and constraint files
@N: FX1056 |Writing EDF file: C:\Users\Othoniel\Desktop\Arquitectura de Computadoras\Practicas\mult8bit00\mult8bit00\mult8bit00_mult8bit00.edi
K-2015.09L-2
@N: BW106 |Synplicity Constraint File capacitance units using default value of 1pF 

Finished Writing EDIF Netlist and constraint files (Real Time elapsed 0h:00m:03s; CPU Time elapsed 0h:00m:03s; Memory used current: 165MB peak: 167MB)


Start final timing analysis (Real Time elapsed 0h:00m:03s; CPU Time elapsed 0h:00m:03s; Memory used current: 166MB peak: 167MB)



##### START OF TIMING REPORT #####[
# Timing Report written on Wed Oct 19 11:25:36 2016
#


Top view:               topmult8bit00
Requested Frequency:    1.0 MHz
Wire load mode:         top
Paths requested:        5
Constraint File(s):    
@N: MT320 |Timing report estimates place and route data. Please look at the place and route timing report for final timing.

@N: MT322 |Clock constraints cover only FF-to-FF paths associated with the clock.



Performance Summary
*******************


Worst slack in design: NA






Clock Relationships
*******************

Clocks            |    rise  to  rise   |    fall  to  fall   |    rise  to  fall   |    fall  to  rise 
--------------------------------------------------------------------------------------------------------
Starting  Ending  |  constraint  slack  |  constraint  slack  |  constraint  slack  |  constraint  slack
--------------------------------------------------------------------------------------------------------
========================================================================================================
 Note: 'No paths' indicates there are no paths in the design for that pair of clock edges.
       'Diff grp' indicates that paths exist but the starting clock and ending clock are in different clock groups.



Interface Information 
*********************

No IO constraint found


##### END OF TIMING REPORT #####]

Constraints that could not be applied
None

Finished final timing analysis (Real Time elapsed 0h:00m:03s; CPU Time elapsed 0h:00m:03s; Memory used current: 167MB peak: 167MB)


Finished timing report (Real Time elapsed 0h:00m:03s; CPU Time elapsed 0h:00m:03s; Memory used current: 167MB peak: 167MB)

---------------------------------------
Resource Usage Report
Part: lcmxo2_7000he-4

Register bits: 0 of 6864 (0%)
PIC Latch:       0
I/O cells:       32


Details:
GSR:            1
IB:             16
OB:             16
ORCALUT4:       120
PUR:            1
VHI:            1
VLO:            20
false:          214
true:           233
Mapper successful!

At Mapper Exit (Real Time elapsed 0h:00m:03s; CPU Time elapsed 0h:00m:03s; Memory used current: 54MB peak: 167MB)

Process took 0h:00m:03s realtime, 0h:00m:03s cputime
# Wed Oct 19 11:25:37 2016

###########################################################]


Synthesis exit by 0.

edif2ngd  -l "MachXO2" -d LCMXO2-7000HE -path "C:/Users/Othoniel/Desktop/Arquitectura de Computadoras/Practicas/mult8bit00/mult8bit00" -path "C:/Users/Othoniel/Desktop/Arquitectura de Computadoras/Practicas/mult8bit00"   "C:/Users/Othoniel/Desktop/Arquitectura de Computadoras/Practicas/mult8bit00/mult8bit00/mult8bit00_mult8bit00.edi" "mult8bit00_mult8bit00.ngo"   
edif2ngd:  version Diamond (64-bit) 3.7.0.96.1

Copyright (c) 1991-1994 by NeoCAD Inc. All rights reserved.
Copyright (c) 1995 AT&T Corp.   All rights reserved.
Copyright (c) 1995-2001 Lucent Technologies Inc.  All rights reserved.
Copyright (c) 2001 Agere Systems   All rights reserved.
Copyright (c) 2002-2016 Lattice Semiconductor Corporation,  All rights reserved.
Writing the design to mult8bit00_mult8bit00.ngo...

Total CPU Time: 0 secs  

Total REAL Time: 0 secs  


ngdbuild  -a "MachXO2" -d LCMXO2-7000HE  -p "C:/lscc/diamond/3.7_x64/ispfpga/xo2c00/data"  -p "C:/Users/Othoniel/Desktop/Arquitectura de Computadoras/Practicas/mult8bit00/mult8bit00" -p "C:/Users/Othoniel/Desktop/Arquitectura de Computadoras/Practicas/mult8bit00"  "mult8bit00_mult8bit00.ngo" "mult8bit00_mult8bit00.ngd"  	
ngdbuild:  version Diamond (64-bit) 3.7.0.96.1

Copyright (c) 1991-1994 by NeoCAD Inc. All rights reserved.
Copyright (c) 1995 AT&T Corp.   All rights reserved.
Copyright (c) 1995-2001 Lucent Technologies Inc.  All rights reserved.
Copyright (c) 2001 Agere Systems   All rights reserved.
Copyright (c) 2002-2016 Lattice Semiconductor Corporation,  All rights reserved.
Reading 'mult8bit00_mult8bit00.ngo' ...
Loading NGL library 'C:/lscc/diamond/3.7_x64/ispfpga/xo2c00a/data/xo2alib.ngl'...
Loading NGL library 'C:/lscc/diamond/3.7_x64/ispfpga/xo2c00/data/xo2clib.ngl'...
Loading NGL library 'C:/lscc/diamond/3.7_x64/ispfpga/mg5g00/data/mg5glib.ngl'...
Loading NGL library 'C:/lscc/diamond/3.7_x64/ispfpga/or5g00/data/orc5glib.ngl'...


Running DRC...

DRC complete with no errors or warnings

Design Results:
    174 blocks expanded
Complete the first expansion.
Writing 'mult8bit00_mult8bit00.ngd' ...
Total CPU Time: 0 secs  

Total REAL Time: 0 secs  


map -a "MachXO2" -p LCMXO2-7000HE -t TQFP144 -s 4 -oc Commercial   "mult8bit00_mult8bit00.ngd" -o "mult8bit00_mult8bit00_map.ncd" -pr "mult8bit00_mult8bit00.prf" -mp "mult8bit00_mult8bit00.mrp" -lpf "C:/Users/Othoniel/Desktop/Arquitectura de Computadoras/Practicas/mult8bit00/mult8bit00/mult8bit00_mult8bit00_synplify.lpf" -lpf "C:/Users/Othoniel/Desktop/Arquitectura de Computadoras/Practicas/mult8bit00/mult8bit00.lpf" -c 0            
map:  version Diamond (64-bit) 3.7.0.96.1

Copyright (c) 1991-1994 by NeoCAD Inc. All rights reserved.
Copyright (c) 1995 AT&T Corp.   All rights reserved.
Copyright (c) 1995-2001 Lucent Technologies Inc.  All rights reserved.
Copyright (c) 2001 Agere Systems   All rights reserved.
Copyright (c) 2002-2016 Lattice Semiconductor Corporation,  All rights reserved.
   Process the file: mult8bit00_mult8bit00.ngd
   Picdevice="LCMXO2-7000HE"

   Pictype="TQFP144"

   Picspeed=4

   Remove unused logic

   Do not produce over sized NCDs.

Part used: LCMXO2-7000HETQFP144, Performance used: 4.

Loading device for application map from file 'xo2c7000.nph' in environment: C:/lscc/diamond/3.7_x64/ispfpga.
Package Status:                     Final          Version 1.39.

Running general design DRC...

Removing unused logic...

Optimizing...




Design Summary:
   Number of registers:      0 out of  7209 (0%)
      PFU registers:            0 out of  6864 (0%)
      PIO registers:            0 out of   345 (0%)
   Number of SLICEs:        60 out of  3432 (2%)
      SLICEs as Logic/ROM:     60 out of  3432 (2%)
      SLICEs as RAM:            0 out of  2574 (0%)
      SLICEs as Carry:          0 out of  3432 (0%)
   Number of LUT4s:        120 out of  6864 (2%)
      Number used as logic LUTs:        120
      Number used as distributed RAM:     0
      Number used as ripple logic:        0
      Number used as shift registers:     0
   Number of PIO sites used: 32 + 4(JTAG) out of 115 (31%)
   Number of block RAMs:  0 out of 26 (0%)
   Number of GSRs:  0 out of 1 (0%)
   EFB used :       No
   JTAG used :      No
   Readback used :  No
   Oscillator used :  No
   Startup used :   No
   POR :            On
   Bandgap :        On
   Number of Power Controller:  0 out of 1 (0%)
   Number of Dynamic Bank Controller (BCINRD):  0 out of 6 (0%)
   Number of Dynamic Bank Controller (BCLVDSO):  0 out of 1 (0%)
   Number of DCCA:  0 out of 8 (0%)
   Number of DCMA:  0 out of 2 (0%)
   Number of PLLs:  0 out of 2 (0%)
   Number of DQSDLLs:  0 out of 2 (0%)
   Number of CLKDIVC:  0 out of 4 (0%)
   Number of ECLKSYNCA:  0 out of 4 (0%)
   Number of ECLKBRIDGECS:  0 out of 2 (0%)
   Notes:-
      1. Total number of LUT4s = (Number of logic LUT4s) + 2*(Number of distributed RAMs) + 2*(Number of ripple logic)
      2. Number of logic LUT4s does not include count of distributed RAM and ripple logic.
   Number of clocks:  0
   Number of Clock Enables:  0
   Number of LSRs:  0
   Number of nets driven by tri-state buffers:  0
   Top 10 highest fanout non-clock nets:
     Net Ai_c[1]: 16 loads
     Net Ai_c[7]: 16 loads
     Net Bi_c[2]: 16 loads
     Net Bi_c[3]: 16 loads
     Net Bi_c[4]: 16 loads
     Net Bi_c[5]: 16 loads
     Net Bi_c[6]: 16 loads
     Net Bi_c[7]: 16 loads
     Net Ai_c[0]: 15 loads
     Net Ai_c[2]: 15 loads
 

   Number of warnings:  0
   Number of errors:    0



Total CPU Time: 0 secs  
Total REAL Time: 0 secs  
Peak Memory Usage: 56 MB

Dumping design to file mult8bit00_mult8bit00_map.ncd.

mpartrce -p "mult8bit00_mult8bit00.p2t" -f "mult8bit00_mult8bit00.p3t" -tf "mult8bit00_mult8bit00.pt" "mult8bit00_mult8bit00_map.ncd" "mult8bit00_mult8bit00.ncd"

---- MParTrce Tool ----
Removing old design directory at request of -rem command line option to this program.
Running par. Please wait . . .

Lattice Place and Route Report for Design "mult8bit00_mult8bit00_map.ncd"
Wed Oct 19 11:25:40 2016

PAR: Place And Route Diamond (64-bit) 3.7.0.96.1.
Command Line: par -w -l 5 -i 6 -t 1 -c 0 -e 0 -gui -exp parUseNBR=1:parCDP=0:parCDR=0:parPathBased=OFF mult8bit00_mult8bit00_map.ncd mult8bit00_mult8bit00.dir/5_1.ncd mult8bit00_mult8bit00.prf
Preference file: mult8bit00_mult8bit00.prf.
Placement level-cost: 5-1.
Routing Iterations: 6

Loading design for application par from file mult8bit00_mult8bit00_map.ncd.
Design name: topmult8bit00
NCD version: 3.3
Vendor:      LATTICE
Device:      LCMXO2-7000HE
Package:     TQFP144
Performance: 4
Loading device for application par from file 'xo2c7000.nph' in environment: C:/lscc/diamond/3.7_x64/ispfpga.
Package Status:                     Final          Version 1.39.
Performance Hardware Data Status:   Final          Version 33.4.
License checked out.


Ignore Preference Error(s):  True
Device utilization summary:

   PIO (prelim)   32+4(JTAG)/336     11% used
                  32+4(JTAG)/115     31% bonded

   SLICE             60/3432          1% used



Number of Signals: 136
Number of Connections: 470

Pin Constraint Summary:
   32 out of 32 pins locked (100% locked).

No signal is selected as primary clock.


No signal is selected as secondary clock.

No signal is selected as Global Set/Reset.
Starting Placer Phase 0.

Finished Placer Phase 0.  REAL time: 0 secs 

Starting Placer Phase 1.
...................
Placer score = 44603.
Finished Placer Phase 1.  REAL time: 2 secs 

Starting Placer Phase 2.
.
Placer score =  44527
Finished Placer Phase 2.  REAL time: 2 secs 


------------------ Clock Report ------------------

Global Clock Resources:
  CLK_PIN    : 0 out of 8 (0%)
  PLL        : 0 out of 2 (0%)
  DCM        : 0 out of 2 (0%)
  DCC        : 0 out of 8 (0%)

Quadrants All (TL, TR, BL, BR) - Global Clocks:

  PRIMARY  : 0 out of 8 (0%)
  SECONDARY: 0 out of 8 (0%)

Edge Clocks:
  No edge clock selected.

--------------- End of Clock Report ---------------


I/O Usage Summary (final):
   32 + 4(JTAG) out of 336 (10.7%) PIO sites used.
   32 + 4(JTAG) out of 115 (31.3%) bonded PIO sites used.
   Number of PIO comps: 32; differential: 0.
   Number of Vref pins used: 0.

I/O Bank Usage Summary:
+----------+----------------+------------+-----------+
| I/O Bank | Usage          | Bank Vccio | Bank Vref |
+----------+----------------+------------+-----------+
| 0        | 16 / 28 ( 57%) | 2.5V       | -         |
| 1        | 0 / 29 (  0%)  | -          | -         |
| 2        | 16 / 29 ( 55%) | 2.5V       | -         |
| 3        | 0 / 9 (  0%)   | -          | -         |
| 4        | 0 / 10 (  0%)  | -          | -         |
| 5        | 0 / 10 (  0%)  | -          | -         |
+----------+----------------+------------+-----------+

Total placer CPU time: 2 secs 

Dumping design to file mult8bit00_mult8bit00.dir/5_1.ncd.


-----------------------------------------------------------------
INFO - par: ASE feature is off due to non timing-driven settings.  
-----------------------------------------------------------------

0 connections routed; 470 unrouted.
Starting router resource preassignment

Completed router resource preassignment. Real time: 4 secs 

Start NBR router at 11:25:44 10/19/16

*****************************************************************
Info: NBR allows conflicts(one node used by more than one signal)
      in the earlier iterations. In each iteration, it tries to  
      solve the conflicts while keeping the critical connections 
      routed as short as possible. The routing process is said to
      be completed when no conflicts exist and all connections   
      are routed.                                                
Note: NBR uses a different method to calculate timing slacks. The
      worst slack and total negative slack may not be the same as
      that in TRCE report. You should always run TRCE to verify  
      your design.                                               
*****************************************************************

Start NBR special constraint process at 11:25:44 10/19/16

Start NBR section for initial routing at 11:25:44 10/19/16
Level 4, iteration 1
4(0.00%) conflicts; 0(0.00%) untouched conn; 0 (nbr) score; real time: 4 secs 

Info: Initial congestion level at 75% usage is 0
Info: Initial congestion area  at 75% usage is 0 (0.00%)

Start NBR section for normal routing at 11:25:44 10/19/16
Level 4, iteration 1
3(0.00%) conflicts; 0(0.00%) untouched conn; 0 (nbr) score; real time: 4 secs 
Level 4, iteration 2
3(0.00%) conflicts; 0(0.00%) untouched conn; 0 (nbr) score; real time: 4 secs 
Level 4, iteration 3
1(0.00%) conflict; 0(0.00%) untouched conn; 0 (nbr) score; real time: 4 secs 
Level 4, iteration 4
0(0.00%) conflict; 0(0.00%) untouched conn; 0 (nbr) score; real time: 4 secs 

Start NBR section for re-routing at 11:25:44 10/19/16
Level 4, iteration 1
0(0.00%) conflict; 0(0.00%) untouched conn; 0 (nbr) score; real time: 4 secs 

Start NBR section for post-routing at 11:25:44 10/19/16

End NBR router with 0 unrouted connection

NBR Summary
-----------
  Number of unrouted connections : 0 (0.00%)
  Number of connections with timing violations : 0 (0.00%)
  Estimated worst slack<setup> : <n/a>
  Timing score<setup> : 0
-----------
Notes: The timing info is calculated for SETUP only and all PAR_ADJs are ignored.



Total CPU time 3 secs 
Total REAL time: 4 secs 
Completely routed.
End of route.  470 routed (100.00%); 0 unrouted.
Checking DRC ... 
No errors found.

Hold time timing score: 0, hold timing errors: 0

Timing score: 0 

Dumping design to file mult8bit00_mult8bit00.dir/5_1.ncd.


PAR_SUMMARY::Run status = completed
PAR_SUMMARY::Number of unrouted conns = 0
PAR_SUMMARY::Worst  slack<setup/<ns>> = <n/a>
PAR_SUMMARY::Timing score<setup/<ns>> = <n/a>
PAR_SUMMARY::Worst  slack<hold /<ns>> = <n/a>
PAR_SUMMARY::Timing score<hold /<ns>> = <n/a>
PAR_SUMMARY::Number of errors = 0

Total CPU  time to completion: 4 secs 
Total REAL time to completion: 4 secs 

par done!

Copyright (c) 1991-1994 by NeoCAD Inc. All rights reserved.
Copyright (c) 1995 AT&T Corp.   All rights reserved.
Copyright (c) 1995-2001 Lucent Technologies Inc.  All rights reserved.
Copyright (c) 2001 Agere Systems   All rights reserved.
Copyright (c) 2002-2016 Lattice Semiconductor Corporation,  All rights reserved.
Exiting par with exit code 0
Exiting mpartrce with exit code 0

bitgen -f "mult8bit00_mult8bit00.t2b" -w "mult8bit00_mult8bit00.ncd" -jedec "mult8bit00_mult8bit00.prf"


BITGEN: Bitstream Generator Diamond (64-bit) 3.7.0.96.1
Copyright (c) 1991-1994 by NeoCAD Inc. All rights reserved.
Copyright (c) 1995 AT&T Corp.   All rights reserved.
Copyright (c) 1995-2001 Lucent Technologies Inc.  All rights reserved.
Copyright (c) 2001 Agere Systems   All rights reserved.
Copyright (c) 2002-2016 Lattice Semiconductor Corporation,  All rights reserved.


Loading design for application Bitgen from file mult8bit00_mult8bit00.ncd.
Design name: topmult8bit00
NCD version: 3.3
Vendor:      LATTICE
Device:      LCMXO2-7000HE
Package:     TQFP144
Performance: 4
Loading device for application Bitgen from file 'xo2c7000.nph' in environment: C:/lscc/diamond/3.7_x64/ispfpga.
Package Status:                     Final          Version 1.39.
Performance Hardware Data Status:   Final          Version 33.4.

Running DRC.
DRC detected 0 errors and 0 warnings.
Reading Preference File from mult8bit00_mult8bit00.prf.

Preference Summary:
+---------------------------------+---------------------------------+
|  Preference                     |  Current Setting                |
+---------------------------------+---------------------------------+
|                         RamCfg  |                        Reset**  |
+---------------------------------+---------------------------------+
|                     MCCLK_FREQ  |                         2.08**  |
+---------------------------------+---------------------------------+
|                  CONFIG_SECURE  |                          OFF**  |
+---------------------------------+---------------------------------+
|                      JTAG_PORT  |                       ENABLE**  |
+---------------------------------+---------------------------------+
|                       SDM_PORT  |                      DISABLE**  |
+---------------------------------+---------------------------------+
|                 SLAVE_SPI_PORT  |                      DISABLE**  |
+---------------------------------+---------------------------------+
|                MASTER_SPI_PORT  |                      DISABLE**  |
+---------------------------------+---------------------------------+
|                       I2C_PORT  |                      DISABLE**  |
+---------------------------------+---------------------------------+
|        MUX_CONFIGURATION_PORTS  |                      DISABLE**  |
+---------------------------------+---------------------------------+
|                  CONFIGURATION  |                          CFG**  |
+---------------------------------+---------------------------------+
|                COMPRESS_CONFIG  |                           ON**  |
+---------------------------------+---------------------------------+
|                        MY_ASSP  |                          OFF**  |
+---------------------------------+---------------------------------+
|               ONE_TIME_PROGRAM  |                          OFF**  |
+---------------------------------+---------------------------------+
|                 ENABLE_TRANSFR  |                      DISABLE**  |
+---------------------------------+---------------------------------+
|                  SHAREDEBRINIT  |                      DISABLE**  |
+---------------------------------+---------------------------------+
|            BACKGROUND_RECONFIG  |                          OFF**  |
+---------------------------------+---------------------------------+
 *  Default setting.
 ** The specified setting matches the default setting.


Creating bit map...
 
Bitstream Status: Final           Version 1.90.
 
Saving bit stream in "mult8bit00_mult8bit00.jed".
 
===========
UFM Summary.
===========
UFM Size:        2046 Pages (128*2046 Bits).
UFM Utilization: General Purpose Flash Memory.
 
Available General Purpose Flash Memory: 2046 Pages (Page 0 to Page 2045).
Initialized UFM Pages:                     0 Page.
 
