Running in Lattice mode

sourcing C:\lscc\diamond\3.7_x64\synpbase\lib\message_override.tcl


Starting:    C:\lscc\diamond\3.7_x64\synpbase\bin64\mbin\synbatch.exe
Install:     C:\lscc\diamond\3.7_x64\synpbase
Hostname:    OTHONIEL
Date:        Wed Oct 19 11:25:29 2016
Version:     K-2015.09L-2

Arguments:   -product synplify_pro -batch mult8bit00_mult8bit00_synplify.tcl
ProductType: synplify_pro





log file: "C:\Users\Othoniel\Desktop\Arquitectura de Computadoras\Practicas\mult8bit00\mult8bit00\mult8bit00_mult8bit00.srr"

Running: hdl_info_gen in foreground



Generating HDL info...


hdl_info_gen Completed
Return Code: 0
Run Time:0h:00m:00s

log file: "C:\Users\Othoniel\Desktop\Arquitectura de Computadoras\Practicas\mult8bit00\mult8bit00\mult8bit00_mult8bit00.srr"

Running: mult8bit00 in foreground



Running proj_1|mult8bit00


Running: compile (Compile) on proj_1|mult8bit00


Running: compile_flow (Compile Process) on proj_1|mult8bit00


Running: compiler (Compile Input) on proj_1|mult8bit00

Copied C:\Users\Othoniel\Desktop\Arquitectura de Computadoras\Practicas\mult8bit00\mult8bit00\synwork\mult8bit00_mult8bit00_comp.srs to C:\Users\Othoniel\Desktop\Arquitectura de Computadoras\Practicas\mult8bit00\mult8bit00\mult8bit00_mult8bit00.srs


compiler Completed
Return Code: 0
Run Time:0h:00m:02s


Running: multi_srs_gen (Multi-srs Generator) on proj_1|mult8bit00

Copied C:\Users\Othoniel\Desktop\Arquitectura de Computadoras\Practicas\mult8bit00\mult8bit00\synwork\mult8bit00_mult8bit00_comp.srs to C:\Users\Othoniel\Desktop\Arquitectura de Computadoras\Practicas\mult8bit00\mult8bit00\synwork\mult8bit00_mult8bit00_s.srs


multi_srs_gen Completed
Return Code: 0
Run Time:0h:00m:00s

Copied C:\Users\Othoniel\Desktop\Arquitectura de Computadoras\Practicas\mult8bit00\mult8bit00\mult8bit00_mult8bit00.srr to C:\Users\Othoniel\Desktop\Arquitectura de Computadoras\Practicas\mult8bit00\mult8bit00\mult8bit00_mult8bit00.srf

Complete: Compile Process on proj_1|mult8bit00


Running: premap (Pre-mapping) on proj_1|mult8bit00


premap Completed
Return Code: 0
Run Time:0h:00m:01s

Complete: Compile on proj_1|mult8bit00


Running: map (Map) on proj_1|mult8bit00

License granted for 4 parallel jobs


Running: fpga_mapper (Map & Optimize) on proj_1|mult8bit00

Copied C:\Users\Othoniel\Desktop\Arquitectura de Computadoras\Practicas\mult8bit00\mult8bit00\synwork\mult8bit00_mult8bit00_m.srm to C:\Users\Othoniel\Desktop\Arquitectura de Computadoras\Practicas\mult8bit00\mult8bit00\mult8bit00_mult8bit00.srm


fpga_mapper Completed
Return Code: 0
Run Time:0h:00m:04s

Complete: Map on proj_1|mult8bit00

Copied C:\Users\Othoniel\Desktop\Arquitectura de Computadoras\Practicas\mult8bit00\mult8bit00\mult8bit00_mult8bit00.srr to C:\Users\Othoniel\Desktop\Arquitectura de Computadoras\Practicas\mult8bit00\mult8bit00\mult8bit00_mult8bit00.srf

Complete: Logic Synthesis on proj_1|mult8bit00

TCL script complete: "mult8bit00_mult8bit00_synplify.tcl"

exit status=0

exit status=0

Save changes for project:
C:\Users\Othoniel\Desktop\Arquitectura de Computadoras\Practicas\mult8bit00\mult8bit00\proj_1.prj

batch mode default:no

