
synpwrap -msg -prj "lcd00_lcd0_synplify.tcl" -log "lcd00_lcd0.srf"
Copyright (C) 1992-2019 Lattice Semiconductor Corporation. All rights reserved.
Lattice Diamond Version 3.11.0.396.4
    <postMsg mid="2011000" type="Info"    dynamic="0" navigation="0"  />

==contents of lcd00_lcd0.srf
#Build: Synplify Pro (R) N-2018.03L-SP1-1, Build 443R, Apr  1 2019
#install: C:\lscc\diamond\3.11_x64\synpbase
#OS: Windows 8 6.2
#Hostname: DESKTOP-496B8RB

# Sat Oct 19 11:51:38 2019

#Implementation: lcd0


Copyright (C) 1994-2018 Synopsys, Inc.
This Synopsys software and all associated documentation are proprietary to Synopsys, Inc.
and may only be used pursuant to the terms and conditions of a written license agreement
with Synopsys, Inc. All other use, reproduction, modification, or distribution of the
Synopsys software or the associated documentation is strictly prohibited.
Tool: Synplify Pro (R)
Build: N-2018.03L-SP1-1
Install: C:\lscc\diamond\3.11_x64\synpbase
OS: Windows 6.2

Hostname: DESKTOP-496B8RB

Implementation : lcd0
Synopsys HDL Compiler, Version comp2018q2p1, Build 461R, Built Apr  1 2019 09:17:43

@N|Running in 64-bit mode

Copyright (C) 1994-2018 Synopsys, Inc.
This Synopsys software and all associated documentation are proprietary to Synopsys, Inc.
and may only be used pursuant to the terms and conditions of a written license agreement
with Synopsys, Inc. All other use, reproduction, modification, or distribution of the
Synopsys software or the associated documentation is strictly prohibited.
Tool: Synplify Pro (R)
Build: N-2018.03L-SP1-1
Install: C:\lscc\diamond\3.11_x64\synpbase
OS: Windows 6.2

Hostname: DESKTOP-496B8RB

Implementation : lcd0
Synopsys VHDL Compiler, Version comp2018q2p1, Build 461R, Built Apr  1 2019 09:17:43

@N|Running in 64-bit mode
@N:"C:\Users\ameri\Documentos\Arquitectura-de-Computadoras-master\II\Practicas\lcd00\toplcd00.vhd":9:7:9:14|Top entity is set to toplcd00.
File C:\lscc\diamond\3.11_x64\synpbase\lib\cpld\lattice.vhd changed - recompiling
File C:\Users\ameri\Documentos\Arquitectura-de-Computadoras-master\II\Practicas\lcd00\osc00.vhd changed - recompiling
File C:\Users\ameri\Documentos\Arquitectura-de-Computadoras-master\II\Practicas\lcd00\packagediv00.vhd changed - recompiling
File C:\Users\ameri\Documentos\Arquitectura-de-Computadoras-master\II\Practicas\lcd00\lcdContConfig00.vhd changed - recompiling
File C:\Users\ameri\Documentos\Arquitectura-de-Computadoras-master\II\Practicas\lcd00\lcdConfig00.vhd changed - recompiling
File C:\Users\ameri\Documentos\Arquitectura-de-Computadoras-master\II\Practicas\lcd00\lcdContData00.vhd changed - recompiling
File C:\Users\ameri\Documentos\Arquitectura-de-Computadoras-master\II\Practicas\lcd00\lcdData00.vhd changed - recompiling
File C:\Users\ameri\Documentos\Arquitectura-de-Computadoras-master\II\Practicas\lcd00\lcdmux00.vhd changed - recompiling
File C:\Users\ameri\Documentos\Arquitectura-de-Computadoras-master\II\Practicas\lcd00\packagelcd00.vhd changed - recompiling
File C:\Users\ameri\Documentos\Arquitectura-de-Computadoras-master\II\Practicas\lcd00\topdiv00.vhd changed - recompiling
File C:\Users\ameri\Documentos\Arquitectura-de-Computadoras-master\II\Practicas\lcd00\toplcd00.vhd changed - recompiling
VHDL syntax check successful!
File C:\Users\ameri\Documentos\Arquitectura-de-Computadoras-master\II\Practicas\lcd00\lcdData00.vhd changed - recompiling
@N: CD630 :"C:\Users\ameri\Documentos\Arquitectura-de-Computadoras-master\II\Practicas\lcd00\toplcd00.vhd":9:7:9:14|Synthesizing work.toplcd00.toplcd0.
@N: CD630 :"C:\Users\ameri\Documentos\Arquitectura-de-Computadoras-master\II\Practicas\lcd00\lcdmux00.vhd":8:7:8:14|Synthesizing work.lcdmux00.lcdmux0.
Post processing for work.lcdmux00.lcdmux0
Running optimization stage 1 on lcdmux00 .......
@N: CD630 :"C:\Users\ameri\Documentos\Arquitectura-de-Computadoras-master\II\Practicas\lcd00\lcdData00.vhd":8:7:8:15|Synthesizing work.lcddata00.lcddata0.
Post processing for work.lcddata00.lcddata0
Running optimization stage 1 on lcdData00 .......
@N: CL189 :"C:\Users\ameri\Documentos\Arquitectura-de-Computadoras-master\II\Practicas\lcd00\lcdData00.vhd":36:4:36:5|Register bit outWordd(7) is always 0.
@W: CL260 :"C:\Users\ameri\Documentos\Arquitectura-de-Computadoras-master\II\Practicas\lcd00\lcdData00.vhd":36:4:36:5|Pruning register bit 7 of outWordd(7 downto 0). If this is not the intended behavior, drive the input with valid values, or an input from the top level.
@N: CD630 :"C:\Users\ameri\Documentos\Arquitectura-de-Computadoras-master\II\Practicas\lcd00\lcdContData00.vhd":8:7:8:19|Synthesizing work.lcdcontdata00.lcdcontdata0.
@N: CD364 :"C:\Users\ameri\Documentos\Arquitectura-de-Computadoras-master\II\Practicas\lcd00\lcdContData00.vhd":39:5:39:13|Removing redundant assignment.
Post processing for work.lcdcontdata00.lcdcontdata0
Running optimization stage 1 on lcdContData00 .......
@N: CD630 :"C:\Users\ameri\Documentos\Arquitectura-de-Computadoras-master\II\Practicas\lcd00\lcdConfig00.vhd":8:7:8:17|Synthesizing work.lcdconfig00.lcdconfig0.
Post processing for work.lcdconfig00.lcdconfig0
Running optimization stage 1 on lcdConfig00 .......
@N: CL189 :"C:\Users\ameri\Documentos\Arquitectura-de-Computadoras-master\II\Practicas\lcd00\lcdConfig00.vhd":25:4:25:5|Register bit RSc is always 0.
@N: CL189 :"C:\Users\ameri\Documentos\Arquitectura-de-Computadoras-master\II\Practicas\lcd00\lcdConfig00.vhd":25:4:25:5|Register bit RWc is always 0.
@N: CL189 :"C:\Users\ameri\Documentos\Arquitectura-de-Computadoras-master\II\Practicas\lcd00\lcdConfig00.vhd":25:4:25:5|Register bit outCommandc(6) is always 0.
@W: CL260 :"C:\Users\ameri\Documentos\Arquitectura-de-Computadoras-master\II\Practicas\lcd00\lcdConfig00.vhd":25:4:25:5|Pruning register bit 6 of outCommandc(7 downto 0). If this is not the intended behavior, drive the input with valid values, or an input from the top level.
@N: CD630 :"C:\Users\ameri\Documentos\Arquitectura-de-Computadoras-master\II\Practicas\lcd00\lcdContConfig00.vhd":8:7:8:21|Synthesizing work.lcdcontconfig00.lcdcontconfig0.
@N: CD364 :"C:\Users\ameri\Documentos\Arquitectura-de-Computadoras-master\II\Practicas\lcd00\lcdContConfig00.vhd":32:5:32:13|Removing redundant assignment.
Post processing for work.lcdcontconfig00.lcdcontconfig0
Running optimization stage 1 on lcdContConfig00 .......
@N: CD630 :"C:\Users\ameri\Documentos\Arquitectura-de-Computadoras-master\II\Practicas\lcd00\topdiv00.vhd":7:7:7:14|Synthesizing work.topdiv00.topdiv0.
@N: CD630 :"C:\Users\ameri\Documentos\Arquitectura-de-Computadoras-master\II\Practicas\lcd00\div00.vhd":8:7:8:11|Synthesizing work.div00.div0.
@N: CD364 :"C:\Users\ameri\Documentos\Arquitectura-de-Computadoras-master\II\Practicas\lcd00\div00.vhd":28:5:28:10|Removing redundant assignment.
@N: CD364 :"C:\Users\ameri\Documentos\Arquitectura-de-Computadoras-master\II\Practicas\lcd00\div00.vhd":36:5:36:10|Removing redundant assignment.
@N: CD364 :"C:\Users\ameri\Documentos\Arquitectura-de-Computadoras-master\II\Practicas\lcd00\div00.vhd":44:5:44:10|Removing redundant assignment.
@N: CD364 :"C:\Users\ameri\Documentos\Arquitectura-de-Computadoras-master\II\Practicas\lcd00\div00.vhd":52:5:52:10|Removing redundant assignment.
@N: CD364 :"C:\Users\ameri\Documentos\Arquitectura-de-Computadoras-master\II\Practicas\lcd00\div00.vhd":60:5:60:10|Removing redundant assignment.
@N: CD364 :"C:\Users\ameri\Documentos\Arquitectura-de-Computadoras-master\II\Practicas\lcd00\div00.vhd":68:5:68:10|Removing redundant assignment.
@N: CD364 :"C:\Users\ameri\Documentos\Arquitectura-de-Computadoras-master\II\Practicas\lcd00\div00.vhd":76:5:76:10|Removing redundant assignment.
@N: CD364 :"C:\Users\ameri\Documentos\Arquitectura-de-Computadoras-master\II\Practicas\lcd00\div00.vhd":84:5:84:10|Removing redundant assignment.
Post processing for work.div00.div0
Running optimization stage 1 on div00 .......
@N: CD630 :"C:\Users\ameri\Documentos\Arquitectura-de-Computadoras-master\II\Practicas\lcd00\osc00.vhd":6:7:6:11|Synthesizing work.osc00.osc0.
@W: CD276 :"C:\lscc\diamond\3.11_x64\cae_library\synthesis\vhdl\machxo2.vhd":2297:8:2297:15|Map for port sedstdby of component osch not found
@N: CD630 :"C:\lscc\diamond\3.11_x64\cae_library\synthesis\vhdl\machxo2.vhd":2291:10:2291:13|Synthesizing work.osch.syn_black_box.
Post processing for work.osch.syn_black_box
Running optimization stage 1 on OSCH .......
Post processing for work.osc00.osc0
Running optimization stage 1 on osc00 .......
Post processing for work.topdiv00.topdiv0
Running optimization stage 1 on topdiv00 .......
Post processing for work.toplcd00.toplcd0
Running optimization stage 1 on toplcd00 .......
Running optimization stage 2 on OSCH .......
Running optimization stage 2 on osc00 .......
Running optimization stage 2 on div00 .......
Running optimization stage 2 on topdiv00 .......
Running optimization stage 2 on lcdContConfig00 .......
Running optimization stage 2 on lcdConfig00 .......
Running optimization stage 2 on lcdContData00 .......
@W: CL138 :"C:\Users\ameri\Documentos\Arquitectura-de-Computadoras-master\II\Practicas\lcd00\lcdContData00.vhd":26:4:26:5|Removing register 'RWcd' because it is only assigned 0 or its original value.
@N: CL189 :"C:\Users\ameri\Documentos\Arquitectura-de-Computadoras-master\II\Practicas\lcd00\lcdContData00.vhd":26:4:26:5|Register bit RScd is always 1.
@N: CL189 :"C:\Users\ameri\Documentos\Arquitectura-de-Computadoras-master\II\Practicas\lcd00\lcdContData00.vhd":26:4:26:5|Register bit outcontcd(4) is always 0.
@W: CL260 :"C:\Users\ameri\Documentos\Arquitectura-de-Computadoras-master\II\Practicas\lcd00\lcdContData00.vhd":26:4:26:5|Pruning register bit 4 of outcontcd(4 downto 0). If this is not the intended behavior, drive the input with valid values, or an input from the top level.
Running optimization stage 2 on lcdData00 .......
Running optimization stage 2 on lcdmux00 .......
Running optimization stage 2 on toplcd00 .......

For a summary of runtime and memory usage per design unit, please see file:
==========================================================
@L: C:\Users\ameri\Documentos\Arquitectura-de-Computadoras-master\II\Practicas\lcd00\lcd0\synwork\layer0.rt.csv


At c_vhdl Exit (Real Time elapsed 0h:00m:00s; CPU Time elapsed 0h:00m:00s; Memory used current: 76MB peak: 79MB)

Process took 0h:00m:01s realtime, 0h:00m:01s cputime

Process completed successfully.
# Sat Oct 19 11:51:39 2019

###########################################################]

Copyright (C) 1994-2018 Synopsys, Inc.
This Synopsys software and all associated documentation are proprietary to Synopsys, Inc.
and may only be used pursuant to the terms and conditions of a written license agreement
with Synopsys, Inc. All other use, reproduction, modification, or distribution of the
Synopsys software or the associated documentation is strictly prohibited.
Tool: Synplify Pro (R)
Build: N-2018.03L-SP1-1
Install: C:\lscc\diamond\3.11_x64\synpbase
OS: Windows 6.2

Hostname: DESKTOP-496B8RB

Implementation : lcd0
Synopsys Synopsys Netlist Linker, Version comp2018q2p1, Build 461R, Built Apr  1 2019 09:17:43

@N|Running in 64-bit mode
File C:\Users\ameri\Documentos\Arquitectura-de-Computadoras-master\II\Practicas\lcd00\lcd0\synwork\layer0.srs changed - recompiling

At syn_nfilter Exit (Real Time elapsed 0h:00m:00s; CPU Time elapsed 0h:00m:00s; Memory used current: 67MB peak: 68MB)

Process took 0h:00m:01s realtime, 0h:00m:01s cputime

Process completed successfully.
# Sat Oct 19 11:51:40 2019

###########################################################]

For a summary of runtime and memory usage for all design units, please see file:
==========================================================
@L: C:\Users\ameri\Documentos\Arquitectura-de-Computadoras-master\II\Practicas\lcd00\lcd0\synwork\lcd00_lcd0_comp.rt.csv

@END

At c_hdl Exit (Real Time elapsed 0h:00m:01s; CPU Time elapsed 0h:00m:00s; Memory used current: 3MB peak: 4MB)

Process took 0h:00m:01s realtime, 0h:00m:01s cputime

Process completed successfully.
# Sat Oct 19 11:51:40 2019

###########################################################]

Copyright (C) 1994-2018 Synopsys, Inc.
This Synopsys software and all associated documentation are proprietary to Synopsys, Inc.
and may only be used pursuant to the terms and conditions of a written license agreement
with Synopsys, Inc. All other use, reproduction, modification, or distribution of the
Synopsys software or the associated documentation is strictly prohibited.
Tool: Synplify Pro (R)
Build: N-2018.03L-SP1-1
Install: C:\lscc\diamond\3.11_x64\synpbase
OS: Windows 6.2

Hostname: DESKTOP-496B8RB

Database state : C:\Users\ameri\Documentos\Arquitectura-de-Computadoras-master\II\Practicas\lcd00\lcd0\synwork\|lcd0
Synopsys Synopsys Netlist Linker, Version comp2018q2p1, Build 461R, Built Apr  1 2019 09:17:43

@N|Running in 64-bit mode
File C:\Users\ameri\Documentos\Arquitectura-de-Computadoras-master\II\Practicas\lcd00\lcd0\synwork\lcd00_lcd0_comp.srs changed - recompiling

At syn_nfilter Exit (Real Time elapsed 0h:00m:00s; CPU Time elapsed 0h:00m:00s; Memory used current: 67MB peak: 68MB)

Process took 0h:00m:01s realtime, 0h:00m:01s cputime

Process completed successfully.
# Sat Oct 19 11:51:42 2019

###########################################################]
Premap Report

# Sat Oct 19 11:51:42 2019


Copyright (C) 1994-2018 Synopsys, Inc.
This Synopsys software and all associated documentation are proprietary to Synopsys, Inc.
and may only be used pursuant to the terms and conditions of a written license agreement
with Synopsys, Inc. All other use, reproduction, modification, or distribution of the
Synopsys software or the associated documentation is strictly prohibited.
Tool: Synplify Pro (R)
Build: N-2018.03L-SP1-1
Install: C:\lscc\diamond\3.11_x64\synpbase
OS: Windows 6.2

Hostname: DESKTOP-496B8RB

Implementation : lcd0
Synopsys Lattice Technology Pre-mapping, Version maplat2018q2p1, Build 055R, Built Apr  3 2019 09:51:54


Mapper Startup Complete (Real Time elapsed 0h:00m:00s; CPU Time elapsed 0h:00m:00s; Memory used current: 99MB peak: 100MB)

@A: MF827 |No constraint file specified.
@N: MF284 |Setting synthesis effort to medium for the design
@L: C:\Users\ameri\Documentos\Arquitectura-de-Computadoras-master\II\Practicas\lcd00\lcd0\lcd00_lcd0_scck.rpt 
Printing clock  summary report in "C:\Users\ameri\Documentos\Arquitectura-de-Computadoras-master\II\Practicas\lcd00\lcd0\lcd00_lcd0_scck.rpt" file 
@N: MF916 |Option synthesis_strategy=base is enabled. 
@N: MF248 |Running in 64-bit mode.
@N: MF666 |Clock conversion enabled. (Command "set_option -fix_gated_and_generated_clocks 1" in the project file.)

Design Input Complete (Real Time elapsed 0h:00m:00s; CPU Time elapsed 0h:00m:00s; Memory used current: 100MB peak: 102MB)


Mapper Initialization Complete (Real Time elapsed 0h:00m:00s; CPU Time elapsed 0h:00m:00s; Memory used current: 100MB peak: 102MB)


Start loading timing files (Real Time elapsed 0h:00m:00s; CPU Time elapsed 0h:00m:00s; Memory used current: 113MB peak: 113MB)


Finished loading timing files (Real Time elapsed 0h:00m:00s; CPU Time elapsed 0h:00m:00s; Memory used current: 113MB peak: 115MB)

@N: MF284 |Setting synthesis effort to medium for the design
@W: FX474 |User-specified initial value defined for some sequential elements which can prevent optimum synthesis results from being achieved. 
@N: MH105 |UMR3 is only supported for HAPS-80.
@N: MH105 |UMR3 is only supported for HAPS-80.
syn_allowed_resources : blockrams=26  set on top level netlist toplcd00

Finished netlist restructuring (Real Time elapsed 0h:00m:00s; CPU Time elapsed 0h:00m:00s; Memory used current: 141MB peak: 143MB)



Clock Summary
******************

          Start                            Requested     Requested     Clock                                           Clock                   Clock
Level     Clock                            Frequency     Period        Type                                            Group                   Load 
----------------------------------------------------------------------------------------------------------------------------------------------------
0 -       osc00|osc_int_inferred_clock     2.1 MHz       480.769       inferred                                        Inferred_clkgroup_0     22   
1 .         div00|outdiv_derived_clock     2.1 MHz       480.769       derived (from osc00|osc_int_inferred_clock)     Inferred_clkgroup_0     28   
====================================================================================================================================================



Clock Load Summary
***********************

                                 Clock     Source                           Clock Pin                  Non-clock Pin     Non-clock Pin
Clock                            Load      Pin                              Seq Example                Seq Example       Comb Example 
--------------------------------------------------------------------------------------------------------------------------------------
osc00|osc_int_inferred_clock     22        LC00.OS00.OSCInst0.OSC(OSCH)     LC00.OS01.outdiv.C         -                 -            
div00|outdiv_derived_clock       28        LC00.OS01.outdiv.Q[0](dffe)      LC04.outWordd_1[6:0].C     -                 -            
======================================================================================================================================

@W: MT529 :"c:\users\ameri\documentos\arquitectura-de-computadoras-master\ii\practicas\lcd00\div00.vhd":20:4:20:5|Found inferred clock osc00|osc_int_inferred_clock which controls 22 sequential elements including LC00.OS01.sdiv[20:0]. This clock has no specified timing constraint which may prevent conversion of gated or generated clocks and may adversely impact design performance. 

ICG Latch Removal Summary:
Number of ICG latches removed: 0
Number of ICG latches not removed:	0


@S |Clock Optimization Summary



#### START OF PREMAP CLOCK OPTIMIZATION REPORT #####[

0 non-gated/non-generated clock tree(s) driving 0 clock pin(s) of sequential element(s)
2 gated/generated clock tree(s) driving 50 clock pin(s) of sequential element(s)
0 instances converted, 50 sequential instances remain driven by gated/generated clocks

=================================================================== Gated/Generated Clocks ===================================================================
Clock Tree ID     Driving Element            Drive Element Type     Unconverted Fanout     Sample Instance          Explanation                               
--------------------------------------------------------------------------------------------------------------------------------------------------------------
@KP:ckid0_0       LC00.OS01.outdiv.Q[0]      dffe                   28                     LC04.outWordd_1[6:0]     Derived clock on input (not legal for GCC)
@KP:ckid0_2       LC00.OS00.OSCInst0.OSC     OSCH                   22                     LC00.OS01.sdiv[20:0]     Black box on clock path                   
==============================================================================================================================================================


##### END OF CLOCK OPTIMIZATION REPORT ######

@N: FX1143 |Skipping assigning INTERNAL_VREF to iobanks, because the table of mapping from pin to iobank is not initialized.
Finished Pre Mapping Phase.

Starting constraint checker (Real Time elapsed 0h:00m:01s; CPU Time elapsed 0h:00m:00s; Memory used current: 141MB peak: 143MB)


Finished constraint checker preprocessing (Real Time elapsed 0h:00m:01s; CPU Time elapsed 0h:00m:00s; Memory used current: 141MB peak: 143MB)

None
None

Finished constraint checker (Real Time elapsed 0h:00m:01s; CPU Time elapsed 0h:00m:00s; Memory used current: 141MB peak: 143MB)

Pre-mapping successful!

At Mapper Exit (Real Time elapsed 0h:00m:01s; CPU Time elapsed 0h:00m:00s; Memory used current: 57MB peak: 143MB)

Process took 0h:00m:01s realtime, 0h:00m:01s cputime
# Sat Oct 19 11:51:44 2019

###########################################################]
Map & Optimize Report

# Sat Oct 19 11:51:45 2019


Copyright (C) 1994-2018 Synopsys, Inc.
This Synopsys software and all associated documentation are proprietary to Synopsys, Inc.
and may only be used pursuant to the terms and conditions of a written license agreement
with Synopsys, Inc. All other use, reproduction, modification, or distribution of the
Synopsys software or the associated documentation is strictly prohibited.
Tool: Synplify Pro (R)
Build: N-2018.03L-SP1-1
Install: C:\lscc\diamond\3.11_x64\synpbase
OS: Windows 6.2

Hostname: DESKTOP-496B8RB

Implementation : lcd0
Synopsys Lattice Technology Mapper, Version maplat2018q2p1, Build 055R, Built Apr  3 2019 09:51:54


Mapper Startup Complete (Real Time elapsed 0h:00m:00s; CPU Time elapsed 0h:00m:00s; Memory used current: 99MB peak: 100MB)

@N: MF284 |Setting synthesis effort to medium for the design
@N: MF916 |Option synthesis_strategy=base is enabled. 
@N: MF248 |Running in 64-bit mode.
@N: MF666 |Clock conversion enabled. (Command "set_option -fix_gated_and_generated_clocks 1" in the project file.)

Design Input Complete (Real Time elapsed 0h:00m:00s; CPU Time elapsed 0h:00m:00s; Memory used current: 98MB peak: 100MB)


Mapper Initialization Complete (Real Time elapsed 0h:00m:00s; CPU Time elapsed 0h:00m:00s; Memory used current: 98MB peak: 100MB)


Start loading timing files (Real Time elapsed 0h:00m:00s; CPU Time elapsed 0h:00m:00s; Memory used current: 112MB peak: 112MB)


Finished loading timing files (Real Time elapsed 0h:00m:00s; CPU Time elapsed 0h:00m:00s; Memory used current: 112MB peak: 114MB)

@N: MF284 |Setting synthesis effort to medium for the design


Starting Optimization and Mapping (Real Time elapsed 0h:00m:00s; CPU Time elapsed 0h:00m:00s; Memory used current: 140MB peak: 142MB)


Available hyper_sources - for debug and ip models
	None Found

@W: FA239 :"c:\users\ameri\documentos\arquitectura-de-computadoras-master\ii\practicas\lcd00\lcdconfig00.vhd":32:6:32:9|ROM outCommandc_cnst[7] (in view: work.lcdConfig00(lcdconfig0)) mapped in logic. To map to a technology ROM, apply attribute syn_romstyle on this instance.
@W: FA239 :"c:\users\ameri\documentos\arquitectura-de-computadoras-master\ii\practicas\lcd00\lcdconfig00.vhd":32:6:32:9|ROM outCommandc_cnst[5:0] (in view: work.lcdConfig00(lcdconfig0)) mapped in logic. To map to a technology ROM, apply attribute syn_romstyle on this instance.
@W: FA239 :"c:\users\ameri\documentos\arquitectura-de-computadoras-master\ii\practicas\lcd00\lcdconfig00.vhd":32:6:32:9|ROM ENc_cnst (in view: work.lcdConfig00(lcdconfig0)) mapped in logic. To map to a technology ROM, apply attribute syn_romstyle on this instance.
@W: FA239 :"c:\users\ameri\documentos\arquitectura-de-computadoras-master\ii\practicas\lcd00\lcdconfig00.vhd":32:6:32:9|ROM outCommandc_cnst[7] (in view: work.lcdConfig00(lcdconfig0)) mapped in logic. To map to a technology ROM, apply attribute syn_romstyle on this instance.
@N: MO106 :"c:\users\ameri\documentos\arquitectura-de-computadoras-master\ii\practicas\lcd00\lcdconfig00.vhd":32:6:32:9|Found ROM outCommandc_cnst[7] (in view: work.lcdConfig00(lcdconfig0)) with 18 words by 1 bit.
@W: FA239 :"c:\users\ameri\documentos\arquitectura-de-computadoras-master\ii\practicas\lcd00\lcdconfig00.vhd":32:6:32:9|ROM outCommandc_cnst[5:0] (in view: work.lcdConfig00(lcdconfig0)) mapped in logic. To map to a technology ROM, apply attribute syn_romstyle on this instance.
@N: MO106 :"c:\users\ameri\documentos\arquitectura-de-computadoras-master\ii\practicas\lcd00\lcdconfig00.vhd":32:6:32:9|Found ROM outCommandc_cnst[5:0] (in view: work.lcdConfig00(lcdconfig0)) with 18 words by 6 bits.
@W: FA239 :"c:\users\ameri\documentos\arquitectura-de-computadoras-master\ii\practicas\lcd00\lcdconfig00.vhd":32:6:32:9|ROM ENc_cnst (in view: work.lcdConfig00(lcdconfig0)) mapped in logic. To map to a technology ROM, apply attribute syn_romstyle on this instance.
@N: MO106 :"c:\users\ameri\documentos\arquitectura-de-computadoras-master\ii\practicas\lcd00\lcdconfig00.vhd":32:6:32:9|Found ROM ENc_cnst (in view: work.lcdConfig00(lcdconfig0)) with 18 words by 1 bit.
@W: FA239 :"c:\users\ameri\documentos\arquitectura-de-computadoras-master\ii\practicas\lcd00\lcddata00.vhd":42:18:42:25|ROM outWordd_2[6:5] (in view: work.lcdData00(lcddata0)) mapped in logic. To map to a technology ROM, apply attribute syn_romstyle on this instance.
@W: FA239 :"c:\users\ameri\documentos\arquitectura-de-computadoras-master\ii\practicas\lcd00\lcddata00.vhd":42:18:42:25|ROM outWordd_2[3:0] (in view: work.lcdData00(lcddata0)) mapped in logic. To map to a technology ROM, apply attribute syn_romstyle on this instance.
@W: FA239 :"c:\users\ameri\documentos\arquitectura-de-computadoras-master\ii\practicas\lcd00\lcddata00.vhd":42:18:42:25|ROM outWordd_2[6:5] (in view: work.lcdData00(lcddata0)) mapped in logic. To map to a technology ROM, apply attribute syn_romstyle on this instance.
@N: MO106 :"c:\users\ameri\documentos\arquitectura-de-computadoras-master\ii\practicas\lcd00\lcddata00.vhd":42:18:42:25|Found ROM outWordd_2[6:5] (in view: work.lcdData00(lcddata0)) with 16 words by 2 bits.
@W: FA239 :"c:\users\ameri\documentos\arquitectura-de-computadoras-master\ii\practicas\lcd00\lcddata00.vhd":42:18:42:25|ROM outWordd_2[3:0] (in view: work.lcdData00(lcddata0)) mapped in logic. To map to a technology ROM, apply attribute syn_romstyle on this instance.
@N: MO106 :"c:\users\ameri\documentos\arquitectura-de-computadoras-master\ii\practicas\lcd00\lcddata00.vhd":42:18:42:25|Found ROM outWordd_2[3:0] (in view: work.lcdData00(lcddata0)) with 16 words by 4 bits.

Finished RTL optimizations (Real Time elapsed 0h:00m:00s; CPU Time elapsed 0h:00m:00s; Memory used current: 141MB peak: 142MB)


Starting factoring (Real Time elapsed 0h:00m:00s; CPU Time elapsed 0h:00m:00s; Memory used current: 140MB peak: 142MB)


Finished factoring (Real Time elapsed 0h:00m:00s; CPU Time elapsed 0h:00m:00s; Memory used current: 142MB peak: 142MB)


Finished generic timing optimizations - Pass 1 (Real Time elapsed 0h:00m:00s; CPU Time elapsed 0h:00m:00s; Memory used current: 142MB peak: 143MB)


Starting Early Timing Optimization (Real Time elapsed 0h:00m:00s; CPU Time elapsed 0h:00m:00s; Memory used current: 143MB peak: 144MB)


Finished Early Timing Optimization (Real Time elapsed 0h:00m:00s; CPU Time elapsed 0h:00m:00s; Memory used current: 143MB peak: 144MB)


Finished generic timing optimizations - Pass 2 (Real Time elapsed 0h:00m:00s; CPU Time elapsed 0h:00m:00s; Memory used current: 143MB peak: 144MB)


Finished preparing to map (Real Time elapsed 0h:00m:01s; CPU Time elapsed 0h:00m:00s; Memory used current: 143MB peak: 144MB)


Finished technology mapping (Real Time elapsed 0h:00m:01s; CPU Time elapsed 0h:00m:01s; Memory used current: 148MB peak: 149MB)

Pass		 CPU time		Worst Slack		Luts / Registers
------------------------------------------------------------
   1		0h:00m:01s		   467.91ns		  98 /        50

Finished technology timing optimizations and critical path resynthesis (Real Time elapsed 0h:00m:01s; CPU Time elapsed 0h:00m:01s; Memory used current: 148MB peak: 149MB)

@N: FX164 |The option to pack registers in the IOB has not been specified. Please set syn_useioff attribute.  
@A: BN291 :"c:\users\ameri\documentos\arquitectura-de-computadoras-master\ii\practicas\lcd00\lcdconfig00.vhd":25:4:25:5|Boundary register LC02.outFlagc.fb (in view: work.toplcd00(toplcd0)) is packed into a complex cell. To disable register packing, set syn_keep=1 on the net between the register and the complex cell. 

Finished restoring hierarchy (Real Time elapsed 0h:00m:01s; CPU Time elapsed 0h:00m:01s; Memory used current: 148MB peak: 149MB)


Start Writing Netlists (Real Time elapsed 0h:00m:01s; CPU Time elapsed 0h:00m:01s; Memory used current: 114MB peak: 149MB)

Writing Analyst data base C:\Users\ameri\Documentos\Arquitectura-de-Computadoras-master\II\Practicas\lcd00\lcd0\synwork\lcd00_lcd0_m.srm

Finished Writing Netlist Databases (Real Time elapsed 0h:00m:01s; CPU Time elapsed 0h:00m:01s; Memory used current: 147MB peak: 149MB)

Writing EDIF Netlist and constraint files
@N: FX1056 |Writing EDF file: C:\Users\ameri\Documentos\Arquitectura-de-Computadoras-master\II\Practicas\lcd00\lcd0\lcd00_lcd0.edi
N-2018.03L-SP1-1
@N: BW106 |Synplicity Constraint File capacitance units using default value of 1pF 

Finished Writing EDIF Netlist and constraint files (Real Time elapsed 0h:00m:02s; CPU Time elapsed 0h:00m:02s; Memory used current: 152MB peak: 154MB)


Start final timing analysis (Real Time elapsed 0h:00m:02s; CPU Time elapsed 0h:00m:02s; Memory used current: 152MB peak: 154MB)

@W: MT420 |Found inferred clock osc00|osc_int_inferred_clock with period 480.77ns. Please declare a user-defined clock on net LC00.OS00.sclk.
@N: MT615 |Found clock div00|outdiv_derived_clock with period 480.77ns 


##### START OF TIMING REPORT #####[
# Timing Report written on Sat Oct 19 11:51:47 2019
#


Top view:               toplcd00
Requested Frequency:    2.1 MHz
Wire load mode:         top
Paths requested:        5
Constraint File(s):    
@N: MT320 |This timing report is an estimate of place and route data. For final timing results, use the FPGA vendor place and route report.

@N: MT322 |Clock constraints include only register-to-register paths associated with each individual clock.



Performance Summary
*******************


Worst slack in design: 467.596

                                 Requested     Estimated     Requested     Estimated                 Clock                                           Clock              
Starting Clock                   Frequency     Frequency     Period        Period        Slack       Type                                            Group              
------------------------------------------------------------------------------------------------------------------------------------------------------------------------
div00|outdiv_derived_clock       2.1 MHz       380.7 MHz     480.769       2.627         956.285     derived (from osc00|osc_int_inferred_clock)     Inferred_clkgroup_0
osc00|osc_int_inferred_clock     2.1 MHz       75.9 MHz      480.769       13.174        467.596     inferred                                        Inferred_clkgroup_0
========================================================================================================================================================================





Clock Relationships
*******************

Clocks                                                      |    rise  to  rise     |    fall  to  fall   |    rise  to  fall   |    fall  to  rise 
----------------------------------------------------------------------------------------------------------------------------------------------------
Starting                      Ending                        |  constraint  slack    |  constraint  slack  |  constraint  slack  |  constraint  slack
----------------------------------------------------------------------------------------------------------------------------------------------------
osc00|osc_int_inferred_clock  osc00|osc_int_inferred_clock  |  480.769     467.596  |  No paths    -      |  No paths    -      |  No paths    -    
div00|outdiv_derived_clock    div00|outdiv_derived_clock    |  480.769     956.285  |  No paths    -      |  No paths    -      |  No paths    -    
====================================================================================================================================================
 Note: 'No paths' indicates there are no paths in the design for that pair of clock edges.
       'Diff grp' indicates that paths exist but the starting clock and ending clock are in different clock groups.



Interface Information 
*********************

No IO constraint found



====================================
Detailed Report for Clock: div00|outdiv_derived_clock
====================================



Starting Points with Worst Slack
********************************

                        Starting                                                               Arrival            
Instance                Reference                      Type        Pin     Net                 Time        Slack  
                        Clock                                                                                     
------------------------------------------------------------------------------------------------------------------
LC01.outcontcc[0]       div00|outdiv_derived_clock     FD1S3IX     Q       outcontcc0_c[0]     1.236       956.285
LC01.outcontcc[1]       div00|outdiv_derived_clock     FD1S3IX     Q       outcontcc0_c[1]     1.232       956.289
LC02.outFlagc           div00|outdiv_derived_clock     FD1P3IX     Q       outFlagc0_c         1.268       957.012
LC01.outcontcc[2]       div00|outdiv_derived_clock     FD1S3IX     Q       outcontcc0_c[2]     1.252       957.461
LC01.outcontcc[3]       div00|outdiv_derived_clock     FD1S3IX     Q       outcontcc0_c[3]     1.244       957.469
LC03.outcontcd_1[1]     div00|outdiv_derived_clock     FD1S3IX     Q       outcontd0_c[1]      1.252       957.477
LC03.outcontcd_1[2]     div00|outdiv_derived_clock     FD1S3IX     Q       outcontd0_c[2]      1.244       957.485
LC03.outcontcd_1[3]     div00|outdiv_derived_clock     FD1S3IX     Q       outcontd0_c[3]      1.236       957.493
LC01.outcontcc[4]       div00|outdiv_derived_clock     FD1S3IX     Q       outcontcc0_c[4]     1.220       957.493
LC03.outcontcd_1[0]     div00|outdiv_derived_clock     FD1S3IX     Q       outcontd0_c[0]      1.236       958.686
==================================================================================================================


Ending Points with Worst Slack
******************************

                          Starting                                                                    Required            
Instance                  Reference                      Type        Pin     Net                      Time         Slack  
                          Clock                                                                                           
--------------------------------------------------------------------------------------------------------------------------
LC02.outCommandc_1[0]     div00|outdiv_derived_clock     FD1P3IX     SP      outCommandc_1ce[0]       961.067      956.285
LC02.outCommandc_1[1]     div00|outdiv_derived_clock     FD1P3IX     SP      outCommandc_1ce[0]       961.067      956.285
LC02.outCommandc_1[2]     div00|outdiv_derived_clock     FD1P3IX     SP      outCommandc_1ce[0]       961.067      956.285
LC02.outCommandc_1[3]     div00|outdiv_derived_clock     FD1P3IX     SP      outCommandc_1ce[0]       961.067      956.285
LC02.outCommandc_1[4]     div00|outdiv_derived_clock     FD1P3IX     SP      outCommandc_1ce[0]       961.067      956.285
LC02.outCommandc_1[5]     div00|outdiv_derived_clock     FD1P3IX     SP      outCommandc_1ce[0]       961.067      956.285
LC02.outCommandc_1[7]     div00|outdiv_derived_clock     FD1P3IX     SP      outCommandc_1ce[0]       961.067      956.285
LC02.outFlagc             div00|outdiv_derived_clock     FD1P3IX     SP      outCommandc_1ce[0]       961.067      956.285
LC02.ENc                  div00|outdiv_derived_clock     FD1P3AX     SP      ENcce                    961.067      956.933
LC03.outcontcd_1[2]       div00|outdiv_derived_clock     FD1S3IX     D       un1_outcontcd_axbxc2     961.627      957.012
==========================================================================================================================



Worst Path Information
***********************


Path information for path number 1: 
      Requested Period:                      961.538
    - Setup time:                            0.472
    + Clock delay at ending point:           0.000 (ideal)
    = Required time:                         961.067

    - Propagation time:                      4.782
    - Clock delay at starting point:         0.000 (ideal)
    = Slack (non-critical) :                 956.285

    Number of logic level(s):                3
    Starting point:                          LC01.outcontcc[0] / Q
    Ending point:                            LC02.outCommandc_1[0] / SP
    The start point is clocked by            div00|outdiv_derived_clock [rising] on pin CK
    The end   point is clocked by            div00|outdiv_derived_clock [rising] on pin CK
    -Timing constraint applied as multi cycle path with factor 2 (from c:div00|outdiv_derived_clock to c:div00|outdiv_derived_clock)

Instance / Net                                Pin      Pin               Arrival     No. of    
Name                             Type         Name     Dir     Delay     Time        Fan Out(s)
-----------------------------------------------------------------------------------------------
LC01.outcontcc[0]                FD1S3IX      Q        Out     1.236     1.236       -         
outcontcc0_c[0]                  Net          -        -       -         -           11        
LC02.pconfig\.un40_inflagc_1     ORCALUT4     A        In      0.000     1.236       -         
LC02.pconfig\.un40_inflagc_1     ORCALUT4     Z        Out     1.193     2.429       -         
un40_inflagc_1                   Net          -        -       -         -           4         
LC02.pconfig\.un40_inflagc       ORCALUT4     A        In      0.000     2.429       -         
LC02.pconfig\.un40_inflagc       ORCALUT4     Z        Out     1.089     3.517       -         
un40_inflagc                     Net          -        -       -         -           2         
LC02.outCommandc_1ce[0]          ORCALUT4     B        In      0.000     3.517       -         
LC02.outCommandc_1ce[0]          ORCALUT4     Z        Out     1.265     4.782       -         
outCommandc_1ce[0]               Net          -        -       -         -           8         
LC02.outCommandc_1[0]            FD1P3IX      SP       In      0.000     4.782       -         
===============================================================================================




====================================
Detailed Report for Clock: osc00|osc_int_inferred_clock
====================================



Starting Points with Worst Slack
********************************

                       Starting                                                          Arrival            
Instance               Reference                        Type        Pin     Net          Time        Slack  
                       Clock                                                                                
------------------------------------------------------------------------------------------------------------
LC00.OS01.sdiv[0]      osc00|osc_int_inferred_clock     FD1S3IX     Q       sdiv[0]      1.044       467.596
LC00.OS01.sdiv[1]      osc00|osc_int_inferred_clock     FD1S3IX     Q       sdiv[1]      1.044       467.596
LC00.OS01.sdiv[2]      osc00|osc_int_inferred_clock     FD1S3IX     Q       sdiv[2]      1.044       467.596
LC00.OS01.sdiv[3]      osc00|osc_int_inferred_clock     FD1S3IX     Q       sdiv[3]      1.044       467.596
LC00.OS01.sdiv[4]      osc00|osc_int_inferred_clock     FD1S3IX     Q       sdiv[4]      1.044       467.596
LC00.OS01.sdiv[5]      osc00|osc_int_inferred_clock     FD1S3IX     Q       sdiv[5]      1.044       467.596
LC00.OS01.sdiv[8]      osc00|osc_int_inferred_clock     FD1S3IX     Q       sdiv[8]      1.108       468.588
LC00.OS01.sdiv[9]      osc00|osc_int_inferred_clock     FD1S3IX     Q       sdiv[9]      1.108       468.588
LC00.OS01.sdiv[10]     osc00|osc_int_inferred_clock     FD1S3IX     Q       sdiv[10]     1.108       468.588
LC00.OS01.sdiv[11]     osc00|osc_int_inferred_clock     FD1S3IX     Q       sdiv[11]     1.108       468.588
============================================================================================================


Ending Points with Worst Slack
******************************

                       Starting                                                              Required            
Instance               Reference                        Type        Pin     Net              Time         Slack  
                       Clock                                                                                     
-----------------------------------------------------------------------------------------------------------------
LC00.OS01.sdiv[19]     osc00|osc_int_inferred_clock     FD1S3IX     D       un1_sdiv[20]     480.664      467.596
LC00.OS01.sdiv[20]     osc00|osc_int_inferred_clock     FD1S3IX     D       un1_sdiv[21]     480.664      467.596
LC00.OS01.sdiv[17]     osc00|osc_int_inferred_clock     FD1S3IX     D       un1_sdiv[18]     480.664      467.738
LC00.OS01.sdiv[18]     osc00|osc_int_inferred_clock     FD1S3IX     D       un1_sdiv[19]     480.664      467.738
LC00.OS01.sdiv[15]     osc00|osc_int_inferred_clock     FD1S3IX     D       un1_sdiv[16]     480.664      467.881
LC00.OS01.sdiv[16]     osc00|osc_int_inferred_clock     FD1S3IX     D       un1_sdiv[17]     480.664      467.881
LC00.OS01.sdiv[13]     osc00|osc_int_inferred_clock     FD1S3IX     D       un1_sdiv[14]     480.664      468.024
LC00.OS01.sdiv[14]     osc00|osc_int_inferred_clock     FD1S3IX     D       un1_sdiv[15]     480.664      468.024
LC00.OS01.sdiv[11]     osc00|osc_int_inferred_clock     FD1S3IX     D       un1_sdiv[12]     480.664      468.167
LC00.OS01.sdiv[12]     osc00|osc_int_inferred_clock     FD1S3IX     D       un1_sdiv[13]     480.664      468.167
=================================================================================================================



Worst Path Information
***********************


Path information for path number 1: 
      Requested Period:                      480.769
    - Setup time:                            0.106
    + Clock delay at ending point:           0.000 (ideal)
    = Required time:                         480.664

    - Propagation time:                      13.068
    - Clock delay at starting point:         0.000 (ideal)
    = Slack (critical) :                     467.595

    Number of logic level(s):                18
    Starting point:                          LC00.OS01.sdiv[0] / Q
    Ending point:                            LC00.OS01.sdiv[20] / D
    The start point is clocked by            osc00|osc_int_inferred_clock [rising] on pin CK
    The end   point is clocked by            osc00|osc_int_inferred_clock [rising] on pin CK

Instance / Net                                         Pin      Pin               Arrival     No. of    
Name                                      Type         Name     Dir     Delay     Time        Fan Out(s)
--------------------------------------------------------------------------------------------------------
LC00.OS01.sdiv[0]                         FD1S3IX      Q        Out     1.044     1.044       -         
sdiv[0]                                   Net          -        -       -         -           2         
LC00.OS01.pdiv\.sdiv15lto18_i_a2_15_4     ORCALUT4     A        In      0.000     1.044       -         
LC00.OS01.pdiv\.sdiv15lto18_i_a2_15_4     ORCALUT4     Z        Out     1.017     2.061       -         
sdiv15lto18_i_a2_15_4                     Net          -        -       -         -           1         
LC00.OS01.pdiv\.sdiv15lto18_i_a2_15       ORCALUT4     B        In      0.000     2.061       -         
LC00.OS01.pdiv\.sdiv15lto18_i_a2_15       ORCALUT4     Z        Out     1.193     3.253       -         
N_24_9                                    Net          -        -       -         -           4         
LC00.OS01.pdiv\.sdiv36lto15_i_a2          ORCALUT4     B        In      0.000     3.253       -         
LC00.OS01.pdiv\.sdiv36lto15_i_a2          ORCALUT4     Z        Out     1.225     4.478       -         
N_3_18                                    Net          -        -       -         -           5         
LC00.OS01.pdiv\.sdiv15lto18_i_a2          ORCALUT4     A        In      0.000     4.478       -         
LC00.OS01.pdiv\.sdiv15lto18_i_a2          ORCALUT4     Z        Out     1.017     5.495       -         
N_6                                       Net          -        -       -         -           1         
LC00.OS01.pdiv\.sdiv15lto20               ORCALUT4     A        In      0.000     5.495       -         
LC00.OS01.pdiv\.sdiv15lto20               ORCALUT4     Z        Out     1.089     6.584       -         
sdiv15                                    Net          -        -       -         -           2         
LC00.OS01.un1_sdiv69_2_0                  ORCALUT4     A        In      0.000     6.584       -         
LC00.OS01.un1_sdiv69_2_0                  ORCALUT4     Z        Out     1.089     7.673       -         
un1_sdiv69_2_0                            Net          -        -       -         -           2         
LC00.OS01.un1_sdiv69_i                    ORCALUT4     A        In      0.000     7.673       -         
LC00.OS01.un1_sdiv69_i                    ORCALUT4     Z        Out     1.017     8.689       -         
un1_sdiv69_i                              Net          -        -       -         -           1         
LC00.OS01.un1_sdiv_cry_0_0                CCU2D        B0       In      0.000     8.689       -         
LC00.OS01.un1_sdiv_cry_0_0                CCU2D        COUT     Out     1.544     10.234      -         
un1_sdiv_cry_0                            Net          -        -       -         -           1         
LC00.OS01.un1_sdiv_cry_1_0                CCU2D        CIN      In      0.000     10.234      -         
LC00.OS01.un1_sdiv_cry_1_0                CCU2D        COUT     Out     0.143     10.377      -         
un1_sdiv_cry_2                            Net          -        -       -         -           1         
LC00.OS01.un1_sdiv_cry_3_0                CCU2D        CIN      In      0.000     10.377      -         
LC00.OS01.un1_sdiv_cry_3_0                CCU2D        COUT     Out     0.143     10.520      -         
un1_sdiv_cry_4                            Net          -        -       -         -           1         
LC00.OS01.un1_sdiv_cry_5_0                CCU2D        CIN      In      0.000     10.520      -         
LC00.OS01.un1_sdiv_cry_5_0                CCU2D        COUT     Out     0.143     10.662      -         
un1_sdiv_cry_6                            Net          -        -       -         -           1         
LC00.OS01.un1_sdiv_cry_7_0                CCU2D        CIN      In      0.000     10.662      -         
LC00.OS01.un1_sdiv_cry_7_0                CCU2D        COUT     Out     0.143     10.805      -         
un1_sdiv_cry_8                            Net          -        -       -         -           1         
LC00.OS01.un1_sdiv_cry_9_0                CCU2D        CIN      In      0.000     10.805      -         
LC00.OS01.un1_sdiv_cry_9_0                CCU2D        COUT     Out     0.143     10.948      -         
un1_sdiv_cry_10                           Net          -        -       -         -           1         
LC00.OS01.un1_sdiv_cry_11_0               CCU2D        CIN      In      0.000     10.948      -         
LC00.OS01.un1_sdiv_cry_11_0               CCU2D        COUT     Out     0.143     11.091      -         
un1_sdiv_cry_12                           Net          -        -       -         -           1         
LC00.OS01.un1_sdiv_cry_13_0               CCU2D        CIN      In      0.000     11.091      -         
LC00.OS01.un1_sdiv_cry_13_0               CCU2D        COUT     Out     0.143     11.233      -         
un1_sdiv_cry_14                           Net          -        -       -         -           1         
LC00.OS01.un1_sdiv_cry_15_0               CCU2D        CIN      In      0.000     11.233      -         
LC00.OS01.un1_sdiv_cry_15_0               CCU2D        COUT     Out     0.143     11.376      -         
un1_sdiv_cry_16                           Net          -        -       -         -           1         
LC00.OS01.un1_sdiv_cry_17_0               CCU2D        CIN      In      0.000     11.376      -         
LC00.OS01.un1_sdiv_cry_17_0               CCU2D        COUT     Out     0.143     11.519      -         
un1_sdiv_cry_18                           Net          -        -       -         -           1         
LC00.OS01.un1_sdiv_cry_19_0               CCU2D        CIN      In      0.000     11.519      -         
LC00.OS01.un1_sdiv_cry_19_0               CCU2D        S1       Out     1.549     13.068      -         
un1_sdiv[21]                              Net          -        -       -         -           1         
LC00.OS01.sdiv[20]                        FD1S3IX      D        In      0.000     13.068      -         
========================================================================================================



##### END OF TIMING REPORT #####]

Timing exceptions that could not be applied
None

Finished final timing analysis (Real Time elapsed 0h:00m:02s; CPU Time elapsed 0h:00m:02s; Memory used current: 152MB peak: 154MB)


Finished timing report (Real Time elapsed 0h:00m:02s; CPU Time elapsed 0h:00m:02s; Memory used current: 152MB peak: 154MB)

---------------------------------------
Resource Usage Report
Part: lcmxo2_7000he-4

Register bits: 50 of 6864 (1%)
PIC Latch:       0
I/O cells:       41


Details:
CCU2D:          11
FD1P3AX:        2
FD1P3IX:        15
FD1S3AX:        3
FD1S3IX:        30
GSR:            1
IB:             6
INV:            1
OB:             35
ORCALUT4:       97
OSCH:           1
PUR:            1
VHI:            6
VLO:            8
false:          1
true:           3
Mapper successful!

At Mapper Exit (Real Time elapsed 0h:00m:02s; CPU Time elapsed 0h:00m:02s; Memory used current: 33MB peak: 154MB)

Process took 0h:00m:02s realtime, 0h:00m:02s cputime
# Sat Oct 19 11:51:48 2019

###########################################################]


Synthesis exit by 0.

edif2ngd  -l "MachXO2" -d LCMXO2-7000HE -path "C:/Users/ameri/Documentos/Arquitectura-de-Computadoras-master/II/Practicas/lcd00/lcd0" -path "C:/Users/ameri/Documentos/Arquitectura-de-Computadoras-master/II/Practicas/lcd00"   "C:/Users/ameri/Documentos/Arquitectura-de-Computadoras-master/II/Practicas/lcd00/lcd0/lcd00_lcd0.edi" "lcd00_lcd0.ngo"   
edif2ngd:  version Diamond (64-bit) 3.11.0.396.4

Copyright (c) 1991-1994 by NeoCAD Inc. All rights reserved.
Copyright (c) 1995 AT&T Corp.   All rights reserved.
Copyright (c) 1995-2001 Lucent Technologies Inc.  All rights reserved.
Copyright (c) 2001 Agere Systems   All rights reserved.
Copyright (c) 2002-2019 Lattice Semiconductor Corporation,  All rights reserved.
Writing the design to lcd00_lcd0.ngo...

Total CPU Time: 0 secs  
Total REAL Time: 0 secs  
Peak Memory Usage: 11 MB


ngdbuild  -a "MachXO2" -d LCMXO2-7000HE  -p "C:/lscc/diamond/3.11_x64/ispfpga/xo2c00/data"  -p "C:/Users/ameri/Documentos/Arquitectura-de-Computadoras-master/II/Practicas/lcd00/lcd0" -p "C:/Users/ameri/Documentos/Arquitectura-de-Computadoras-master/II/Practicas/lcd00"  "lcd00_lcd0.ngo" "lcd00_lcd0.ngd"  	
ngdbuild:  version Diamond (64-bit) 3.11.0.396.4

Copyright (c) 1991-1994 by NeoCAD Inc. All rights reserved.
Copyright (c) 1995 AT&T Corp.   All rights reserved.
Copyright (c) 1995-2001 Lucent Technologies Inc.  All rights reserved.
Copyright (c) 2001 Agere Systems   All rights reserved.
Copyright (c) 2002-2019 Lattice Semiconductor Corporation,  All rights reserved.
Reading 'lcd00_lcd0.ngo' ...
Loading NGL library 'C:/lscc/diamond/3.11_x64/ispfpga/xo2c00a/data/xo2alib.ngl'...
Loading NGL library 'C:/lscc/diamond/3.11_x64/ispfpga/xo2c00/data/xo2clib.ngl'...
Loading NGL library 'C:/lscc/diamond/3.11_x64/ispfpga/mg5g00/data/mg5glib.ngl'...
Loading NGL library 'C:/lscc/diamond/3.11_x64/ispfpga/or5g00/data/orc5glib.ngl'...


Running DRC...

    <postMsg mid="1166052" type="Warning" dynamic="2" navigation="1" arg0="logical" arg1="LC00/OS00/OSCInst0_SEDSTDBY" arg2="LC00/OS00/OSCInst0_SEDSTDBY"  />
    <postMsg mid="1163101" type="Warning" dynamic="1" navigation="0" arg0="1"  />

Design Results:
    216 blocks expanded
Complete the first expansion.
Writing 'lcd00_lcd0.ngd' ...
Total CPU Time: 0 secs 
Total REAL Time: 0 secs 
Peak Memory Usage: 18 MB


map -a "MachXO2" -p LCMXO2-7000HE -t TQFP144 -s 4 -oc Commercial   "lcd00_lcd0.ngd" -o "lcd00_lcd0_map.ncd" -pr "lcd00_lcd0.prf" -mp "lcd00_lcd0.mrp" -lpf "C:/Users/ameri/Documentos/Arquitectura-de-Computadoras-master/II/Practicas/lcd00/lcd0/lcd00_lcd0_synplify.lpf" -lpf "C:/Users/ameri/Documentos/Arquitectura-de-Computadoras-master/II/Practicas/lcd00/lcd00.lpf" -c 0           
map:  version Diamond (64-bit) 3.11.0.396.4

Copyright (c) 1991-1994 by NeoCAD Inc. All rights reserved.
Copyright (c) 1995 AT&T Corp.   All rights reserved.
Copyright (c) 1995-2001 Lucent Technologies Inc.  All rights reserved.
Copyright (c) 2001 Agere Systems   All rights reserved.
Copyright (c) 2002-2019 Lattice Semiconductor Corporation,  All rights reserved.
   Process the file: lcd00_lcd0.ngd
   Picdevice="LCMXO2-7000HE"

   Pictype="TQFP144"

   Picspeed=4

   Remove unused logic

   Do not produce over sized NCDs.

Part used: LCMXO2-7000HETQFP144, Performance used: 4.

Loading device for application map from file 'xo2c7000.nph' in environment: C:/lscc/diamond/3.11_x64/ispfpga.
Package Status:                     Final          Version 1.39.

Running general design DRC...

Removing unused logic...

Optimizing...




Design Summary:
   Number of registers:     50 out of  7209 (1%)
      PFU registers:           50 out of  6864 (1%)
      PIO registers:            0 out of   345 (0%)
   Number of SLICEs:        60 out of  3432 (2%)
      SLICEs as Logic/ROM:     60 out of  3432 (2%)
      SLICEs as RAM:            0 out of  2574 (0%)
      SLICEs as Carry:         11 out of  3432 (0%)
   Number of LUT4s:        120 out of  6864 (2%)
      Number used as logic LUTs:         98
      Number used as distributed RAM:     0
      Number used as ripple logic:       22
      Number used as shift registers:     0
   Number of PIO sites used: 41 + 4(JTAG) out of 115 (39%)
   Number of block RAMs:  0 out of 26 (0%)
   Number of GSRs:        0 out of 1 (0%)
   EFB used :        No
   JTAG used :       No
   Readback used :   No
   Oscillator used : Yes
   Startup used :    No
   POR :             On
   Bandgap :         On
   Number of Power Controller:  0 out of 1 (0%)
   Number of Dynamic Bank Controller (BCINRD):  0 out of 6 (0%)
   Number of Dynamic Bank Controller (BCLVDSO):  0 out of 1 (0%)
   Number of DCCA:  0 out of 8 (0%)
   Number of DCMA:  0 out of 2 (0%)
   Number of PLLs:  0 out of 2 (0%)
   Number of DQSDLLs:  0 out of 2 (0%)
   Number of CLKDIVC:  0 out of 4 (0%)
   Number of ECLKSYNCA:  0 out of 4 (0%)
   Number of ECLKBRIDGECS:  0 out of 2 (0%)
   Notes:-
      1. Total number of LUT4s = (Number of logic LUT4s) + 2*(Number of distributed RAMs) + 2*(Number of ripple logic)
      2. Number of logic LUT4s does not include count of distributed RAM and ripple logic.
   Number of clocks:  2
     Net clk00_c: 18 loads, 18 rising, 0 falling (Driver: LC00/OS01/outdiv )
     Net LC00/sclk: 12 loads, 12 rising, 0 falling (Driver: LC00/OS00/OSCInst0 )
   Number of Clock Enables:  4
     Net reset0_c: 4 loads, 4 LSLICEs
     Net outRS0_c: 1 loads, 1 LSLICEs
     Net LC02/outCommandc_1ce[0]: 5 loads, 5 LSLICEs
     Net LC02/ENcce: 1 loads, 1 LSLICEs
   Number of LSRs:  4
     Net reset0_c: 8 loads, 8 LSLICEs
     Net LC01.outcontcc_0_sqmuxa: 4 loads, 4 LSLICEs
     Net LC03/outcontcd20: 2 loads, 2 LSLICEs
     Net LC00/OS01/un1_sdiv69_RNIRR1T: 11 loads, 11 LSLICEs
   Number of nets driven by tri-state buffers:  0
   Top 10 highest fanout non-clock nets:
     Net reset0_c: 25 loads
     Net outFlagc0_c: 17 loads
     Net outcontcc0_c[2]: 13 loads
     Net outcontd0_c[1]: 13 loads
     Net outcontcc0_c[3]: 12 loads
     Net outcontd0_c[2]: 12 loads
     Net LC00/OS01/un1_sdiv69_RNIRR1T: 11 loads
     Net outcontcc0_c[0]: 11 loads
     Net outcontd0_c[0]: 11 loads
     Net outcontd0_c[3]: 11 loads
 

   Number of warnings:  0
   Number of errors:    0



Total CPU Time: 1 secs  
Total REAL Time: 2 secs  
Peak Memory Usage: 58 MB

Dumping design to file lcd00_lcd0_map.ncd.

mpartrce -p "lcd00_lcd0.p2t" -f "lcd00_lcd0.p3t" -tf "lcd00_lcd0.pt" "lcd00_lcd0_map.ncd" "lcd00_lcd0.ncd"

---- MParTrce Tool ----
Removing old design directory at request of -rem command line option to this program.
Running par. Please wait . . .

Lattice Place and Route Report for Design "lcd00_lcd0_map.ncd"
Sat Oct 19 11:51:57 2019

PAR: Place And Route Diamond (64-bit) 3.11.0.396.4.
Command Line: par -w -l 5 -i 6 -t 1 -c 0 -e 0 -gui -msgset C:/Users/ameri/Documentos/Arquitectura-de-Computadoras-master/II/Practicas/lcd00/promote.xml -exp parUseNBR=1:parCDP=0:parCDR=0:parPathBased=OFF lcd00_lcd0_map.ncd lcd00_lcd0.dir/5_1.ncd lcd00_lcd0.prf
Preference file: lcd00_lcd0.prf.
Placement level-cost: 5-1.
Routing Iterations: 6

Loading design for application par from file lcd00_lcd0_map.ncd.
Design name: toplcd00
NCD version: 3.3
Vendor:      LATTICE
Device:      LCMXO2-7000HE
Package:     TQFP144
Performance: 4
Loading device for application par from file 'xo2c7000.nph' in environment: C:/lscc/diamond/3.11_x64/ispfpga.
Package Status:                     Final          Version 1.39.
Performance Hardware Data Status:   Final          Version 34.4.
License checked out.


Ignore Preference Error(s):  True
Device utilization summary:

   PIO (prelim)   41+4(JTAG)/336     13% used
                  41+4(JTAG)/115     39% bonded

   SLICE             60/3432          1% used

   OSC                1/1           100% used


Number of Signals: 186
Number of Connections: 521

Pin Constraint Summary:
   41 out of 41 pins locked (100% locked).

The following 2 signals are selected to use the primary clock routing resources:
    clk00_c (driver: LC00/OS01/SLICE_12, clk load #: 18)
    LC00/sclk (driver: LC00/OS00/OSCInst0, clk load #: 12)


The following 2 signals are selected to use the secondary clock routing resources:
    reset0_c (driver: reset0, clk load #: 0, sr load #: 8, ce load #: 4)
    LC00/OS01/un1_sdiv69_RNIRR1T (driver: LC00/OS01/SLICE_33, clk load #: 0, sr load #: 11, ce load #: 0)

    <postMsg mid="61061008" type="Warning" dynamic="5" navigation="0" arg0="reset0_c" arg1="Secondary" arg2="reset0" arg3="1" arg4="Secondary"  />
No signal is selected as Global Set/Reset.
Starting Placer Phase 0.

Finished Placer Phase 0.  REAL time: 3 secs 

Starting Placer Phase 1.
....................
Placer score = 55714.
Finished Placer Phase 1.  REAL time: 8 secs 

Starting Placer Phase 2.
.
Placer score =  55676
Finished Placer Phase 2.  REAL time: 8 secs 


------------------ Clock Report ------------------

Global Clock Resources:
  CLK_PIN    : 0 out of 8 (0%)
  General PIO: 1 out of 336 (0%)
  PLL        : 0 out of 2 (0%)
  DCM        : 0 out of 2 (0%)
  DCC        : 0 out of 8 (0%)

Global Clocks:
  PRIMARY "clk00_c" from Q0 on comp "LC00/OS01/SLICE_12" on site "R2C19C", clk load = 18
  PRIMARY "LC00/sclk" from OSC on comp "LC00/OS00/OSCInst0" on site "OSC", clk load = 12
  SECONDARY "reset0_c" from comp "reset0" on PIO site "1 (PL3A)", clk load = 0, ce load = 4, sr load = 8
  SECONDARY "LC00/OS01/un1_sdiv69_RNIRR1T" from F0 on comp "LC00/OS01/SLICE_33" on site "R14C20A", clk load = 0, ce load = 0, sr load = 11

  PRIMARY  : 2 out of 8 (25%)
  SECONDARY: 2 out of 8 (25%)

Edge Clocks:
  No edge clock selected.

--------------- End of Clock Report ---------------


I/O Usage Summary (final):
   41 + 4(JTAG) out of 336 (13.4%) PIO sites used.
   41 + 4(JTAG) out of 115 (39.1%) bonded PIO sites used.
   Number of PIO comps: 41; differential: 0.
   Number of Vref pins used: 0.

I/O Bank Usage Summary:
+----------+----------------+------------+-----------+
| I/O Bank | Usage          | Bank Vccio | Bank Vref |
+----------+----------------+------------+-----------+
| 0        | 11 / 28 ( 39%) | 2.5V       | -         |
| 1        | 11 / 29 ( 37%) | 2.5V       | -         |
| 2        | 13 / 29 ( 44%) | 2.5V       | -         |
| 3        | 0 / 9 (  0%)   | -          | -         |
| 4        | 2 / 10 ( 20%)  | 2.5V       | -         |
| 5        | 4 / 10 ( 40%)  | 2.5V       | -         |
+----------+----------------+------------+-----------+

Total placer CPU time: 6 secs 

Dumping design to file lcd00_lcd0.dir/5_1.ncd.

0 connections routed; 521 unrouted.
Starting router resource preassignment

Completed router resource preassignment. Real time: 12 secs 

Start NBR router at 11:52:09 10/19/19

*****************************************************************
Info: NBR allows conflicts(one node used by more than one signal)
      in the earlier iterations. In each iteration, it tries to  
      solve the conflicts while keeping the critical connections 
      routed as short as possible. The routing process is said to
      be completed when no conflicts exist and all connections   
      are routed.                                                
Note: NBR uses a different method to calculate timing slacks. The
      worst slack and total negative slack may not be the same as
      that in TRCE report. You should always run TRCE to verify  
      your design.                                               
*****************************************************************

Start NBR special constraint process at 11:52:09 10/19/19

Start NBR section for initial routing at 11:52:09 10/19/19
Level 4, iteration 1
8(0.00%) conflicts; 0(0.00%) untouched conn; 0 (nbr) score; 
Estimated worst slack/total negative slack<setup>: 465.080ns/0.000ns; real time: 13 secs 

Info: Initial congestion level at 75% usage is 0
Info: Initial congestion area  at 75% usage is 0 (0.00%)

Start NBR section for normal routing at 11:52:10 10/19/19
Level 4, iteration 1
3(0.00%) conflicts; 0(0.00%) untouched conn; 0 (nbr) score; 
Estimated worst slack/total negative slack<setup>: 465.080ns/0.000ns; real time: 13 secs 
Level 4, iteration 2
1(0.00%) conflict; 0(0.00%) untouched conn; 0 (nbr) score; 
Estimated worst slack/total negative slack<setup>: 465.080ns/0.000ns; real time: 13 secs 
Level 4, iteration 3
0(0.00%) conflict; 0(0.00%) untouched conn; 0 (nbr) score; 
Estimated worst slack/total negative slack<setup>: 465.080ns/0.000ns; real time: 13 secs 

Start NBR section for setup/hold timing optimization with effort level 3 at 11:52:10 10/19/19

Start NBR section for re-routing at 11:52:10 10/19/19
Level 4, iteration 1
0(0.00%) conflict; 0(0.00%) untouched conn; 0 (nbr) score; 
Estimated worst slack/total negative slack<setup>: 465.080ns/0.000ns; real time: 13 secs 

Start NBR section for post-routing at 11:52:10 10/19/19

End NBR router with 0 unrouted connection

NBR Summary
-----------
  Number of unrouted connections : 0 (0.00%)
  Number of connections with timing violations : 0 (0.00%)
  Estimated worst slack<setup> : 465.080ns
  Timing score<setup> : 0
-----------
Notes: The timing info is calculated for SETUP only and all PAR_ADJs are ignored.



Total CPU time 12 secs 
Total REAL time: 14 secs 
Completely routed.
End of route.  521 routed (100.00%); 0 unrouted.

Hold time timing score: 0, hold timing errors: 0

Timing score: 0 

Dumping design to file lcd00_lcd0.dir/5_1.ncd.


PAR_SUMMARY::Run status = Completed
PAR_SUMMARY::Number of unrouted conns = 0
PAR_SUMMARY::Worst  slack<setup/<ns>> = 465.080
PAR_SUMMARY::Timing score<setup/<ns>> = 0.000
PAR_SUMMARY::Worst  slack<hold /<ns>> = 0.379
PAR_SUMMARY::Timing score<hold /<ns>> = 0.000
PAR_SUMMARY::Number of errors = 0

Total CPU  time to completion: 12 secs 
Total REAL time to completion: 14 secs 

par done!

Note: user must run 'Trace' for timing closure signoff.

Copyright (c) 1991-1994 by NeoCAD Inc. All rights reserved.
Copyright (c) 1995 AT&T Corp.   All rights reserved.
Copyright (c) 1995-2001 Lucent Technologies Inc.  All rights reserved.
Copyright (c) 2001 Agere Systems   All rights reserved.
Copyright (c) 2002-2019 Lattice Semiconductor Corporation,  All rights reserved.
Exiting par with exit code 0
Exiting mpartrce with exit code 0

trce -f "lcd00_lcd0.pt" -o "lcd00_lcd0.twr" "lcd00_lcd0.ncd" "lcd00_lcd0.prf"
trce:  version Diamond (64-bit) 3.11.0.396.4

Copyright (c) 1991-1994 by NeoCAD Inc. All rights reserved.
Copyright (c) 1995 AT&T Corp.   All rights reserved.
Copyright (c) 1995-2001 Lucent Technologies Inc.  All rights reserved.
Copyright (c) 2001 Agere Systems   All rights reserved.
Copyright (c) 2002-2019 Lattice Semiconductor Corporation,  All rights reserved.

Loading design for application trce from file lcd00_lcd0.ncd.
Design name: toplcd00
NCD version: 3.3
Vendor:      LATTICE
Device:      LCMXO2-7000HE
Package:     TQFP144
Performance: 4
Loading device for application trce from file 'xo2c7000.nph' in environment: C:/lscc/diamond/3.11_x64/ispfpga.
Package Status:                     Final          Version 1.39.
Performance Hardware Data Status:   Final          Version 34.4.
Setup and Hold Report

--------------------------------------------------------------------------------
Lattice TRACE Report - Setup, Version Diamond (64-bit) 3.11.0.396.4
Sat Oct 19 11:52:13 2019

Copyright (c) 1991-1994 by NeoCAD Inc. All rights reserved.
Copyright (c) 1995 AT&T Corp.   All rights reserved.
Copyright (c) 1995-2001 Lucent Technologies Inc.  All rights reserved.
Copyright (c) 2001 Agere Systems   All rights reserved.
Copyright (c) 2002-2019 Lattice Semiconductor Corporation,  All rights reserved.

Report Information
------------------
Command line:    trce -v 10 -gt -sethld -sp 4 -sphld m -o lcd00_lcd0.twr -gui -msgset C:/Users/ameri/Documentos/Arquitectura-de-Computadoras-master/II/Practicas/lcd00/promote.xml lcd00_lcd0.ncd lcd00_lcd0.prf 
Design file:     lcd00_lcd0.ncd
Preference file: lcd00_lcd0.prf
Device,speed:    LCMXO2-7000HE,4
Report level:    verbose report, limited to 10 items per preference
--------------------------------------------------------------------------------

BLOCK ASYNCPATHS
BLOCK RESETPATHS
--------------------------------------------------------------------------------



Timing summary (Setup):
---------------

Timing errors: 0  Score: 0
Cumulative negative slack: 0

Constraints cover 5368 paths, 1 nets, and 407 connections (78.12% coverage)

--------------------------------------------------------------------------------
Lattice TRACE Report - Hold, Version Diamond (64-bit) 3.11.0.396.4
Sat Oct 19 11:52:13 2019

Copyright (c) 1991-1994 by NeoCAD Inc. All rights reserved.
Copyright (c) 1995 AT&T Corp.   All rights reserved.
Copyright (c) 1995-2001 Lucent Technologies Inc.  All rights reserved.
Copyright (c) 2001 Agere Systems   All rights reserved.
Copyright (c) 2002-2019 Lattice Semiconductor Corporation,  All rights reserved.

Report Information
------------------
Command line:    trce -v 10 -gt -sethld -sp 4 -sphld m -o lcd00_lcd0.twr -gui -msgset C:/Users/ameri/Documentos/Arquitectura-de-Computadoras-master/II/Practicas/lcd00/promote.xml lcd00_lcd0.ncd lcd00_lcd0.prf 
Design file:     lcd00_lcd0.ncd
Preference file: lcd00_lcd0.prf
Device,speed:    LCMXO2-7000HE,m
Report level:    verbose report, limited to 10 items per preference
--------------------------------------------------------------------------------

BLOCK ASYNCPATHS
BLOCK RESETPATHS
--------------------------------------------------------------------------------



Timing summary (Hold):
---------------

Timing errors: 0  Score: 0
Cumulative negative slack: 0

Constraints cover 5368 paths, 1 nets, and 407 connections (78.12% coverage)



Timing summary (Setup and Hold):
---------------

Timing errors: 0 (setup), 0 (hold)
Score: 0 (setup), 0 (hold)
Cumulative negative slack: 0 (0+0)
--------------------------------------------------------------------------------

--------------------------------------------------------------------------------

Total CPU Time: 1 secs 
Total REAL Time: 0 secs 
Peak Memory Usage: 67 MB


tmcheck -par "lcd00_lcd0.par" 

bitgen -f "lcd00_lcd0.t2b" -w "lcd00_lcd0.ncd"  -jedec "lcd00_lcd0.prf"


BITGEN: Bitstream Generator Diamond (64-bit) 3.11.0.396.4
Copyright (c) 1991-1994 by NeoCAD Inc. All rights reserved.
Copyright (c) 1995 AT&T Corp.   All rights reserved.
Copyright (c) 1995-2001 Lucent Technologies Inc.  All rights reserved.
Copyright (c) 2001 Agere Systems   All rights reserved.
Copyright (c) 2002-2019 Lattice Semiconductor Corporation,  All rights reserved.


Loading design for application Bitgen from file lcd00_lcd0.ncd.
Design name: toplcd00
NCD version: 3.3
Vendor:      LATTICE
Device:      LCMXO2-7000HE
Package:     TQFP144
Performance: 4
Loading device for application Bitgen from file 'xo2c7000.nph' in environment: C:/lscc/diamond/3.11_x64/ispfpga.
Package Status:                     Final          Version 1.39.
Performance Hardware Data Status:   Final          Version 34.4.

Running DRC.
DRC detected 0 errors and 0 warnings.
Reading Preference File from lcd00_lcd0.prf.

Preference Summary:
+---------------------------------+---------------------------------+
|  Preference                     |  Current Setting                |
+---------------------------------+---------------------------------+
|                         RamCfg  |                        Reset**  |
+---------------------------------+---------------------------------+
|                     MCCLK_FREQ  |                         2.08**  |
+---------------------------------+---------------------------------+
|                  CONFIG_SECURE  |                          OFF**  |
+---------------------------------+---------------------------------+
|                          INBUF  |                           ON**  |
+---------------------------------+---------------------------------+
|                      JTAG_PORT  |                       ENABLE**  |
+---------------------------------+---------------------------------+
|                       SDM_PORT  |                      DISABLE**  |
+---------------------------------+---------------------------------+
|                 SLAVE_SPI_PORT  |                      DISABLE**  |
+---------------------------------+---------------------------------+
|                MASTER_SPI_PORT  |                      DISABLE**  |
+---------------------------------+---------------------------------+
|                       I2C_PORT  |                      DISABLE**  |
+---------------------------------+---------------------------------+
|        MUX_CONFIGURATION_PORTS  |                      DISABLE**  |
+---------------------------------+---------------------------------+
|                  CONFIGURATION  |                          CFG**  |
+---------------------------------+---------------------------------+
|                COMPRESS_CONFIG  |                           ON**  |
+---------------------------------+---------------------------------+
|                        MY_ASSP  |                          OFF**  |
+---------------------------------+---------------------------------+
|               ONE_TIME_PROGRAM  |                          OFF**  |
+---------------------------------+---------------------------------+
|                 ENABLE_TRANSFR  |                      DISABLE**  |
+---------------------------------+---------------------------------+
|                  SHAREDEBRINIT  |                      DISABLE**  |
+---------------------------------+---------------------------------+
|            BACKGROUND_RECONFIG  |                          OFF**  |
+---------------------------------+---------------------------------+
 *  Default setting.
 ** The specified setting matches the default setting.


Creating bit map...
 
Bitstream Status: Final           Version 1.95.
 
Saving bit stream in "lcd00_lcd0.jed".
 
===========
UFM Summary.
===========
UFM Size:        2046 Pages (128*2046 Bits).
UFM Utilization: General Purpose Flash Memory.
 
Available General Purpose Flash Memory: 2046 Pages (Page 0 to Page 2045).
Initialized UFM Pages:                     0 Page.
 
Total CPU Time: 5 secs 
Total REAL Time: 5 secs 
Peak Memory Usage: 289 MB
