Running in Lattice mode

Starting:    C:\lscc\diamond\3.10_x64\synpbase\bin64\mbin\synbatch.exe
Install:     C:\lscc\diamond\3.10_x64\synpbase
Hostname:    FERNANDO-VAIO
Date:        Sun Mar  3 18:20:54 2019
Version:     M-2017.03L-SP1-1

Arguments:   -product synplify_pro -batch word00_word00_synplify.tcl
ProductType: synplify_pro




log file: "C:\Users\FERNANDO\Desktop\P22\word00\word00\word00_word00.srr"
Running: hdl_info_gen in foreground

Generating HDL info...

hdl_info_gen completed
# Sun Mar  3 18:20:54 2019

Return Code: 0
Run Time:00h:00m:00s
Copied C:\Users\FERNANDO\Desktop\P22\word00\word00\word00_word00.srr to C:\Users\FERNANDO\Desktop\P22\word00\word00\word00_word00.srf
log file: "C:\Users\FERNANDO\Desktop\P22\word00\word00\word00_word00.srr"
Running: word00 in foreground

Running proj_1|word00

Running: compile (Compile) on proj_1|word00
# Sun Mar  3 18:20:54 2019

Running: compile_flow (Compile Process) on proj_1|word00
# Sun Mar  3 18:20:54 2019

Running: compiler (Compile Input) on proj_1|word00
# Sun Mar  3 18:20:54 2019
Copied C:\Users\FERNANDO\Desktop\P22\word00\word00\synwork\word00_word00_comp.srs to C:\Users\FERNANDO\Desktop\P22\word00\word00\word00_word00.srs

compiler completed
# Sun Mar  3 18:20:57 2019

Return Code: 0
Run Time:00h:00m:03s

Running: multi_srs_gen (Multi-srs Generator) on proj_1|word00
# Sun Mar  3 18:20:57 2019

multi_srs_gen completed
# Sun Mar  3 18:20:57 2019

Return Code: 0
Run Time:00h:00m:00s
Copied C:\Users\FERNANDO\Desktop\P22\word00\word00\synwork\word00_word00_mult.srs to C:\Users\FERNANDO\Desktop\P22\word00\word00\word00_word00.srs
Copied C:\Users\FERNANDO\Desktop\P22\word00\word00\word00_word00.srr to C:\Users\FERNANDO\Desktop\P22\word00\word00\word00_word00.srf
Complete: Compile Process on proj_1|word00

Running: premap (Pre-mapping) on proj_1|word00
# Sun Mar  3 18:20:57 2019

premap completed with warnings
# Sun Mar  3 18:20:59 2019

Return Code: 1
Run Time:00h:00m:02s
Complete: Compile on proj_1|word00

Running: map (Map) on proj_1|word00
# Sun Mar  3 18:20:59 2019
License granted for 4 parallel jobs

Running: fpga_mapper (Map & Optimize) on proj_1|word00
# Sun Mar  3 18:20:59 2019
Copied C:\Users\FERNANDO\Desktop\P22\word00\word00\synwork\word00_word00_m.srm to C:\Users\FERNANDO\Desktop\P22\word00\word00\word00_word00.srm

fpga_mapper completed with warnings
# Sun Mar  3 18:21:02 2019

Return Code: 1
Run Time:00h:00m:03s
Complete: Map on proj_1|word00
Copied C:\Users\FERNANDO\Desktop\P22\word00\word00\word00_word00.srr to C:\Users\FERNANDO\Desktop\P22\word00\word00\word00_word00.srf
Complete: Logic Synthesis on proj_1|word00
TCL script complete: "word00_word00_synplify.tcl"
exit status=0
exit status=0
Save changes for project:
C:\Users\FERNANDO\Desktop\P22\word00\word00\proj_1.prj
batch mode default:no
