
synpwrap -msg -prj "stack00_stack0_synplify.tcl" -log "stack00_stack0.srf"
Copyright (C) 1992-2017 Lattice Semiconductor Corporation. All rights reserved.
Lattice Diamond Version 3.10.0.111.2
    <postMsg mid="2011000" type="Info"    dynamic="0" navigation="0"  />

==contents of stack00_stack0.srf
#Build: Synplify Pro (R) M-2017.03L-SP1-1, Build 086R, Aug  4 2017
#install: C:\lscc\diamond\3.10_x64\synpbase
#OS: Windows 8 6.2
#Hostname: LAPTOP-9QN1JB0J

# Mon Apr  8 11:02:57 2019

#Implementation: stack0

Synopsys HDL Compiler, version comp2017q2p1, Build 190R, built Aug  4 2017
@N|Running in 64-bit mode
Copyright (C) 1994-2017 Synopsys, Inc. This Synopsys software and all associated documentation are proprietary to Synopsys, Inc. and may only be used pursuant to the terms and conditions of a written license agreement with Synopsys, Inc. All other use, reproduction, modification, or distribution of the Synopsys software or the associated documentation is strictly prohibited.

Synopsys VHDL Compiler, version comp2017q2p1, Build 190R, built Aug  4 2017
@N|Running in 64-bit mode
Copyright (C) 1994-2017 Synopsys, Inc. This Synopsys software and all associated documentation are proprietary to Synopsys, Inc. and may only be used pursuant to the terms and conditions of a written license agreement with Synopsys, Inc. All other use, reproduction, modification, or distribution of the Synopsys software or the associated documentation is strictly prohibited.

@N: CD720 :"C:\lscc\diamond\3.10_x64\synpbase\lib\vhd\std.vhd":123:18:123:21|Setting time resolution to ps
@N:"C:\Users\elite\OneDrive\Escritorio\stack00\topstack00.vhd":7:7:7:16|Top entity is set to topstack00.
File C:\lscc\diamond\3.10_x64\synpbase\lib\cpld\lattice.vhd changed - recompiling
File C:\Users\elite\OneDrive\Escritorio\stack00\osc00.vhd changed - recompiling
File C:\lscc\diamond\3.10_x64\synpbase\lib\lucent\machxo2.vhd changed - recompiling
File C:\Users\elite\OneDrive\Escritorio\stack00\packagediv00.vhd changed - recompiling
File C:\Users\elite\OneDrive\Escritorio\stack00\contring00.vhd changed - recompiling
File C:\Users\elite\OneDrive\Escritorio\stack00\coderstack00.vhd changed - recompiling
File C:\Users\elite\OneDrive\Escritorio\stack00\stack00.vhd changed - recompiling
File C:\Users\elite\OneDrive\Escritorio\stack00\muxstack00.vhd changed - recompiling
File C:\Users\elite\OneDrive\Escritorio\stack00\contread00.vhd changed - recompiling
File C:\Users\elite\OneDrive\Escritorio\stack00\packagestack00.vhd changed - recompiling
File C:\Users\elite\OneDrive\Escritorio\stack00\topdiv00.vhd changed - recompiling
File C:\Users\elite\OneDrive\Escritorio\stack00\topstack00.vhd changed - recompiling
VHDL syntax check successful!

Compiler output is up to date.  No re-compile necessary

@N: CD630 :"C:\Users\elite\OneDrive\Escritorio\stack00\topstack00.vhd":7:7:7:16|Synthesizing work.topstack00.topstack0.
@N: CD630 :"C:\Users\elite\OneDrive\Escritorio\stack00\contread00.vhd":8:7:8:16|Synthesizing work.contread00.contread0.
@N: CD364 :"C:\Users\elite\OneDrive\Escritorio\stack00\contread00.vhd":38:5:38:13|Removing redundant assignment.
Post processing for work.contread00.contread0
@N: CD630 :"C:\Users\elite\OneDrive\Escritorio\stack00\muxstack00.vhd":6:7:6:16|Synthesizing work.muxstack00.muxstack0.
Post processing for work.muxstack00.muxstack0
@N: CD630 :"C:\Users\elite\OneDrive\Escritorio\stack00\stack00.vhd":8:7:8:13|Synthesizing work.stack00.stack0.
Post processing for work.stack00.stack0
@N: CL134 :"C:\Users\elite\OneDrive\Escritorio\stack00\stack00.vhd":23:7:23:15|Found RAM wordstack, depth=64, width=7
@N: CD630 :"C:\Users\elite\OneDrive\Escritorio\stack00\coderstack00.vhd":8:7:8:18|Synthesizing work.coderstack00.coderstack0.
@N: CD364 :"C:\Users\elite\OneDrive\Escritorio\stack00\coderstack00.vhd":39:18:39:25|Removing redundant assignment.
@N: CD364 :"C:\Users\elite\OneDrive\Escritorio\stack00\coderstack00.vhd":48:8:48:15|Removing redundant assignment.
@N: CD364 :"C:\Users\elite\OneDrive\Escritorio\stack00\coderstack00.vhd":58:8:58:15|Removing redundant assignment.
@N: CD364 :"C:\Users\elite\OneDrive\Escritorio\stack00\coderstack00.vhd":68:8:68:15|Removing redundant assignment.
@N: CD364 :"C:\Users\elite\OneDrive\Escritorio\stack00\coderstack00.vhd":78:8:78:15|Removing redundant assignment.
@N: CD364 :"C:\Users\elite\OneDrive\Escritorio\stack00\coderstack00.vhd":87:6:87:13|Removing redundant assignment.
@N: CD364 :"C:\Users\elite\OneDrive\Escritorio\stack00\coderstack00.vhd":96:5:96:12|Removing redundant assignment.
@N: CD364 :"C:\Users\elite\OneDrive\Escritorio\stack00\coderstack00.vhd":106:5:106:12|Removing redundant assignment.
@N: CD364 :"C:\Users\elite\OneDrive\Escritorio\stack00\coderstack00.vhd":116:5:116:12|Removing redundant assignment.
@N: CD364 :"C:\Users\elite\OneDrive\Escritorio\stack00\coderstack00.vhd":126:5:126:12|Removing redundant assignment.
@N: CD364 :"C:\Users\elite\OneDrive\Escritorio\stack00\coderstack00.vhd":136:6:136:13|Removing redundant assignment.
@N: CD364 :"C:\Users\elite\OneDrive\Escritorio\stack00\coderstack00.vhd":145:8:145:15|Removing redundant assignment.
@N: CD364 :"C:\Users\elite\OneDrive\Escritorio\stack00\coderstack00.vhd":155:8:155:15|Removing redundant assignment.
@N: CD364 :"C:\Users\elite\OneDrive\Escritorio\stack00\coderstack00.vhd":165:8:165:15|Removing redundant assignment.
@N: CD364 :"C:\Users\elite\OneDrive\Escritorio\stack00\coderstack00.vhd":175:8:175:15|Removing redundant assignment.
@N: CD364 :"C:\Users\elite\OneDrive\Escritorio\stack00\coderstack00.vhd":184:6:184:13|Removing redundant assignment.
@N: CD364 :"C:\Users\elite\OneDrive\Escritorio\stack00\coderstack00.vhd":193:8:193:15|Removing redundant assignment.
@N: CD364 :"C:\Users\elite\OneDrive\Escritorio\stack00\coderstack00.vhd":203:8:203:15|Removing redundant assignment.
@N: CD364 :"C:\Users\elite\OneDrive\Escritorio\stack00\coderstack00.vhd":213:8:213:15|Removing redundant assignment.
@N: CD364 :"C:\Users\elite\OneDrive\Escritorio\stack00\coderstack00.vhd":223:8:223:15|Removing redundant assignment.
Post processing for work.coderstack00.coderstack0
@N: CD630 :"C:\Users\elite\OneDrive\Escritorio\stack00\contring00.vhd":6:7:6:16|Synthesizing work.contring00.contring0.
Post processing for work.contring00.contring0
@W: CL279 :"C:\Users\elite\OneDrive\Escritorio\stack00\contring00.vhd":18:2:18:3|Pruning register bits 2 to 0 of scont(3 downto 0). If this is not the intended behavior, drive the inputs with valid values, or inputs from the top level.
@N: CD630 :"C:\Users\elite\OneDrive\Escritorio\stack00\topdiv00.vhd":7:7:7:14|Synthesizing work.topdiv00.topdiv0.
@N: CD630 :"C:\Users\elite\OneDrive\Escritorio\stack00\div00.vhd":8:7:8:11|Synthesizing work.div00.div0.
Post processing for work.div00.div0
@N: CD630 :"C:\Users\elite\OneDrive\Escritorio\stack00\osc00.vhd":9:7:9:11|Synthesizing work.osc00.osc0.
@W: CD276 :"C:\lscc\diamond\3.10_x64\cae_library\synthesis\vhdl\machxo2.vhd":2297:8:2297:15|Map for port sedstdby of component osch not found
@N: CD630 :"C:\lscc\diamond\3.10_x64\cae_library\synthesis\vhdl\machxo2.vhd":2291:10:2291:13|Synthesizing work.osch.syn_black_box.
Post processing for work.osch.syn_black_box
Post processing for work.osc00.osc0
Post processing for work.topdiv00.topdiv0
Post processing for work.topstack00.topstack0
@N: CL189 :"C:\Users\elite\OneDrive\Escritorio\stack00\div00.vhd":20:2:20:3|Register bit sdiv(21) is always 0.
@N: CL189 :"C:\Users\elite\OneDrive\Escritorio\stack00\div00.vhd":20:2:20:3|Register bit sdiv(22) is always 0.
@W: CL279 :"C:\Users\elite\OneDrive\Escritorio\stack00\div00.vhd":20:2:20:3|Pruning register bits 22 to 21 of sdiv(22 downto 0). If this is not the intended behavior, drive the inputs with valid values, or inputs from the top level.
@N: CL159 :"C:\Users\elite\OneDrive\Escritorio\stack00\stack00.vhd":13:4:13:11|Input inFlagra is unused.

At c_vhdl Exit (Real Time elapsed 0h:00m:00s; CPU Time elapsed 0h:00m:00s; Memory used current: 74MB peak: 76MB)

Process took 0h:00m:01s realtime, 0h:00m:01s cputime

Process completed successfully.
# Mon Apr  8 11:02:58 2019

###########################################################]
Synopsys Netlist Linker, version comp2017q2p1, Build 190R, built Aug  4 2017
@N|Running in 64-bit mode

Linker output is up to date. No re-linking necessary


At syn_nfilter Exit (Real Time elapsed 0h:00m:00s; CPU Time elapsed 0h:00m:00s; Memory used current: 67MB peak: 68MB)

Process took 0h:00m:01s realtime, 0h:00m:01s cputime

Process completed successfully.
# Mon Apr  8 11:02:59 2019

###########################################################]
@END

At c_hdl Exit (Real Time elapsed 0h:00m:01s; CPU Time elapsed 0h:00m:00s; Memory used current: 3MB peak: 4MB)

Process took 0h:00m:01s realtime, 0h:00m:01s cputime

Process completed successfully.
# Mon Apr  8 11:02:59 2019

###########################################################]
Synopsys Netlist Linker, version comp2017q2p1, Build 190R, built Aug  4 2017
@N|Running in 64-bit mode

Linker output is up to date. No re-linking necessary


At syn_nfilter Exit (Real Time elapsed 0h:00m:00s; CPU Time elapsed 0h:00m:00s; Memory used current: 67MB peak: 68MB)

Process took 0h:00m:01s realtime, 0h:00m:01s cputime

Process completed successfully.
# Mon Apr  8 11:03:00 2019

###########################################################]
Pre-mapping Report

# Mon Apr  8 11:03:01 2019

Synopsys Lattice Technology Pre-mapping, Version maplat, Build 1796R, Built Aug  4 2017 11:10:16
Copyright (C) 1994-2017 Synopsys, Inc. This Synopsys software and all associated documentation are proprietary to Synopsys, Inc. and may only be used pursuant to the terms and conditions of a written license agreement with Synopsys, Inc. All other use, reproduction, modification, or distribution of the Synopsys software or the associated documentation is strictly prohibited.
Product Version M-2017.03L-SP1-1

Mapper Startup Complete (Real Time elapsed 0h:00m:00s; CPU Time elapsed 0h:00m:00s; Memory used current: 99MB peak: 99MB)

@A: MF827 |No constraint file specified.
@L: C:\Users\elite\OneDrive\Escritorio\stack00\stack0\stack00_stack0_scck.rpt 
Printing clock  summary report in "C:\Users\elite\OneDrive\Escritorio\stack00\stack0\stack00_stack0_scck.rpt" file 
@N: MF248 |Running in 64-bit mode.
@N: MF666 |Clock conversion enabled. (Command "set_option -fix_gated_and_generated_clocks 1" in the project file.)

Design Input Complete (Real Time elapsed 0h:00m:00s; CPU Time elapsed 0h:00m:00s; Memory used current: 100MB peak: 102MB)


Mapper Initialization Complete (Real Time elapsed 0h:00m:00s; CPU Time elapsed 0h:00m:00s; Memory used current: 100MB peak: 102MB)


Start loading timing files (Real Time elapsed 0h:00m:01s; CPU Time elapsed 0h:00m:00s; Memory used current: 112MB peak: 112MB)


Finished loading timing files (Real Time elapsed 0h:00m:01s; CPU Time elapsed 0h:00m:00s; Memory used current: 112MB peak: 114MB)

@W: FX474 |User-specified initial value defined for some sequential elements which can prevent optimum synthesis results from being achieved. 
ICG Latch Removal Summary:
Number of ICG latches removed:	0
Number of ICG latches not removed:	0
syn_allowed_resources : blockrams=26  set on top level netlist topstack00

Finished netlist restructuring (Real Time elapsed 0h:00m:01s; CPU Time elapsed 0h:00m:00s; Memory used current: 140MB peak: 142MB)



Clock Summary
******************

          Start                            Requested     Requested     Clock                                           Clock                   Clock
Level     Clock                            Frequency     Period        Type                                            Group                   Load 
----------------------------------------------------------------------------------------------------------------------------------------------------
0 -       osc00|osc_int_inferred_clock     2.1 MHz       480.769       inferred                                        Inferred_clkgroup_0     22   
1 .         div00|outosc_derived_clock     2.1 MHz       480.769       derived (from osc00|osc_int_inferred_clock)     Inferred_clkgroup_0     42   
====================================================================================================================================================

@W: MT529 :"c:\users\elite\onedrive\escritorio\stack00\div00.vhd":20:2:20:3|Found inferred clock osc00|osc_int_inferred_clock which controls 22 sequential elements including RA00.D01.sdiv[20:0]. This clock has no specified timing constraint which may prevent conversion of gated or generated clocks and may adversely impact design performance. 

Finished Pre Mapping Phase.

Starting constraint checker (Real Time elapsed 0h:00m:01s; CPU Time elapsed 0h:00m:00s; Memory used current: 140MB peak: 142MB)


Finished constraint checker preprocessing (Real Time elapsed 0h:00m:01s; CPU Time elapsed 0h:00m:00s; Memory used current: 140MB peak: 142MB)

None
None

Finished constraint checker (Real Time elapsed 0h:00m:02s; CPU Time elapsed 0h:00m:00s; Memory used current: 140MB peak: 142MB)

Pre-mapping successful!

At Mapper Exit (Real Time elapsed 0h:00m:02s; CPU Time elapsed 0h:00m:00s; Memory used current: 55MB peak: 142MB)

Process took 0h:00m:02s realtime, 0h:00m:01s cputime
# Mon Apr  8 11:03:03 2019

###########################################################]
Map & Optimize Report

# Mon Apr  8 11:03:04 2019

Synopsys Lattice Technology Mapper, Version maplat, Build 1796R, Built Aug  4 2017 11:10:16
Copyright (C) 1994-2017 Synopsys, Inc. This Synopsys software and all associated documentation are proprietary to Synopsys, Inc. and may only be used pursuant to the terms and conditions of a written license agreement with Synopsys, Inc. All other use, reproduction, modification, or distribution of the Synopsys software or the associated documentation is strictly prohibited.
Product Version M-2017.03L-SP1-1

Mapper Startup Complete (Real Time elapsed 0h:00m:00s; CPU Time elapsed 0h:00m:00s; Memory used current: 99MB peak: 99MB)

@N: MF248 |Running in 64-bit mode.
@N: MF666 |Clock conversion enabled. (Command "set_option -fix_gated_and_generated_clocks 1" in the project file.)

Design Input Complete (Real Time elapsed 0h:00m:00s; CPU Time elapsed 0h:00m:00s; Memory used current: 98MB peak: 100MB)


Mapper Initialization Complete (Real Time elapsed 0h:00m:00s; CPU Time elapsed 0h:00m:00s; Memory used current: 98MB peak: 100MB)


Start loading timing files (Real Time elapsed 0h:00m:00s; CPU Time elapsed 0h:00m:00s; Memory used current: 111MB peak: 112MB)


Finished loading timing files (Real Time elapsed 0h:00m:00s; CPU Time elapsed 0h:00m:00s; Memory used current: 111MB peak: 114MB)



Starting Optimization and Mapping (Real Time elapsed 0h:00m:00s; CPU Time elapsed 0h:00m:00s; Memory used current: 139MB peak: 141MB)


Available hyper_sources - for debug and ip models
	None Found


Finished RTL optimizations (Real Time elapsed 0h:00m:00s; CPU Time elapsed 0h:00m:00s; Memory used current: 140MB peak: 141MB)

@N: MO231 :"c:\users\elite\onedrive\escritorio\stack00\contread00.vhd":22:4:22:5|Found counter in view:work.topstack00(topstack0) instance RA05.outcontre[4:0] 

Starting factoring (Real Time elapsed 0h:00m:00s; CPU Time elapsed 0h:00m:00s; Memory used current: 140MB peak: 141MB)


Finished factoring (Real Time elapsed 0h:00m:00s; CPU Time elapsed 0h:00m:00s; Memory used current: 141MB peak: 142MB)


Starting gated-clock and generated-clock conversion (Real Time elapsed 0h:00m:00s; CPU Time elapsed 0h:00m:00s; Memory used current: 141MB peak: 142MB)


Finished gated-clock and generated-clock conversion (Real Time elapsed 0h:00m:00s; CPU Time elapsed 0h:00m:00s; Memory used current: 141MB peak: 142MB)


Finished generic timing optimizations - Pass 1 (Real Time elapsed 0h:00m:00s; CPU Time elapsed 0h:00m:00s; Memory used current: 142MB peak: 143MB)


Starting Early Timing Optimization (Real Time elapsed 0h:00m:00s; CPU Time elapsed 0h:00m:00s; Memory used current: 143MB peak: 143MB)


Finished Early Timing Optimization (Real Time elapsed 0h:00m:00s; CPU Time elapsed 0h:00m:00s; Memory used current: 143MB peak: 143MB)


Finished generic timing optimizations - Pass 2 (Real Time elapsed 0h:00m:00s; CPU Time elapsed 0h:00m:00s; Memory used current: 142MB peak: 143MB)


Finished preparing to map (Real Time elapsed 0h:00m:01s; CPU Time elapsed 0h:00m:00s; Memory used current: 143MB peak: 143MB)


Finished technology mapping (Real Time elapsed 0h:00m:01s; CPU Time elapsed 0h:00m:00s; Memory used current: 145MB peak: 146MB)

Pass		 CPU time		Worst Slack		Luts / Registers
------------------------------------------------------------
   1		0h:00m:00s		   469.08ns		 100 /        57

Finished technology timing optimizations and critical path resynthesis (Real Time elapsed 0h:00m:01s; CPU Time elapsed 0h:00m:00s; Memory used current: 145MB peak: 146MB)

@N: FX164 |The option to pack registers in the IOB has not been specified. Please set syn_useioff attribute.  
@N: FO126 :"c:\users\elite\onedrive\escritorio\stack00\stack00.vhd":23:7:23:15|Generating RAM RA03.wordstack[6:0]
@A: BN291 :"c:\users\elite\onedrive\escritorio\stack00\contring00.vhd":18:2:18:3|Boundary register RA01.outri_3_.fb (in view: work.topstack00(topstack0)) is packed into a complex cell. To disable register packing, set syn_keep=1 on the net between the register and the complex cell. 
@A: BN291 :"c:\users\elite\onedrive\escritorio\stack00\contring00.vhd":18:2:18:3|Boundary register RA01.outri_2_.fb (in view: work.topstack00(topstack0)) is packed into a complex cell. To disable register packing, set syn_keep=1 on the net between the register and the complex cell. 
@A: BN291 :"c:\users\elite\onedrive\escritorio\stack00\contring00.vhd":18:2:18:3|Boundary register RA01.outri_1_.fb (in view: work.topstack00(topstack0)) is packed into a complex cell. To disable register packing, set syn_keep=1 on the net between the register and the complex cell. 
@A: BN291 :"c:\users\elite\onedrive\escritorio\stack00\contring00.vhd":18:2:18:3|Boundary register RA01.outri_0_.fb (in view: work.topstack00(topstack0)) is packed into a complex cell. To disable register packing, set syn_keep=1 on the net between the register and the complex cell. 
@A: BN291 :"c:\users\elite\onedrive\escritorio\stack00\coderstack00.vhd":27:4:27:5|Boundary register RA02.outcontr_4_.fb (in view: work.topstack00(topstack0)) is packed into a complex cell. To disable register packing, set syn_keep=1 on the net between the register and the complex cell. 
@A: BN291 :"c:\users\elite\onedrive\escritorio\stack00\coderstack00.vhd":27:4:27:5|Boundary register RA02.outcontr_3_.fb (in view: work.topstack00(topstack0)) is packed into a complex cell. To disable register packing, set syn_keep=1 on the net between the register and the complex cell. 
@A: BN291 :"c:\users\elite\onedrive\escritorio\stack00\coderstack00.vhd":27:4:27:5|Boundary register RA02.outcontr_2_.fb (in view: work.topstack00(topstack0)) is packed into a complex cell. To disable register packing, set syn_keep=1 on the net between the register and the complex cell. 
@A: BN291 :"c:\users\elite\onedrive\escritorio\stack00\coderstack00.vhd":27:4:27:5|Boundary register RA02.outcontr_1_.fb (in view: work.topstack00(topstack0)) is packed into a complex cell. To disable register packing, set syn_keep=1 on the net between the register and the complex cell. 
@A: BN291 :"c:\users\elite\onedrive\escritorio\stack00\coderstack00.vhd":27:4:27:5|Boundary register RA02.outcontr_0_.fb (in view: work.topstack00(topstack0)) is packed into a complex cell. To disable register packing, set syn_keep=1 on the net between the register and the complex cell. 
@A: BN291 :"c:\users\elite\onedrive\escritorio\stack00\coderstack00.vhd":27:4:27:5|Boundary register RA02.outFlagr.fb (in view: work.topstack00(topstack0)) is packed into a complex cell. To disable register packing, set syn_keep=1 on the net between the register and the complex cell. 

Finished restoring hierarchy (Real Time elapsed 0h:00m:01s; CPU Time elapsed 0h:00m:01s; Memory used current: 145MB peak: 146MB)



@S |Clock Optimization Summary


#### START OF CLOCK OPTIMIZATION REPORT #####[

0 non-gated/non-generated clock tree(s) driving 0 clock pin(s) of sequential element(s)
2 gated/generated clock tree(s) driving 61 clock pin(s) of sequential element(s)
0 instances converted, 61 sequential instances remain driven by gated/generated clocks

=================================================================================================== Gated/Generated Clocks ====================================================================================================
Clock Tree ID     Driving Element       Drive Element Type     Fanout     Sample Instance        Explanation                                                                                                                   
-------------------------------------------------------------------------------------------------------------------------------------------------------------------------------------------------------------------------------
@K:CKID0001       RA00.D00.OSCInst0     OSCH                   57         RA02_outFlagrio        Gating structure creates improper gating logic. See the Gated Clocks description in the user guide for conversion requirements
@K:CKID0002       RA00.D01.outosc       FD1S3AX                4          RA03.wordstack_ram     No gated clock conversion method for cell cell:LUCENT.DPR16X4C                                                                
===============================================================================================================================================================================================================================


##### END OF CLOCK OPTIMIZATION REPORT ######]


Start Writing Netlists (Real Time elapsed 0h:00m:01s; CPU Time elapsed 0h:00m:01s; Memory used current: 111MB peak: 146MB)

Writing Analyst data base C:\Users\elite\OneDrive\Escritorio\stack00\stack0\synwork\stack00_stack0_m.srm

Finished Writing Netlist Databases (Real Time elapsed 0h:00m:02s; CPU Time elapsed 0h:00m:01s; Memory used current: 144MB peak: 146MB)

Writing EDIF Netlist and constraint files
@N: FX1056 |Writing EDF file: C:\Users\elite\OneDrive\Escritorio\stack00\stack0\stack00_stack0.edi
M-2017.03L-SP1-1
@N: BW106 |Synplicity Constraint File capacitance units using default value of 1pF 

Finished Writing EDIF Netlist and constraint files (Real Time elapsed 0h:00m:02s; CPU Time elapsed 0h:00m:01s; Memory used current: 148MB peak: 150MB)


Start final timing analysis (Real Time elapsed 0h:00m:03s; CPU Time elapsed 0h:00m:02s; Memory used current: 149MB peak: 150MB)

@N: MT615 |Found clock div00|outosc_derived_clock with period 480.77ns 
@W: MT420 |Found inferred clock osc00|osc_int_inferred_clock with period 480.77ns. Please declare a user-defined clock on object "n:RA00.D00.osc_int"


##### START OF TIMING REPORT #####[
# Timing Report written on Mon Apr  8 11:03:07 2019
#


Top view:               topstack00
Requested Frequency:    2.1 MHz
Wire load mode:         top
Paths requested:        5
Constraint File(s):    
@N: MT320 |This timing report is an estimate of place and route data. For final timing results, use the FPGA vendor place and route report.

@N: MT322 |Clock constraints include only register-to-register paths associated with each individual clock.



Performance Summary
*******************


Worst slack in design: 470.613

                                 Requested     Estimated     Requested     Estimated                 Clock                                           Clock              
Starting Clock                   Frequency     Frequency     Period        Period        Slack       Type                                            Group              
------------------------------------------------------------------------------------------------------------------------------------------------------------------------
div00|outosc_derived_clock       2.1 MHz       440.8 MHz     480.769       2.269         479.269     derived (from osc00|osc_int_inferred_clock)     Inferred_clkgroup_0
osc00|osc_int_inferred_clock     2.1 MHz       98.5 MHz      480.769       10.156        470.613     inferred                                        Inferred_clkgroup_0
========================================================================================================================================================================





Clock Relationships
*******************

Clocks                                                      |    rise  to  rise     |    fall  to  fall   |    rise  to  fall   |    fall  to  rise 
----------------------------------------------------------------------------------------------------------------------------------------------------
Starting                      Ending                        |  constraint  slack    |  constraint  slack  |  constraint  slack  |  constraint  slack
----------------------------------------------------------------------------------------------------------------------------------------------------
osc00|osc_int_inferred_clock  osc00|osc_int_inferred_clock  |  480.769     470.613  |  No paths    -      |  No paths    -      |  No paths    -    
osc00|osc_int_inferred_clock  div00|outosc_derived_clock    |  480.769     478.501  |  No paths    -      |  No paths    -      |  No paths    -    
div00|outosc_derived_clock    osc00|osc_int_inferred_clock  |  480.769     479.269  |  No paths    -      |  No paths    -      |  No paths    -    
====================================================================================================================================================
 Note: 'No paths' indicates there are no paths in the design for that pair of clock edges.
       'Diff grp' indicates that paths exist but the starting clock and ending clock are in different clock groups.



Interface Information 
*********************

No IO constraint found



====================================
Detailed Report for Clock: div00|outosc_derived_clock
====================================



Starting Points with Worst Slack
********************************

                         Starting                                                                Arrival            
Instance                 Reference                      Type         Pin     Net                 Time        Slack  
                         Clock                                                                                      
--------------------------------------------------------------------------------------------------------------------
RA03.wordstack_ram       div00|outosc_derived_clock     DPR16X4C     DO3     wordstack_ram_2     0.972       479.269
RA03.wordstack_ram_1     div00|outosc_derived_clock     DPR16X4C     DO3     wordstack_ram_9     0.972       479.269
====================================================================================================================


Ending Points with Worst Slack
******************************

                      Starting                                                            Required            
Instance              Reference                      Type        Pin     Net              Time         Slack  
                      Clock                                                                                   
--------------------------------------------------------------------------------------------------------------
RA03.outwordra[3]     div00|outosc_derived_clock     FD1P3JX     D       wordstack[3]     480.858      479.269
==============================================================================================================



Worst Path Information
***********************


Path information for path number 1: 
      Requested Period:                      480.769
    - Setup time:                            -0.089
    + Clock delay at ending point:           0.000 (ideal)
    = Required time:                         480.858

    - Propagation time:                      1.589
    - Clock delay at starting point:         0.000 (ideal)
    = Slack (non-critical) :                 479.269

    Number of logic level(s):                1
    Starting point:                          RA03.wordstack_ram / DO3
    Ending point:                            RA03.outwordra[3] / D
    The start point is clocked by            div00|outosc_derived_clock [rising] on pin WCK
    The end   point is clocked by            osc00|osc_int_inferred_clock [rising] on pin CK

Instance / Net                         Pin      Pin               Arrival     No. of    
Name                      Type         Name     Dir     Delay     Time        Fan Out(s)
----------------------------------------------------------------------------------------
RA03.wordstack_ram        DPR16X4C     DO3      Out     0.972     0.972       -         
wordstack_ram_2           Net          -        -       -         -           1         
RA03.outwordra_RNO[3]     ORCALUT4     A        In      0.000     0.972       -         
RA03.outwordra_RNO[3]     ORCALUT4     Z        Out     0.617     1.589       -         
wordstack[3]              Net          -        -       -         -           1         
RA03.outwordra[3]         FD1P3JX      D        In      0.000     1.589       -         
========================================================================================




====================================
Detailed Report for Clock: osc00|osc_int_inferred_clock
====================================



Starting Points with Worst Slack
********************************

                      Starting                                                          Arrival            
Instance              Reference                        Type        Pin     Net          Time        Slack  
                      Clock                                                                                
-----------------------------------------------------------------------------------------------------------
RA00.D01.sdiv[20]     osc00|osc_int_inferred_clock     FD1S3IX     Q       sdiv[20]     1.188       470.613
RA00.D01.sdiv[17]     osc00|osc_int_inferred_clock     FD1S3IX     Q       sdiv[17]     1.180       470.621
RA00.D01.sdiv[18]     osc00|osc_int_inferred_clock     FD1S3IX     Q       sdiv[18]     1.180       470.621
RA00.D01.sdiv[19]     osc00|osc_int_inferred_clock     FD1S3IX     Q       sdiv[19]     1.180       470.621
RA00.D01.sdiv[0]      osc00|osc_int_inferred_clock     FD1S3IX     Q       sdiv[0]      1.044       470.821
RA00.D01.sdiv[1]      osc00|osc_int_inferred_clock     FD1S3IX     Q       sdiv[1]      1.044       470.821
RA00.D01.sdiv[2]      osc00|osc_int_inferred_clock     FD1S3IX     Q       sdiv[2]      1.044       470.821
RA00.D01.sdiv[3]      osc00|osc_int_inferred_clock     FD1S3IX     Q       sdiv[3]      1.044       470.821
RA00.D01.sdiv[4]      osc00|osc_int_inferred_clock     FD1S3IX     Q       sdiv[4]      1.044       470.821
RA00.D01.sdiv[5]      osc00|osc_int_inferred_clock     FD1S3IX     Q       sdiv[5]      1.044       470.821
===========================================================================================================


Ending Points with Worst Slack
******************************

                     Starting                                                       Required            
Instance             Reference                        Type         Pin     Net      Time         Slack  
                     Clock                                                                              
--------------------------------------------------------------------------------------------------------
RA02_outFlagrio      osc00|osc_int_inferred_clock     OFS1P3IX     CD      G_11     479.966      470.613
RA02.outcontr[0]     osc00|osc_int_inferred_clock     FD1P3JX      PD      G_11     479.966      470.613
RA02.outcontr[1]     osc00|osc_int_inferred_clock     FD1P3JX      PD      G_11     479.966      470.613
RA02.outcontr[2]     osc00|osc_int_inferred_clock     FD1P3JX      PD      G_11     479.966      470.613
RA02.outcontr[3]     osc00|osc_int_inferred_clock     FD1P3JX      PD      G_11     479.966      470.613
RA02.outcontr[4]     osc00|osc_int_inferred_clock     FD1P3JX      PD      G_11     479.966      470.613
RA01.outri[0]        osc00|osc_int_inferred_clock     FD1P3IX      CD      G_11     479.966      470.613
RA01.outri[1]        osc00|osc_int_inferred_clock     FD1P3IX      CD      G_11     479.966      470.613
RA01.outri[2]        osc00|osc_int_inferred_clock     FD1P3IX      CD      G_11     479.966      470.613
RA01.outri[3]        osc00|osc_int_inferred_clock     FD1P3IX      CD      G_11     479.966      470.613
========================================================================================================



Worst Path Information
***********************


Path information for path number 1: 
      Requested Period:                      480.769
    - Setup time:                            0.803
    + Clock delay at ending point:           0.000 (ideal)
    = Required time:                         479.966

    - Propagation time:                      9.353
    - Clock delay at starting point:         0.000 (ideal)
    = Slack (critical) :                     470.613

    Number of logic level(s):                7
    Starting point:                          RA00.D01.sdiv[20] / Q
    Ending point:                            RA02_outFlagrio / CD
    The start point is clocked by            osc00|osc_int_inferred_clock [rising] on pin CK
    The end   point is clocked by            osc00|osc_int_inferred_clock [rising] on pin SCLK

Instance / Net                                       Pin      Pin               Arrival     No. of    
Name                                    Type         Name     Dir     Delay     Time        Fan Out(s)
------------------------------------------------------------------------------------------------------
RA00.D01.sdiv[20]                       FD1S3IX      Q        Out     1.188     1.188       -         
sdiv[20]                                Net          -        -       -         -           6         
RA00.D01.un1_outosc_0_sqmuxa_i_a3_2     ORCALUT4     C        In      0.000     1.188       -         
RA00.D01.un1_outosc_0_sqmuxa_i_a3_2     ORCALUT4     Z        Out     1.225     2.413       -         
un1_outosc_0_sqmuxa_i_a3_2              Net          -        -       -         -           5         
RA00.D01.un1_outosc_0_sqmuxa_i_a3_8     ORCALUT4     A        In      0.000     2.413       -         
RA00.D01.un1_outosc_0_sqmuxa_i_a3_8     ORCALUT4     Z        Out     1.153     3.565       -         
un1_outosc_0_sqmuxa_i_a3_8              Net          -        -       -         -           3         
RA00.D01.un1_outosc_0_sqmuxa_i_5        ORCALUT4     A        In      0.000     3.565       -         
RA00.D01.un1_outosc_0_sqmuxa_i_5        ORCALUT4     Z        Out     1.017     4.582       -         
un1_outosc_0_sqmuxa_i_5                 Net          -        -       -         -           1         
RA00.D01.un1_outosc_0_sqmuxa_i_7        ORCALUT4     C        In      0.000     4.582       -         
RA00.D01.un1_outosc_0_sqmuxa_i_7        ORCALUT4     Z        Out     1.017     5.599       -         
un1_outosc_0_sqmuxa_i_7                 Net          -        -       -         -           1         
RA00.D01.un1_outosc_0_sqmuxa_i_8        ORCALUT4     D        In      0.000     5.599       -         
RA00.D01.un1_outosc_0_sqmuxa_i_8        ORCALUT4     Z        Out     1.153     6.752       -         
un1_outosc_0_sqmuxa_i_8                 Net          -        -       -         -           3         
RA02.G_9                                ORCALUT4     B        In      0.000     6.752       -         
RA02.G_9                                ORCALUT4     Z        Out     1.321     8.073       -         
G_9                                     Net          -        -       -         -           19        
RA02.G_11                               ORCALUT4     A        In      0.000     8.073       -         
RA02.G_11                               ORCALUT4     Z        Out     1.281     9.353       -         
G_11                                    Net          -        -       -         -           11        
RA02_outFlagrio                         OFS1P3IX     CD       In      0.000     9.353       -         
======================================================================================================



##### END OF TIMING REPORT #####]

Timing exceptions that could not be applied
None

Finished final timing analysis (Real Time elapsed 0h:00m:03s; CPU Time elapsed 0h:00m:02s; Memory used current: 149MB peak: 150MB)


Finished timing report (Real Time elapsed 0h:00m:03s; CPU Time elapsed 0h:00m:02s; Memory used current: 149MB peak: 150MB)

---------------------------------------
Resource Usage Report
Part: lcmxo2_7000he-4

Register bits: 57 of 6864 (1%)
PIC Latch:       0
I/O cells:       43


Details:
CCU2D:          14
DPR16X4C:       4
FD1P3AX:        12
FD1P3IX:        4
FD1P3JX:        18
FD1S3AX:        1
FD1S3IX:        21
GSR:            1
IB:             11
OB:             32
OFS1P3IX:       1
ORCALUT4:       107
OSCH:           1
PUR:            1
VHI:            9
VLO:            9
Mapper successful!

At Mapper Exit (Real Time elapsed 0h:00m:03s; CPU Time elapsed 0h:00m:02s; Memory used current: 32MB peak: 150MB)

Process took 0h:00m:03s realtime, 0h:00m:02s cputime
# Mon Apr  8 11:03:07 2019

###########################################################]


Synthesis exit by 0.

edif2ngd  -l "MachXO2" -d LCMXO2-7000HE -path "C:/Users/elite/OneDrive/Escritorio/stack00/stack0" -path "C:/Users/elite/OneDrive/Escritorio/stack00"   "C:/Users/elite/OneDrive/Escritorio/stack00/stack0/stack00_stack0.edi" "stack00_stack0.ngo"   
edif2ngd:  version Diamond (64-bit) 3.10.0.111.2

Copyright (c) 1991-1994 by NeoCAD Inc. All rights reserved.
Copyright (c) 1995 AT&T Corp.   All rights reserved.
Copyright (c) 1995-2001 Lucent Technologies Inc.  All rights reserved.
Copyright (c) 2001 Agere Systems   All rights reserved.
Copyright (c) 2002-2017 Lattice Semiconductor Corporation,  All rights reserved.
Writing the design to stack00_stack0.ngo...

Total CPU Time: 0 secs  

Total REAL Time: 0 secs  


ngdbuild  -a "MachXO2" -d LCMXO2-7000HE  -p "C:/lscc/diamond/3.10_x64/ispfpga/xo2c00/data"  -p "C:/Users/elite/OneDrive/Escritorio/stack00/stack0" -p "C:/Users/elite/OneDrive/Escritorio/stack00"  "stack00_stack0.ngo" "stack00_stack0.ngd"  	
ngdbuild:  version Diamond (64-bit) 3.10.0.111.2

Copyright (c) 1991-1994 by NeoCAD Inc. All rights reserved.
Copyright (c) 1995 AT&T Corp.   All rights reserved.
Copyright (c) 1995-2001 Lucent Technologies Inc.  All rights reserved.
Copyright (c) 2001 Agere Systems   All rights reserved.
Copyright (c) 2002-2017 Lattice Semiconductor Corporation,  All rights reserved.
Reading 'stack00_stack0.ngo' ...
Loading NGL library 'C:/lscc/diamond/3.10_x64/ispfpga/xo2c00a/data/xo2alib.ngl'...
Loading NGL library 'C:/lscc/diamond/3.10_x64/ispfpga/xo2c00/data/xo2clib.ngl'...
Loading NGL library 'C:/lscc/diamond/3.10_x64/ispfpga/mg5g00/data/mg5glib.ngl'...
Loading NGL library 'C:/lscc/diamond/3.10_x64/ispfpga/or5g00/data/orc5glib.ngl'...


Running DRC...

    <postMsg mid="1166052" type="Warning" dynamic="2" navigation="1" arg0="logical" arg1="RA00/D00/OSCInst0_SEDSTDBY" arg2="RA00/D00/OSCInst0_SEDSTDBY"  />
    <postMsg mid="1166052" type="Warning" dynamic="2" navigation="1" arg0="logical" arg1="RA03/wordstack_ram_2_DO3" arg2="RA03/wordstack_ram_2_DO3"  />
    <postMsg mid="1166052" type="Warning" dynamic="2" navigation="1" arg0="logical" arg1="RA03/wordstack_ram_0_DO3" arg2="RA03/wordstack_ram_0_DO3"  />
    <postMsg mid="1163101" type="Warning" dynamic="1" navigation="0" arg0="3"  />

Design Results:
    245 blocks expanded
Complete the first expansion.
Writing 'stack00_stack0.ngd' ...
Total CPU Time: 0 secs  

Total REAL Time: 0 secs  


map -a "MachXO2" -p LCMXO2-7000HE -t TQFP144 -s 4 -oc Commercial   "stack00_stack0.ngd" -o "stack00_stack0_map.ncd" -pr "stack00_stack0.prf" -mp "stack00_stack0.mrp" -lpf "C:/Users/elite/OneDrive/Escritorio/stack00/stack0/stack00_stack0_synplify.lpf" -lpf "C:/Users/elite/OneDrive/Escritorio/stack00/stack00.lpf" -c 0            
map:  version Diamond (64-bit) 3.10.0.111.2

Copyright (c) 1991-1994 by NeoCAD Inc. All rights reserved.
Copyright (c) 1995 AT&T Corp.   All rights reserved.
Copyright (c) 1995-2001 Lucent Technologies Inc.  All rights reserved.
Copyright (c) 2001 Agere Systems   All rights reserved.
Copyright (c) 2002-2017 Lattice Semiconductor Corporation,  All rights reserved.
   Process the file: stack00_stack0.ngd
   Picdevice="LCMXO2-7000HE"

   Pictype="TQFP144"

   Picspeed=4

   Remove unused logic

   Do not produce over sized NCDs.

Part used: LCMXO2-7000HETQFP144, Performance used: 4.

Loading device for application map from file 'xo2c7000.nph' in environment: C:/lscc/diamond/3.10_x64/ispfpga.
Package Status:                     Final          Version 1.39.

Running general design DRC...

Removing unused logic...

Optimizing...




Design Summary:
   Number of registers:     57 out of  7209 (1%)
      PFU registers:           56 out of  6864 (1%)
      PIO registers:            1 out of   345 (0%)
   Number of SLICEs:        81 out of  3432 (2%)
      SLICEs as Logic/ROM:     69 out of  3432 (2%)
      SLICEs as RAM:           12 out of  2574 (0%)
      SLICEs as Carry:         14 out of  3432 (0%)
   Number of LUT4s:        161 out of  6864 (2%)
      Number used as logic LUTs:        109
      Number used as distributed RAM:    24
      Number used as ripple logic:       28
      Number used as shift registers:     0
   Number of PIO sites used: 43 + 4(JTAG) out of 115 (41%)
   Number of block RAMs:  0 out of 26 (0%)
   Number of GSRs:  0 out of 1 (0%)
   EFB used :       No
   JTAG used :      No
   Readback used :  No
   Oscillator used :  Yes
   Startup used :   No
   POR :            On
   Bandgap :        On
   Number of Power Controller:  0 out of 1 (0%)
   Number of Dynamic Bank Controller (BCINRD):  0 out of 6 (0%)
   Number of Dynamic Bank Controller (BCLVDSO):  0 out of 1 (0%)
   Number of DCCA:  0 out of 8 (0%)
   Number of DCMA:  0 out of 2 (0%)
   Number of PLLs:  0 out of 2 (0%)
   Number of DQSDLLs:  0 out of 2 (0%)
   Number of CLKDIVC:  0 out of 4 (0%)
   Number of ECLKSYNCA:  0 out of 4 (0%)
   Number of ECLKBRIDGECS:  0 out of 2 (0%)
   Notes:-
      1. Total number of LUT4s = (Number of logic LUT4s) + 2*(Number of distributed RAMs) + 2*(Number of ripple logic)
      2. Number of logic LUT4s does not include count of distributed RAM and ripple logic.
   Number of clocks:  2
     Net RA00.D01.outosc_i: 8 loads, 8 rising, 0 falling (Driver: RA00/D01/outosc )
     Net RA00.sdiv_0: 34 loads, 34 rising, 0 falling (Driver: RA00/D00/OSCInst0 )
   Number of Clock Enables:  6
     Net un1_outFlagr_0_sqmuxa_3_i_o2_RNIC49P1: 1 loads, 0 LSLICEs
     Net RA05/outcontre_RNIT0GK2[2]: 3 loads, 3 LSLICEs
     Net G_9: 7 loads, 7 LSLICEs
     Net RA03/outwordra_cnv[0]: 4 loads, 4 LSLICEs
     Net RA02/aux0_cnv: 2 loads, 2 LSLICEs
     Net RA02/un1_outFlagr_0_sqmuxa_3_i_o2_RNIN3JT2: 5 loads, 5 LSLICEs
   Number of LSRs:  4
     Net G_11: 7 loads, 6 LSLICEs
     Net RA03/outwordra_44: 4 loads, 4 LSLICEs
     Net RA02/outcoderr_42: 3 loads, 3 LSLICEs
     Net RA00/D01/N_6_i: 11 loads, 11 LSLICEs
   Number of nets driven by tri-state buffers:  0
   Top 10 highest fanout non-clock nets:
     Net en0_c: 19 loads
     Net outcontR0_c[0]: 17 loads
     Net outcontR0_c[1]: 17 loads
     Net outcontR0_c[2]: 17 loads
     Net outcontR0_c[3]: 17 loads
     Net G_9: 15 loads
     Net outr0_c[3]: 15 loads
     Net outr0_c[1]: 14 loads
     Net rw0_c: 13 loads
     Net outr0_c[2]: 12 loads
 

   Number of warnings:  0
   Number of errors:    0



Total CPU Time: 0 secs  
Total REAL Time: 3 secs  
Peak Memory Usage: 59 MB

Dumping design to file stack00_stack0_map.ncd.

mpartrce -p "stack00_stack0.p2t" -f "stack00_stack0.p3t" -tf "stack00_stack0.pt" "stack00_stack0_map.ncd" "stack00_stack0.ncd"

---- MParTrce Tool ----
Removing old design directory at request of -rem command line option to this program.
Running par. Please wait . . .

Lattice Place and Route Report for Design "stack00_stack0_map.ncd"
Mon Apr 08 11:03:15 2019

PAR: Place And Route Diamond (64-bit) 3.10.0.111.2.
Command Line: par -w -l 5 -i 6 -t 1 -c 0 -e 0 -gui -msgset C:/Users/elite/OneDrive/Escritorio/stack00/promote.xml -exp parUseNBR=1:parCDP=0:parCDR=0:parPathBased=OFF stack00_stack0_map.ncd stack00_stack0.dir/5_1.ncd stack00_stack0.prf
Preference file: stack00_stack0.prf.
Placement level-cost: 5-1.
Routing Iterations: 6

Loading design for application par from file stack00_stack0_map.ncd.
Design name: topstack00
NCD version: 3.3
Vendor:      LATTICE
Device:      LCMXO2-7000HE
Package:     TQFP144
Performance: 4
Loading device for application par from file 'xo2c7000.nph' in environment: C:/lscc/diamond/3.10_x64/ispfpga.
Package Status:                     Final          Version 1.39.
Performance Hardware Data Status:   Final          Version 34.4.
License checked out.


Ignore Preference Error(s):  True
Device utilization summary:

   PIO (prelim)   43+4(JTAG)/336     14% used
                  43+4(JTAG)/115     41% bonded
   IOLOGIC            1/336          <1% used

   SLICE             81/3432          2% used

   OSC                1/1           100% used


Number of Signals: 260
Number of Connections: 734

Pin Constraint Summary:
   43 out of 43 pins locked (100% locked).

The following 1 signal is selected to use the primary clock routing resources:
    RA00.sdiv_0 (driver: RA00/D00/OSCInst0, clk load #: 34)


The following 2 signals are selected to use the secondary clock routing resources:
    RA00.D01.outosc_i (driver: RA00/D01/SLICE_26, clk load #: 8, sr load #: 0, ce load #: 0)
    RA00/D01/N_6_i (driver: RA00/D01/SLICE_61, clk load #: 0, sr load #: 11, ce load #: 0)

No signal is selected as Global Set/Reset.
Starting Placer Phase 0.
......
Finished Placer Phase 0.  REAL time: 3 secs 

Starting Placer Phase 1.
.....................
Placer score = 64055.
Finished Placer Phase 1.  REAL time: 10 secs 

Starting Placer Phase 2.
.
Placer score =  64027
Finished Placer Phase 2.  REAL time: 10 secs 


------------------ Clock Report ------------------

Global Clock Resources:
  CLK_PIN    : 0 out of 8 (0%)
  PLL        : 0 out of 2 (0%)
  DCM        : 0 out of 2 (0%)
  DCC        : 0 out of 8 (0%)

Quadrants All (TL, TR, BL, BR) - Global Clocks:
  PRIMARY "RA00.sdiv_0" from OSC on comp "RA00/D00/OSCInst0" on site "OSC", clk load = 34
  SECONDARY "RA00.D01.outosc_i" from Q0 on comp "RA00/D01/SLICE_26" on site "R21C18D", clk load = 8, ce load = 0, sr load = 0
  SECONDARY "RA00/D01/N_6_i" from F0 on comp "RA00/D01/SLICE_61" on site "R14C18A", clk load = 0, ce load = 0, sr load = 11

  PRIMARY  : 1 out of 8 (12%)
  SECONDARY: 2 out of 8 (25%)

Edge Clocks:
  No edge clock selected.

--------------- End of Clock Report ---------------


I/O Usage Summary (final):
   43 + 4(JTAG) out of 336 (14.0%) PIO sites used.
   43 + 4(JTAG) out of 115 (40.9%) bonded PIO sites used.
   Number of PIO comps: 43; differential: 0.
   Number of Vref pins used: 0.

I/O Bank Usage Summary:
+----------+----------------+------------+-----------+
| I/O Bank | Usage          | Bank Vccio | Bank Vref |
+----------+----------------+------------+-----------+
| 0        | 0 / 28 (  0%)  | -          | -         |
| 1        | 23 / 29 ( 79%) | 2.5V       | -         |
| 2        | 13 / 29 ( 44%) | 2.5V       | -         |
| 3        | 0 / 9 (  0%)   | -          | -         |
| 4        | 2 / 10 ( 20%)  | 2.5V       | -         |
| 5        | 5 / 10 ( 50%)  | 2.5V       | -         |
+----------+----------------+------------+-----------+

Total placer CPU time: 6 secs 

Dumping design to file stack00_stack0.dir/5_1.ncd.

0 connections routed; 734 unrouted.
Starting router resource preassignment

Completed router resource preassignment. Real time: 14 secs 

Start NBR router at 11:03:29 04/08/19

*****************************************************************
Info: NBR allows conflicts(one node used by more than one signal)
      in the earlier iterations. In each iteration, it tries to  
      solve the conflicts while keeping the critical connections 
      routed as short as possible. The routing process is said to
      be completed when no conflicts exist and all connections   
      are routed.                                                
Note: NBR uses a different method to calculate timing slacks. The
      worst slack and total negative slack may not be the same as
      that in TRCE report. You should always run TRCE to verify  
      your design.                                               
*****************************************************************

Start NBR special constraint process at 11:03:29 04/08/19

Start NBR section for initial routing at 11:03:29 04/08/19
Level 4, iteration 1
13(0.00%) conflicts; 0(0.00%) untouched conn; 0 (nbr) score; 
Estimated worst slack/total negative slack<setup>: 465.044ns/0.000ns; real time: 15 secs 

Info: Initial congestion level at 75% usage is 0
Info: Initial congestion area  at 75% usage is 0 (0.00%)

Start NBR section for normal routing at 11:03:30 04/08/19
Level 4, iteration 1
6(0.00%) conflicts; 0(0.00%) untouched conn; 0 (nbr) score; 
Estimated worst slack/total negative slack<setup>: 465.044ns/0.000ns; real time: 15 secs 
Level 4, iteration 2
1(0.00%) conflict; 0(0.00%) untouched conn; 0 (nbr) score; 
Estimated worst slack/total negative slack<setup>: 464.859ns/0.000ns; real time: 15 secs 
Level 4, iteration 3
1(0.00%) conflict; 0(0.00%) untouched conn; 0 (nbr) score; 
Estimated worst slack/total negative slack<setup>: 464.859ns/0.000ns; real time: 15 secs 
Level 4, iteration 4
1(0.00%) conflict; 0(0.00%) untouched conn; 0 (nbr) score; 
Estimated worst slack/total negative slack<setup>: 464.859ns/0.000ns; real time: 15 secs 
Level 4, iteration 5
1(0.00%) conflict; 0(0.00%) untouched conn; 0 (nbr) score; 
Estimated worst slack/total negative slack<setup>: 464.859ns/0.000ns; real time: 15 secs 
Level 4, iteration 6
1(0.00%) conflict; 0(0.00%) untouched conn; 0 (nbr) score; 
Estimated worst slack/total negative slack<setup>: 464.859ns/0.000ns; real time: 15 secs 
Level 4, iteration 7
0(0.00%) conflict; 0(0.00%) untouched conn; 0 (nbr) score; 
Estimated worst slack/total negative slack<setup>: 464.859ns/0.000ns; real time: 15 secs 

Start NBR section for setup/hold timing optimization with effort level 3 at 11:03:30 04/08/19

Start NBR section for re-routing at 11:03:30 04/08/19
Level 4, iteration 1
0(0.00%) conflict; 0(0.00%) untouched conn; 0 (nbr) score; 
Estimated worst slack/total negative slack<setup>: 464.859ns/0.000ns; real time: 15 secs 

Start NBR section for post-routing at 11:03:30 04/08/19

End NBR router with 0 unrouted connection

NBR Summary
-----------
  Number of unrouted connections : 0 (0.00%)
  Number of connections with timing violations : 0 (0.00%)
  Estimated worst slack<setup> : 464.859ns
  Timing score<setup> : 0
-----------
Notes: The timing info is calculated for SETUP only and all PAR_ADJs are ignored.



Total CPU time 10 secs 
Total REAL time: 16 secs 
Completely routed.
End of route.  734 routed (100.00%); 0 unrouted.

Hold time timing score: 0, hold timing errors: 0

Timing score: 0 

Dumping design to file stack00_stack0.dir/5_1.ncd.


PAR_SUMMARY::Run status = Success
PAR_SUMMARY::Number of unrouted conns = 0
PAR_SUMMARY::Worst  slack<setup/<ns>> = 464.859
PAR_SUMMARY::Timing score<setup/<ns>> = 0.000
PAR_SUMMARY::Worst  slack<hold /<ns>> = 0.307
PAR_SUMMARY::Timing score<hold /<ns>> = 0.000
PAR_SUMMARY::Number of errors = 0

Total CPU  time to completion: 11 secs 
Total REAL time to completion: 16 secs 

par done!

Copyright (c) 1991-1994 by NeoCAD Inc. All rights reserved.
Copyright (c) 1995 AT&T Corp.   All rights reserved.
Copyright (c) 1995-2001 Lucent Technologies Inc.  All rights reserved.
Copyright (c) 2001 Agere Systems   All rights reserved.
Copyright (c) 2002-2017 Lattice Semiconductor Corporation,  All rights reserved.
Exiting par with exit code 0
Exiting mpartrce with exit code 0

bitgen -f "stack00_stack0.t2b" -w "stack00_stack0.ncd" -jedec "stack00_stack0.prf"


BITGEN: Bitstream Generator Diamond (64-bit) 3.10.0.111.2
Copyright (c) 1991-1994 by NeoCAD Inc. All rights reserved.
Copyright (c) 1995 AT&T Corp.   All rights reserved.
Copyright (c) 1995-2001 Lucent Technologies Inc.  All rights reserved.
Copyright (c) 2001 Agere Systems   All rights reserved.
Copyright (c) 2002-2017 Lattice Semiconductor Corporation,  All rights reserved.


Loading design for application Bitgen from file stack00_stack0.ncd.
Design name: topstack00
NCD version: 3.3
Vendor:      LATTICE
Device:      LCMXO2-7000HE
Package:     TQFP144
Performance: 4
Loading device for application Bitgen from file 'xo2c7000.nph' in environment: C:/lscc/diamond/3.10_x64/ispfpga.
Package Status:                     Final          Version 1.39.
Performance Hardware Data Status:   Final          Version 34.4.

Running DRC.
DRC detected 0 errors and 0 warnings.
Reading Preference File from stack00_stack0.prf.

Preference Summary:
+---------------------------------+---------------------------------+
|  Preference                     |  Current Setting                |
+---------------------------------+---------------------------------+
|                         RamCfg  |                        Reset**  |
+---------------------------------+---------------------------------+
|                     MCCLK_FREQ  |                         2.08**  |
+---------------------------------+---------------------------------+
|                  CONFIG_SECURE  |                          OFF**  |
+---------------------------------+---------------------------------+
|                          INBUF  |                           ON**  |
+---------------------------------+---------------------------------+
|                      JTAG_PORT  |                       ENABLE**  |
+---------------------------------+---------------------------------+
|                       SDM_PORT  |                      DISABLE**  |
+---------------------------------+---------------------------------+
|                 SLAVE_SPI_PORT  |                      DISABLE**  |
+---------------------------------+---------------------------------+
|                MASTER_SPI_PORT  |                      DISABLE**  |
+---------------------------------+---------------------------------+
|                       I2C_PORT  |                      DISABLE**  |
+---------------------------------+---------------------------------+
|        MUX_CONFIGURATION_PORTS  |                      DISABLE**  |
+---------------------------------+---------------------------------+
|                  CONFIGURATION  |                          CFG**  |
+---------------------------------+---------------------------------+
|                COMPRESS_CONFIG  |                           ON**  |
+---------------------------------+---------------------------------+
|                        MY_ASSP  |                          OFF**  |
+---------------------------------+---------------------------------+
|               ONE_TIME_PROGRAM  |                          OFF**  |
+---------------------------------+---------------------------------+
|                 ENABLE_TRANSFR  |                      DISABLE**  |
+---------------------------------+---------------------------------+
|                  SHAREDEBRINIT  |                      DISABLE**  |
+---------------------------------+---------------------------------+
|            BACKGROUND_RECONFIG  |                          OFF**  |
+---------------------------------+---------------------------------+
 *  Default setting.
 ** The specified setting matches the default setting.


Creating bit map...
 
Bitstream Status: Final           Version 1.94.
 
Saving bit stream in "stack00_stack0.jed".
 
===========
UFM Summary.
===========
UFM Size:        2046 Pages (128*2046 Bits).
UFM Utilization: General Purpose Flash Memory.
 
Available General Purpose Flash Memory: 2046 Pages (Page 0 to Page 2045).
Initialized UFM Pages:                     0 Page.
 
