Running in Lattice mode

Starting:    C:\lscc\diamond\3.10_x64\synpbase\bin64\mbin\synbatch.exe
Install:     C:\lscc\diamond\3.10_x64\synpbase
Hostname:    LAPTOP-9QN1JB0J
Date:        Mon Apr  8 11:02:53 2019
Version:     M-2017.03L-SP1-1

Arguments:   -product synplify_pro -batch stack00_stack0_synplify.tcl
ProductType: synplify_pro




log file: "C:\Users\elite\OneDrive\Escritorio\stack00\stack0\stack00_stack0.srr"
Running: hdl_info_gen in foreground

Generating HDL info...

hdl_info_gen completed
# Mon Apr  8 11:02:56 2019

Return Code: 0
Run Time:00h:00m:02s
Copied C:\Users\elite\OneDrive\Escritorio\stack00\stack0\stack00_stack0.srr to C:\Users\elite\OneDrive\Escritorio\stack00\stack0\stack00_stack0.srf
log file: "C:\Users\elite\OneDrive\Escritorio\stack00\stack0\stack00_stack0.srr"
Running: stack0 in foreground

Running proj_1|stack0

Running: compile (Compile) on proj_1|stack0
# Mon Apr  8 11:02:57 2019

Running: compile_flow (Compile Process) on proj_1|stack0
# Mon Apr  8 11:02:57 2019

Running: compiler (Compile Input) on proj_1|stack0
# Mon Apr  8 11:02:57 2019

compiler completed
# Mon Apr  8 11:02:59 2019

Return Code: 0
Run Time:00h:00m:02s

Running: multi_srs_gen (Multi-srs Generator) on proj_1|stack0
# Mon Apr  8 11:02:59 2019

multi_srs_gen completed
# Mon Apr  8 11:03:00 2019

Return Code: 0
Run Time:00h:00m:01s
Copied C:\Users\elite\OneDrive\Escritorio\stack00\stack0\stack00_stack0.srr to C:\Users\elite\OneDrive\Escritorio\stack00\stack0\stack00_stack0.srf
Complete: Compile Process on proj_1|stack0

Running: premap (Pre-mapping) on proj_1|stack0
# Mon Apr  8 11:03:00 2019

premap completed with warnings
# Mon Apr  8 11:03:03 2019

Return Code: 1
Run Time:00h:00m:03s
Complete: Compile on proj_1|stack0

Running: map (Map) on proj_1|stack0
# Mon Apr  8 11:03:03 2019
License granted for 4 parallel jobs

Running: fpga_mapper (Map & Optimize) on proj_1|stack0
# Mon Apr  8 11:03:03 2019
Copied C:\Users\elite\OneDrive\Escritorio\stack00\stack0\synwork\stack00_stack0_m.srm to C:\Users\elite\OneDrive\Escritorio\stack00\stack0\stack00_stack0.srm

fpga_mapper completed with warnings
# Mon Apr  8 11:03:07 2019

Return Code: 1
Run Time:00h:00m:04s
Complete: Map on proj_1|stack0
Copied C:\Users\elite\OneDrive\Escritorio\stack00\stack0\stack00_stack0.srr to C:\Users\elite\OneDrive\Escritorio\stack00\stack0\stack00_stack0.srf
Complete: Logic Synthesis on proj_1|stack0
TCL script complete: "stack00_stack0_synplify.tcl"
exit status=0
exit status=0
Save changes for project:
C:\Users\elite\OneDrive\Escritorio\stack00\stack0\proj_1.prj
batch mode default:no
