Running in Lattice mode

Starting:    C:\lscc\diamond\3.10_x64\synpbase\bin64\mbin\synbatch.exe
Install:     C:\lscc\diamond\3.10_x64\synpbase
Hostname:    FERNANDO-VAIO
Date:        Sat Feb 16 21:50:15 2019
Version:     M-2017.03L-SP1-1

Arguments:   -product synplify_pro -batch adder8bit00_adder8bit00_synplify.tcl
ProductType: synplify_pro




log file: "C:\Users\FERNANDO\Desktop\P8\adder8bit00\adder8bit00\adder8bit00_adder8bit00.srr"
Running: hdl_info_gen in foreground

Generating HDL info...

hdl_info_gen completed
# Sat Feb 16 21:50:17 2019

Return Code: 0
Run Time:00h:00m:01s
log file: "C:\Users\FERNANDO\Desktop\P8\adder8bit00\adder8bit00\adder8bit00_adder8bit00.srr"
Running: adder8bit00 in foreground

Running proj_1|adder8bit00

Running: compile (Compile) on proj_1|adder8bit00
# Sat Feb 16 21:50:18 2019

Running: compile_flow (Compile Process) on proj_1|adder8bit00
# Sat Feb 16 21:50:18 2019

Running: compiler (Compile Input) on proj_1|adder8bit00
# Sat Feb 16 21:50:18 2019
Copied C:\Users\FERNANDO\Desktop\P8\adder8bit00\adder8bit00\synwork\adder8bit00_adder8bit00_comp.srs to C:\Users\FERNANDO\Desktop\P8\adder8bit00\adder8bit00\adder8bit00_adder8bit00.srs

compiler completed
# Sat Feb 16 21:50:22 2019

Return Code: 0
Run Time:00h:00m:04s

Running: multi_srs_gen (Multi-srs Generator) on proj_1|adder8bit00
# Sat Feb 16 21:50:23 2019

multi_srs_gen completed
# Sat Feb 16 21:50:23 2019

Return Code: 0
Run Time:00h:00m:01s
Copied C:\Users\FERNANDO\Desktop\P8\adder8bit00\adder8bit00\synwork\adder8bit00_adder8bit00_mult.srs to C:\Users\FERNANDO\Desktop\P8\adder8bit00\adder8bit00\adder8bit00_adder8bit00.srs
Copied C:\Users\FERNANDO\Desktop\P8\adder8bit00\adder8bit00\adder8bit00_adder8bit00.srr to C:\Users\FERNANDO\Desktop\P8\adder8bit00\adder8bit00\adder8bit00_adder8bit00.srf
Complete: Compile Process on proj_1|adder8bit00

Running: premap (Pre-mapping) on proj_1|adder8bit00
# Sat Feb 16 21:50:23 2019

premap completed
# Sat Feb 16 21:50:27 2019

Return Code: 0
Run Time:00h:00m:04s
Complete: Compile on proj_1|adder8bit00

Running: map (Map) on proj_1|adder8bit00
# Sat Feb 16 21:50:27 2019
License granted for 4 parallel jobs

Running: fpga_mapper (Map & Optimize) on proj_1|adder8bit00
# Sat Feb 16 21:50:27 2019
Copied C:\Users\FERNANDO\Desktop\P8\adder8bit00\adder8bit00\synwork\adder8bit00_adder8bit00_m.srm to C:\Users\FERNANDO\Desktop\P8\adder8bit00\adder8bit00\adder8bit00_adder8bit00.srm

fpga_mapper completed
# Sat Feb 16 21:50:34 2019

Return Code: 0
Run Time:00h:00m:07s
Complete: Map on proj_1|adder8bit00
Copied C:\Users\FERNANDO\Desktop\P8\adder8bit00\adder8bit00\adder8bit00_adder8bit00.srr to C:\Users\FERNANDO\Desktop\P8\adder8bit00\adder8bit00\adder8bit00_adder8bit00.srf
Complete: Logic Synthesis on proj_1|adder8bit00
TCL script complete: "adder8bit00_adder8bit00_synplify.tcl"
exit status=0
exit status=0
Save changes for project:
C:\Users\FERNANDO\Desktop\P8\adder8bit00\adder8bit00\proj_1.prj
batch mode default:no
