Resource Usage Report
Part: lcmxo2_7000he-4

Register bits: 170 of 6864 (2%)
PIC Latch:       0
I/O cells:       48

Details:
BB:             1
CCU2D:          11
FD1P3AX:        90
FD1S3AX:        12
FD1S3IX:        43
FD1S3JX:        9
GSR:            1
IB:             28
INV:            10
OB:             18
OBZ:            1
OFS1P3IX:       16
ORCALUT4:       415
OSCH:           1
PFUMX:          1
PUR:            1
VHI:            13
VLO:            35
false:          235
true:           257
