
       Lattice Mapping Report File for Design Module 'arithadder4bit00'


Design Information
------------------

Command line:   map -a MachXO2 -p LCMXO2-7000HE -t TQFP144 -s 4 -oc Commercial
     arithadder4bit00_arithadder4bit00.ngd -o
     arithadder4bit00_arithadder4bit00_map.ncd -pr
     arithadder4bit00_arithadder4bit00.prf -mp
     arithadder4bit00_arithadder4bit00.mrp -lpf C:/Users/FERNANDO/Desktop/P9/ari
     thadder4bit00/arithadder4bit00/arithadder4bit00_arithadder4bit00_synplify.l
     pf -lpf C:/Users/FERNANDO/Desktop/P9/arithadder4bit00/arithadder4bit00.lpf
     -c 0 -gui -msgset C:/Users/FERNANDO/Desktop/P9/arithadder4bit00/promote.xml
     
Target Vendor:  LATTICE
Target Device:  LCMXO2-7000HETQFP144
Target Performance:   4
Mapper:  xo2c00,  version:  Diamond (64-bit) 3.10.0.111.2
Mapped on:  02/22/19  15:30:07

Design Summary
--------------

   Number of registers:      0 out of  7209 (0%)
      PFU registers:            0 out of  6864 (0%)
      PIO registers:            0 out of   345 (0%)
   Number of SLICEs:         3 out of  3432 (0%)
      SLICEs as Logic/ROM:      3 out of  3432 (0%)
      SLICEs as RAM:            0 out of  2574 (0%)
      SLICEs as Carry:          3 out of  3432 (0%)
   Number of LUT4s:          6 out of  6864 (0%)
      Number used as logic LUTs:          0
      Number used as distributed RAM:     0
      Number used as ripple logic:        6
      Number used as shift registers:     0
   Number of PIO sites used: 13 + 4(JTAG) out of 115 (15%)
   Number of block RAMs:  0 out of 26 (0%)
   Number of GSRs:  0 out of 1 (0%)
   EFB used :       No
   JTAG used :      No
   Readback used :  No
   Oscillator used :  No
   Startup used :   No
   POR :            On
   Bandgap :        On
   Number of Power Controller:  0 out of 1 (0%)
   Number of Dynamic Bank Controller (BCINRD):  0 out of 6 (0%)
   Number of Dynamic Bank Controller (BCLVDSO):  0 out of 1 (0%)
   Number of DCCA:  0 out of 8 (0%)
   Number of DCMA:  0 out of 2 (0%)
   Number of PLLs:  0 out of 2 (0%)
   Number of DQSDLLs:  0 out of 2 (0%)
   Number of CLKDIVC:  0 out of 4 (0%)
   Number of ECLKSYNCA:  0 out of 4 (0%)
   Number of ECLKBRIDGECS:  0 out of 2 (0%)
   Notes:-
      1. Total number of LUT4s = (Number of logic LUT4s) + 2*(Number of
     distributed RAMs) + 2*(Number of ripple logic)
      2. Number of logic LUT4s does not include count of distributed RAM and
     ripple logic.

                                    Page 1




Design:  arithadder4bit00                              Date:  02/22/19  15:30:07

Design Summary (cont)
---------------------
   Number of clocks:  0
   Number of Clock Enables:  0
   Number of LSRs:  0
   Number of nets driven by tri-state buffers:  0
   Top 10 highest fanout non-clock nets:
     Net SL_c: 5 loads
     Net Bi_c[0]: 1 loads
     Net Bi_c[2]: 1 loads
     Net Bi_c[3]: 1 loads
     Net So: 1 loads
     Net So_cry_0: 1 loads
     Net So_c[0]: 1 loads
     Net So_c[1]: 1 loads
     Net So_c[2]: 1 loads
     Net So_c[3]: 1 loads




   Number of warnings:  0
   Number of errors:    0
     

Design Errors/Warnings
----------------------

   No errors or warnings present.

IO (PIO) Attributes
-------------------

+---------------------+-----------+-----------+------------+
| IO Name             | Direction | Levelmode | IO         |
|                     |           |  IO_TYPE  | Register   |
+---------------------+-----------+-----------+------------+
| So[0]               | OUTPUT    | LVCMOS25  |            |
+---------------------+-----------+-----------+------------+
| Ai[0]               | INPUT     | LVCMOS25  |            |
+---------------------+-----------+-----------+------------+
| So[3]               | OUTPUT    | LVCMOS25  |            |
+---------------------+-----------+-----------+------------+
| So[2]               | OUTPUT    | LVCMOS25  |            |
+---------------------+-----------+-----------+------------+
| So[1]               | OUTPUT    | LVCMOS25  |            |
+---------------------+-----------+-----------+------------+
| SL                  | INPUT     | LVCMOS25  |            |
+---------------------+-----------+-----------+------------+
| Bi[3]               | INPUT     | LVCMOS25  |            |
+---------------------+-----------+-----------+------------+
| Bi[2]               | INPUT     | LVCMOS25  |            |
+---------------------+-----------+-----------+------------+
| Bi[1]               | INPUT     | LVCMOS25  |            |
+---------------------+-----------+-----------+------------+
| Bi[0]               | INPUT     | LVCMOS25  |            |
+---------------------+-----------+-----------+------------+
| Ai[3]               | INPUT     | LVCMOS25  |            |

                                    Page 2




Design:  arithadder4bit00                              Date:  02/22/19  15:30:07

IO (PIO) Attributes (cont)
--------------------------
+---------------------+-----------+-----------+------------+
| Ai[2]               | INPUT     | LVCMOS25  |            |
+---------------------+-----------+-----------+------------+
| Ai[1]               | INPUT     | LVCMOS25  |            |
+---------------------+-----------+-----------+------------+

Removed logic
-------------

Block VCC undriven or does not drive anything - clipped.
Block GSR_INST undriven or does not drive anything - clipped.
Signal GND undriven or does not drive anything - clipped.
Signal VCC undriven or does not drive anything - clipped.
Signal So_s_3_0_S1 undriven or does not drive anything - clipped.
Signal So_s_3_0_COUT undriven or does not drive anything - clipped.
Signal So_cry_0_0_S0 undriven or does not drive anything - clipped.
Signal N_1 undriven or does not drive anything - clipped.
Block GND was optimized away.

Memory Usage
------------


     

Run Time and Memory Usage
-------------------------

   Total CPU Time: 1 secs  
   Total REAL Time: 0 secs  
   Peak Memory Usage: 55 MB
        

























                                    Page 3


Copyright (c) 1991-1994 by NeoCAD Inc. All rights reserved.
     Copyright (c) 1995 AT&T Corp.   All rights reserved.
     Copyright (c) 1995-2001 Lucent Technologies Inc.  All rights reserved.
     Copyright (c) 2001 Agere Systems   All rights reserved.
     Copyright (c) 2002-2017 Lattice Semiconductor Corporation,  All rights
     reserved.
