C:\lscc\diamond\3.11_x64\synpbase\bin64\c_vhdl.exe  -osyn  C:\Users\ameri\Documentos\ESCOM\Arquitectura\ARQUITECTURA_DE_COMPUTADORAS\Practicas\2doP\P15\alu01\alu01\synwork\alu01_alu01_hdl_.srs  -top  topalu00  -prodtype  synplify_pro  -dspmac -fixsmult -infer_seqShift -nram -sdff_counter -divnmod -nostructver  -encrypt  -pro  -dmgen  C:\Users\ameri\Documentos\ESCOM\Arquitectura\ARQUITECTURA_DE_COMPUTADORAS\Practicas\2doP\P15\alu01\alu01\dm  -lite -ui -fid2 -ram -sharing on -ll 2000 -autosm  -ignore_undefined_lib  -lib work C:\lscc\diamond\3.11_x64\cae_library\synthesis\vhdl\machxo2.vhd -lib work C:\Users\ameri\Documentos\ESCOM\Arquitectura\ARQUITECTURA_DE_COMPUTADORAS\Practicas\2doP\P15\topdiv00VHDL\div00.vhdl -lib work C:\Users\ameri\Documentos\ESCOM\Arquitectura\ARQUITECTURA_DE_COMPUTADORAS\Practicas\2doP\P15\topdiv00VHDL\osc00.vhdl -lib work C:\Users\ameri\Documentos\ESCOM\Arquitectura\ARQUITECTURA_DE_COMPUTADORAS\Practicas\2doP\P15\topdiv00VHDL\packagediv00.vhdl -lib work C:\Users\ameri\Documentos\ESCOM\Arquitectura\ARQUITECTURA_DE_COMPUTADORAS\Practicas\2doP\P15\topdiv00VHDL\topdiv00.vhdl -lib work C:\Users\ameri\Documentos\ESCOM\Arquitectura\ARQUITECTURA_DE_COMPUTADORAS\Practicas\2doP\P15\adder8bit00VHDL\xor00.vhdl -lib work C:\Users\ameri\Documentos\ESCOM\Arquitectura\ARQUITECTURA_DE_COMPUTADORAS\Practicas\2doP\P15\adder8bit00VHDL\and00.vhdl -lib work C:\Users\ameri\Documentos\ESCOM\Arquitectura\ARQUITECTURA_DE_COMPUTADORAS\Practicas\2doP\P15\adder8bit00VHDL\packageha00.vhdl -lib work C:\Users\ameri\Documentos\ESCOM\Arquitectura\ARQUITECTURA_DE_COMPUTADORAS\Practicas\2doP\P15\adder8bit00VHDL\topha00.vhdl -lib work C:\Users\ameri\Documentos\ESCOM\Arquitectura\ARQUITECTURA_DE_COMPUTADORAS\Practicas\2doP\P15\adder8bit00VHDL\or00.vhdl -lib work C:\Users\ameri\Documentos\ESCOM\Arquitectura\ARQUITECTURA_DE_COMPUTADORAS\Practicas\2doP\P15\adder8bit00VHDL\packagefa00.vhdl -lib work C:\Users\ameri\Documentos\ESCOM\Arquitectura\ARQUITECTURA_DE_COMPUTADORAS\Practicas\2doP\P15\adder8bit00VHDL\topfa00.vhdl -lib work C:\Users\ameri\Documentos\ESCOM\Arquitectura\ARQUITECTURA_DE_COMPUTADORAS\Practicas\2doP\P15\adder8bit00VHDL\xnor00.vhdl -lib work C:\Users\ameri\Documentos\ESCOM\Arquitectura\ARQUITECTURA_DE_COMPUTADORAS\Practicas\2doP\P15\adder8bit00VHDL\packageadder8bit00.vhdl -lib work C:\Users\ameri\Documentos\ESCOM\Arquitectura\ARQUITECTURA_DE_COMPUTADORAS\Practicas\2doP\P15\adder8bit00VHDL\topadder8bit00.vhdl -lib work C:\Users\ameri\Documentos\ESCOM\Arquitectura\ARQUITECTURA_DE_COMPUTADORAS\Practicas\2doP\P15\mult8bit00VHDL\packagemult8bit00.vhdl -lib work C:\Users\ameri\Documentos\ESCOM\Arquitectura\ARQUITECTURA_DE_COMPUTADORAS\Practicas\2doP\P15\mult8bit00VHDL\topmult8bit00.vhdl -lib work C:\Users\ameri\Documentos\ESCOM\Arquitectura\ARQUITECTURA_DE_COMPUTADORAS\Practicas\2doP\P15\alu01\anda00.vhdl -lib work C:\Users\ameri\Documentos\ESCOM\Arquitectura\ARQUITECTURA_DE_COMPUTADORAS\Practicas\2doP\P15\alu01\ora00.vhdl -lib work C:\Users\ameri\Documentos\ESCOM\Arquitectura\ARQUITECTURA_DE_COMPUTADORAS\Practicas\2doP\P15\alu01\nanda00.vhdl -lib work C:\Users\ameri\Documentos\ESCOM\Arquitectura\ARQUITECTURA_DE_COMPUTADORAS\Practicas\2doP\P15\alu01\nora00.vhdl -lib work C:\Users\ameri\Documentos\ESCOM\Arquitectura\ARQUITECTURA_DE_COMPUTADORAS\Practicas\2doP\P15\alu01\xora00.vhdl -lib work C:\Users\ameri\Documentos\ESCOM\Arquitectura\ARQUITECTURA_DE_COMPUTADORAS\Practicas\2doP\P15\alu01\xnora00.vhdl -lib work C:\Users\ameri\Documentos\ESCOM\Arquitectura\ARQUITECTURA_DE_COMPUTADORAS\Practicas\2doP\P15\alu01\nota00.vhdl -lib work C:\Users\ameri\Documentos\ESCOM\Arquitectura\ARQUITECTURA_DE_COMPUTADORAS\Practicas\2doP\P15\alu01\add00.vhdl -lib work C:\Users\ameri\Documentos\ESCOM\Arquitectura\ARQUITECTURA_DE_COMPUTADORAS\Practicas\2doP\P15\alu01\sub00.vhdl -lib work C:\Users\ameri\Documentos\ESCOM\Arquitectura\ARQUITECTURA_DE_COMPUTADORAS\Practicas\2doP\P15\alu01\mult00.vhdl -lib work C:\Users\ameri\Documentos\ESCOM\Arquitectura\ARQUITECTURA_DE_COMPUTADORAS\Practicas\2doP\P15\alu01\ac00.vhdl -lib work C:\Users\ameri\Documentos\ESCOM\Arquitectura\ARQUITECTURA_DE_COMPUTADORAS\Practicas\2doP\P15\alu01\packagealu00.vhdl -lib work C:\Users\ameri\Documentos\ESCOM\Arquitectura\ARQUITECTURA_DE_COMPUTADORAS\Practicas\2doP\P15\alu01\topalu00.vhdl  -log  C:\Users\ameri\Documentos\ESCOM\Arquitectura\ARQUITECTURA_DE_COMPUTADORAS\Practicas\2doP\P15\alu01\alu01\syntax.log  -fileorder  C:\Users\ameri\Documentos\ESCOM\Arquitectura\ARQUITECTURA_DE_COMPUTADORAS\Practicas\2doP\P15\alu01\alu01\syntmp\hdlorder.tcl  -jobname  "hdl_info_gen" 
relcom:..\..\..\..\..\..\..\..\..\..\..\..\lscc\diamond\3.11_x64\synpbase\bin64\c_vhdl.exe -osyn ..\synwork\alu01_alu01_hdl_.srs -top topalu00 -prodtype synplify_pro -dspmac -fixsmult -infer_seqShift -nram -sdff_counter -divnmod -nostructver -encrypt -pro -dmgen ..\dm -lite -ui -fid2 -ram -sharing on -ll 2000 -autosm -ignore_undefined_lib -lib work ..\..\..\..\..\..\..\..\..\..\..\..\lscc\diamond\3.11_x64\cae_library\synthesis\vhdl\machxo2.vhd -lib work ..\..\..\topdiv00VHDL\div00.vhdl -lib work ..\..\..\topdiv00VHDL\osc00.vhdl -lib work ..\..\..\topdiv00VHDL\packagediv00.vhdl -lib work ..\..\..\topdiv00VHDL\topdiv00.vhdl -lib work ..\..\..\adder8bit00VHDL\xor00.vhdl -lib work ..\..\..\adder8bit00VHDL\and00.vhdl -lib work ..\..\..\adder8bit00VHDL\packageha00.vhdl -lib work ..\..\..\adder8bit00VHDL\topha00.vhdl -lib work ..\..\..\adder8bit00VHDL\or00.vhdl -lib work ..\..\..\adder8bit00VHDL\packagefa00.vhdl -lib work ..\..\..\adder8bit00VHDL\topfa00.vhdl -lib work ..\..\..\adder8bit00VHDL\xnor00.vhdl -lib work ..\..\..\adder8bit00VHDL\packageadder8bit00.vhdl -lib work ..\..\..\adder8bit00VHDL\topadder8bit00.vhdl -lib work ..\..\..\mult8bit00VHDL\packagemult8bit00.vhdl -lib work ..\..\..\mult8bit00VHDL\topmult8bit00.vhdl -lib work ..\..\anda00.vhdl -lib work ..\..\ora00.vhdl -lib work ..\..\nanda00.vhdl -lib work ..\..\nora00.vhdl -lib work ..\..\xora00.vhdl -lib work ..\..\xnora00.vhdl -lib work ..\..\nota00.vhdl -lib work ..\..\add00.vhdl -lib work ..\..\sub00.vhdl -lib work ..\..\mult00.vhdl -lib work ..\..\ac00.vhdl -lib work ..\..\packagealu00.vhdl -lib work ..\..\topalu00.vhdl -log ..\syntax.log -fileorder hdlorder.tcl -jobname "hdl_info_gen"
rc:0 success:1 runtime:2
file:..\synwork\alu01_alu01_hdl_.srs|io:o|time:0|size:-1|exec:0|csum:
file:..\..\..\..\..\..\..\..\..\..\..\..\lscc\diamond\3.11_x64\cae_library\synthesis\vhdl\machxo2.vhd|io:i|time:1542263532|size:73964|exec:0|csum:CFF92E93E4FE354031DBB4E0E47DD4A6
file:..\..\..\topdiv00VHDL\div00.vhdl|io:i|time:1571606024|size:2213|exec:0|csum:67D690CEABBE200D4FB3F12B3BE87989
file:..\..\..\topdiv00VHDL\osc00.vhdl|io:i|time:1571606026|size:509|exec:0|csum:A50C7FE2335D6AF40655976E7D99CB90
file:..\..\..\topdiv00VHDL\packagediv00.vhdl|io:i|time:1571606026|size:328|exec:0|csum:9AB6CEC1813E8E55C9B44A2800C04531
file:..\..\..\topdiv00VHDL\topdiv00.vhdl|io:i|time:1571606024|size:464|exec:0|csum:E5198F898ACF4AFD9DDA8CF5F9FCB49B
file:..\..\..\adder8bit00VHDL\xor00.vhdl|io:i|time:1571606024|size:277|exec:0|csum:266BF27D45B8FA87C7E9201DE8E2E0E5
file:..\..\..\adder8bit00VHDL\and00.vhdl|io:i|time:1571606022|size:258|exec:0|csum:51C731DE5DEB1292BBBBDB923AED6B9C
file:..\..\..\adder8bit00VHDL\packageha00.vhdl|io:i|time:1571606024|size:349|exec:0|csum:65BF50C44C98E310824726074B892615
file:..\..\..\adder8bit00VHDL\topha00.vhdl|io:i|time:1571606022|size:437|exec:0|csum:CF98E885AD3778F2F808B80D617DCB12
file:..\..\..\adder8bit00VHDL\or00.vhdl|io:i|time:1571606026|size:248|exec:0|csum:F93B8DF2E33BAE79B8D9E496BDFFD0A7
file:..\..\..\adder8bit00VHDL\packagefa00.vhdl|io:i|time:1571606022|size:380|exec:0|csum:24015DC3C9E8E878B14DF266DA809C65
file:..\..\..\adder8bit00VHDL\topfa00.vhdl|io:i|time:1571606022|size:642|exec:0|csum:9AF895167782EDB5FDCCC14458C99B01
file:..\..\..\adder8bit00VHDL\xnor00.vhdl|io:i|time:1571606024|size:266|exec:0|csum:3CB5DEA779F910D101F118B0F4088D3F
file:..\..\..\adder8bit00VHDL\packageadder8bit00.vhdl|io:i|time:1571606024|size:631|exec:0|csum:10B84B7CE62C18FB036AE625C9F1434E
file:..\..\..\adder8bit00VHDL\topadder8bit00.vhdl|io:i|time:1571606024|size:2915|exec:0|csum:453C20DEDD286112C4FB394BD5CD95A9
file:..\..\..\mult8bit00VHDL\packagemult8bit00.vhdl|io:i|time:1571606026|size:403|exec:0|csum:F82E0BE2FD00DDA86D153C8EC5E3080A
file:..\..\..\mult8bit00VHDL\topmult8bit00.vhdl|io:i|time:1571606026|size:12699|exec:0|csum:E6D0E8B883021E745FFA4322C7B8C500
file:..\..\anda00.vhdl|io:i|time:1574959687|size:875|exec:0|csum:62E4C3B38959BA872C29D499DCE0FD51
file:..\..\ora00.vhdl|io:i|time:1574959687|size:865|exec:0|csum:C50274939BD9DF726A30DEC76F2C025A
file:..\..\nanda00.vhdl|io:i|time:1574959687|size:879|exec:0|csum:C5C11E039E18FD750C148B4934714C29
file:..\..\nora00.vhdl|io:i|time:1574959687|size:892|exec:0|csum:C4666272D4722FE6535542CB5FF94C5D
file:..\..\xora00.vhdl|io:i|time:1574959687|size:892|exec:0|csum:3B0C3284E8AA01B1BCBE0CA186088A4E
file:..\..\xnora00.vhdl|io:i|time:1574959687|size:898|exec:0|csum:837ABCA2C3922EDD755AA32B1CE2B07E
file:..\..\nota00.vhdl|io:i|time:1574959687|size:861|exec:0|csum:60C8C5238A2CC1C1A75F00C403C49704
file:..\..\add00.vhdl|io:i|time:1574785332|size:1205|exec:0|csum:FD950A104CBFCBC0D3111B7149D3B7A1
file:..\..\sub00.vhdl|io:i|time:1574785332|size:1222|exec:0|csum:99446AE4507BC2F9FB7D34B41EBD6C58
file:..\..\mult00.vhdl|io:i|time:1571606018|size:1255|exec:0|csum:7A06A11EC1A8D8FEFB6DF1C28923324A
file:..\..\ac00.vhdl|io:i|time:1571606020|size:1184|exec:0|csum:77B9C4EC08264B134F64C5150F8A5D3A
file:..\..\packagealu00.vhdl|io:i|time:1574785230|size:4592|exec:0|csum:BDFDA6FAD665EB63DA6FF5E08706A882
file:..\..\topalu00.vhdl|io:i|time:1574783488|size:4349|exec:0|csum:D10B2B6899767E3FF65806B96BF50F40
file:..\syntax.log|io:o|time:1574959699|size:1123|exec:0|csum:
file:..\..\..\..\..\..\..\..\..\..\..\..\lscc\diamond\3.11_x64\synpbase\bin64\c_vhdl.exe|io:i|time:1554128468|size:5997056|exec:1|csum:DAAAD176B5AB08B7BBDB4E321AED1C72
