
synpwrap -msg -prj "key02_key02_synplify.tcl" -log "key02_key02.srf"
Copyright (C) 1992-2017 Lattice Semiconductor Corporation. All rights reserved.
Lattice Diamond Version 3.10.0.111.2
    <postMsg mid="2011000" type="Info"    dynamic="0" navigation="0"  />

==contents of key02_key02.srf
#Build: Synplify Pro (R) M-2017.03L-SP1-1, Build 086R, Aug  4 2017
#install: C:\lscc\diamond\3.10_x64\synpbase
#OS: Windows 8 6.2
#Hostname: LAPTOP-9QN1JB0J

# Mon Mar 11 11:25:17 2019

#Implementation: key02

Synopsys HDL Compiler, version comp2017q2p1, Build 190R, built Aug  4 2017
@N|Running in 64-bit mode
Copyright (C) 1994-2017 Synopsys, Inc. This Synopsys software and all associated documentation are proprietary to Synopsys, Inc. and may only be used pursuant to the terms and conditions of a written license agreement with Synopsys, Inc. All other use, reproduction, modification, or distribution of the Synopsys software or the associated documentation is strictly prohibited.

Synopsys VHDL Compiler, version comp2017q2p1, Build 190R, built Aug  4 2017
@N|Running in 64-bit mode
Copyright (C) 1994-2017 Synopsys, Inc. This Synopsys software and all associated documentation are proprietary to Synopsys, Inc. and may only be used pursuant to the terms and conditions of a written license agreement with Synopsys, Inc. All other use, reproduction, modification, or distribution of the Synopsys software or the associated documentation is strictly prohibited.

@N: CD720 :"C:\lscc\diamond\3.10_x64\synpbase\lib\vhd\std.vhd":123:18:123:21|Setting time resolution to ps
@N:"C:\Users\elite\OneDrive\Escritorio\key02\topkey00.vhd":8:7:8:14|Top entity is set to topkey00.
File C:\lscc\diamond\3.10_x64\synpbase\lib\cpld\lattice.vhd changed - recompiling
File C:\Users\elite\OneDrive\Escritorio\key02\osc00.vhd changed - recompiling
File C:\lscc\diamond\3.10_x64\synpbase\lib\lucent\machxo2.vhd changed - recompiling
File C:\Users\elite\OneDrive\Escritorio\key02\packagediv00.vhd changed - recompiling
File C:\Users\elite\OneDrive\Escritorio\key02\contring.vhd changed - recompiling
File C:\Users\elite\OneDrive\Escritorio\key02\muxletra.vhd changed - recompiling
File C:\Users\elite\OneDrive\Escritorio\key02\packagewordkey00.vhd changed - recompiling
File C:\Users\elite\OneDrive\Escritorio\key02\topdiv00.vhd changed - recompiling
File C:\Users\elite\OneDrive\Escritorio\key02\topkey00.vhd changed - recompiling
VHDL syntax check successful!
File C:\Users\elite\OneDrive\Escritorio\key02\muxletra.vhd changed - recompiling
@N: CD630 :"C:\Users\elite\OneDrive\Escritorio\key02\topkey00.vhd":8:7:8:14|Synthesizing work.topkey00.topkey0.
@N: CD630 :"C:\Users\elite\OneDrive\Escritorio\key02\muxletra.vhd":8:7:8:14|Synthesizing work.muxletra.muxletra0.
@W: CG296 :"C:\Users\elite\OneDrive\Escritorio\key02\muxletra.vhd":22:10:22:16|Incomplete sensitivity list; assuming completeness. Make sure all referenced variables in message CG290 are included in the sensitivity list.
@W: CG290 :"C:\Users\elite\OneDrive\Escritorio\key02\muxletra.vhd":32:6:32:9|Referenced variable clkc is not in sensitivity list.
Post processing for work.muxletra.muxletra0
@N: CL189 :"C:\Users\elite\OneDrive\Escritorio\key02\muxletra.vhd":32:2:32:3|Register bit sinkeyA is always 0.
@N: CD630 :"C:\Users\elite\OneDrive\Escritorio\key02\contring.vhd":7:7:7:16|Synthesizing work.contring00.contring0.
Post processing for work.contring00.contring0
@N: CL189 :"C:\Users\elite\OneDrive\Escritorio\key02\contring.vhd":20:4:20:5|Register bit outtransis(3) is always 0.
@N: CL189 :"C:\Users\elite\OneDrive\Escritorio\key02\contring.vhd":20:4:20:5|Register bit outtransis(2) is always 0.
@N: CL189 :"C:\Users\elite\OneDrive\Escritorio\key02\contring.vhd":20:4:20:5|Register bit outtransis(1) is always 0.
@W: CL279 :"C:\Users\elite\OneDrive\Escritorio\key02\contring.vhd":20:4:20:5|Pruning register bits 3 to 0 of sring(4 downto 0). If this is not the intended behavior, drive the inputs with valid values, or inputs from the top level.
@W: CL279 :"C:\Users\elite\OneDrive\Escritorio\key02\contring.vhd":20:4:20:5|Pruning register bits 3 to 1 of outtransis(3 downto 0). If this is not the intended behavior, drive the inputs with valid values, or inputs from the top level.
@N: CD630 :"C:\Users\elite\OneDrive\Escritorio\key02\topdiv00.vhd":7:7:7:14|Synthesizing work.topdiv00.topdiv0.
@N: CD630 :"C:\Users\elite\OneDrive\Escritorio\key02\div00.vhd":8:7:8:11|Synthesizing work.div00.div0.
Post processing for work.div00.div0
@N: CD630 :"C:\Users\elite\OneDrive\Escritorio\key02\osc00.vhd":9:7:9:11|Synthesizing work.osc00.osc0.
@W: CD276 :"C:\lscc\diamond\3.10_x64\cae_library\synthesis\vhdl\machxo2.vhd":2297:8:2297:15|Map for port sedstdby of component osch not found
@N: CD630 :"C:\lscc\diamond\3.10_x64\cae_library\synthesis\vhdl\machxo2.vhd":2291:10:2291:13|Synthesizing work.osch.syn_black_box.
Post processing for work.osch.syn_black_box
Post processing for work.osc00.osc0
Post processing for work.topdiv00.topdiv0
Post processing for work.topkey00.topkey0
@N: CL189 :"C:\Users\elite\OneDrive\Escritorio\key02\div00.vhd":20:2:20:3|Register bit sdiv(21) is always 0.
@N: CL189 :"C:\Users\elite\OneDrive\Escritorio\key02\div00.vhd":20:2:20:3|Register bit sdiv(22) is always 0.
@W: CL279 :"C:\Users\elite\OneDrive\Escritorio\key02\div00.vhd":20:2:20:3|Pruning register bits 22 to 21 of sdiv(22 downto 0). If this is not the intended behavior, drive the inputs with valid values, or inputs from the top level.

At c_vhdl Exit (Real Time elapsed 0h:00m:00s; CPU Time elapsed 0h:00m:00s; Memory used current: 78MB peak: 82MB)

Process took 0h:00m:01s realtime, 0h:00m:01s cputime

Process completed successfully.
# Mon Mar 11 11:25:18 2019

###########################################################]
Synopsys Netlist Linker, version comp2017q2p1, Build 190R, built Aug  4 2017
@N|Running in 64-bit mode
File C:\Users\elite\OneDrive\Escritorio\key02\key02\synwork\layer0.srs changed - recompiling

At syn_nfilter Exit (Real Time elapsed 0h:00m:00s; CPU Time elapsed 0h:00m:00s; Memory used current: 67MB peak: 68MB)

Process took 0h:00m:01s realtime, 0h:00m:01s cputime

Process completed successfully.
# Mon Mar 11 11:25:18 2019

###########################################################]
@END

At c_hdl Exit (Real Time elapsed 0h:00m:00s; CPU Time elapsed 0h:00m:00s; Memory used current: 3MB peak: 4MB)

Process took 0h:00m:01s realtime, 0h:00m:01s cputime

Process completed successfully.
# Mon Mar 11 11:25:18 2019

###########################################################]
Synopsys Netlist Linker, version comp2017q2p1, Build 190R, built Aug  4 2017
@N|Running in 64-bit mode
File C:\Users\elite\OneDrive\Escritorio\key02\key02\synwork\key02_key02_comp.srs changed - recompiling

At syn_nfilter Exit (Real Time elapsed 0h:00m:00s; CPU Time elapsed 0h:00m:00s; Memory used current: 67MB peak: 68MB)

Process took 0h:00m:01s realtime, 0h:00m:01s cputime

Process completed successfully.
# Mon Mar 11 11:25:19 2019

###########################################################]
Pre-mapping Report

# Mon Mar 11 11:25:20 2019

Synopsys Lattice Technology Pre-mapping, Version maplat, Build 1796R, Built Aug  4 2017 11:10:16
Copyright (C) 1994-2017 Synopsys, Inc. This Synopsys software and all associated documentation are proprietary to Synopsys, Inc. and may only be used pursuant to the terms and conditions of a written license agreement with Synopsys, Inc. All other use, reproduction, modification, or distribution of the Synopsys software or the associated documentation is strictly prohibited.
Product Version M-2017.03L-SP1-1

Mapper Startup Complete (Real Time elapsed 0h:00m:00s; CPU Time elapsed 0h:00m:00s; Memory used current: 99MB peak: 99MB)

@A: MF827 |No constraint file specified.
@L: C:\Users\elite\OneDrive\Escritorio\key02\key02\key02_key02_scck.rpt 
Printing clock  summary report in "C:\Users\elite\OneDrive\Escritorio\key02\key02\key02_key02_scck.rpt" file 
@N: MF248 |Running in 64-bit mode.
@N: MF666 |Clock conversion enabled. (Command "set_option -fix_gated_and_generated_clocks 1" in the project file.)

Design Input Complete (Real Time elapsed 0h:00m:00s; CPU Time elapsed 0h:00m:00s; Memory used current: 99MB peak: 101MB)


Mapper Initialization Complete (Real Time elapsed 0h:00m:00s; CPU Time elapsed 0h:00m:00s; Memory used current: 99MB peak: 101MB)


Start loading timing files (Real Time elapsed 0h:00m:00s; CPU Time elapsed 0h:00m:00s; Memory used current: 112MB peak: 112MB)


Finished loading timing files (Real Time elapsed 0h:00m:00s; CPU Time elapsed 0h:00m:00s; Memory used current: 112MB peak: 114MB)

@W: FX474 |User-specified initial value defined for some sequential elements which can prevent optimum synthesis results from being achieved. 
ICG Latch Removal Summary:
Number of ICG latches removed:	0
Number of ICG latches not removed:	0
syn_allowed_resources : blockrams=26  set on top level netlist topkey00

Finished netlist restructuring (Real Time elapsed 0h:00m:00s; CPU Time elapsed 0h:00m:00s; Memory used current: 139MB peak: 141MB)



Clock Summary
******************

          Start                            Requested     Requested     Clock                                           Clock                   Clock
Level     Clock                            Frequency     Period        Type                                            Group                   Load 
----------------------------------------------------------------------------------------------------------------------------------------------------
0 -       osc00|osc_int_inferred_clock     2.1 MHz       480.769       inferred                                        Inferred_clkgroup_0     22   
1 .         div00|outosc_derived_clock     2.1 MHz       480.769       derived (from osc00|osc_int_inferred_clock)     Inferred_clkgroup_0     26   
====================================================================================================================================================

@W: MT529 :"c:\users\elite\onedrive\escritorio\key02\div00.vhd":20:2:20:3|Found inferred clock osc00|osc_int_inferred_clock which controls 22 sequential elements including Div.D01.sdiv[20:0]. This clock has no specified timing constraint which may prevent conversion of gated or generated clocks and may adversely impact design performance. 

Finished Pre Mapping Phase.

Starting constraint checker (Real Time elapsed 0h:00m:00s; CPU Time elapsed 0h:00m:00s; Memory used current: 139MB peak: 141MB)


Finished constraint checker preprocessing (Real Time elapsed 0h:00m:00s; CPU Time elapsed 0h:00m:00s; Memory used current: 139MB peak: 141MB)

None
None

Finished constraint checker (Real Time elapsed 0h:00m:01s; CPU Time elapsed 0h:00m:00s; Memory used current: 139MB peak: 141MB)

Pre-mapping successful!

At Mapper Exit (Real Time elapsed 0h:00m:01s; CPU Time elapsed 0h:00m:00s; Memory used current: 55MB peak: 141MB)

Process took 0h:00m:01s realtime, 0h:00m:01s cputime
# Mon Mar 11 11:25:21 2019

###########################################################]
Map & Optimize Report

# Mon Mar 11 11:25:21 2019

Synopsys Lattice Technology Mapper, Version maplat, Build 1796R, Built Aug  4 2017 11:10:16
Copyright (C) 1994-2017 Synopsys, Inc. This Synopsys software and all associated documentation are proprietary to Synopsys, Inc. and may only be used pursuant to the terms and conditions of a written license agreement with Synopsys, Inc. All other use, reproduction, modification, or distribution of the Synopsys software or the associated documentation is strictly prohibited.
Product Version M-2017.03L-SP1-1

Mapper Startup Complete (Real Time elapsed 0h:00m:00s; CPU Time elapsed 0h:00m:00s; Memory used current: 99MB peak: 99MB)

@N: MF248 |Running in 64-bit mode.
@N: MF666 |Clock conversion enabled. (Command "set_option -fix_gated_and_generated_clocks 1" in the project file.)

Design Input Complete (Real Time elapsed 0h:00m:00s; CPU Time elapsed 0h:00m:00s; Memory used current: 98MB peak: 100MB)


Mapper Initialization Complete (Real Time elapsed 0h:00m:00s; CPU Time elapsed 0h:00m:00s; Memory used current: 98MB peak: 100MB)


Start loading timing files (Real Time elapsed 0h:00m:00s; CPU Time elapsed 0h:00m:00s; Memory used current: 111MB peak: 112MB)


Finished loading timing files (Real Time elapsed 0h:00m:00s; CPU Time elapsed 0h:00m:00s; Memory used current: 111MB peak: 114MB)



Starting Optimization and Mapping (Real Time elapsed 0h:00m:00s; CPU Time elapsed 0h:00m:00s; Memory used current: 139MB peak: 141MB)


Available hyper_sources - for debug and ip models
	None Found


Finished RTL optimizations (Real Time elapsed 0h:00m:00s; CPU Time elapsed 0h:00m:00s; Memory used current: 139MB peak: 141MB)


Starting factoring (Real Time elapsed 0h:00m:00s; CPU Time elapsed 0h:00m:00s; Memory used current: 140MB peak: 141MB)


Finished factoring (Real Time elapsed 0h:00m:00s; CPU Time elapsed 0h:00m:00s; Memory used current: 141MB peak: 142MB)


Starting gated-clock and generated-clock conversion (Real Time elapsed 0h:00m:00s; CPU Time elapsed 0h:00m:00s; Memory used current: 141MB peak: 142MB)


Finished gated-clock and generated-clock conversion (Real Time elapsed 0h:00m:00s; CPU Time elapsed 0h:00m:00s; Memory used current: 141MB peak: 142MB)


Finished generic timing optimizations - Pass 1 (Real Time elapsed 0h:00m:00s; CPU Time elapsed 0h:00m:00s; Memory used current: 142MB peak: 143MB)


Starting Early Timing Optimization (Real Time elapsed 0h:00m:00s; CPU Time elapsed 0h:00m:00s; Memory used current: 143MB peak: 144MB)


Finished Early Timing Optimization (Real Time elapsed 0h:00m:00s; CPU Time elapsed 0h:00m:00s; Memory used current: 143MB peak: 144MB)


Finished generic timing optimizations - Pass 2 (Real Time elapsed 0h:00m:00s; CPU Time elapsed 0h:00m:00s; Memory used current: 143MB peak: 144MB)


Finished preparing to map (Real Time elapsed 0h:00m:00s; CPU Time elapsed 0h:00m:00s; Memory used current: 143MB peak: 144MB)


Finished technology mapping (Real Time elapsed 0h:00m:01s; CPU Time elapsed 0h:00m:01s; Memory used current: 149MB peak: 151MB)

Pass		 CPU time		Worst Slack		Luts / Registers
------------------------------------------------------------
   1		0h:00m:01s		   468.45ns		 113 /        48

Finished technology timing optimizations and critical path resynthesis (Real Time elapsed 0h:00m:01s; CPU Time elapsed 0h:00m:01s; Memory used current: 149MB peak: 151MB)

@N: FX164 |The option to pack registers in the IOB has not been specified. Please set syn_useioff attribute.  
@A: BN291 :"c:\users\elite\onedrive\escritorio\key02\contring.vhd":20:4:20:5|Boundary register Ring.outc_4_.fb (in view: work.topkey00(topkey0)) is packed into a complex cell. To disable register packing, set syn_keep=1 on the net between the register and the complex cell. 
@A: BN291 :"c:\users\elite\onedrive\escritorio\key02\contring.vhd":20:4:20:5|Boundary register Ring.outc_3_.fb (in view: work.topkey00(topkey0)) is packed into a complex cell. To disable register packing, set syn_keep=1 on the net between the register and the complex cell. 
@A: BN291 :"c:\users\elite\onedrive\escritorio\key02\contring.vhd":20:4:20:5|Boundary register Ring.outc_2_.fb (in view: work.topkey00(topkey0)) is packed into a complex cell. To disable register packing, set syn_keep=1 on the net between the register and the complex cell. 
@A: BN291 :"c:\users\elite\onedrive\escritorio\key02\contring.vhd":20:4:20:5|Boundary register Ring.outc_1_.fb (in view: work.topkey00(topkey0)) is packed into a complex cell. To disable register packing, set syn_keep=1 on the net between the register and the complex cell. 
@A: BN291 :"c:\users\elite\onedrive\escritorio\key02\contring.vhd":20:4:20:5|Boundary register Ring.outc_0_.fb (in view: work.topkey00(topkey0)) is packed into a complex cell. To disable register packing, set syn_keep=1 on the net between the register and the complex cell. 
@A: BN291 :"c:\users\elite\onedrive\escritorio\key02\muxletra.vhd":32:2:32:3|Boundary register Mux.outcoder_6_.fb (in view: work.topkey00(topkey0)) is packed into a complex cell. To disable register packing, set syn_keep=1 on the net between the register and the complex cell. 
@A: BN291 :"c:\users\elite\onedrive\escritorio\key02\muxletra.vhd":32:2:32:3|Boundary register Mux.outcoder_5_.fb (in view: work.topkey00(topkey0)) is packed into a complex cell. To disable register packing, set syn_keep=1 on the net between the register and the complex cell. 
@A: BN291 :"c:\users\elite\onedrive\escritorio\key02\muxletra.vhd":32:2:32:3|Boundary register Mux.outcoder_2_.fb (in view: work.topkey00(topkey0)) is packed into a complex cell. To disable register packing, set syn_keep=1 on the net between the register and the complex cell. 
@A: BN291 :"c:\users\elite\onedrive\escritorio\key02\muxletra.vhd":32:2:32:3|Boundary register Mux.outcoder_1_.fb (in view: work.topkey00(topkey0)) is packed into a complex cell. To disable register packing, set syn_keep=1 on the net between the register and the complex cell. 
@A: BN291 :"c:\users\elite\onedrive\escritorio\key02\muxletra.vhd":32:2:32:3|Boundary register Mux.outcoder_0_.fb (in view: work.topkey00(topkey0)) is packed into a complex cell. To disable register packing, set syn_keep=1 on the net between the register and the complex cell. 

Finished restoring hierarchy (Real Time elapsed 0h:00m:01s; CPU Time elapsed 0h:00m:01s; Memory used current: 150MB peak: 151MB)

@N: MT611 :|Automatically generated clock div00|outosc_derived_clock is not used and is being removed


@S |Clock Optimization Summary


#### START OF CLOCK OPTIMIZATION REPORT #####[

0 non-gated/non-generated clock tree(s) driving 0 clock pin(s) of sequential element(s)
1 gated/generated clock tree(s) driving 48 clock pin(s) of sequential element(s)
0 instances converted, 48 sequential instances remain driven by gated/generated clocks

================================================================================================== Gated/Generated Clocks ===================================================================================================
Clock Tree ID     Driving Element      Drive Element Type     Fanout     Sample Instance       Explanation                                                                                                                   
-----------------------------------------------------------------------------------------------------------------------------------------------------------------------------------------------------------------------------
@K:CKID0001       Div.D00.OSCInst0     OSCH                   48         Mux_outcoderio[0]     Gating structure creates improper gating logic. See the Gated Clocks description in the user guide for conversion requirements
=============================================================================================================================================================================================================================


##### END OF CLOCK OPTIMIZATION REPORT ######]


Start Writing Netlists (Real Time elapsed 0h:00m:01s; CPU Time elapsed 0h:00m:01s; Memory used current: 115MB peak: 151MB)

Writing Analyst data base C:\Users\elite\OneDrive\Escritorio\key02\key02\synwork\key02_key02_m.srm

Finished Writing Netlist Databases (Real Time elapsed 0h:00m:01s; CPU Time elapsed 0h:00m:01s; Memory used current: 149MB peak: 151MB)

Writing EDIF Netlist and constraint files
@N: FX1056 |Writing EDF file: C:\Users\elite\OneDrive\Escritorio\key02\key02\key02_key02.edi
M-2017.03L-SP1-1
@N: BW106 |Synplicity Constraint File capacitance units using default value of 1pF 

Finished Writing EDIF Netlist and constraint files (Real Time elapsed 0h:00m:02s; CPU Time elapsed 0h:00m:02s; Memory used current: 153MB peak: 154MB)


Start final timing analysis (Real Time elapsed 0h:00m:02s; CPU Time elapsed 0h:00m:02s; Memory used current: 153MB peak: 154MB)

@W: MT420 |Found inferred clock osc00|osc_int_inferred_clock with period 480.77ns. Please declare a user-defined clock on object "n:Div.D00.osc_int"


##### START OF TIMING REPORT #####[
# Timing Report written on Mon Mar 11 11:25:24 2019
#


Top view:               topkey00
Requested Frequency:    2.1 MHz
Wire load mode:         top
Paths requested:        5
Constraint File(s):    
@N: MT320 |This timing report is an estimate of place and route data. For final timing results, use the FPGA vendor place and route report.

@N: MT322 |Clock constraints include only register-to-register paths associated with each individual clock.



Performance Summary
*******************


Worst slack in design: 469.564

                                 Requested     Estimated     Requested     Estimated                 Clock        Clock              
Starting Clock                   Frequency     Frequency     Period        Period        Slack       Type         Group              
-------------------------------------------------------------------------------------------------------------------------------------
osc00|osc_int_inferred_clock     2.1 MHz       89.2 MHz      480.769       11.205        469.564     inferred     Inferred_clkgroup_0
=====================================================================================================================================





Clock Relationships
*******************

Clocks                                                      |    rise  to  rise     |    fall  to  fall   |    rise  to  fall   |    fall  to  rise 
----------------------------------------------------------------------------------------------------------------------------------------------------
Starting                      Ending                        |  constraint  slack    |  constraint  slack  |  constraint  slack  |  constraint  slack
----------------------------------------------------------------------------------------------------------------------------------------------------
osc00|osc_int_inferred_clock  osc00|osc_int_inferred_clock  |  480.769     469.564  |  No paths    -      |  No paths    -      |  No paths    -    
====================================================================================================================================================
 Note: 'No paths' indicates there are no paths in the design for that pair of clock edges.
       'Diff grp' indicates that paths exist but the starting clock and ending clock are in different clock groups.



Interface Information 
*********************

No IO constraint found



====================================
Detailed Report for Clock: osc00|osc_int_inferred_clock
====================================



Starting Points with Worst Slack
********************************

                     Starting                                                          Arrival            
Instance             Reference                        Type        Pin     Net          Time        Slack  
                     Clock                                                                                
----------------------------------------------------------------------------------------------------------
Div.D01.sdiv[20]     osc00|osc_int_inferred_clock     FD1S3IX     Q       sdiv[20]     1.188       469.564
Div.D01.sdiv[17]     osc00|osc_int_inferred_clock     FD1S3IX     Q       sdiv[17]     1.180       469.572
Div.D01.sdiv[18]     osc00|osc_int_inferred_clock     FD1S3IX     Q       sdiv[18]     1.180       469.572
Div.D01.sdiv[19]     osc00|osc_int_inferred_clock     FD1S3IX     Q       sdiv[19]     1.180       469.572
Div.D01.sdiv[0]      osc00|osc_int_inferred_clock     FD1S3IX     Q       sdiv[0]      1.044       469.772
Div.D01.sdiv[1]      osc00|osc_int_inferred_clock     FD1S3IX     Q       sdiv[1]      1.044       469.772
Div.D01.sdiv[2]      osc00|osc_int_inferred_clock     FD1S3IX     Q       sdiv[2]      1.044       469.772
Div.D01.sdiv[3]      osc00|osc_int_inferred_clock     FD1S3IX     Q       sdiv[3]      1.044       469.772
Div.D01.sdiv[4]      osc00|osc_int_inferred_clock     FD1S3IX     Q       sdiv[4]      1.044       469.772
Div.D01.sdiv[5]      osc00|osc_int_inferred_clock     FD1S3IX     Q       sdiv[5]      1.044       469.772
==========================================================================================================


Ending Points with Worst Slack
******************************

                      Starting                                                                              Required            
Instance              Reference                        Type         Pin     Net                             Time         Slack  
                      Clock                                                                                                     
--------------------------------------------------------------------------------------------------------------------------------
Mux.scontstate[0]     osc00|osc_int_inferred_clock     FD1P3IX      CD      un27_auxd_RNI0GEN1              479.966      469.564
Mux.scontstate[1]     osc00|osc_int_inferred_clock     FD1P3IX      CD      un27_auxd_RNI0GEN1              479.966      469.564
Mux.scontstate[2]     osc00|osc_int_inferred_clock     FD1P3IX      CD      un27_auxd_RNI0GEN1              479.966      469.564
Mux.scontstate[3]     osc00|osc_int_inferred_clock     FD1P3IX      CD      un27_auxd_RNI0GEN1              479.966      469.564
Mux_outcoderio[0]     osc00|osc_int_inferred_clock     OFS1P3JX     SP      un1_scontstate25_1_RNIUF1D1     480.298      470.639
Mux_outcoderio[1]     osc00|osc_int_inferred_clock     OFS1P3JX     SP      un1_scontstate25_1_RNIUF1D1     480.298      470.639
Mux_outcoderio[2]     osc00|osc_int_inferred_clock     OFS1P3JX     SP      un1_scontstate25_1_RNIUF1D1     480.298      470.639
Mux_outcoderio[3]     osc00|osc_int_inferred_clock     OFS1P3DX     SP      un1_scontstate25_1_RNIUF1D1     480.298      470.639
Mux_outcoderio[4]     osc00|osc_int_inferred_clock     OFS1P3DX     SP      un1_scontstate25_1_RNIUF1D1     480.298      470.639
Mux_outcoderio[5]     osc00|osc_int_inferred_clock     OFS1P3JX     SP      un1_scontstate25_1_RNIUF1D1     480.298      470.639
================================================================================================================================



Worst Path Information
***********************


Path information for path number 1: 
      Requested Period:                      480.769
    - Setup time:                            0.803
    + Clock delay at ending point:           0.000 (ideal)
    = Required time:                         479.966

    - Propagation time:                      10.402
    - Clock delay at starting point:         0.000 (ideal)
    = Slack (critical) :                     469.564

    Number of logic level(s):                8
    Starting point:                          Div.D01.sdiv[20] / Q
    Ending point:                            Mux.scontstate[0] / CD
    The start point is clocked by            osc00|osc_int_inferred_clock [rising] on pin CK
    The end   point is clocked by            osc00|osc_int_inferred_clock [rising] on pin CK

Instance / Net                                      Pin      Pin               Arrival     No. of    
Name                                   Type         Name     Dir     Delay     Time        Fan Out(s)
-----------------------------------------------------------------------------------------------------
Div.D01.sdiv[20]                       FD1S3IX      Q        Out     1.188     1.188       -         
sdiv[20]                               Net          -        -       -         -           6         
Div.D01.un1_outosc_0_sqmuxa_i_a3_2     ORCALUT4     C        In      0.000     1.188       -         
Div.D01.un1_outosc_0_sqmuxa_i_a3_2     ORCALUT4     Z        Out     1.225     2.413       -         
N_44                                   Net          -        -       -         -           5         
Div.D01.un1_outosc_0_sqmuxa_i_a3_8     ORCALUT4     C        In      0.000     2.413       -         
Div.D01.un1_outosc_0_sqmuxa_i_a3_8     ORCALUT4     Z        Out     1.153     3.565       -         
N_60                                   Net          -        -       -         -           3         
Div.D01.un1_outosc_0_sqmuxa_i_5        ORCALUT4     B        In      0.000     3.565       -         
Div.D01.un1_outosc_0_sqmuxa_i_5        ORCALUT4     Z        Out     1.017     4.582       -         
un1_outosc_0_sqmuxa_i_5                Net          -        -       -         -           1         
Div.D01.un1_outosc_0_sqmuxa_i_7        ORCALUT4     A        In      0.000     4.582       -         
Div.D01.un1_outosc_0_sqmuxa_i_7        ORCALUT4     Z        Out     1.017     5.599       -         
un1_outosc_0_sqmuxa_i_7                Net          -        -       -         -           1         
Div.D01.un1_outosc_0_sqmuxa_i_8        ORCALUT4     B        In      0.000     5.599       -         
Div.D01.un1_outosc_0_sqmuxa_i_8        ORCALUT4     Z        Out     1.089     6.688       -         
un1_outosc_0_sqmuxa_i_8                Net          -        -       -         -           2         
Div.D01.un1_outosc_0_sqmuxa_i          ORCALUT4     A        In      0.000     6.688       -         
Div.D01.un1_outosc_0_sqmuxa_i          ORCALUT4     Z        Out     1.233     7.921       -         
N_6                                    Net          -        -       -         -           6         
Mux.G_2                                ORCALUT4     A        In      0.000     7.921       -         
Mux.G_2                                ORCALUT4     Z        Out     1.289     9.209       -         
G_2                                    Net          -        -       -         -           12        
Mux.pcoder\.un27_auxd_RNI0GEN1         ORCALUT4     B        In      0.000     9.209       -         
Mux.pcoder\.un27_auxd_RNI0GEN1         ORCALUT4     Z        Out     1.193     10.402      -         
un27_auxd_RNI0GEN1                     Net          -        -       -         -           4         
Mux.scontstate[0]                      FD1P3IX      CD       In      0.000     10.402      -         
=====================================================================================================



##### END OF TIMING REPORT #####]

Timing exceptions that could not be applied
None

Finished final timing analysis (Real Time elapsed 0h:00m:02s; CPU Time elapsed 0h:00m:02s; Memory used current: 153MB peak: 154MB)


Finished timing report (Real Time elapsed 0h:00m:02s; CPU Time elapsed 0h:00m:02s; Memory used current: 153MB peak: 154MB)

---------------------------------------
Resource Usage Report
Part: lcmxo2_7000he-4

Register bits: 48 of 6864 (1%)
PIC Latch:       0
I/O cells:       32


Details:
CCU2D:          11
FD1P3AX:        8
FD1P3IX:        9
FD1S3AX:        1
FD1S3IX:        21
FD1S3JX:        1
GSR:            1
IB:             10
OB:             22
OFS1P3DX:       3
OFS1P3JX:       5
ORCALUT4:       110
OSCH:           1
PUR:            1
VHI:            6
VLO:            6
Mapper successful!

At Mapper Exit (Real Time elapsed 0h:00m:02s; CPU Time elapsed 0h:00m:02s; Memory used current: 31MB peak: 154MB)

Process took 0h:00m:02s realtime, 0h:00m:02s cputime
# Mon Mar 11 11:25:24 2019

###########################################################]


Synthesis exit by 0.

edif2ngd  -l "MachXO2" -d LCMXO2-7000HE -path "C:/Users/elite/OneDrive/Escritorio/key02/key02" -path "C:/Users/elite/OneDrive/Escritorio/key02"   "C:/Users/elite/OneDrive/Escritorio/key02/key02/key02_key02.edi" "key02_key02.ngo"   
edif2ngd:  version Diamond (64-bit) 3.10.0.111.2

Copyright (c) 1991-1994 by NeoCAD Inc. All rights reserved.
Copyright (c) 1995 AT&T Corp.   All rights reserved.
Copyright (c) 1995-2001 Lucent Technologies Inc.  All rights reserved.
Copyright (c) 2001 Agere Systems   All rights reserved.
Copyright (c) 2002-2017 Lattice Semiconductor Corporation,  All rights reserved.
Writing the design to key02_key02.ngo...

Total CPU Time: 0 secs  

Total REAL Time: 0 secs  


ngdbuild  -a "MachXO2" -d LCMXO2-7000HE  -p "C:/lscc/diamond/3.10_x64/ispfpga/xo2c00/data"  -p "C:/Users/elite/OneDrive/Escritorio/key02/key02" -p "C:/Users/elite/OneDrive/Escritorio/key02"  "key02_key02.ngo" "key02_key02.ngd"  	
ngdbuild:  version Diamond (64-bit) 3.10.0.111.2

Copyright (c) 1991-1994 by NeoCAD Inc. All rights reserved.
Copyright (c) 1995 AT&T Corp.   All rights reserved.
Copyright (c) 1995-2001 Lucent Technologies Inc.  All rights reserved.
Copyright (c) 2001 Agere Systems   All rights reserved.
Copyright (c) 2002-2017 Lattice Semiconductor Corporation,  All rights reserved.
Reading 'key02_key02.ngo' ...
Loading NGL library 'C:/lscc/diamond/3.10_x64/ispfpga/xo2c00a/data/xo2alib.ngl'...
Loading NGL library 'C:/lscc/diamond/3.10_x64/ispfpga/xo2c00/data/xo2clib.ngl'...
Loading NGL library 'C:/lscc/diamond/3.10_x64/ispfpga/mg5g00/data/mg5glib.ngl'...
Loading NGL library 'C:/lscc/diamond/3.10_x64/ispfpga/or5g00/data/orc5glib.ngl'...


Running DRC...

    <postMsg mid="1166052" type="Warning" dynamic="2" navigation="1" arg0="logical" arg1="Div/D00/OSCInst0_SEDSTDBY" arg2="Div/D00/OSCInst0_SEDSTDBY"  />
    <postMsg mid="1163101" type="Warning" dynamic="1" navigation="0" arg0="1"  />

Design Results:
    215 blocks expanded
Complete the first expansion.
Writing 'key02_key02.ngd' ...
Total CPU Time: 0 secs  

Total REAL Time: 0 secs  


map -a "MachXO2" -p LCMXO2-7000HE -t TQFP144 -s 4 -oc Commercial   "key02_key02.ngd" -o "key02_key02_map.ncd" -pr "key02_key02.prf" -mp "key02_key02.mrp" -lpf "C:/Users/elite/OneDrive/Escritorio/key02/key02/key02_key02_synplify.lpf" -lpf "C:/Users/elite/OneDrive/Escritorio/key02/key02.lpf" -c 0            
map:  version Diamond (64-bit) 3.10.0.111.2

Copyright (c) 1991-1994 by NeoCAD Inc. All rights reserved.
Copyright (c) 1995 AT&T Corp.   All rights reserved.
Copyright (c) 1995-2001 Lucent Technologies Inc.  All rights reserved.
Copyright (c) 2001 Agere Systems   All rights reserved.
Copyright (c) 2002-2017 Lattice Semiconductor Corporation,  All rights reserved.
   Process the file: key02_key02.ngd
   Picdevice="LCMXO2-7000HE"

   Pictype="TQFP144"

   Picspeed=4

   Remove unused logic

   Do not produce over sized NCDs.

Part used: LCMXO2-7000HETQFP144, Performance used: 4.

Loading device for application map from file 'xo2c7000.nph' in environment: C:/lscc/diamond/3.10_x64/ispfpga.
Package Status:                     Final          Version 1.39.

Running general design DRC...

Removing unused logic...

Optimizing...




Design Summary:
   Number of registers:     48 out of  7209 (1%)
      PFU registers:           40 out of  6864 (1%)
      PIO registers:            8 out of   345 (2%)
   Number of SLICEs:        67 out of  3432 (2%)
      SLICEs as Logic/ROM:     67 out of  3432 (2%)
      SLICEs as RAM:            0 out of  2574 (0%)
      SLICEs as Carry:         11 out of  3432 (0%)
   Number of LUT4s:        133 out of  6864 (2%)
      Number used as logic LUTs:        111
      Number used as distributed RAM:     0
      Number used as ripple logic:       22
      Number used as shift registers:     0
   Number of PIO sites used: 32 + 4(JTAG) out of 115 (31%)
   Number of block RAMs:  0 out of 26 (0%)
   Number of GSRs:  0 out of 1 (0%)
   EFB used :       No
   JTAG used :      No
   Readback used :  No
   Oscillator used :  Yes
   Startup used :   No
   POR :            On
   Bandgap :        On
   Number of Power Controller:  0 out of 1 (0%)
   Number of Dynamic Bank Controller (BCINRD):  0 out of 6 (0%)
   Number of Dynamic Bank Controller (BCLVDSO):  0 out of 1 (0%)
   Number of DCCA:  0 out of 8 (0%)
   Number of DCMA:  0 out of 2 (0%)
   Number of PLLs:  0 out of 2 (0%)
   Number of DQSDLLs:  0 out of 2 (0%)
   Number of CLKDIVC:  0 out of 4 (0%)
   Number of ECLKSYNCA:  0 out of 4 (0%)
   Number of ECLKBRIDGECS:  0 out of 2 (0%)
   Notes:-
      1. Total number of LUT4s = (Number of logic LUT4s) + 2*(Number of distributed RAMs) + 2*(Number of ripple logic)
      2. Number of logic LUT4s does not include count of distributed RAM and ripple logic.
   Number of clocks:  1
     Net Div.sdiv_0: 32 loads, 32 rising, 0 falling (Driver: Div/D00/OSCInst0 )
   Number of Clock Enables:  3
     Net un1_scontstate25_1_RNIUF1D1: 7 loads, 0 LSLICEs
     Net Mux/aux0_cnv: 6 loads, 6 LSLICEs
     Net G_2: 6 loads, 5 LSLICEs
   Number of LSRs:  5
     Net outcoder_31: 5 loads, 0 LSLICEs
     Net G_10: 3 loads, 3 LSLICEs
     Net Mux/un27_auxd_RNI0GEN1: 2 loads, 2 LSLICEs
     Net Ring/fb: 1 loads, 1 LSLICEs
     Net Div/D01/N_6_i: 11 loads, 11 LSLICEs
   Number of nets driven by tri-state buffers:  0
   Top 10 highest fanout non-clock nets:
     Net outled0_c[0]: 16 loads
     Net outled0_c[3]: 16 loads
     Net outled0_c[2]: 14 loads
     Net outled0_c[1]: 12 loads
     Net outled0_c[4]: 12 loads
     Net Div/D01/N_6_i: 11 loads
     Net Mux/un1_aux016: 11 loads
     Net en0_c: 10 loads
     Net inkey0_c[3]: 9 loads
     Net G_2: 8 loads
 

   Number of warnings:  0
   Number of errors:    0



Total CPU Time: 0 secs  
Total REAL Time: 0 secs  
Peak Memory Usage: 58 MB

Dumping design to file key02_key02_map.ncd.

mpartrce -p "key02_key02.p2t" -f "key02_key02.p3t" -tf "key02_key02.pt" "key02_key02_map.ncd" "key02_key02.ncd"

---- MParTrce Tool ----
Removing old design directory at request of -rem command line option to this program.
Running par. Please wait . . .

Lattice Place and Route Report for Design "key02_key02_map.ncd"
Mon Mar 11 11:25:26 2019

PAR: Place And Route Diamond (64-bit) 3.10.0.111.2.
Command Line: par -w -l 5 -i 6 -t 1 -c 0 -e 0 -gui -msgset C:/Users/elite/OneDrive/Escritorio/key02/promote.xml -exp parUseNBR=1:parCDP=0:parCDR=0:parPathBased=OFF key02_key02_map.ncd key02_key02.dir/5_1.ncd key02_key02.prf
Preference file: key02_key02.prf.
Placement level-cost: 5-1.
Routing Iterations: 6

Loading design for application par from file key02_key02_map.ncd.
Design name: topkey00
NCD version: 3.3
Vendor:      LATTICE
Device:      LCMXO2-7000HE
Package:     TQFP144
Performance: 4
Loading device for application par from file 'xo2c7000.nph' in environment: C:/lscc/diamond/3.10_x64/ispfpga.
Package Status:                     Final          Version 1.39.
Performance Hardware Data Status:   Final          Version 34.4.
License checked out.


Ignore Preference Error(s):  True
Device utilization summary:

   PIO (prelim)   32+4(JTAG)/336     11% used
                  32+4(JTAG)/115     31% bonded
   IOLOGIC            8/336           2% used

   SLICE             67/3432          1% used

   OSC                1/1           100% used


Number of Signals: 201
Number of Connections: 572

Pin Constraint Summary:
   31 out of 32 pins locked (96% locked).

The following 1 signal is selected to use the primary clock routing resources:
    Div.sdiv_0 (driver: Div/D00/OSCInst0, clk load #: 32)


The following 1 signal is selected to use the secondary clock routing resources:
    Div/D01/N_6_i (driver: Div/D01/SLICE_52, clk load #: 0, sr load #: 11, ce load #: 0)

No signal is selected as Global Set/Reset.
.
Starting Placer Phase 0.
........
Finished Placer Phase 0.  REAL time: 2 secs 

Starting Placer Phase 1.
....................
Placer score = 40408.
Finished Placer Phase 1.  REAL time: 6 secs 

Starting Placer Phase 2.
.
Placer score =  40314
Finished Placer Phase 2.  REAL time: 6 secs 


------------------ Clock Report ------------------

Global Clock Resources:
  CLK_PIN    : 0 out of 8 (0%)
  PLL        : 0 out of 2 (0%)
  DCM        : 0 out of 2 (0%)
  DCC        : 0 out of 8 (0%)

Quadrants All (TL, TR, BL, BR) - Global Clocks:
  PRIMARY "Div.sdiv_0" from OSC on comp "Div/D00/OSCInst0" on site "OSC", clk load = 32
  SECONDARY "Div/D01/N_6_i" from F0 on comp "Div/D01/SLICE_52" on site "R14C20C", clk load = 0, ce load = 0, sr load = 11

  PRIMARY  : 1 out of 8 (12%)
  SECONDARY: 1 out of 8 (12%)

Edge Clocks:
  No edge clock selected.

--------------- End of Clock Report ---------------


I/O Usage Summary (final):
   32 + 4(JTAG) out of 336 (10.7%) PIO sites used.
   32 + 4(JTAG) out of 115 (31.3%) bonded PIO sites used.
   Number of PIO comps: 32; differential: 0.
   Number of Vref pins used: 0.

I/O Bank Usage Summary:
+----------+----------------+------------+-----------+
| I/O Bank | Usage          | Bank Vccio | Bank Vref |
+----------+----------------+------------+-----------+
| 0        | 0 / 28 (  0%)  | -          | -         |
| 1        | 25 / 29 ( 86%) | 2.5V       | -         |
| 2        | 1 / 29 (  3%)  | 2.5V       | -         |
| 3        | 0 / 9 (  0%)   | -          | -         |
| 4        | 2 / 10 ( 20%)  | 2.5V       | -         |
| 5        | 4 / 10 ( 40%)  | 2.5V       | -         |
+----------+----------------+------------+-----------+

Total placer CPU time: 5 secs 

Dumping design to file key02_key02.dir/5_1.ncd.

0 connections routed; 572 unrouted.
Starting router resource preassignment

Completed router resource preassignment. Real time: 9 secs 

Start NBR router at 11:25:35 03/11/19

*****************************************************************
Info: NBR allows conflicts(one node used by more than one signal)
      in the earlier iterations. In each iteration, it tries to  
      solve the conflicts while keeping the critical connections 
      routed as short as possible. The routing process is said to
      be completed when no conflicts exist and all connections   
      are routed.                                                
Note: NBR uses a different method to calculate timing slacks. The
      worst slack and total negative slack may not be the same as
      that in TRCE report. You should always run TRCE to verify  
      your design.                                               
*****************************************************************

Start NBR special constraint process at 11:25:35 03/11/19

Start NBR section for initial routing at 11:25:35 03/11/19
Level 4, iteration 1
13(0.00%) conflicts; 0(0.00%) untouched conn; 0 (nbr) score; 
Estimated worst slack/total negative slack<setup>: 462.886ns/0.000ns; real time: 10 secs 

Info: Initial congestion level at 75% usage is 0
Info: Initial congestion area  at 75% usage is 0 (0.00%)

Start NBR section for normal routing at 11:25:36 03/11/19
Level 4, iteration 1
5(0.00%) conflicts; 0(0.00%) untouched conn; 0 (nbr) score; 
Estimated worst slack/total negative slack<setup>: 462.746ns/0.000ns; real time: 10 secs 
Level 4, iteration 2
1(0.00%) conflict; 0(0.00%) untouched conn; 0 (nbr) score; 
Estimated worst slack/total negative slack<setup>: 462.178ns/0.000ns; real time: 10 secs 
Level 4, iteration 3
1(0.00%) conflict; 0(0.00%) untouched conn; 0 (nbr) score; 
Estimated worst slack/total negative slack<setup>: 462.178ns/0.000ns; real time: 10 secs 
Level 4, iteration 4
1(0.00%) conflict; 0(0.00%) untouched conn; 0 (nbr) score; 
Estimated worst slack/total negative slack<setup>: 462.178ns/0.000ns; real time: 10 secs 
Level 4, iteration 5
0(0.00%) conflict; 0(0.00%) untouched conn; 0 (nbr) score; 
Estimated worst slack/total negative slack<setup>: 462.178ns/0.000ns; real time: 10 secs 

Start NBR section for setup/hold timing optimization with effort level 3 at 11:25:36 03/11/19

Start NBR section for re-routing at 11:25:36 03/11/19
Level 4, iteration 1
0(0.00%) conflict; 0(0.00%) untouched conn; 0 (nbr) score; 
Estimated worst slack/total negative slack<setup>: 462.178ns/0.000ns; real time: 10 secs 

Start NBR section for post-routing at 11:25:36 03/11/19

End NBR router with 0 unrouted connection

NBR Summary
-----------
  Number of unrouted connections : 0 (0.00%)
  Number of connections with timing violations : 0 (0.00%)
  Estimated worst slack<setup> : 462.178ns
  Timing score<setup> : 0
-----------
Notes: The timing info is calculated for SETUP only and all PAR_ADJs are ignored.



Total CPU time 9 secs 
Total REAL time: 11 secs 
Completely routed.
End of route.  572 routed (100.00%); 0 unrouted.

Hold time timing score: 0, hold timing errors: 0

Timing score: 0 

Dumping design to file key02_key02.dir/5_1.ncd.


PAR_SUMMARY::Run status = Success
PAR_SUMMARY::Number of unrouted conns = 0
PAR_SUMMARY::Worst  slack<setup/<ns>> = 462.178
PAR_SUMMARY::Timing score<setup/<ns>> = 0.000
PAR_SUMMARY::Worst  slack<hold /<ns>> = 0.308
PAR_SUMMARY::Timing score<hold /<ns>> = 0.000
PAR_SUMMARY::Number of errors = 0

Total CPU  time to completion: 9 secs 
Total REAL time to completion: 11 secs 

par done!

Copyright (c) 1991-1994 by NeoCAD Inc. All rights reserved.
Copyright (c) 1995 AT&T Corp.   All rights reserved.
Copyright (c) 1995-2001 Lucent Technologies Inc.  All rights reserved.
Copyright (c) 2001 Agere Systems   All rights reserved.
Copyright (c) 2002-2017 Lattice Semiconductor Corporation,  All rights reserved.
Exiting par with exit code 0
Exiting mpartrce with exit code 0

bitgen -f "key02_key02.t2b" -w "key02_key02.ncd" -jedec "key02_key02.prf"


BITGEN: Bitstream Generator Diamond (64-bit) 3.10.0.111.2
Copyright (c) 1991-1994 by NeoCAD Inc. All rights reserved.
Copyright (c) 1995 AT&T Corp.   All rights reserved.
Copyright (c) 1995-2001 Lucent Technologies Inc.  All rights reserved.
Copyright (c) 2001 Agere Systems   All rights reserved.
Copyright (c) 2002-2017 Lattice Semiconductor Corporation,  All rights reserved.


Loading design for application Bitgen from file key02_key02.ncd.
Design name: topkey00
NCD version: 3.3
Vendor:      LATTICE
Device:      LCMXO2-7000HE
Package:     TQFP144
Performance: 4
Loading device for application Bitgen from file 'xo2c7000.nph' in environment: C:/lscc/diamond/3.10_x64/ispfpga.
Package Status:                     Final          Version 1.39.
Performance Hardware Data Status:   Final          Version 34.4.

Running DRC.
DRC detected 0 errors and 0 warnings.
Reading Preference File from key02_key02.prf.

Preference Summary:
+---------------------------------+---------------------------------+
|  Preference                     |  Current Setting                |
+---------------------------------+---------------------------------+
|                         RamCfg  |                        Reset**  |
+---------------------------------+---------------------------------+
|                     MCCLK_FREQ  |                         2.08**  |
+---------------------------------+---------------------------------+
|                  CONFIG_SECURE  |                          OFF**  |
+---------------------------------+---------------------------------+
|                          INBUF  |                           ON**  |
+---------------------------------+---------------------------------+
|                      JTAG_PORT  |                       ENABLE**  |
+---------------------------------+---------------------------------+
|                       SDM_PORT  |                      DISABLE**  |
+---------------------------------+---------------------------------+
|                 SLAVE_SPI_PORT  |                      DISABLE**  |
+---------------------------------+---------------------------------+
|                MASTER_SPI_PORT  |                      DISABLE**  |
+---------------------------------+---------------------------------+
|                       I2C_PORT  |                      DISABLE**  |
+---------------------------------+---------------------------------+
|        MUX_CONFIGURATION_PORTS  |                      DISABLE**  |
+---------------------------------+---------------------------------+
|                  CONFIGURATION  |                          CFG**  |
+---------------------------------+---------------------------------+
|                COMPRESS_CONFIG  |                           ON**  |
+---------------------------------+---------------------------------+
|                        MY_ASSP  |                          OFF**  |
+---------------------------------+---------------------------------+
|               ONE_TIME_PROGRAM  |                          OFF**  |
+---------------------------------+---------------------------------+
|                 ENABLE_TRANSFR  |                      DISABLE**  |
+---------------------------------+---------------------------------+
|                  SHAREDEBRINIT  |                      DISABLE**  |
+---------------------------------+---------------------------------+
|            BACKGROUND_RECONFIG  |                          OFF**  |
+---------------------------------+---------------------------------+
 *  Default setting.
 ** The specified setting matches the default setting.


Creating bit map...
 
Bitstream Status: Final           Version 1.94.
 
Saving bit stream in "key02_key02.jed".
 
===========
UFM Summary.
===========
UFM Size:        2046 Pages (128*2046 Bits).
UFM Utilization: General Purpose Flash Memory.
 
Available General Purpose Flash Memory: 2046 Pages (Page 0 to Page 2045).
Initialized UFM Pages:                     0 Page.
 
