Running in Lattice mode

Starting:    C:\lscc\diamond\3.10_x64\synpbase\bin64\mbin\synbatch.exe
Install:     C:\lscc\diamond\3.10_x64\synpbase
Hostname:    LAPTOP-9QN1JB0J
Date:        Mon Mar 11 11:25:16 2019
Version:     M-2017.03L-SP1-1

Arguments:   -product synplify_pro -batch key02_key02_synplify.tcl
ProductType: synplify_pro




log file: "C:\Users\elite\OneDrive\Escritorio\key02\key02\key02_key02.srr"
Running: hdl_info_gen in foreground

Generating HDL info...

hdl_info_gen completed
# Mon Mar 11 11:25:16 2019

Return Code: 0
Run Time:00h:00m:00s
Copied C:\Users\elite\OneDrive\Escritorio\key02\key02\key02_key02.srr to C:\Users\elite\OneDrive\Escritorio\key02\key02\key02_key02.srf
log file: "C:\Users\elite\OneDrive\Escritorio\key02\key02\key02_key02.srr"
Running: key02 in foreground

Running proj_1|key02

Running: compile (Compile) on proj_1|key02
# Mon Mar 11 11:25:17 2019

Running: compile_flow (Compile Process) on proj_1|key02
# Mon Mar 11 11:25:17 2019

Running: compiler (Compile Input) on proj_1|key02
# Mon Mar 11 11:25:17 2019
Copied C:\Users\elite\OneDrive\Escritorio\key02\key02\synwork\key02_key02_comp.srs to C:\Users\elite\OneDrive\Escritorio\key02\key02\key02_key02.srs

compiler completed
# Mon Mar 11 11:25:19 2019

Return Code: 0
Run Time:00h:00m:02s

Running: multi_srs_gen (Multi-srs Generator) on proj_1|key02
# Mon Mar 11 11:25:19 2019

multi_srs_gen completed
# Mon Mar 11 11:25:19 2019

Return Code: 0
Run Time:00h:00m:00s
Copied C:\Users\elite\OneDrive\Escritorio\key02\key02\synwork\key02_key02_mult.srs to C:\Users\elite\OneDrive\Escritorio\key02\key02\key02_key02.srs
Copied C:\Users\elite\OneDrive\Escritorio\key02\key02\key02_key02.srr to C:\Users\elite\OneDrive\Escritorio\key02\key02\key02_key02.srf
Complete: Compile Process on proj_1|key02

Running: premap (Pre-mapping) on proj_1|key02
# Mon Mar 11 11:25:19 2019

premap completed with warnings
# Mon Mar 11 11:25:21 2019

Return Code: 1
Run Time:00h:00m:02s
Complete: Compile on proj_1|key02

Running: map (Map) on proj_1|key02
# Mon Mar 11 11:25:21 2019
License granted for 4 parallel jobs

Running: fpga_mapper (Map & Optimize) on proj_1|key02
# Mon Mar 11 11:25:21 2019
Copied C:\Users\elite\OneDrive\Escritorio\key02\key02\synwork\key02_key02_m.srm to C:\Users\elite\OneDrive\Escritorio\key02\key02\key02_key02.srm

fpga_mapper completed with warnings
# Mon Mar 11 11:25:24 2019

Return Code: 1
Run Time:00h:00m:03s
Complete: Map on proj_1|key02
Copied C:\Users\elite\OneDrive\Escritorio\key02\key02\key02_key02.srr to C:\Users\elite\OneDrive\Escritorio\key02\key02\key02_key02.srf
Complete: Logic Synthesis on proj_1|key02
TCL script complete: "key02_key02_synplify.tcl"
exit status=0
exit status=0
Save changes for project:
C:\Users\elite\OneDrive\Escritorio\key02\key02\proj_1.prj
batch mode default:no
