
synpwrap -msg -prj "signo00_signo0_synplify.tcl" -log "signo00_signo0.srf"
Copyright (C) 1992-2019 Lattice Semiconductor Corporation. All rights reserved.
Lattice Diamond Version 3.11.0.396.4
    <postMsg mid="2011000" type="Info"    dynamic="0" navigation="0"  />

==contents of signo00_signo0.srf
#Build: Synplify Pro (R) N-2018.03L-SP1-1, Build 443R, Apr  1 2019
#install: C:\lscc\diamond\3.11_x64\synpbase
#OS: Windows 8 6.2
#Hostname: DESKTOP-496B8RB

# Tue Nov 19 08:53:28 2019

#Implementation: signo0


Copyright (C) 1994-2018 Synopsys, Inc.
This Synopsys software and all associated documentation are proprietary to Synopsys, Inc.
and may only be used pursuant to the terms and conditions of a written license agreement
with Synopsys, Inc. All other use, reproduction, modification, or distribution of the
Synopsys software or the associated documentation is strictly prohibited.
Tool: Synplify Pro (R)
Build: N-2018.03L-SP1-1
Install: C:\lscc\diamond\3.11_x64\synpbase
OS: Windows 6.2

Hostname: DESKTOP-496B8RB

Implementation : signo0
Synopsys HDL Compiler, Version comp2018q2p1, Build 461R, Built Apr  1 2019 09:17:43

@N|Running in 64-bit mode

Copyright (C) 1994-2018 Synopsys, Inc.
This Synopsys software and all associated documentation are proprietary to Synopsys, Inc.
and may only be used pursuant to the terms and conditions of a written license agreement
with Synopsys, Inc. All other use, reproduction, modification, or distribution of the
Synopsys software or the associated documentation is strictly prohibited.
Tool: Synplify Pro (R)
Build: N-2018.03L-SP1-1
Install: C:\lscc\diamond\3.11_x64\synpbase
OS: Windows 6.2

Hostname: DESKTOP-496B8RB

Implementation : signo0
Synopsys VHDL Compiler, Version comp2018q2p1, Build 461R, Built Apr  1 2019 09:17:43

@N|Running in 64-bit mode
@N:"C:\Users\ameri\Documentos\ESCOM\Arquitectura\ARQUITECTURA_DE_COMPUTADORAS\Practicas\2doP\P12\signo00\signo00.vhd":4:7:4:13|Top entity is set to signo00.
Options changed - recompiling
VHDL syntax check successful!
Options changed - recompiling
@N: CD630 :"C:\Users\ameri\Documentos\ESCOM\Arquitectura\ARQUITECTURA_DE_COMPUTADORAS\Practicas\2doP\P12\signo00\signo00.vhd":4:7:4:13|Synthesizing work.signo00.signo0.
Post processing for work.signo00.signo0
Running optimization stage 1 on signo00 .......
Running optimization stage 2 on signo00 .......

For a summary of runtime and memory usage per design unit, please see file:
==========================================================
@L: C:\Users\ameri\Documentos\ESCOM\Arquitectura\ARQUITECTURA_DE_COMPUTADORAS\Practicas\2doP\P12\signo00\signo0\synwork\layer0.rt.csv


At c_vhdl Exit (Real Time elapsed 0h:00m:00s; CPU Time elapsed 0h:00m:00s; Memory used current: 69MB peak: 71MB)

Process took 0h:00m:01s realtime, 0h:00m:01s cputime

Process completed successfully.
# Tue Nov 19 08:53:30 2019

###########################################################]

Copyright (C) 1994-2018 Synopsys, Inc.
This Synopsys software and all associated documentation are proprietary to Synopsys, Inc.
and may only be used pursuant to the terms and conditions of a written license agreement
with Synopsys, Inc. All other use, reproduction, modification, or distribution of the
Synopsys software or the associated documentation is strictly prohibited.
Tool: Synplify Pro (R)
Build: N-2018.03L-SP1-1
Install: C:\lscc\diamond\3.11_x64\synpbase
OS: Windows 6.2

Hostname: DESKTOP-496B8RB

Implementation : signo0
Synopsys Synopsys Netlist Linker, Version comp2018q2p1, Build 461R, Built Apr  1 2019 09:17:43

@N|Running in 64-bit mode
File C:\lscc\diamond\3.10_x64\synpbase\bin64\syn_nfilter.exe changed - recompiling
File C:\Users\FERNANDO\Desktop\signo00\signo0\synwork\layer0.srs changed - recompiling

At syn_nfilter Exit (Real Time elapsed 0h:00m:00s; CPU Time elapsed 0h:00m:00s; Memory used current: 67MB peak: 68MB)

Process took 0h:00m:01s realtime, 0h:00m:01s cputime

Process completed successfully.
# Tue Nov 19 08:53:31 2019

###########################################################]

For a summary of runtime and memory usage for all design units, please see file:
==========================================================
@L: C:\Users\ameri\Documentos\ESCOM\Arquitectura\ARQUITECTURA_DE_COMPUTADORAS\Practicas\2doP\P12\signo00\signo0\synwork\signo00_signo0_comp.rt.csv

@END

At c_hdl Exit (Real Time elapsed 0h:00m:01s; CPU Time elapsed 0h:00m:00s; Memory used current: 3MB peak: 4MB)

Process took 0h:00m:01s realtime, 0h:00m:01s cputime

Process completed successfully.
# Tue Nov 19 08:53:31 2019

###########################################################]

Copyright (C) 1994-2018 Synopsys, Inc.
This Synopsys software and all associated documentation are proprietary to Synopsys, Inc.
and may only be used pursuant to the terms and conditions of a written license agreement
with Synopsys, Inc. All other use, reproduction, modification, or distribution of the
Synopsys software or the associated documentation is strictly prohibited.
Tool: Synplify Pro (R)
Build: N-2018.03L-SP1-1
Install: C:\lscc\diamond\3.11_x64\synpbase
OS: Windows 6.2

Hostname: DESKTOP-496B8RB

Database state : C:\Users\ameri\Documentos\ESCOM\Arquitectura\ARQUITECTURA_DE_COMPUTADORAS\Practicas\2doP\P12\signo00\signo0\synwork\|signo0
Synopsys Synopsys Netlist Linker, Version comp2018q2p1, Build 461R, Built Apr  1 2019 09:17:43

@N|Running in 64-bit mode
File C:\lscc\diamond\3.10_x64\synpbase\bin64\syn_nfilter.exe changed - recompiling
File C:\Users\FERNANDO\Desktop\signo00\signo0\synwork\signo00_signo0_comp.srs changed - recompiling

At syn_nfilter Exit (Real Time elapsed 0h:00m:00s; CPU Time elapsed 0h:00m:00s; Memory used current: 67MB peak: 68MB)

Process took 0h:00m:01s realtime, 0h:00m:01s cputime

Process completed successfully.
# Tue Nov 19 08:53:33 2019

###########################################################]
Premap Report

# Tue Nov 19 08:53:34 2019


Copyright (C) 1994-2018 Synopsys, Inc.
This Synopsys software and all associated documentation are proprietary to Synopsys, Inc.
and may only be used pursuant to the terms and conditions of a written license agreement
with Synopsys, Inc. All other use, reproduction, modification, or distribution of the
Synopsys software or the associated documentation is strictly prohibited.
Tool: Synplify Pro (R)
Build: N-2018.03L-SP1-1
Install: C:\lscc\diamond\3.11_x64\synpbase
OS: Windows 6.2

Hostname: DESKTOP-496B8RB

Implementation : signo0
Synopsys Lattice Technology Pre-mapping, Version maplat2018q2p1, Build 055R, Built Apr  3 2019 09:51:54


Mapper Startup Complete (Real Time elapsed 0h:00m:00s; CPU Time elapsed 0h:00m:00s; Memory used current: 99MB peak: 100MB)

@A: MF827 |No constraint file specified.
@N: MF284 |Setting synthesis effort to medium for the design
@L: C:\Users\ameri\Documentos\ESCOM\Arquitectura\ARQUITECTURA_DE_COMPUTADORAS\Practicas\2doP\P12\signo00\signo0\signo00_signo0_scck.rpt 
Printing clock  summary report in "C:\Users\ameri\Documentos\ESCOM\Arquitectura\ARQUITECTURA_DE_COMPUTADORAS\Practicas\2doP\P12\signo00\signo0\signo00_signo0_scck.rpt" file 
@N: MF916 |Option synthesis_strategy=base is enabled. 
@N: MF248 |Running in 64-bit mode.
@N: MF666 |Clock conversion enabled. (Command "set_option -fix_gated_and_generated_clocks 1" in the project file.)

Design Input Complete (Real Time elapsed 0h:00m:00s; CPU Time elapsed 0h:00m:00s; Memory used current: 99MB peak: 101MB)


Mapper Initialization Complete (Real Time elapsed 0h:00m:00s; CPU Time elapsed 0h:00m:00s; Memory used current: 99MB peak: 101MB)


Start loading timing files (Real Time elapsed 0h:00m:00s; CPU Time elapsed 0h:00m:00s; Memory used current: 112MB peak: 113MB)


Finished loading timing files (Real Time elapsed 0h:00m:01s; CPU Time elapsed 0h:00m:00s; Memory used current: 112MB peak: 115MB)

@N: MF284 |Setting synthesis effort to medium for the design
@N: MH105 |UMR3 is only supported for HAPS-80.
@N: MH105 |UMR3 is only supported for HAPS-80.
syn_allowed_resources : blockrams=26  set on top level netlist signo00

Finished netlist restructuring (Real Time elapsed 0h:00m:01s; CPU Time elapsed 0h:00m:00s; Memory used current: 140MB peak: 143MB)



Clock Summary
******************

          Start     Requested     Requested     Clock     Clock     Clock
Level     Clock     Frequency     Period        Type      Group     Load 
-------------------------------------------------------------------------
=========================================================================



Clock Load Summary
***********************

          Clock     Source     Clock Pin       Non-clock Pin     Non-clock Pin
Clock     Load      Pin        Seq Example     Seq Example       Comb Example 
------------------------------------------------------------------------------
==============================================================================

ICG Latch Removal Summary:
Number of ICG latches removed: 0
Number of ICG latches not removed:	0


@S |Clock Optimization Summary



#### START OF PREMAP CLOCK OPTIMIZATION REPORT #####[

0 non-gated/non-generated clock tree(s) driving 0 clock pin(s) of sequential element(s)
0 gated/generated clock tree(s) driving 0 clock pin(s) of sequential element(s)
0 instances converted, 0 sequential instances remain driven by gated/generated clocks



##### END OF CLOCK OPTIMIZATION REPORT ######

@N: FX1143 |Skipping assigning INTERNAL_VREF to iobanks, because the table of mapping from pin to iobank is not initialized.
Finished Pre Mapping Phase.

Starting constraint checker (Real Time elapsed 0h:00m:01s; CPU Time elapsed 0h:00m:00s; Memory used current: 140MB peak: 143MB)


Finished constraint checker preprocessing (Real Time elapsed 0h:00m:01s; CPU Time elapsed 0h:00m:00s; Memory used current: 140MB peak: 143MB)

None
None

Finished constraint checker (Real Time elapsed 0h:00m:02s; CPU Time elapsed 0h:00m:00s; Memory used current: 140MB peak: 143MB)

Pre-mapping successful!

At Mapper Exit (Real Time elapsed 0h:00m:02s; CPU Time elapsed 0h:00m:00s; Memory used current: 56MB peak: 143MB)

Process took 0h:00m:02s realtime, 0h:00m:01s cputime
# Tue Nov 19 08:53:36 2019

###########################################################]
Map & Optimize Report

# Tue Nov 19 08:53:37 2019


Copyright (C) 1994-2018 Synopsys, Inc.
This Synopsys software and all associated documentation are proprietary to Synopsys, Inc.
and may only be used pursuant to the terms and conditions of a written license agreement
with Synopsys, Inc. All other use, reproduction, modification, or distribution of the
Synopsys software or the associated documentation is strictly prohibited.
Tool: Synplify Pro (R)
Build: N-2018.03L-SP1-1
Install: C:\lscc\diamond\3.11_x64\synpbase
OS: Windows 6.2

Hostname: DESKTOP-496B8RB

Implementation : signo0
Synopsys Lattice Technology Mapper, Version maplat2018q2p1, Build 055R, Built Apr  3 2019 09:51:54


Mapper Startup Complete (Real Time elapsed 0h:00m:00s; CPU Time elapsed 0h:00m:00s; Memory used current: 99MB peak: 100MB)

@N: MF284 |Setting synthesis effort to medium for the design
@N: MF916 |Option synthesis_strategy=base is enabled. 
@N: MF248 |Running in 64-bit mode.
@N: MF666 |Clock conversion enabled. (Command "set_option -fix_gated_and_generated_clocks 1" in the project file.)

Design Input Complete (Real Time elapsed 0h:00m:00s; CPU Time elapsed 0h:00m:00s; Memory used current: 99MB peak: 101MB)


Mapper Initialization Complete (Real Time elapsed 0h:00m:00s; CPU Time elapsed 0h:00m:00s; Memory used current: 99MB peak: 101MB)


Start loading timing files (Real Time elapsed 0h:00m:00s; CPU Time elapsed 0h:00m:00s; Memory used current: 112MB peak: 113MB)


Finished loading timing files (Real Time elapsed 0h:00m:00s; CPU Time elapsed 0h:00m:00s; Memory used current: 112MB peak: 115MB)

@N: MF284 |Setting synthesis effort to medium for the design


Starting Optimization and Mapping (Real Time elapsed 0h:00m:00s; CPU Time elapsed 0h:00m:00s; Memory used current: 140MB peak: 142MB)


Available hyper_sources - for debug and ip models
	None Found


Finished RTL optimizations (Real Time elapsed 0h:00m:00s; CPU Time elapsed 0h:00m:00s; Memory used current: 140MB peak: 142MB)


Starting factoring (Real Time elapsed 0h:00m:00s; CPU Time elapsed 0h:00m:00s; Memory used current: 140MB peak: 142MB)


Finished factoring (Real Time elapsed 0h:00m:00s; CPU Time elapsed 0h:00m:00s; Memory used current: 140MB peak: 142MB)


Finished generic timing optimizations - Pass 1 (Real Time elapsed 0h:00m:00s; CPU Time elapsed 0h:00m:00s; Memory used current: 140MB peak: 142MB)


Starting Early Timing Optimization (Real Time elapsed 0h:00m:00s; CPU Time elapsed 0h:00m:00s; Memory used current: 140MB peak: 142MB)


Finished Early Timing Optimization (Real Time elapsed 0h:00m:00s; CPU Time elapsed 0h:00m:00s; Memory used current: 140MB peak: 142MB)


Finished generic timing optimizations - Pass 2 (Real Time elapsed 0h:00m:00s; CPU Time elapsed 0h:00m:00s; Memory used current: 140MB peak: 142MB)


Finished preparing to map (Real Time elapsed 0h:00m:00s; CPU Time elapsed 0h:00m:00s; Memory used current: 140MB peak: 142MB)


Finished technology mapping (Real Time elapsed 0h:00m:00s; CPU Time elapsed 0h:00m:00s; Memory used current: 140MB peak: 142MB)

Pass		 CPU time		Worst Slack		Luts / Registers
------------------------------------------------------------

Finished technology timing optimizations and critical path resynthesis (Real Time elapsed 0h:00m:00s; CPU Time elapsed 0h:00m:00s; Memory used current: 140MB peak: 142MB)

@N: FX164 |The option to pack registers in the IOB has not been specified. Please set syn_useioff attribute.  

Finished restoring hierarchy (Real Time elapsed 0h:00m:00s; CPU Time elapsed 0h:00m:00s; Memory used current: 140MB peak: 142MB)


Start Writing Netlists (Real Time elapsed 0h:00m:00s; CPU Time elapsed 0h:00m:00s; Memory used current: 106MB peak: 142MB)

Writing Analyst data base C:\Users\ameri\Documentos\ESCOM\Arquitectura\ARQUITECTURA_DE_COMPUTADORAS\Practicas\2doP\P12\signo00\signo0\synwork\signo00_signo0_m.srm

Finished Writing Netlist Databases (Real Time elapsed 0h:00m:00s; CPU Time elapsed 0h:00m:00s; Memory used current: 139MB peak: 142MB)

Writing EDIF Netlist and constraint files
@N: FX1056 |Writing EDF file: C:\Users\ameri\Documentos\ESCOM\Arquitectura\ARQUITECTURA_DE_COMPUTADORAS\Practicas\2doP\P12\signo00\signo0\signo00_signo0.edi
N-2018.03L-SP1-1
@N: BW106 |Synplicity Constraint File capacitance units using default value of 1pF 

Finished Writing EDIF Netlist and constraint files (Real Time elapsed 0h:00m:01s; CPU Time elapsed 0h:00m:01s; Memory used current: 144MB peak: 146MB)


Start final timing analysis (Real Time elapsed 0h:00m:01s; CPU Time elapsed 0h:00m:01s; Memory used current: 145MB peak: 146MB)



##### START OF TIMING REPORT #####[
# Timing Report written on Tue Nov 19 08:53:39 2019
#


Top view:               signo00
Requested Frequency:    1.0 MHz
Wire load mode:         top
Paths requested:        5
Constraint File(s):    
@N: MT320 |This timing report is an estimate of place and route data. For final timing results, use the FPGA vendor place and route report.

@N: MT322 |Clock constraints include only register-to-register paths associated with each individual clock.



Performance Summary
*******************


Worst slack in design: NA






Clock Relationships
*******************

Clocks            |    rise  to  rise   |    fall  to  fall   |    rise  to  fall   |    fall  to  rise 
--------------------------------------------------------------------------------------------------------
Starting  Ending  |  constraint  slack  |  constraint  slack  |  constraint  slack  |  constraint  slack
--------------------------------------------------------------------------------------------------------
========================================================================================================
 Note: 'No paths' indicates there are no paths in the design for that pair of clock edges.
       'Diff grp' indicates that paths exist but the starting clock and ending clock are in different clock groups.



Interface Information 
*********************

No IO constraint found


##### END OF TIMING REPORT #####]

Timing exceptions that could not be applied
None

Finished final timing analysis (Real Time elapsed 0h:00m:01s; CPU Time elapsed 0h:00m:01s; Memory used current: 145MB peak: 146MB)


Finished timing report (Real Time elapsed 0h:00m:01s; CPU Time elapsed 0h:00m:01s; Memory used current: 145MB peak: 146MB)

---------------------------------------
Resource Usage Report
Part: lcmxo2_7000he-4

Register bits: 0 of 6864 (0%)
PIC Latch:       0
I/O cells:       48


Details:
GSR:            1
IB:             16
OB:             32
PUR:            1
VHI:            1
VLO:            1
Mapper successful!

At Mapper Exit (Real Time elapsed 0h:00m:01s; CPU Time elapsed 0h:00m:01s; Memory used current: 31MB peak: 146MB)

Process took 0h:00m:01s realtime, 0h:00m:01s cputime
# Tue Nov 19 08:53:39 2019

###########################################################]


Synthesis exit by 0.

edif2ngd  -l "MachXO2" -d LCMXO2-7000HE -path "C:/Users/ameri/Documentos/ESCOM/Arquitectura/ARQUITECTURA_DE_COMPUTADORAS/Practicas/2doP/P12/signo00/signo0" -path "C:/Users/ameri/Documentos/ESCOM/Arquitectura/ARQUITECTURA_DE_COMPUTADORAS/Practicas/2doP/P12/signo00"   "C:/Users/ameri/Documentos/ESCOM/Arquitectura/ARQUITECTURA_DE_COMPUTADORAS/Practicas/2doP/P12/signo00/signo0/signo00_signo0.edi" "signo00_signo0.ngo"   
edif2ngd:  version Diamond (64-bit) 3.11.0.396.4

Copyright (c) 1991-1994 by NeoCAD Inc. All rights reserved.
Copyright (c) 1995 AT&T Corp.   All rights reserved.
Copyright (c) 1995-2001 Lucent Technologies Inc.  All rights reserved.
Copyright (c) 2001 Agere Systems   All rights reserved.
Copyright (c) 2002-2019 Lattice Semiconductor Corporation,  All rights reserved.
Writing the design to signo00_signo0.ngo...

Total CPU Time: 0 secs  
Total REAL Time: 0 secs  
Peak Memory Usage: 10 MB


ngdbuild  -a "MachXO2" -d LCMXO2-7000HE  -p "C:/lscc/diamond/3.11_x64/ispfpga/xo2c00/data"  -p "C:/Users/ameri/Documentos/ESCOM/Arquitectura/ARQUITECTURA_DE_COMPUTADORAS/Practicas/2doP/P12/signo00/signo0" -p "C:/Users/ameri/Documentos/ESCOM/Arquitectura/ARQUITECTURA_DE_COMPUTADORAS/Practicas/2doP/P12/signo00"  "signo00_signo0.ngo" "signo00_signo0.ngd"  	
ngdbuild:  version Diamond (64-bit) 3.11.0.396.4

Copyright (c) 1991-1994 by NeoCAD Inc. All rights reserved.
Copyright (c) 1995 AT&T Corp.   All rights reserved.
Copyright (c) 1995-2001 Lucent Technologies Inc.  All rights reserved.
Copyright (c) 2001 Agere Systems   All rights reserved.
Copyright (c) 2002-2019 Lattice Semiconductor Corporation,  All rights reserved.
Reading 'signo00_signo0.ngo' ...
Loading NGL library 'C:/lscc/diamond/3.11_x64/ispfpga/xo2c00a/data/xo2alib.ngl'...
Loading NGL library 'C:/lscc/diamond/3.11_x64/ispfpga/xo2c00/data/xo2clib.ngl'...
Loading NGL library 'C:/lscc/diamond/3.11_x64/ispfpga/mg5g00/data/mg5glib.ngl'...
Loading NGL library 'C:/lscc/diamond/3.11_x64/ispfpga/or5g00/data/orc5glib.ngl'...


Running DRC...

DRC complete with no errors or warnings

Design Results:
     51 blocks expanded
Complete the first expansion.
Writing 'signo00_signo0.ngd' ...
Total CPU Time: 0 secs 
Total REAL Time: 0 secs 
Peak Memory Usage: 17 MB


map -a "MachXO2" -p LCMXO2-7000HE -t TQFP144 -s 4 -oc Commercial   "signo00_signo0.ngd" -o "signo00_signo0_map.ncd" -pr "signo00_signo0.prf" -mp "signo00_signo0.mrp" -lpf "C:/Users/ameri/Documentos/ESCOM/Arquitectura/ARQUITECTURA_DE_COMPUTADORAS/Practicas/2doP/P12/signo00/signo0/signo00_signo0_synplify.lpf" -lpf "C:/Users/ameri/Documentos/ESCOM/Arquitectura/ARQUITECTURA_DE_COMPUTADORAS/Practicas/2doP/P12/signo00/signo00.lpf" -c 0           
map:  version Diamond (64-bit) 3.11.0.396.4

Copyright (c) 1991-1994 by NeoCAD Inc. All rights reserved.
Copyright (c) 1995 AT&T Corp.   All rights reserved.
Copyright (c) 1995-2001 Lucent Technologies Inc.  All rights reserved.
Copyright (c) 2001 Agere Systems   All rights reserved.
Copyright (c) 2002-2019 Lattice Semiconductor Corporation,  All rights reserved.
   Process the file: signo00_signo0.ngd
   Picdevice="LCMXO2-7000HE"

   Pictype="TQFP144"

   Picspeed=4

   Remove unused logic

   Do not produce over sized NCDs.

Part used: LCMXO2-7000HETQFP144, Performance used: 4.

Loading device for application map from file 'xo2c7000.nph' in environment: C:/lscc/diamond/3.11_x64/ispfpga.
Package Status:                     Final          Version 1.39.

Running general design DRC...

Removing unused logic...

Optimizing...




Design Summary:
   Number of registers:      0 out of  7209 (0%)
      PFU registers:            0 out of  6864 (0%)
      PIO registers:            0 out of   345 (0%)
   Number of SLICEs:         0 out of  3432 (0%)
      SLICEs as Logic/ROM:      0 out of  3432 (0%)
      SLICEs as RAM:            0 out of  2574 (0%)
      SLICEs as Carry:          0 out of  3432 (0%)
   Number of LUT4s:          0 out of  6864 (0%)
      Number used as logic LUTs:          0
      Number used as distributed RAM:     0
      Number used as ripple logic:        0
      Number used as shift registers:     0
   Number of PIO sites used: 48 + 4(JTAG) out of 115 (45%)
   Number of block RAMs:  0 out of 26 (0%)
   Number of GSRs:        0 out of 1 (0%)
   EFB used :        No
   JTAG used :       No
   Readback used :   No
   Oscillator used : No
   Startup used :    No
   POR :             On
   Bandgap :         On
   Number of Power Controller:  0 out of 1 (0%)
   Number of Dynamic Bank Controller (BCINRD):  0 out of 6 (0%)
   Number of Dynamic Bank Controller (BCLVDSO):  0 out of 1 (0%)
   Number of DCCA:  0 out of 8 (0%)
   Number of DCMA:  0 out of 2 (0%)
   Number of PLLs:  0 out of 2 (0%)
   Number of DQSDLLs:  0 out of 2 (0%)
   Number of CLKDIVC:  0 out of 4 (0%)
   Number of ECLKSYNCA:  0 out of 4 (0%)
   Number of ECLKBRIDGECS:  0 out of 2 (0%)
   Notes:-
      1. Total number of LUT4s = (Number of logic LUT4s) + 2*(Number of distributed RAMs) + 2*(Number of ripple logic)
      2. Number of logic LUT4s does not include count of distributed RAM and ripple logic.
   Number of clocks:  0
   Number of Clock Enables:  0
   Number of LSRs:  0
   Number of nets driven by tri-state buffers:  0
   Top 10 highest fanout non-clock nets:
     Net vector_entrada_c[15]: 17 loads
     Net vector_entrada_c[0]: 1 loads
     Net vector_entrada_c[10]: 1 loads
     Net vector_entrada_c[11]: 1 loads
     Net vector_entrada_c[12]: 1 loads
     Net vector_entrada_c[13]: 1 loads
     Net vector_entrada_c[14]: 1 loads
     Net vector_entrada_c[7]: 1 loads
     Net vector_entrada_c[8]: 1 loads
     Net vector_entrada_c[9]: 1 loads
 

   Number of warnings:  0
   Number of errors:    0



Total CPU Time: 0 secs  
Total REAL Time: 2 secs  
Peak Memory Usage: 57 MB

Dumping design to file signo00_signo0_map.ncd.

mpartrce -p "signo00_signo0.p2t" -f "signo00_signo0.p3t" -tf "signo00_signo0.pt" "signo00_signo0_map.ncd" "signo00_signo0.ncd"

---- MParTrce Tool ----
Removing old design directory at request of -rem command line option to this program.
Running par. Please wait . . .

Lattice Place and Route Report for Design "signo00_signo0_map.ncd"
Tue Nov 19 08:53:47 2019

PAR: Place And Route Diamond (64-bit) 3.11.0.396.4.
Command Line: par -w -l 5 -i 6 -t 1 -c 0 -e 0 -gui -msgset C:/Users/ameri/Documentos/ESCOM/Arquitectura/ARQUITECTURA_DE_COMPUTADORAS/Practicas/2doP/P12/signo00/promote.xml -exp parUseNBR=1:parCDP=0:parCDR=0:parPathBased=OFF signo00_signo0_map.ncd signo00_signo0.dir/5_1.ncd signo00_signo0.prf
Preference file: signo00_signo0.prf.
Placement level-cost: 5-1.
Routing Iterations: 6

Loading design for application par from file signo00_signo0_map.ncd.
Design name: signo00
NCD version: 3.3
Vendor:      LATTICE
Device:      LCMXO2-7000HE
Package:     TQFP144
Performance: 4
Loading device for application par from file 'xo2c7000.nph' in environment: C:/lscc/diamond/3.11_x64/ispfpga.
Package Status:                     Final          Version 1.39.
Performance Hardware Data Status:   Final          Version 34.4.
License checked out.


Ignore Preference Error(s):  True
Device utilization summary:

   PIO (prelim)   48+4(JTAG)/336     15% used
                  48+4(JTAG)/115     45% bonded

   SLICE              0/3432          0% used



Number of Signals: 16
Number of Connections: 32

Pin Constraint Summary:
   48 out of 48 pins locked (100% locked).

No signal is selected as primary clock.


No signal is selected as secondary clock.

No signal is selected as Global Set/Reset.
Starting Placer Phase 0.

Finished Placer Phase 0.  REAL time: 3 secs 

Starting Placer Phase 1.

Placer score = 33052.
Finished Placer Phase 1.  REAL time: 3 secs 

Starting Placer Phase 2.
.
Placer score =  33052
Finished Placer Phase 2.  REAL time: 3 secs 


------------------ Clock Report ------------------

Global Clock Resources:
  CLK_PIN    : 0 out of 8 (0%)
  PLL        : 0 out of 2 (0%)
  DCM        : 0 out of 2 (0%)
  DCC        : 0 out of 8 (0%)

Global Clocks:

  PRIMARY  : 0 out of 8 (0%)
  SECONDARY: 0 out of 8 (0%)

Edge Clocks:
  No edge clock selected.

--------------- End of Clock Report ---------------


I/O Usage Summary (final):
   48 + 4(JTAG) out of 336 (15.5%) PIO sites used.
   48 + 4(JTAG) out of 115 (45.2%) bonded PIO sites used.
   Number of PIO comps: 48; differential: 0.
   Number of Vref pins used: 0.

I/O Bank Usage Summary:
+----------+----------------+------------+-----------+
| I/O Bank | Usage          | Bank Vccio | Bank Vref |
+----------+----------------+------------+-----------+
| 0        | 2 / 28 (  7%)  | 2.5V       | -         |
| 1        | 14 / 29 ( 48%) | 2.5V       | -         |
| 2        | 18 / 29 ( 62%) | 2.5V       | -         |
| 3        | 0 / 9 (  0%)   | -          | -         |
| 4        | 8 / 10 ( 80%)  | 2.5V       | -         |
| 5        | 6 / 10 ( 60%)  | 2.5V       | -         |
+----------+----------------+------------+-----------+

Total placer CPU time: 1 secs 

Dumping design to file signo00_signo0.dir/5_1.ncd.


-----------------------------------------------------------------
INFO - par: ASE feature is off due to non timing-driven settings.  
-----------------------------------------------------------------

0 connections routed; 32 unrouted.
Starting router resource preassignment

Completed router resource preassignment. Real time: 7 secs 

Start NBR router at 08:53:54 11/19/19

*****************************************************************
Info: NBR allows conflicts(one node used by more than one signal)
      in the earlier iterations. In each iteration, it tries to  
      solve the conflicts while keeping the critical connections 
      routed as short as possible. The routing process is said to
      be completed when no conflicts exist and all connections   
      are routed.                                                
Note: NBR uses a different method to calculate timing slacks. The
      worst slack and total negative slack may not be the same as
      that in TRCE report. You should always run TRCE to verify  
      your design.                                               
*****************************************************************

Start NBR special constraint process at 08:53:54 11/19/19

Start NBR section for initial routing at 08:53:54 11/19/19
Level 4, iteration 1
8(0.00%) conflicts; 0(0.00%) untouched conn; 0 (nbr) score; real time: 7 secs 

Info: Initial congestion level at 75% usage is 0
Info: Initial congestion area  at 75% usage is 0 (0.00%)

Start NBR section for normal routing at 08:53:54 11/19/19
Level 4, iteration 1
8(0.00%) conflicts; 0(0.00%) untouched conn; 0 (nbr) score; real time: 7 secs 
Level 4, iteration 2
0(0.00%) conflict; 0(0.00%) untouched conn; 0 (nbr) score; real time: 7 secs 

Start NBR section for re-routing at 08:53:54 11/19/19
Level 4, iteration 1
0(0.00%) conflict; 0(0.00%) untouched conn; 0 (nbr) score; real time: 7 secs 

Start NBR section for post-routing at 08:53:54 11/19/19

End NBR router with 0 unrouted connection

NBR Summary
-----------
  Number of unrouted connections : 0 (0.00%)
  Number of connections with timing violations : 0 (0.00%)
  Estimated worst slack<setup> : <n/a>
  Timing score<setup> : 0
-----------
Notes: The timing info is calculated for SETUP only and all PAR_ADJs are ignored.



Total CPU time 5 secs 
Total REAL time: 7 secs 
Completely routed.
End of route.  32 routed (100.00%); 0 unrouted.

Hold time timing score: 0, hold timing errors: 0

Timing score: 0 

Dumping design to file signo00_signo0.dir/5_1.ncd.


PAR_SUMMARY::Run status = Completed
PAR_SUMMARY::Number of unrouted conns = 0
PAR_SUMMARY::Worst  slack<setup/<ns>> = <n/a>
PAR_SUMMARY::Timing score<setup/<ns>> = <n/a>
PAR_SUMMARY::Worst  slack<hold /<ns>> = <n/a>
PAR_SUMMARY::Timing score<hold /<ns>> = <n/a>
PAR_SUMMARY::Number of errors = 0

Total CPU  time to completion: 5 secs 
Total REAL time to completion: 8 secs 

par done!

Note: user must run 'Trace' for timing closure signoff.

Copyright (c) 1991-1994 by NeoCAD Inc. All rights reserved.
Copyright (c) 1995 AT&T Corp.   All rights reserved.
Copyright (c) 1995-2001 Lucent Technologies Inc.  All rights reserved.
Copyright (c) 2001 Agere Systems   All rights reserved.
Copyright (c) 2002-2019 Lattice Semiconductor Corporation,  All rights reserved.
Exiting par with exit code 0
Exiting mpartrce with exit code 0

trce -f "signo00_signo0.pt" -o "signo00_signo0.twr" "signo00_signo0.ncd" "signo00_signo0.prf"
trce:  version Diamond (64-bit) 3.11.0.396.4

Copyright (c) 1991-1994 by NeoCAD Inc. All rights reserved.
Copyright (c) 1995 AT&T Corp.   All rights reserved.
Copyright (c) 1995-2001 Lucent Technologies Inc.  All rights reserved.
Copyright (c) 2001 Agere Systems   All rights reserved.
Copyright (c) 2002-2019 Lattice Semiconductor Corporation,  All rights reserved.

Loading design for application trce from file signo00_signo0.ncd.
Design name: signo00
NCD version: 3.3
Vendor:      LATTICE
Device:      LCMXO2-7000HE
Package:     TQFP144
Performance: 4
Loading device for application trce from file 'xo2c7000.nph' in environment: C:/lscc/diamond/3.11_x64/ispfpga.
Package Status:                     Final          Version 1.39.
Performance Hardware Data Status:   Final          Version 34.4.
Setup and Hold Report

--------------------------------------------------------------------------------
Lattice TRACE Report - Setup, Version Diamond (64-bit) 3.11.0.396.4
Tue Nov 19 08:53:56 2019

Copyright (c) 1991-1994 by NeoCAD Inc. All rights reserved.
Copyright (c) 1995 AT&T Corp.   All rights reserved.
Copyright (c) 1995-2001 Lucent Technologies Inc.  All rights reserved.
Copyright (c) 2001 Agere Systems   All rights reserved.
Copyright (c) 2002-2019 Lattice Semiconductor Corporation,  All rights reserved.

Report Information
------------------
Command line:    trce -v 10 -gt -sethld -sp 4 -sphld m -o signo00_signo0.twr -gui -msgset C:/Users/ameri/Documentos/ESCOM/Arquitectura/ARQUITECTURA_DE_COMPUTADORAS/Practicas/2doP/P12/signo00/promote.xml signo00_signo0.ncd signo00_signo0.prf 
Design file:     signo00_signo0.ncd
Preference file: signo00_signo0.prf
Device,speed:    LCMXO2-7000HE,4
Report level:    verbose report, limited to 10 items per preference
--------------------------------------------------------------------------------

BLOCK ASYNCPATHS
BLOCK RESETPATHS
--------------------------------------------------------------------------------



Timing summary (Setup):
---------------

Timing errors: 0  Score: 0
Cumulative negative slack: 0

Constraints cover 32 paths, 16 nets, and 32 connections (100.00% coverage)

--------------------------------------------------------------------------------

Total CPU Time: 0 secs 
Total REAL Time: 0 secs 
Peak Memory Usage: 66 MB


tmcheck -par "signo00_signo0.par" 

bitgen -f "signo00_signo0.t2b" -w "signo00_signo0.ncd"  -jedec "signo00_signo0.prf"


BITGEN: Bitstream Generator Diamond (64-bit) 3.11.0.396.4
Copyright (c) 1991-1994 by NeoCAD Inc. All rights reserved.
Copyright (c) 1995 AT&T Corp.   All rights reserved.
Copyright (c) 1995-2001 Lucent Technologies Inc.  All rights reserved.
Copyright (c) 2001 Agere Systems   All rights reserved.
Copyright (c) 2002-2019 Lattice Semiconductor Corporation,  All rights reserved.


Loading design for application Bitgen from file signo00_signo0.ncd.
Design name: signo00
NCD version: 3.3
Vendor:      LATTICE
Device:      LCMXO2-7000HE
Package:     TQFP144
Performance: 4
Loading device for application Bitgen from file 'xo2c7000.nph' in environment: C:/lscc/diamond/3.11_x64/ispfpga.
Package Status:                     Final          Version 1.39.
Performance Hardware Data Status:   Final          Version 34.4.

Running DRC.
DRC detected 0 errors and 0 warnings.
Reading Preference File from signo00_signo0.prf.

Preference Summary:
+---------------------------------+---------------------------------+
|  Preference                     |  Current Setting                |
+---------------------------------+---------------------------------+
|                         RamCfg  |                        Reset**  |
+---------------------------------+---------------------------------+
|                     MCCLK_FREQ  |                         2.08**  |
+---------------------------------+---------------------------------+
|                  CONFIG_SECURE  |                          OFF**  |
+---------------------------------+---------------------------------+
|                          INBUF  |                           ON**  |
+---------------------------------+---------------------------------+
|                      JTAG_PORT  |                       ENABLE**  |
+---------------------------------+---------------------------------+
|                       SDM_PORT  |                      DISABLE**  |
+---------------------------------+---------------------------------+
|                 SLAVE_SPI_PORT  |                      DISABLE**  |
+---------------------------------+---------------------------------+
|                MASTER_SPI_PORT  |                      DISABLE**  |
+---------------------------------+---------------------------------+
|                       I2C_PORT  |                      DISABLE**  |
+---------------------------------+---------------------------------+
|        MUX_CONFIGURATION_PORTS  |                      DISABLE**  |
+---------------------------------+---------------------------------+
|                  CONFIGURATION  |                          CFG**  |
+---------------------------------+---------------------------------+
|                COMPRESS_CONFIG  |                           ON**  |
+---------------------------------+---------------------------------+
|                        MY_ASSP  |                          OFF**  |
+---------------------------------+---------------------------------+
|               ONE_TIME_PROGRAM  |                          OFF**  |
+---------------------------------+---------------------------------+
|                 ENABLE_TRANSFR  |                      DISABLE**  |
+---------------------------------+---------------------------------+
|                  SHAREDEBRINIT  |                      DISABLE**  |
+---------------------------------+---------------------------------+
|            BACKGROUND_RECONFIG  |                          OFF**  |
+---------------------------------+---------------------------------+
 *  Default setting.
 ** The specified setting matches the default setting.


Creating bit map...
 
Bitstream Status: Final           Version 1.95.
 
Saving bit stream in "signo00_signo0.jed".
 
===========
UFM Summary.
===========
UFM Size:        2046 Pages (128*2046 Bits).
UFM Utilization: General Purpose Flash Memory.
 
Available General Purpose Flash Memory: 2046 Pages (Page 0 to Page 2045).
Initialized UFM Pages:                     0 Page.
 
Total CPU Time: 4 secs 
Total REAL Time: 5 secs 
Peak Memory Usage: 289 MB
