Running in Lattice mode

Starting:    C:\lscc\diamond\3.10_x64\synpbase\bin64\mbin\synbatch.exe
Install:     C:\lscc\diamond\3.10_x64\synpbase
Hostname:    SANDRA-PC
Date:        Thu Feb 21 18:02:13 2019
Version:     M-2017.03L-SP1-1

Arguments:   -product synplify_pro -batch shiftLR01_shiftLR00_synplify.tcl
ProductType: synplify_pro




log file: "C:\Users\sandra\Desktop\shiftRL02\shiftLR00\shiftLR01_shiftLR00.srr"
Running: hdl_info_gen in foreground

Generating HDL info...

hdl_info_gen completed
# Thu Feb 21 18:02:14 2019

Return Code: 0
Run Time:00h:00m:01s
log file: "C:\Users\sandra\Desktop\shiftRL02\shiftLR00\shiftLR01_shiftLR00.srr"
Running: shiftLR00 in foreground

Running proj_1|shiftLR00

Running: compile (Compile) on proj_1|shiftLR00
# Thu Feb 21 18:02:14 2019

Running: compile_flow (Compile Process) on proj_1|shiftLR00
# Thu Feb 21 18:02:14 2019

Running: compiler (Compile Input) on proj_1|shiftLR00
# Thu Feb 21 18:02:14 2019
Copied C:\Users\sandra\Desktop\shiftRL02\shiftLR00\synwork\shiftLR01_shiftLR00_comp.srs to C:\Users\sandra\Desktop\shiftRL02\shiftLR00\shiftLR01_shiftLR00.srs

compiler completed
# Thu Feb 21 18:02:20 2019

Return Code: 0
Run Time:00h:00m:06s

Running: multi_srs_gen (Multi-srs Generator) on proj_1|shiftLR00
# Thu Feb 21 18:02:20 2019

multi_srs_gen completed
# Thu Feb 21 18:02:20 2019

Return Code: 0
Run Time:00h:00m:00s
Copied C:\Users\sandra\Desktop\shiftRL02\shiftLR00\synwork\shiftLR01_shiftLR00_mult.srs to C:\Users\sandra\Desktop\shiftRL02\shiftLR00\shiftLR01_shiftLR00.srs
Copied C:\Users\sandra\Desktop\shiftRL02\shiftLR00\shiftLR01_shiftLR00.srr to C:\Users\sandra\Desktop\shiftRL02\shiftLR00\shiftLR01_shiftLR00.srf
Complete: Compile Process on proj_1|shiftLR00

Running: premap (Pre-mapping) on proj_1|shiftLR00
# Thu Feb 21 18:02:20 2019

premap completed with warnings
# Thu Feb 21 18:02:23 2019

Return Code: 1
Run Time:00h:00m:03s
Complete: Compile on proj_1|shiftLR00

Running: map (Map) on proj_1|shiftLR00
# Thu Feb 21 18:02:23 2019
License granted for 4 parallel jobs

Running: fpga_mapper (Map & Optimize) on proj_1|shiftLR00
# Thu Feb 21 18:02:23 2019
Copied C:\Users\sandra\Desktop\shiftRL02\shiftLR00\synwork\shiftLR01_shiftLR00_m.srm to C:\Users\sandra\Desktop\shiftRL02\shiftLR00\shiftLR01_shiftLR00.srm

fpga_mapper completed with warnings
# Thu Feb 21 18:02:27 2019

Return Code: 1
Run Time:00h:00m:04s
Complete: Map on proj_1|shiftLR00
Copied C:\Users\sandra\Desktop\shiftRL02\shiftLR00\shiftLR01_shiftLR00.srr to C:\Users\sandra\Desktop\shiftRL02\shiftLR00\shiftLR01_shiftLR00.srf
Complete: Logic Synthesis on proj_1|shiftLR00
TCL script complete: "shiftLR01_shiftLR00_synplify.tcl"
exit status=0
exit status=0
Save changes for project:
C:\Users\sandra\Desktop\shiftRL02\shiftLR00\proj_1.prj
batch mode default:no
