all messages logged in file hdlparser.log
Analyzing VHDL file C:/lscc/diamond/3.10_x64/ispfpga/vhdl_packages/standard.vhd (VHDL-1481)
INFO: C:/lscc/diamond/3.10_x64/ispfpga/vhdl_packages/standard.vhd(9): analyzing package standard (VHDL-1014)
Analyzing VHDL file C:/lscc/diamond/3.10_x64/ispfpga/vhdl_packages/std_1164.vhd (VHDL-1481)
INFO: C:/lscc/diamond/3.10_x64/ispfpga/vhdl_packages/std_1164.vhd(15): analyzing package std_logic_1164 (VHDL-1014)
INFO: C:/lscc/diamond/3.10_x64/ispfpga/vhdl_packages/std_1164.vhd(178): analyzing package body std_logic_1164 (VHDL-1013)
Analyzing VHDL file C:/lscc/diamond/3.10_x64/ispfpga/vhdl_packages/mgc_qsim.vhd (VHDL-1481)
INFO: C:/lscc/diamond/3.10_x64/ispfpga/vhdl_packages/mgc_qsim.vhd(18): analyzing package qsim_logic (VHDL-1014)
INFO: C:/lscc/diamond/3.10_x64/ispfpga/vhdl_packages/mgc_qsim.vhd(753): analyzing package body qsim_logic (VHDL-1013)
Analyzing VHDL file C:/lscc/diamond/3.10_x64/ispfpga/vhdl_packages/numeric_bit.vhd (VHDL-1481)
INFO: C:/lscc/diamond/3.10_x64/ispfpga/vhdl_packages/numeric_bit.vhd(54): analyzing package numeric_bit (VHDL-1014)
INFO: C:/lscc/diamond/3.10_x64/ispfpga/vhdl_packages/numeric_bit.vhd(834): analyzing package body numeric_bit (VHDL-1013)
Analyzing VHDL file C:/lscc/diamond/3.10_x64/ispfpga/vhdl_packages/numeric_std.vhd (VHDL-1481)
INFO: C:/lscc/diamond/3.10_x64/ispfpga/vhdl_packages/numeric_std.vhd(57): analyzing package numeric_std (VHDL-1014)
INFO: C:/lscc/diamond/3.10_x64/ispfpga/vhdl_packages/numeric_std.vhd(874): analyzing package body numeric_std (VHDL-1013)
Analyzing VHDL file C:/lscc/diamond/3.10_x64/ispfpga/vhdl_packages/textio.vhd (VHDL-1481)
INFO: C:/lscc/diamond/3.10_x64/ispfpga/vhdl_packages/textio.vhd(13): analyzing package textio (VHDL-1014)
INFO: C:/lscc/diamond/3.10_x64/ispfpga/vhdl_packages/textio.vhd(114): analyzing package body textio (VHDL-1013)
Analyzing VHDL file C:/lscc/diamond/3.10_x64/ispfpga/vhdl_packages/std_logic_textio.vhd (VHDL-1481)
INFO: C:/lscc/diamond/3.10_x64/ispfpga/vhdl_packages/std_logic_textio.vhd(26): analyzing package std_logic_textio (VHDL-1014)
INFO: C:/lscc/diamond/3.10_x64/ispfpga/vhdl_packages/std_logic_textio.vhd(72): analyzing package body std_logic_textio (VHDL-1013)
Analyzing VHDL file C:/lscc/diamond/3.10_x64/ispfpga/vhdl_packages/syn_attr.vhd (VHDL-1481)
INFO: C:/lscc/diamond/3.10_x64/ispfpga/vhdl_packages/syn_attr.vhd(39): analyzing package attributes (VHDL-1014)
Analyzing VHDL file C:/lscc/diamond/3.10_x64/ispfpga/vhdl_packages/syn_misc.vhd (VHDL-1481)
INFO: C:/lscc/diamond/3.10_x64/ispfpga/vhdl_packages/syn_misc.vhd(30): analyzing package std_logic_misc (VHDL-1014)
INFO: C:/lscc/diamond/3.10_x64/ispfpga/vhdl_packages/syn_misc.vhd(182): analyzing package body std_logic_misc (VHDL-1013)
INFO: ./.__tmp_vxr_0_(56): analyzing package math_real (VHDL-1014)
INFO: ./.__tmp_vxr_0_(685): analyzing package body math_real (VHDL-1013)
Analyzing VHDL file C:/lscc/diamond/3.10_x64/ispfpga/vhdl_packages/mixed_lang_vltype.vhd (VHDL-1481)
INFO: C:/lscc/diamond/3.10_x64/ispfpga/vhdl_packages/mixed_lang_vltype.vhd(9): analyzing package vl_types (VHDL-1014)
INFO: C:/lscc/diamond/3.10_x64/ispfpga/vhdl_packages/mixed_lang_vltype.vhd(88): analyzing package body vl_types (VHDL-1013)
Analyzing VHDL file C:/lscc/diamond/3.10_x64/ispfpga/vhdl_packages/syn_arit.vhd (VHDL-1481)
INFO: C:/lscc/diamond/3.10_x64/ispfpga/vhdl_packages/syn_arit.vhd(25): analyzing package std_logic_arith (VHDL-1014)
INFO: C:/lscc/diamond/3.10_x64/ispfpga/vhdl_packages/syn_arit.vhd(206): analyzing package body std_logic_arith (VHDL-1013)
Analyzing VHDL file C:/lscc/diamond/3.10_x64/ispfpga/vhdl_packages/syn_sign.vhd (VHDL-1481)
INFO: C:/lscc/diamond/3.10_x64/ispfpga/vhdl_packages/syn_sign.vhd(35): analyzing package std_logic_signed (VHDL-1014)
INFO: C:/lscc/diamond/3.10_x64/ispfpga/vhdl_packages/syn_sign.vhd(96): analyzing package body std_logic_signed (VHDL-1013)
Analyzing VHDL file C:/lscc/diamond/3.10_x64/ispfpga/vhdl_packages/syn_unsi.vhd (VHDL-1481)
INFO: C:/lscc/diamond/3.10_x64/ispfpga/vhdl_packages/syn_unsi.vhd(35): analyzing package std_logic_unsigned (VHDL-1014)
INFO: C:/lscc/diamond/3.10_x64/ispfpga/vhdl_packages/syn_unsi.vhd(94): analyzing package body std_logic_unsigned (VHDL-1013)
Analyzing VHDL file C:/lscc/diamond/3.10_x64/ispfpga/vhdl_packages/synattr.vhd (VHDL-1481)
INFO: C:/lscc/diamond/3.10_x64/ispfpga/vhdl_packages/synattr.vhd(50): analyzing package attributes (VHDL-1014)
Analyzing VHDL file C:/lscc/diamond/3.10_x64/cae_library/synthesis/vhdl/machxo2.vhd (VHDL-1481)
Analyzing VHDL file C:/Users/sandra/Desktop/barrelLR00/div00.vhd (VHDL-1481)
INFO: C:/Users/sandra/Desktop/barrelLR00/div00.vhd(8): analyzing entity div00 (VHDL-1012)
INFO: C:/Users/sandra/Desktop/barrelLR00/div00.vhd(15): analyzing architecture div0 (VHDL-1010)
Analyzing VHDL file C:/Users/sandra/Desktop/barrelLR00/osc00.vhd (VHDL-1481)
INFO: C:/Users/sandra/Desktop/barrelLR00/osc00.vhd(6): analyzing entity osc00 (VHDL-1012)
INFO: C:/Users/sandra/Desktop/barrelLR00/osc00.vhd(10): analyzing architecture osc0 (VHDL-1010)
Analyzing VHDL file C:/Users/sandra/Desktop/barrelLR00/packagediv00.vhd (VHDL-1481)
INFO: C:/Users/sandra/Desktop/barrelLR00/packagediv00.vhd(6): analyzing package packagediv00 (VHDL-1014)
Analyzing VHDL file C:/Users/sandra/Desktop/barrelLR00/packageshiftRL00.vhd (VHDL-1481)
INFO: C:/Users/sandra/Desktop/barrelLR00/packageshiftRL00.vhd(8): analyzing package packageshiftrl00 (VHDL-1014)
Analyzing VHDL file C:/Users/sandra/Desktop/barrelLR00/shiftRL00.vhd (VHDL-1481)
INFO: C:/Users/sandra/Desktop/barrelLR00/shiftRL00.vhd(8): analyzing entity shiftrl00 (VHDL-1012)
INFO: C:/Users/sandra/Desktop/barrelLR00/shiftRL00.vhd(17): analyzing architecture shiftrl0 (VHDL-1010)
Analyzing VHDL file C:/Users/sandra/Desktop/barrelLR00/topdiv00.vhd (VHDL-1481)
INFO: C:/Users/sandra/Desktop/barrelLR00/topdiv00.vhd(7): analyzing entity topdiv00 (VHDL-1012)
INFO: C:/Users/sandra/Desktop/barrelLR00/topdiv00.vhd(13): analyzing architecture topdiv0 (VHDL-1010)
Analyzing VHDL file C:/Users/sandra/Desktop/barrelLR00/topshiftRL00.vhd (VHDL-1481)
INFO: C:/Users/sandra/Desktop/barrelLR00/topshiftRL00.vhd(7): analyzing entity topshiftrl00 (VHDL-1012)
INFO: C:/Users/sandra/Desktop/barrelLR00/topshiftRL00.vhd(17): analyzing architecture topshiftrl0 (VHDL-1010)
