C:\lscc\diamond\3.11_x64\synpbase\bin64\c_hdl.exe  -osyn  C:\Users\ameri\Documentos\ESCOM\Arquitectura\Arquitectura-de-Computadoras-master\II\Practicas\lcd04\lcd4\synwork\lcd04_lcd4_comp.srs  -top  topram00  -hdllog  C:\Users\ameri\Documentos\ESCOM\Arquitectura\Arquitectura-de-Computadoras-master\II\Practicas\lcd04\lcd4\synlog\lcd04_lcd4_compiler.srr  -encrypt  -mp  4  -verification_mode 0  -vhdl  -prodtype  synplify_pro  -dspmac -fixsmult -infer_seqShift -nram -sdff_counter -divnmod -nostructver  -encrypt  -pro  -dmgen  C:\Users\ameri\Documentos\ESCOM\Arquitectura\Arquitectura-de-Computadoras-master\II\Practicas\lcd04\lcd4\dm  -lite -ui -fid2 -ram -sharing on -ll 2000 -autosm  -ignore_undefined_lib  -lib work C:\lscc\diamond\3.11_x64\cae_library\synthesis\vhdl\machxo2.vhd -lib work C:\Users\ameri\Documentos\ESCOM\Arquitectura\Arquitectura-de-Computadoras-master\II\Practicas\lcd04\div00.vhd -lib work C:\Users\ameri\Documentos\ESCOM\Arquitectura\Arquitectura-de-Computadoras-master\II\Practicas\lcd04\osc00.vhd -lib work C:\Users\ameri\Documentos\ESCOM\Arquitectura\Arquitectura-de-Computadoras-master\II\Practicas\lcd04\packageosc00.vhd -lib work C:\Users\ameri\Documentos\ESCOM\Arquitectura\Arquitectura-de-Computadoras-master\II\Practicas\lcd04\contring00.vhd -lib work C:\Users\ameri\Documentos\ESCOM\Arquitectura\Arquitectura-de-Computadoras-master\II\Practicas\lcd04\coderk00.vhd -lib work C:\Users\ameri\Documentos\ESCOM\Arquitectura\Arquitectura-de-Computadoras-master\II\Practicas\lcd04\packagekey00.vhd -lib work C:\Users\ameri\Documentos\ESCOM\Arquitectura\Arquitectura-de-Computadoras-master\II\Practicas\lcd04\lcdconfig00.vhd -lib work C:\Users\ameri\Documentos\ESCOM\Arquitectura\Arquitectura-de-Computadoras-master\II\Practicas\lcd04\lcdcontconfig0.vhd -lib work C:\Users\ameri\Documentos\ESCOM\Arquitectura\Arquitectura-de-Computadoras-master\II\Practicas\lcd04\lcdmux00.vhd -lib work C:\Users\ameri\Documentos\ESCOM\Arquitectura\Arquitectura-de-Computadoras-master\II\Practicas\lcd04\lcdContData00.vhd -lib work C:\Users\ameri\Documentos\ESCOM\Arquitectura\Arquitectura-de-Computadoras-master\II\Practicas\lcd04\lcdData00.vhd -lib work C:\Users\ameri\Documentos\ESCOM\Arquitectura\Arquitectura-de-Computadoras-master\II\Practicas\lcd04\packagelcd00.vhd -lib work C:\Users\ameri\Documentos\ESCOM\Arquitectura\Arquitectura-de-Computadoras-master\II\Practicas\lcd04\muxram00.vhd -lib work C:\Users\ameri\Documentos\ESCOM\Arquitectura\Arquitectura-de-Computadoras-master\II\Practicas\lcd04\ram00.vhd -lib work C:\Users\ameri\Documentos\ESCOM\Arquitectura\Arquitectura-de-Computadoras-master\II\Practicas\lcd04\contRead00.vhd -lib work C:\Users\ameri\Documentos\ESCOM\Arquitectura\Arquitectura-de-Computadoras-master\II\Practicas\lcd04\packageram00.vhd -lib work C:\Users\ameri\Documentos\ESCOM\Arquitectura\Arquitectura-de-Computadoras-master\II\Practicas\lcd04\toposc00.vhd -lib work C:\Users\ameri\Documentos\ESCOM\Arquitectura\Arquitectura-de-Computadoras-master\II\Practicas\lcd04\topkey00.vhd -lib work C:\Users\ameri\Documentos\ESCOM\Arquitectura\Arquitectura-de-Computadoras-master\II\Practicas\lcd04\toplcd00.vhd -lib work C:\Users\ameri\Documentos\ESCOM\Arquitectura\Arquitectura-de-Computadoras-master\II\Practicas\lcd04\topram00.vhd  -jobname  "compiler" 
relcom:..\..\..\..\..\..\..\..\..\..\..\lscc\diamond\3.11_x64\synpbase\bin64\c_hdl.exe -osyn ..\synwork\lcd04_lcd4_comp.srs -top topram00 -hdllog ..\synlog\lcd04_lcd4_compiler.srr -encrypt -mp 4 -verification_mode 0 -vhdl -prodtype synplify_pro -dspmac -fixsmult -infer_seqShift -nram -sdff_counter -divnmod -nostructver -encrypt -pro -dmgen ..\dm -lite -ui -fid2 -ram -sharing on -ll 2000 -autosm -ignore_undefined_lib -lib work ..\..\..\..\..\..\..\..\..\..\..\lscc\diamond\3.11_x64\cae_library\synthesis\vhdl\machxo2.vhd -lib work ..\..\div00.vhd -lib work ..\..\osc00.vhd -lib work ..\..\packageosc00.vhd -lib work ..\..\contring00.vhd -lib work ..\..\coderk00.vhd -lib work ..\..\packagekey00.vhd -lib work ..\..\lcdconfig00.vhd -lib work ..\..\lcdcontconfig0.vhd -lib work ..\..\lcdmux00.vhd -lib work ..\..\lcdContData00.vhd -lib work ..\..\lcdData00.vhd -lib work ..\..\packagelcd00.vhd -lib work ..\..\muxram00.vhd -lib work ..\..\ram00.vhd -lib work ..\..\contRead00.vhd -lib work ..\..\packageram00.vhd -lib work ..\..\toposc00.vhd -lib work ..\..\topkey00.vhd -lib work ..\..\toplcd00.vhd -lib work ..\..\topram00.vhd -jobname "compiler"
rc:0 success:1 runtime:2
file:..\synwork\lcd04_lcd4_comp.srs|io:o|time:1573573473|size:23883|exec:0|csum:
file:..\synlog\lcd04_lcd4_compiler.srr|io:o|time:1573573473|size:12249|exec:0|csum:
file:..\..\..\..\..\..\..\..\..\..\..\lscc\diamond\3.11_x64\cae_library\synthesis\vhdl\machxo2.vhd|io:i|time:1542263532|size:73964|exec:0|csum:CFF92E93E4FE354031DBB4E0E47DD4A6
file:..\..\div00.vhd|io:i|time:1564894834|size:2104|exec:0|csum:61D580838B583D5F2BB92BE5283BB88E
file:..\..\osc00.vhd|io:i|time:1564894834|size:534|exec:0|csum:17F26C4AC92F35DB9CC9DAD850E678EA
file:..\..\packageosc00.vhd|io:i|time:1564894834|size:364|exec:0|csum:25AA2CF7E3C5A6BB58655B33C080AB43
file:..\..\contring00.vhd|io:i|time:1564894834|size:687|exec:0|csum:434E063E6AC33B7F6AB7E8EAEF23440F
file:..\..\coderk00.vhd|io:i|time:1564894834|size:4118|exec:0|csum:CAE80B052522D9FA4E7B5E8F6FFFCE3B
file:..\..\packagekey00.vhd|io:i|time:1564894834|size:582|exec:0|csum:2B93DBC1AD203626372BCEDA445A666C
file:..\..\lcdconfig00.vhd|io:i|time:1564894834|size:3451|exec:0|csum:111BFAF3ABB5DE60607CE77B2BA9D6D7
file:..\..\lcdcontconfig0.vhd|io:i|time:1564894834|size:956|exec:0|csum:DA78961F8FC27CADF4CD6FCB86DB394A
file:..\..\lcdmux00.vhd|io:i|time:1564894834|size:1222|exec:0|csum:B79898F1BDBE067C1CA9CBBFCAC4A987
file:..\..\lcdContData00.vhd|io:i|time:1564894834|size:1369|exec:0|csum:65BC2AF3C9CBCC0ADAFE7BB9A58B9384
file:..\..\lcdData00.vhd|io:i|time:1564894834|size:1196|exec:0|csum:E2CA669D53F2DF3DD0F60EF168559B7A
file:..\..\packagelcd00.vhd|io:i|time:1564894834|size:1976|exec:0|csum:069E900689CCABF166BC8D631F6C0096
file:..\..\muxram00.vhd|io:i|time:1564894834|size:798|exec:0|csum:71747112BC873D9D7E1DE3DAA7DD45BC
file:..\..\ram00.vhd|io:i|time:1573491034|size:1009|exec:0|csum:BB230C4A99F54389DC14007D4793B90D
file:..\..\contRead00.vhd|io:i|time:1564894834|size:803|exec:0|csum:7550BCE8E79DE3F26159D434DA770949
file:..\..\packageram00.vhd|io:i|time:1564894834|size:1909|exec:0|csum:450E713267C0918E61685E51505F6CF1
file:..\..\toposc00.vhd|io:i|time:1564894834|size:476|exec:0|csum:A0E5E3EF40E2280B74B47B6962C18DBF
file:..\..\topkey00.vhd|io:i|time:1564894834|size:760|exec:0|csum:6EC80C9C9202E7F118305234BE0D0887
file:..\..\toplcd00.vhd|io:i|time:1564894834|size:2661|exec:0|csum:82DDFDA47F867FA914D014CE06FE5EDA
file:..\..\topram00.vhd|io:i|time:1564894834|size:2365|exec:0|csum:3592A7749DCC6B89557B0F57D5956FD6
file:..\..\..\..\..\..\..\..\..\..\..\lscc\diamond\3.11_x64\synpbase\bin64\c_hdl.exe|io:i|time:1554128294|size:5681664|exec:1|csum:39598EA786684F7CB53832C08B4CCDF5
