Running in Lattice mode

Starting:    C:\lscc\diamond\3.10_x64\synpbase\bin64\mbin\synbatch.exe
Install:     C:\lscc\diamond\3.10_x64\synpbase
Hostname:    LAPTOP-9QN1JB0J
Date:        Tue Mar  5 09:08:38 2019
Version:     M-2017.03L-SP1-1

Arguments:   -product synplify_pro -batch key00_key0_synplify.tcl
ProductType: synplify_pro




log file: "C:\Users\elite\OneDrive\Escritorio\key00\key0\key00_key0.srr"
Running: hdl_info_gen in foreground

Generating HDL info...

hdl_info_gen completed
# Tue Mar  5 09:08:39 2019

Return Code: 0
Run Time:00h:00m:01s
Copied C:\Users\elite\OneDrive\Escritorio\key00\key0\key00_key0.srr to C:\Users\elite\OneDrive\Escritorio\key00\key0\key00_key0.srf
log file: "C:\Users\elite\OneDrive\Escritorio\key00\key0\key00_key0.srr"
Running: key0 in foreground

Running proj_1|key0

Running: compile (Compile) on proj_1|key0
# Tue Mar  5 09:08:39 2019

Running: compile_flow (Compile Process) on proj_1|key0
# Tue Mar  5 09:08:39 2019

Running: compiler (Compile Input) on proj_1|key0
# Tue Mar  5 09:08:39 2019
Copied C:\Users\elite\OneDrive\Escritorio\key00\key0\synwork\key00_key0_comp.srs to C:\Users\elite\OneDrive\Escritorio\key00\key0\key00_key0.srs

compiler completed
# Tue Mar  5 09:08:42 2019

Return Code: 0
Run Time:00h:00m:03s

Running: multi_srs_gen (Multi-srs Generator) on proj_1|key0
# Tue Mar  5 09:08:42 2019

multi_srs_gen completed
# Tue Mar  5 09:08:43 2019

Return Code: 0
Run Time:00h:00m:01s
Copied C:\Users\elite\OneDrive\Escritorio\key00\key0\synwork\key00_key0_mult.srs to C:\Users\elite\OneDrive\Escritorio\key00\key0\key00_key0.srs
Copied C:\Users\elite\OneDrive\Escritorio\key00\key0\key00_key0.srr to C:\Users\elite\OneDrive\Escritorio\key00\key0\key00_key0.srf
Complete: Compile Process on proj_1|key0

Running: premap (Pre-mapping) on proj_1|key0
# Tue Mar  5 09:08:43 2019

premap completed with warnings
# Tue Mar  5 09:08:45 2019

Return Code: 1
Run Time:00h:00m:02s
Complete: Compile on proj_1|key0

Running: map (Map) on proj_1|key0
# Tue Mar  5 09:08:45 2019
License granted for 4 parallel jobs

Running: fpga_mapper (Map & Optimize) on proj_1|key0
# Tue Mar  5 09:08:45 2019
Copied C:\Users\elite\OneDrive\Escritorio\key00\key0\synwork\key00_key0_m.srm to C:\Users\elite\OneDrive\Escritorio\key00\key0\key00_key0.srm

fpga_mapper completed with warnings
# Tue Mar  5 09:08:48 2019

Return Code: 1
Run Time:00h:00m:03s
Complete: Map on proj_1|key0
Copied C:\Users\elite\OneDrive\Escritorio\key00\key0\key00_key0.srr to C:\Users\elite\OneDrive\Escritorio\key00\key0\key00_key0.srf
Complete: Logic Synthesis on proj_1|key0
TCL script complete: "key00_key0_synplify.tcl"
exit status=0
exit status=0
Save changes for project:
C:\Users\elite\OneDrive\Escritorio\key00\key0\proj_1.prj
batch mode default:no
