
map -a "MachXO2" -p LCMXO2-7000HE -t TQFP144 -s 5 -oc Commercial   "bcd01_bcd1.ngd" -o "bcd01_bcd1_map.ncd" -pr "bcd01_bcd1.prf" -mp "bcd01_bcd1.mrp" -lpf "C:/Users/ameri/Documentos/ESCOM/Arquitectura/Arquitectura-de-Computadoras-master/II/Practicas/bcd01/bcd1/bcd01_bcd1_synplify.lpf" -lpf "C:/Users/ameri/Documentos/ESCOM/Arquitectura/Arquitectura-de-Computadoras-master/II/Practicas/bcd01/bcd01.lpf" -c 0           
map:  version Diamond (64-bit) 3.11.0.396.4

Copyright (c) 1991-1994 by NeoCAD Inc. All rights reserved.
Copyright (c) 1995 AT&T Corp.   All rights reserved.
Copyright (c) 1995-2001 Lucent Technologies Inc.  All rights reserved.
Copyright (c) 2001 Agere Systems   All rights reserved.
Copyright (c) 2002-2019 Lattice Semiconductor Corporation,  All rights reserved.
   Process the file: bcd01_bcd1.ngd
   Picdevice="LCMXO2-7000HE"

   Pictype="TQFP144"

   Picspeed=5

   Remove unused logic

   Do not produce over sized NCDs.

Part used: LCMXO2-7000HETQFP144, Performance used: 5.

    <postMsg mid="1100679" type="Warning" dynamic="2" navigation="2" arg0="C:/Users/ameri/Documentos/ESCOM/Arquitectura/Arquitectura-de-Computadoras-master/II/Practicas/bcd01/bcd01.lpf(46): Semantic error in &quot;LOCATE COMP &quot;outAC80[7]&quot; SITE &quot;59&quot; ;&quot;: " arg1="outAC80[7]" arg2="C:/Users/ameri/Documentos/ESCOM/Arquitectura/Arquitectura-de-Computadoras-master/II/Practicas/bcd01/bcd01.lpf" arg3="46"  />
    <postMsg mid="1100679" type="Warning" dynamic="2" navigation="2" arg0="C:/Users/ameri/Documentos/ESCOM/Arquitectura/Arquitectura-de-Computadoras-master/II/Practicas/bcd01/bcd01.lpf(47): Semantic error in &quot;LOCATE COMP &quot;outAC80[6]&quot; SITE &quot;57&quot; ;&quot;: " arg1="outAC80[6]" arg2="C:/Users/ameri/Documentos/ESCOM/Arquitectura/Arquitectura-de-Computadoras-master/II/Practicas/bcd01/bcd01.lpf" arg3="47"  />
    <postMsg mid="1100679" type="Warning" dynamic="2" navigation="2" arg0="C:/Users/ameri/Documentos/ESCOM/Arquitectura/Arquitectura-de-Computadoras-master/II/Practicas/bcd01/bcd01.lpf(48): Semantic error in &quot;LOCATE COMP &quot;outAC80[5]&quot; SITE &quot;56&quot; ;&quot;: " arg1="outAC80[5]" arg2="C:/Users/ameri/Documentos/ESCOM/Arquitectura/Arquitectura-de-Computadoras-master/II/Practicas/bcd01/bcd01.lpf" arg3="48"  />
    <postMsg mid="1100679" type="Warning" dynamic="2" navigation="2" arg0="C:/Users/ameri/Documentos/ESCOM/Arquitectura/Arquitectura-de-Computadoras-master/II/Practicas/bcd01/bcd01.lpf(49): Semantic error in &quot;LOCATE COMP &quot;outAC80[4]&quot; SITE &quot;54&quot; ;&quot;: " arg1="outAC80[4]" arg2="C:/Users/ameri/Documentos/ESCOM/Arquitectura/Arquitectura-de-Computadoras-master/II/Practicas/bcd01/bcd01.lpf" arg3="49"  />
    <postMsg mid="1100679" type="Warning" dynamic="2" navigation="2" arg0="C:/Users/ameri/Documentos/ESCOM/Arquitectura/Arquitectura-de-Computadoras-master/II/Practicas/bcd01/bcd01.lpf(50): Semantic error in &quot;LOCATE COMP &quot;outAC80[3]&quot; SITE &quot;55&quot; ;&quot;: " arg1="outAC80[3]" arg2="C:/Users/ameri/Documentos/ESCOM/Arquitectura/Arquitectura-de-Computadoras-master/II/Practicas/bcd01/bcd01.lpf" arg3="50"  />
    <postMsg mid="1100679" type="Warning" dynamic="2" navigation="2" arg0="C:/Users/ameri/Documentos/ESCOM/Arquitectura/Arquitectura-de-Computadoras-master/II/Practicas/bcd01/bcd01.lpf(51): Semantic error in &quot;LOCATE COMP &quot;outAC80[2]&quot; SITE &quot;52&quot; ;&quot;: " arg1="outAC80[2]" arg2="C:/Users/ameri/Documentos/ESCOM/Arquitectura/Arquitectura-de-Computadoras-master/II/Practicas/bcd01/bcd01.lpf" arg3="51"  />
    <postMsg mid="1100679" type="Warning" dynamic="2" navigation="2" arg0="C:/Users/ameri/Documentos/ESCOM/Arquitectura/Arquitectura-de-Computadoras-master/II/Practicas/bcd01/bcd01.lpf(52): Semantic error in &quot;LOCATE COMP &quot;outAC80[1]&quot; SITE &quot;50&quot; ;&quot;: " arg1="outAC80[1]" arg2="C:/Users/ameri/Documentos/ESCOM/Arquitectura/Arquitectura-de-Computadoras-master/II/Practicas/bcd01/bcd01.lpf" arg3="52"  />
    <postMsg mid="1100679" type="Warning" dynamic="2" navigation="2" arg0="C:/Users/ameri/Documentos/ESCOM/Arquitectura/Arquitectura-de-Computadoras-master/II/Practicas/bcd01/bcd01.lpf(53): Semantic error in &quot;LOCATE COMP &quot;outAC80[0]&quot; SITE &quot;48&quot; ;&quot;: " arg1="outAC80[0]" arg2="C:/Users/ameri/Documentos/ESCOM/Arquitectura/Arquitectura-de-Computadoras-master/II/Practicas/bcd01/bcd01.lpf" arg3="53"  />
    <postMsg mid="1100679" type="Warning" dynamic="2" navigation="2" arg0="C:/Users/ameri/Documentos/ESCOM/Arquitectura/Arquitectura-de-Computadoras-master/II/Practicas/bcd01/bcd01.lpf(55): Semantic error in &quot;LOCATE COMP &quot;outcontIter0[3]&quot; SITE &quot;99&quot; ;&quot;: " arg1="outcontIter0[3]" arg2="C:/Users/ameri/Documentos/ESCOM/Arquitectura/Arquitectura-de-Computadoras-master/II/Practicas/bcd01/bcd01.lpf" arg3="55"  />
    <postMsg mid="1100679" type="Warning" dynamic="2" navigation="2" arg0="C:/Users/ameri/Documentos/ESCOM/Arquitectura/Arquitectura-de-Computadoras-master/II/Practicas/bcd01/bcd01.lpf(56): Semantic error in &quot;LOCATE COMP &quot;outcontIter0[2]&quot; SITE &quot;100&quot; ;&quot;: " arg1="outcontIter0[2]" arg2="C:/Users/ameri/Documentos/ESCOM/Arquitectura/Arquitectura-de-Computadoras-master/II/Practicas/bcd01/bcd01.lpf" arg3="56"  />
    <postMsg mid="1100679" type="Warning" dynamic="2" navigation="2" arg0="C:/Users/ameri/Documentos/ESCOM/Arquitectura/Arquitectura-de-Computadoras-master/II/Practicas/bcd01/bcd01.lpf(57): Semantic error in &quot;LOCATE COMP &quot;outcontIter0[1]&quot; SITE &quot;104&quot; ;&quot;: " arg1="outcontIter0[1]" arg2="C:/Users/ameri/Documentos/ESCOM/Arquitectura/Arquitectura-de-Computadoras-master/II/Practicas/bcd01/bcd01.lpf" arg3="57"  />
    <postMsg mid="1100679" type="Warning" dynamic="2" navigation="2" arg0="C:/Users/ameri/Documentos/ESCOM/Arquitectura/Arquitectura-de-Computadoras-master/II/Practicas/bcd01/bcd01.lpf(58): Semantic error in &quot;LOCATE COMP &quot;outcontIter0[0]&quot; SITE &quot;105&quot; ;&quot;: " arg1="outcontIter0[0]" arg2="C:/Users/ameri/Documentos/ESCOM/Arquitectura/Arquitectura-de-Computadoras-master/II/Practicas/bcd01/bcd01.lpf" arg3="58"  />
    <postMsg mid="1100679" type="Warning" dynamic="2" navigation="2" arg0="C:/Users/ameri/Documentos/ESCOM/Arquitectura/Arquitectura-de-Computadoras-master/II/Practicas/bcd01/bcd01.lpf(65): Semantic error in &quot;LOCATE COMP &quot;outAC120[11]&quot; SITE &quot;113&quot; ;&quot;: " arg1="outAC120[11]" arg2="C:/Users/ameri/Documentos/ESCOM/Arquitectura/Arquitectura-de-Computadoras-master/II/Practicas/bcd01/bcd01.lpf" arg3="65"  />
    <postMsg mid="1100679" type="Warning" dynamic="2" navigation="2" arg0="C:/Users/ameri/Documentos/ESCOM/Arquitectura/Arquitectura-de-Computadoras-master/II/Practicas/bcd01/bcd01.lpf(66): Semantic error in &quot;LOCATE COMP &quot;outAC120[10]&quot; SITE &quot;117&quot; ;&quot;: " arg1="outAC120[10]" arg2="C:/Users/ameri/Documentos/ESCOM/Arquitectura/Arquitectura-de-Computadoras-master/II/Practicas/bcd01/bcd01.lpf" arg3="66"  />
    <postMsg mid="1100679" type="Warning" dynamic="2" navigation="2" arg0="C:/Users/ameri/Documentos/ESCOM/Arquitectura/Arquitectura-de-Computadoras-master/II/Practicas/bcd01/bcd01.lpf(67): Semantic error in &quot;LOCATE COMP &quot;outAC120[9]&quot; SITE &quot;115&quot; ;&quot;: " arg1="outAC120[9]" arg2="C:/Users/ameri/Documentos/ESCOM/Arquitectura/Arquitectura-de-Computadoras-master/II/Practicas/bcd01/bcd01.lpf" arg3="67"  />
    <postMsg mid="1100679" type="Warning" dynamic="2" navigation="2" arg0="C:/Users/ameri/Documentos/ESCOM/Arquitectura/Arquitectura-de-Computadoras-master/II/Practicas/bcd01/bcd01.lpf(68): Semantic error in &quot;LOCATE COMP &quot;outAC120[8]&quot; SITE &quot;120&quot; ;&quot;: " arg1="outAC120[8]" arg2="C:/Users/ameri/Documentos/ESCOM/Arquitectura/Arquitectura-de-Computadoras-master/II/Practicas/bcd01/bcd01.lpf" arg3="68"  />
    <postMsg mid="1100679" type="Warning" dynamic="2" navigation="2" arg0="C:/Users/ameri/Documentos/ESCOM/Arquitectura/Arquitectura-de-Computadoras-master/II/Practicas/bcd01/bcd01.lpf(69): Semantic error in &quot;LOCATE COMP &quot;outAC120[7]&quot; SITE &quot;119&quot; ;&quot;: " arg1="outAC120[7]" arg2="C:/Users/ameri/Documentos/ESCOM/Arquitectura/Arquitectura-de-Computadoras-master/II/Practicas/bcd01/bcd01.lpf" arg3="69"  />
    <postMsg mid="1100679" type="Warning" dynamic="2" navigation="2" arg0="C:/Users/ameri/Documentos/ESCOM/Arquitectura/Arquitectura-de-Computadoras-master/II/Practicas/bcd01/bcd01.lpf(70): Semantic error in &quot;LOCATE COMP &quot;outAC120[6]&quot; SITE &quot;122&quot; ;&quot;: " arg1="outAC120[6]" arg2="C:/Users/ameri/Documentos/ESCOM/Arquitectura/Arquitectura-de-Computadoras-master/II/Practicas/bcd01/bcd01.lpf" arg3="70"  />
    <postMsg mid="1100679" type="Warning" dynamic="2" navigation="2" arg0="C:/Users/ameri/Documentos/ESCOM/Arquitectura/Arquitectura-de-Computadoras-master/II/Practicas/bcd01/bcd01.lpf(71): Semantic error in &quot;LOCATE COMP &quot;outAC120[5]&quot; SITE &quot;121&quot; ;&quot;: " arg1="outAC120[5]" arg2="C:/Users/ameri/Documentos/ESCOM/Arquitectura/Arquitectura-de-Computadoras-master/II/Practicas/bcd01/bcd01.lpf" arg3="71"  />
    <postMsg mid="1100679" type="Warning" dynamic="2" navigation="2" arg0="C:/Users/ameri/Documentos/ESCOM/Arquitectura/Arquitectura-de-Computadoras-master/II/Practicas/bcd01/bcd01.lpf(72): Semantic error in &quot;LOCATE COMP &quot;outAC120[4]&quot; SITE &quot;126&quot; ;&quot;: " arg1="outAC120[4]" arg2="C:/Users/ameri/Documentos/ESCOM/Arquitectura/Arquitectura-de-Computadoras-master/II/Practicas/bcd01/bcd01.lpf" arg3="72"  />
    <postMsg mid="1100679" type="Warning" dynamic="2" navigation="2" arg0="C:/Users/ameri/Documentos/ESCOM/Arquitectura/Arquitectura-de-Computadoras-master/II/Practicas/bcd01/bcd01.lpf(73): Semantic error in &quot;LOCATE COMP &quot;outAC120[3]&quot; SITE &quot;125&quot; ;&quot;: " arg1="outAC120[3]" arg2="C:/Users/ameri/Documentos/ESCOM/Arquitectura/Arquitectura-de-Computadoras-master/II/Practicas/bcd01/bcd01.lpf" arg3="73"  />
    <postMsg mid="1100679" type="Warning" dynamic="2" navigation="2" arg0="C:/Users/ameri/Documentos/ESCOM/Arquitectura/Arquitectura-de-Computadoras-master/II/Practicas/bcd01/bcd01.lpf(74): Semantic error in &quot;LOCATE COMP &quot;outAC120[2]&quot; SITE &quot;128&quot; ;&quot;: " arg1="outAC120[2]" arg2="C:/Users/ameri/Documentos/ESCOM/Arquitectura/Arquitectura-de-Computadoras-master/II/Practicas/bcd01/bcd01.lpf" arg3="74"  />
    <postMsg mid="1100679" type="Warning" dynamic="2" navigation="2" arg0="C:/Users/ameri/Documentos/ESCOM/Arquitectura/Arquitectura-de-Computadoras-master/II/Practicas/bcd01/bcd01.lpf(75): Semantic error in &quot;LOCATE COMP &quot;outAC120[1]&quot; SITE &quot;127&quot; ;&quot;: " arg1="outAC120[1]" arg2="C:/Users/ameri/Documentos/ESCOM/Arquitectura/Arquitectura-de-Computadoras-master/II/Practicas/bcd01/bcd01.lpf" arg3="75"  />
    <postMsg mid="1100679" type="Warning" dynamic="2" navigation="2" arg0="C:/Users/ameri/Documentos/ESCOM/Arquitectura/Arquitectura-de-Computadoras-master/II/Practicas/bcd01/bcd01.lpf(76): Semantic error in &quot;LOCATE COMP &quot;outAC120[0]&quot; SITE &quot;139&quot; ;&quot;: " arg1="outAC120[0]" arg2="C:/Users/ameri/Documentos/ESCOM/Arquitectura/Arquitectura-de-Computadoras-master/II/Practicas/bcd01/bcd01.lpf" arg3="76"  />
    <postMsg mid="1100679" type="Warning" dynamic="2" navigation="2" arg0="C:/Users/ameri/Documentos/ESCOM/Arquitectura/Arquitectura-de-Computadoras-master/II/Practicas/bcd01/bcd01.lpf(84): Semantic error in &quot;LOCATE COMP &quot;outFlagAC120&quot; SITE &quot;98&quot; ;&quot;: " arg1="outFlagAC120" arg2="C:/Users/ameri/Documentos/ESCOM/Arquitectura/Arquitectura-de-Computadoras-master/II/Practicas/bcd01/bcd01.lpf" arg3="84"  />
Loading device for application map from file 'xo2c7000.nph' in environment: C:/lscc/diamond/3.11_x64/ispfpga.
Package Status:                     Final          Version 1.39.

Running general design DRC...

Removing unused logic...

Optimizing...




Design Summary:
   Number of registers:    200 out of  7209 (3%)
      PFU registers:          189 out of  6864 (3%)
      PIO registers:           11 out of   345 (3%)
   Number of SLICEs:       190 out of  3432 (6%)
      SLICEs as Logic/ROM:    190 out of  3432 (6%)
      SLICEs as RAM:            0 out of  2574 (0%)
      SLICEs as Carry:         23 out of  3432 (1%)
   Number of LUT4s:        356 out of  6864 (5%)
      Number used as logic LUTs:        310
      Number used as distributed RAM:     0
      Number used as ripple logic:       46
      Number used as shift registers:     0
   Number of PIO sites used: 49 + 4(JTAG) out of 115 (46%)
   Number of block RAMs:  0 out of 26 (0%)
   Number of GSRs:        0 out of 1 (0%)
   EFB used :        No
   JTAG used :       No
   Readback used :   No
   Oscillator used : Yes
   Startup used :    No
   POR :             On
   Bandgap :         On
   Number of Power Controller:  0 out of 1 (0%)
   Number of Dynamic Bank Controller (BCINRD):  0 out of 6 (0%)
   Number of Dynamic Bank Controller (BCLVDSO):  0 out of 1 (0%)
   Number of DCCA:  0 out of 8 (0%)
   Number of DCMA:  0 out of 2 (0%)
   Number of PLLs:  0 out of 2 (0%)
   Number of DQSDLLs:  0 out of 2 (0%)
   Number of CLKDIVC:  0 out of 4 (0%)
   Number of ECLKSYNCA:  0 out of 4 (0%)
   Number of ECLKBRIDGECS:  0 out of 2 (0%)
   Notes:-
      1. Total number of LUT4s = (Number of logic LUT4s) + 2*(Number of distributed RAMs) + 2*(Number of ripple logic)
      2. Number of logic LUT4s does not include count of distributed RAM and ripple logic.
   Number of clocks:  3
     Net clk00_c: 98 loads, 98 rising, 0 falling (Driver: BD00/D01/oscout )
     Net clk001_c: 5 loads, 5 rising, 0 falling (Driver: BD00/D02/outdiv1 )
     Net BD00/sclk: 25 loads, 25 rising, 0 falling (Driver: BD00/D00/OSCinst0 )
   Number of Clock Enables:  12
     Net outDataLD_1ce[0]: 8 loads, 0 LSLICEs
     Net outFlagPC0_c: 2 loads, 2 LSLICEs
     Net BD08/aux_0_sqmuxa: 6 loads, 6 LSLICEs
     Net BD07/aux_0_sqmuxa: 4 loads, 4 LSLICEs
     Net BD06/outACs12_1ce[10]: 6 loads, 6 LSLICEs
     Net BD05/outACs8_1ce[1]: 4 loads, 4 LSLICEs
     Net BD04/outAC12ca_0_sqmuxa: 6 loads, 6 LSLICEs
     Net BD04/outAC12ca_1ce[0]: 6 loads, 6 LSLICEs
     Net BD04/aux_0_sqmuxa_i_0: 1 loads, 1 LSLICEs
     Net BD03/aux_0_sqmuxa: 6 loads, 6 LSLICEs
     Net BD03/outAC12su_1ce[0]: 6 loads, 6 LSLICEs
     Net BD01/aux1_RNO_0: 1 loads, 1 LSLICEs
   Number of LSRs:  17
     Net BD14/sintRing[3]: 1 loads, 1 LSLICEs
     Net outCode0_c[0]: 4 loads, 4 LSLICEs
     Net outCode0_c[1]: 4 loads, 4 LSLICEs
     Net outCode0_c[2]: 4 loads, 4 LSLICEs
     Net outFlagMP0_c: 4 loads, 4 LSLICEs
     Net BD11/outpc12: 3 loads, 3 LSLICEs
     Net enable0_c: 2 loads, 2 LSLICEs
     Net reset0_c: 4 loads, 4 LSLICEs
     Net BD08.aux: 1 loads, 1 LSLICEs
     Net BD07.aux: 1 loads, 1 LSLICEs
     Net BD04/aux: 1 loads, 1 LSLICEs
     Net BD03/un1_opcodesu_i_o3: 1 loads, 1 LSLICEs
     Net BD01/aux0_0_sqmuxa: 1 loads, 1 LSLICEs
     Net BD01/fb: 1 loads, 1 LSLICEs
     Net BD01/aux0_0_sqmuxa_0_a2: 1 loads, 1 LSLICEs
     Net BD00/D02/un1_outdiv150_RNIRQAQ: 11 loads, 11 LSLICEs
     Net BD00/D01/un1_sdiv77_7_i_a7_RNIHMA51: 12 loads, 12 LSLICEs
   Number of nets driven by tri-state buffers:  0
   Top 10 highest fanout non-clock nets:
     Net outFlagMP0_c: 28 loads
     Net outCode0_c[1]: 24 loads
     Net outCode0_c[2]: 24 loads
     Net outCode0_c[0]: 23 loads
     Net BD03.outAC12su_cl[11]: 13 loads
     Net BD04.outAC12ca_cl[11]: 13 loads
     Net BD00/D01/un1_sdiv77_7_i_a7_RNIHMA51: 12 loads
     Net BD06/outACs12_cl[11]: 12 loads
     Net cdiv00_c[0]: 12 loads
     Net reset0_c: 12 loads
 

   Number of warnings:  25
   Number of errors:    0



Total CPU Time: 1 secs  
Total REAL Time: 2 secs  
Peak Memory Usage: 61 MB

Dumping design to file bcd01_bcd1_map.ncd.

mpartrce -p "bcd01_bcd1.p2t" -f "bcd01_bcd1.p3t" -tf "bcd01_bcd1.pt" "bcd01_bcd1_map.ncd" "bcd01_bcd1.ncd"

---- MParTrce Tool ----
Removing old design directory at request of -rem command line option to this program.
Running par. Please wait . . .

Lattice Place and Route Report for Design "bcd01_bcd1_map.ncd"
Thu Nov 14 11:04:14 2019

PAR: Place And Route Diamond (64-bit) 3.11.0.396.4.
Command Line: par -w -l 5 -i 6 -t 1 -c 0 -e 0 -gui -msgset C:/Users/ameri/Documentos/ESCOM/Arquitectura/Arquitectura-de-Computadoras-master/II/Practicas/bcd01/promote.xml -exp parUseNBR=1:parCDP=0:parCDR=0:parPathBased=OFF bcd01_bcd1_map.ncd bcd01_bcd1.dir/5_1.ncd bcd01_bcd1.prf
Preference file: bcd01_bcd1.prf.
Placement level-cost: 5-1.
Routing Iterations: 6

Loading design for application par from file bcd01_bcd1_map.ncd.
Design name: topbcd00
NCD version: 3.3
Vendor:      LATTICE
Device:      LCMXO2-7000HE
Package:     TQFP144
Performance: 5
Loading device for application par from file 'xo2c7000.nph' in environment: C:/lscc/diamond/3.11_x64/ispfpga.
Package Status:                     Final          Version 1.39.
Performance Hardware Data Status:   Final          Version 34.4.
License checked out.


Ignore Preference Error(s):  True
Device utilization summary:

   PIO (prelim)   49+4(JTAG)/336     16% used
                  49+4(JTAG)/115     46% bonded
   IOLOGIC           11/336           3% used

   SLICE            190/3432          5% used

   OSC                1/1           100% used


Number of Signals: 597
Number of Connections: 1592

Pin Constraint Summary:
   49 out of 49 pins locked (100% locked).

The following 2 signals are selected to use the primary clock routing resources:
    clk00_c (driver: BD00/D01/SLICE_77, clk load #: 98)
    BD00/sclk (driver: BD00/D00/OSCinst0, clk load #: 25)


The following 3 signals are selected to use the secondary clock routing resources:
    BD00/D01/un1_sdiv77_7_i_a7_RNIHMA51 (driver: BD00/D01/SLICE_123, clk load #: 0, sr load #: 12, ce load #: 0)
    BD00/D02/un1_outdiv150_RNIRQAQ (driver: BD00/D02/SLICE_169, clk load #: 0, sr load #: 11, ce load #: 0)
    clk001_c (driver: BD00/D02/SLICE_76, clk load #: 5, sr load #: 0, ce load #: 0)

No signal is selected as Global Set/Reset.
Starting Placer Phase 0.
............
Finished Placer Phase 0.  REAL time: 3 secs 

Starting Placer Phase 1.
....................
Placer score = 114382.
Finished Placer Phase 1.  REAL time: 10 secs 

Starting Placer Phase 2.
.
Placer score =  114180
Finished Placer Phase 2.  REAL time: 10 secs 


------------------ Clock Report ------------------

Global Clock Resources:
  CLK_PIN    : 0 out of 8 (0%)
  PLL        : 0 out of 2 (0%)
  DCM        : 0 out of 2 (0%)
  DCC        : 0 out of 8 (0%)

Global Clocks:
  PRIMARY "clk00_c" from Q0 on comp "BD00/D01/SLICE_77" on site "R2C19D", clk load = 98
  PRIMARY "BD00/sclk" from OSC on comp "BD00/D00/OSCinst0" on site "OSC", clk load = 25
  SECONDARY "BD00/D01/un1_sdiv77_7_i_a7_RNIHMA51" from F0 on comp "BD00/D01/SLICE_123" on site "R14C18C", clk load = 0, ce load = 0, sr load = 12
  SECONDARY "BD00/D02/un1_outdiv150_RNIRQAQ" from F0 on comp "BD00/D02/SLICE_169" on site "R21C18A", clk load = 0, ce load = 0, sr load = 11
  SECONDARY "clk001_c" from Q0 on comp "BD00/D02/SLICE_76" on site "R21C18D", clk load = 5, ce load = 0, sr load = 0

  PRIMARY  : 2 out of 8 (25%)
  SECONDARY: 3 out of 8 (37%)

Edge Clocks:
  No edge clock selected.

--------------- End of Clock Report ---------------


I/O Usage Summary (final):
   49 + 4(JTAG) out of 336 (15.8%) PIO sites used.
   49 + 4(JTAG) out of 115 (46.1%) bonded PIO sites used.
   Number of PIO comps: 49; differential: 0.
   Number of Vref pins used: 0.

I/O Bank Usage Summary:
+----------+----------------+------------+-----------+
| I/O Bank | Usage          | Bank Vccio | Bank Vref |
+----------+----------------+------------+-----------+
| 0        | 2 / 28 (  7%)  | 2.5V       | -         |
| 1        | 19 / 29 ( 65%) | 2.5V       | -         |
| 2        | 10 / 29 ( 34%) | 2.5V       | -         |
| 3        | 5 / 9 ( 55%)   | 2.5V       | -         |
| 4        | 6 / 10 ( 60%)  | 2.5V       | -         |
| 5        | 7 / 10 ( 70%)  | 2.5V       | -         |
+----------+----------------+------------+-----------+

Total placer CPU time: 8 secs 

Dumping design to file bcd01_bcd1.dir/5_1.ncd.

0 connections routed; 1592 unrouted.
Starting router resource preassignment

Completed router resource preassignment. Real time: 16 secs 

Start NBR router at 11:04:30 11/14/19

*****************************************************************
Info: NBR allows conflicts(one node used by more than one signal)
      in the earlier iterations. In each iteration, it tries to  
      solve the conflicts while keeping the critical connections 
      routed as short as possible. The routing process is said to
      be completed when no conflicts exist and all connections   
      are routed.                                                
Note: NBR uses a different method to calculate timing slacks. The
      worst slack and total negative slack may not be the same as
      that in TRCE report. You should always run TRCE to verify  
      your design.                                               
*****************************************************************

Start NBR special constraint process at 11:04:30 11/14/19

Start NBR section for initial routing at 11:04:30 11/14/19
Level 4, iteration 1
69(0.02%) conflicts; 0(0.00%) untouched conn; 0 (nbr) score; 
Estimated worst slack/total negative slack<setup>: 466.687ns/0.000ns; real time: 17 secs 

Info: Initial congestion level at 75% usage is 0
Info: Initial congestion area  at 75% usage is 0 (0.00%)

Start NBR section for normal routing at 11:04:31 11/14/19
Level 4, iteration 1
40(0.01%) conflicts; 0(0.00%) untouched conn; 0 (nbr) score; 
Estimated worst slack/total negative slack<setup>: 466.687ns/0.000ns; real time: 17 secs 
Level 4, iteration 2
18(0.00%) conflicts; 0(0.00%) untouched conn; 0 (nbr) score; 
Estimated worst slack/total negative slack<setup>: 466.687ns/0.000ns; real time: 17 secs 
Level 4, iteration 3
8(0.00%) conflicts; 0(0.00%) untouched conn; 0 (nbr) score; 
Estimated worst slack/total negative slack<setup>: 466.687ns/0.000ns; real time: 17 secs 
Level 4, iteration 4
3(0.00%) conflicts; 0(0.00%) untouched conn; 0 (nbr) score; 
Estimated worst slack/total negative slack<setup>: 466.687ns/0.000ns; real time: 17 secs 
Level 4, iteration 5
1(0.00%) conflict; 0(0.00%) untouched conn; 0 (nbr) score; 
Estimated worst slack/total negative slack<setup>: 466.687ns/0.000ns; real time: 17 secs 
Level 4, iteration 6
1(0.00%) conflict; 0(0.00%) untouched conn; 0 (nbr) score; 
Estimated worst slack/total negative slack<setup>: 466.687ns/0.000ns; real time: 17 secs 
Level 4, iteration 7
1(0.00%) conflict; 0(0.00%) untouched conn; 0 (nbr) score; 
Estimated worst slack/total negative slack<setup>: 466.687ns/0.000ns; real time: 18 secs 
Level 4, iteration 8
1(0.00%) conflict; 0(0.00%) untouched conn; 0 (nbr) score; 
Estimated worst slack/total negative slack<setup>: 466.687ns/0.000ns; real time: 18 secs 
Level 4, iteration 9
0(0.00%) conflict; 0(0.00%) untouched conn; 0 (nbr) score; 
Estimated worst slack/total negative slack<setup>: 466.687ns/0.000ns; real time: 18 secs 

Start NBR section for setup/hold timing optimization with effort level 3 at 11:04:32 11/14/19

Start NBR section for re-routing at 11:04:32 11/14/19
Level 4, iteration 1
0(0.00%) conflict; 0(0.00%) untouched conn; 0 (nbr) score; 
Estimated worst slack/total negative slack<setup>: 466.687ns/0.000ns; real time: 18 secs 

Start NBR section for post-routing at 11:04:32 11/14/19

End NBR router with 0 unrouted connection

NBR Summary
-----------
  Number of unrouted connections : 0 (0.00%)
  Number of connections with timing violations : 0 (0.00%)
  Estimated worst slack<setup> : 466.687ns
  Timing score<setup> : 0
-----------
Notes: The timing info is calculated for SETUP only and all PAR_ADJs are ignored.



Total CPU time 16 secs 
Total REAL time: 19 secs 
Completely routed.
End of route.  1592 routed (100.00%); 0 unrouted.

Hold time timing score: 0, hold timing errors: 0

Timing score: 0 

Dumping design to file bcd01_bcd1.dir/5_1.ncd.


PAR_SUMMARY::Run status = Completed
PAR_SUMMARY::Number of unrouted conns = 0
PAR_SUMMARY::Worst  slack<setup/<ns>> = 466.687
PAR_SUMMARY::Timing score<setup/<ns>> = 0.000
PAR_SUMMARY::Worst  slack<hold /<ns>> = 0.379
PAR_SUMMARY::Timing score<hold /<ns>> = 0.000
PAR_SUMMARY::Number of errors = 0

Total CPU  time to completion: 17 secs 
Total REAL time to completion: 20 secs 

par done!

Note: user must run 'Trace' for timing closure signoff.

Copyright (c) 1991-1994 by NeoCAD Inc. All rights reserved.
Copyright (c) 1995 AT&T Corp.   All rights reserved.
Copyright (c) 1995-2001 Lucent Technologies Inc.  All rights reserved.
Copyright (c) 2001 Agere Systems   All rights reserved.
Copyright (c) 2002-2019 Lattice Semiconductor Corporation,  All rights reserved.
Exiting par with exit code 0
Exiting mpartrce with exit code 0

trce -f "bcd01_bcd1.pt" -o "bcd01_bcd1.twr" "bcd01_bcd1.ncd" "bcd01_bcd1.prf"
trce:  version Diamond (64-bit) 3.11.0.396.4

Copyright (c) 1991-1994 by NeoCAD Inc. All rights reserved.
Copyright (c) 1995 AT&T Corp.   All rights reserved.
Copyright (c) 1995-2001 Lucent Technologies Inc.  All rights reserved.
Copyright (c) 2001 Agere Systems   All rights reserved.
Copyright (c) 2002-2019 Lattice Semiconductor Corporation,  All rights reserved.

Loading design for application trce from file bcd01_bcd1.ncd.
Design name: topbcd00
NCD version: 3.3
Vendor:      LATTICE
Device:      LCMXO2-7000HE
Package:     TQFP144
Performance: 5
Loading device for application trce from file 'xo2c7000.nph' in environment: C:/lscc/diamond/3.11_x64/ispfpga.
Package Status:                     Final          Version 1.39.
Performance Hardware Data Status:   Final          Version 34.4.
Setup and Hold Report

--------------------------------------------------------------------------------
Lattice TRACE Report - Setup, Version Diamond (64-bit) 3.11.0.396.4
Thu Nov 14 11:04:35 2019

Copyright (c) 1991-1994 by NeoCAD Inc. All rights reserved.
Copyright (c) 1995 AT&T Corp.   All rights reserved.
Copyright (c) 1995-2001 Lucent Technologies Inc.  All rights reserved.
Copyright (c) 2001 Agere Systems   All rights reserved.
Copyright (c) 2002-2019 Lattice Semiconductor Corporation,  All rights reserved.

Report Information
------------------
Command line:    trce -v 10 -gt -sethld -sp 5 -sphld m -o bcd01_bcd1.twr -gui -msgset C:/Users/ameri/Documentos/ESCOM/Arquitectura/Arquitectura-de-Computadoras-master/II/Practicas/bcd01/promote.xml bcd01_bcd1.ncd bcd01_bcd1.prf 
Design file:     bcd01_bcd1.ncd
Preference file: bcd01_bcd1.prf
Device,speed:    LCMXO2-7000HE,5
Report level:    verbose report, limited to 10 items per preference
--------------------------------------------------------------------------------

BLOCK ASYNCPATHS
BLOCK RESETPATHS
--------------------------------------------------------------------------------



Timing summary (Setup):
---------------

Timing errors: 0  Score: 0
Cumulative negative slack: 0

Constraints cover 9842 paths, 1 nets, and 1375 connections (86.37% coverage)

--------------------------------------------------------------------------------
Lattice TRACE Report - Hold, Version Diamond (64-bit) 3.11.0.396.4
Thu Nov 14 11:04:35 2019

Copyright (c) 1991-1994 by NeoCAD Inc. All rights reserved.
Copyright (c) 1995 AT&T Corp.   All rights reserved.
Copyright (c) 1995-2001 Lucent Technologies Inc.  All rights reserved.
Copyright (c) 2001 Agere Systems   All rights reserved.
Copyright (c) 2002-2019 Lattice Semiconductor Corporation,  All rights reserved.

Report Information
------------------
Command line:    trce -v 10 -gt -sethld -sp 5 -sphld m -o bcd01_bcd1.twr -gui -msgset C:/Users/ameri/Documentos/ESCOM/Arquitectura/Arquitectura-de-Computadoras-master/II/Practicas/bcd01/promote.xml bcd01_bcd1.ncd bcd01_bcd1.prf 
Design file:     bcd01_bcd1.ncd
Preference file: bcd01_bcd1.prf
Device,speed:    LCMXO2-7000HE,m
Report level:    verbose report, limited to 10 items per preference
--------------------------------------------------------------------------------

BLOCK ASYNCPATHS
BLOCK RESETPATHS
--------------------------------------------------------------------------------



Timing summary (Hold):
---------------

Timing errors: 0  Score: 0
Cumulative negative slack: 0

Constraints cover 9842 paths, 1 nets, and 1375 connections (86.37% coverage)



Timing summary (Setup and Hold):
---------------

Timing errors: 0 (setup), 0 (hold)
Score: 0 (setup), 0 (hold)
Cumulative negative slack: 0 (0+0)
--------------------------------------------------------------------------------

--------------------------------------------------------------------------------

Total CPU Time: 1 secs 
Total REAL Time: 0 secs 
Peak Memory Usage: 69 MB


tmcheck -par "bcd01_bcd1.par" 

bitgen -f "bcd01_bcd1.t2b" -w "bcd01_bcd1.ncd"  -jedec "bcd01_bcd1.prf"


BITGEN: Bitstream Generator Diamond (64-bit) 3.11.0.396.4
Copyright (c) 1991-1994 by NeoCAD Inc. All rights reserved.
Copyright (c) 1995 AT&T Corp.   All rights reserved.
Copyright (c) 1995-2001 Lucent Technologies Inc.  All rights reserved.
Copyright (c) 2001 Agere Systems   All rights reserved.
Copyright (c) 2002-2019 Lattice Semiconductor Corporation,  All rights reserved.


Loading design for application Bitgen from file bcd01_bcd1.ncd.
Design name: topbcd00
NCD version: 3.3
Vendor:      LATTICE
Device:      LCMXO2-7000HE
Package:     TQFP144
Performance: 5
Loading device for application Bitgen from file 'xo2c7000.nph' in environment: C:/lscc/diamond/3.11_x64/ispfpga.
Package Status:                     Final          Version 1.39.
Performance Hardware Data Status:   Final          Version 34.4.

Running DRC.
DRC detected 0 errors and 0 warnings.
Reading Preference File from bcd01_bcd1.prf.

Preference Summary:
+---------------------------------+---------------------------------+
|  Preference                     |  Current Setting                |
+---------------------------------+---------------------------------+
|                         RamCfg  |                        Reset**  |
+---------------------------------+---------------------------------+
|                     MCCLK_FREQ  |                         2.08**  |
+---------------------------------+---------------------------------+
|                  CONFIG_SECURE  |                          OFF**  |
+---------------------------------+---------------------------------+
|                          INBUF  |                           ON**  |
+---------------------------------+---------------------------------+
|                      JTAG_PORT  |                       ENABLE**  |
+---------------------------------+---------------------------------+
|                       SDM_PORT  |                      DISABLE**  |
+---------------------------------+---------------------------------+
|                 SLAVE_SPI_PORT  |                      DISABLE**  |
+---------------------------------+---------------------------------+
|                MASTER_SPI_PORT  |                      DISABLE**  |
+---------------------------------+---------------------------------+
|                       I2C_PORT  |                      DISABLE**  |
+---------------------------------+---------------------------------+
|        MUX_CONFIGURATION_PORTS  |                      DISABLE**  |
+---------------------------------+---------------------------------+
|                  CONFIGURATION  |                          CFG**  |
+---------------------------------+---------------------------------+
|                COMPRESS_CONFIG  |                           ON**  |
+---------------------------------+---------------------------------+
|                        MY_ASSP  |                          OFF**  |
+---------------------------------+---------------------------------+
|               ONE_TIME_PROGRAM  |                          OFF**  |
+---------------------------------+---------------------------------+
|                 ENABLE_TRANSFR  |                      DISABLE**  |
+---------------------------------+---------------------------------+
|                  SHAREDEBRINIT  |                      DISABLE**  |
+---------------------------------+---------------------------------+
|            BACKGROUND_RECONFIG  |                          OFF**  |
+---------------------------------+---------------------------------+
 *  Default setting.
 ** The specified setting matches the default setting.


Creating bit map...
 
Bitstream Status: Final           Version 1.95.
 
Saving bit stream in "bcd01_bcd1.jed".
 
===========
UFM Summary.
===========
UFM Size:        2046 Pages (128*2046 Bits).
UFM Utilization: General Purpose Flash Memory.
 
Available General Purpose Flash Memory: 2046 Pages (Page 0 to Page 2045).
Initialized UFM Pages:                     0 Page.
 
Total CPU Time: 5 secs 
Total REAL Time: 5 secs 
Peak Memory Usage: 290 MB
