
Copyright (C) 1994-2018 Synopsys, Inc.
This Synopsys software and all associated documentation are proprietary to Synopsys, Inc.
and may only be used pursuant to the terms and conditions of a written license agreement
with Synopsys, Inc. All other use, reproduction, modification, or distribution of the
Synopsys software or the associated documentation is strictly prohibited.
Tool: Synplify Pro (R)
Build: N-2018.03L-SP1-1
Install: C:\lscc\diamond\3.11_x64\synpbase
OS: Windows 6.2

Hostname: DESKTOP-496B8RB

Implementation : bcd1

# Written on Wed Nov 13 20:35:24 2019

##### DESIGN INFO #######################################################

Top View:                "topbcd00"
Constraint File(s):      (none)




##### SUMMARY ############################################################

Found 0 issues in 0 out of 0 constraints


##### DETAILS ############################################################



Clock Relationships
*******************

Starting                         Ending                           |     rise to rise     |     fall to fall     |     rise to fall     |     fall to rise                     
-----------------------------------------------------------------------------------------------------------------------------------------------------------------------------
osc00|osc_int_inferred_clock     osc00|osc_int_inferred_clock     |     480.769          |     No paths         |     No paths         |     No paths                         
div00|oscout_derived_clock       div00|oscout_derived_clock       |     480.769          |     No paths         |     No paths         |     No paths                         
div01|outdiv1_derived_clock      div01|outdiv1_derived_clock      |     480.769          |     No paths         |     No paths         |     No paths                         
=============================================================================================================================================================================
 Note: 'No paths' indicates there are no paths in the design for that pair of clock edges.
       'Diff grp' indicates that paths exist but the starting clock and ending clock are in different clock groups.


Unconstrained Start/End Points
******************************

p:cdiv00[0]
p:cdiv00[1]
p:cdiv00[2]
p:cdiv00[3]
p:cdiv00[4]
p:cdiv01[0]
p:cdiv01[1]
p:cdiv01[2]
p:cdiv01[3]
p:cdiv01[4]
p:enable0
p:inData0[0]
p:inData0[1]
p:inData0[2]
p:inData0[3]
p:inData0[4]
p:inData0[5]
p:inData0[6]
p:inData0[7]
p:outBCD0[0]
p:outBCD0[1]
p:outBCD0[2]
p:outBCD0[3]
p:outBCD0[4]
p:outBCD0[5]
p:outBCD0[6]
p:outCode0[0]
p:outCode0[1]
p:outCode0[2]
p:outCode0[3]
p:outFlagCode0
p:outFlagI80 (bidir end point)
p:outFlagI80 (bidir start point)
p:outFlagI120 (bidir end point)
p:outFlagI120 (bidir start point)
p:outFlagIter120
p:outFlagIterA0
p:outFlagIterB0
p:outFlagMP0
p:outFlagPC0
p:outPC0[0]
p:outPC0[1]
p:outPC0[2]
p:outPC0[3]
p:outTransist0[0]
p:outTransist0[1]
p:outTransist0[2]
p:outTransist0[3]
p:reset0


Inapplicable constraints
************************

(none)


Applicable constraints with issues
**********************************

(none)


Constraints with matching wildcard expressions
**********************************************

(none)


Library Report
**************


# End of Constraint Checker Report
