Running in Lattice mode

Starting:    C:\lscc\diamond\3.11_x64\synpbase\bin64\mbin\synbatch.exe
Install:     C:\lscc\diamond\3.11_x64\synpbase
Hostname:    DESKTOP-496B8RB
Date:        Wed Nov 13 20:35:15 2019
Version:     N-2018.03L-SP1-1

Arguments:   -product synplify_pro -batch bcd01_bcd1_synplify.tcl
ProductType: synplify_pro




log file: "C:\Users\ameri\Documentos\ESCOM\Arquitectura\Arquitectura-de-Computadoras-master\II\Practicas\bcd01\bcd1\bcd01_bcd1.srr"
Running: hdl_info_gen in foreground

Generating HDL info...
Copied C:\Users\ameri\Documentos\ESCOM\Arquitectura\Arquitectura-de-Computadoras-master\II\Practicas\bcd01\bcd1\bcd01_bcd1.srr to C:\Users\ameri\Documentos\ESCOM\Arquitectura\Arquitectura-de-Computadoras-master\II\Practicas\bcd01\bcd1\bcd01_bcd1.srf

hdl_info_gen completed
# Wed Nov 13 20:35:17 2019

Return Code: 0
Run Time:00h:00m:01s
log file: "C:\Users\ameri\Documentos\ESCOM\Arquitectura\Arquitectura-de-Computadoras-master\II\Practicas\bcd01\bcd1\bcd01_bcd1.srr"
Running: bcd1 in foreground

Running proj_1|bcd1

Running Flow: compile (Compile) on proj_1|bcd1
# Wed Nov 13 20:35:17 2019

Running Flow: compile_flow (Compile Process) on proj_1|bcd1
# Wed Nov 13 20:35:17 2019

Running: compiler (Compile Input) on proj_1|bcd1
# Wed Nov 13 20:35:17 2019
Copied C:\Users\ameri\Documentos\ESCOM\Arquitectura\Arquitectura-de-Computadoras-master\II\Practicas\bcd01\bcd1\synwork\bcd01_bcd1_comp.srs to C:\Users\ameri\Documentos\ESCOM\Arquitectura\Arquitectura-de-Computadoras-master\II\Practicas\bcd01\bcd1\bcd01_bcd1.srs

compiler completed
# Wed Nov 13 20:35:20 2019

Return Code: 0
Run Time:00h:00m:03s

Running: multi_srs_gen (Multi-srs Generator) on proj_1|bcd1
# Wed Nov 13 20:35:20 2019

multi_srs_gen completed
# Wed Nov 13 20:35:21 2019

Return Code: 0
Run Time:00h:00m:01s
Copied C:\Users\ameri\Documentos\ESCOM\Arquitectura\Arquitectura-de-Computadoras-master\II\Practicas\bcd01\bcd1\synwork\bcd01_bcd1_mult.srs to C:\Users\ameri\Documentos\ESCOM\Arquitectura\Arquitectura-de-Computadoras-master\II\Practicas\bcd01\bcd1\bcd01_bcd1.srs
Copied C:\Users\ameri\Documentos\ESCOM\Arquitectura\Arquitectura-de-Computadoras-master\II\Practicas\bcd01\bcd1\bcd01_bcd1.srr to C:\Users\ameri\Documentos\ESCOM\Arquitectura\Arquitectura-de-Computadoras-master\II\Practicas\bcd01\bcd1\bcd01_bcd1.srf
Complete: Compile Process on proj_1|bcd1

Running: premap (Premap) on proj_1|bcd1
# Wed Nov 13 20:35:21 2019

premap completed with warnings
# Wed Nov 13 20:35:24 2019

Return Code: 1
Run Time:00h:00m:03s
Complete: Compile on proj_1|bcd1

Running Flow: map (Map) on proj_1|bcd1
# Wed Nov 13 20:35:24 2019
License granted for 4 parallel jobs

Running: fpga_mapper (Map & Optimize) on proj_1|bcd1
# Wed Nov 13 20:35:24 2019
Copied C:\Users\ameri\Documentos\ESCOM\Arquitectura\Arquitectura-de-Computadoras-master\II\Practicas\bcd01\bcd1\synwork\bcd01_bcd1_m.srm to C:\Users\ameri\Documentos\ESCOM\Arquitectura\Arquitectura-de-Computadoras-master\II\Practicas\bcd01\bcd1\bcd01_bcd1.srm

fpga_mapper completed with warnings
# Wed Nov 13 20:35:28 2019

Return Code: 1
Run Time:00h:00m:04s
Complete: Map on proj_1|bcd1
Copied C:\Users\ameri\Documentos\ESCOM\Arquitectura\Arquitectura-de-Computadoras-master\II\Practicas\bcd01\bcd1\bcd01_bcd1.srr to C:\Users\ameri\Documentos\ESCOM\Arquitectura\Arquitectura-de-Computadoras-master\II\Practicas\bcd01\bcd1\bcd01_bcd1.srf
Complete: Logic Synthesis on proj_1|bcd1
TCL script complete: "bcd01_bcd1_synplify.tcl"
exit status=0
exit status=0
Save changes for project:
C:\Users\ameri\Documentos\ESCOM\Arquitectura\Arquitectura-de-Computadoras-master\II\Practicas\bcd01\bcd1\proj_1.prj
batch mode default:no
