C:\lscc\diamond\3.10_x64\synpbase\bin64\c_vhdl.exe  -osyn  C:\Users\FERNANDO\Desktop\P16\alu02\alu02\synwork\alu02_alu02_hdl_.srs  -top  topalu00  -prodtype  synplify_pro  -dspmac -fixsmult -infer_seqShift -nram -sdff_counter -divnmod -nostructver  -encrypt  -pro  -dmgen  C:\Users\FERNANDO\Desktop\P16\alu02\alu02\dm  -lite -ui -fid2 -ram -sharing on -ll 2000 -autosm  -ignore_undefined_lib  -lib work C:\lscc\diamond\3.10_x64\cae_library\synthesis\vhdl\machxo2.vhd -lib work C:\Users\FERNANDO\Desktop\P16\topdiv00VHDL\div00.vhdl -lib work C:\Users\FERNANDO\Desktop\P16\topdiv00VHDL\osc00.vhdl -lib work C:\Users\FERNANDO\Desktop\P16\topdiv00VHDL\packagediv00.vhdl -lib work C:\Users\FERNANDO\Desktop\P16\topdiv00VHDL\topdiv00.vhdl -lib work C:\Users\FERNANDO\Desktop\P16\adder8bit00VHDL\and00.vhdl -lib work C:\Users\FERNANDO\Desktop\P16\adder8bit00VHDL\or00.vhdl -lib work C:\Users\FERNANDO\Desktop\P16\adder8bit00VHDL\packageadder8bit00.vhdl -lib work C:\Users\FERNANDO\Desktop\P16\adder8bit00VHDL\packagefa00.vhdl -lib work C:\Users\FERNANDO\Desktop\P16\adder8bit00VHDL\packageha00.vhdl -lib work C:\Users\FERNANDO\Desktop\P16\adder8bit00VHDL\topfa00.vhdl -lib work C:\Users\FERNANDO\Desktop\P16\adder8bit00VHDL\topha00.vhdl -lib work C:\Users\FERNANDO\Desktop\P16\adder8bit00VHDL\xnor00.vhdl -lib work C:\Users\FERNANDO\Desktop\P16\adder8bit00VHDL\xor00.vhdl -lib work C:\Users\FERNANDO\Desktop\P16\adder8bit00VHDL\topadder8bit00.vhdl -lib work C:\Users\FERNANDO\Desktop\P16\mult8bit00VHDL\packagemult8bit00.vhdl -lib work C:\Users\FERNANDO\Desktop\P16\mult8bit00VHDL\topmult8bit00.vhdl -lib work C:\Users\FERNANDO\Desktop\P16\alu01\anda00.vhdl -lib work C:\Users\FERNANDO\Desktop\P16\alu01\ora00.vhdl -lib work C:\Users\FERNANDO\Desktop\P16\alu01\nanda00.vhdl -lib work C:\Users\FERNANDO\Desktop\P16\alu01\nora00.vhdl -lib work C:\Users\FERNANDO\Desktop\P16\alu01\xora00.vhdl -lib work C:\Users\FERNANDO\Desktop\P16\alu01\xnora00.vhdl -lib work C:\Users\FERNANDO\Desktop\P16\alu01\nota00.vhdl -lib work C:\Users\FERNANDO\Desktop\P16\alu01\mult00.vhdl -lib work C:\Users\FERNANDO\Desktop\P16\alu01\add00.vhdl -lib work C:\Users\FERNANDO\Desktop\P16\alu01\sub00.vhdl -lib work C:\Users\FERNANDO\Desktop\P16\alu01\ac00.vhdl -lib work C:\Users\FERNANDO\Desktop\P16\alu02\shifRL00.vhdl -lib work C:\Users\FERNANDO\Desktop\P16\alu02\packagealu02.vhdl -lib work C:\Users\FERNANDO\Desktop\P16\alu02\topalu02.vhdl  -log  C:\Users\FERNANDO\Desktop\P16\alu02\alu02\syntax.log  -fileorder  C:\Users\FERNANDO\Desktop\P16\alu02\alu02\syntmp\hdlorder.tcl  -jobname  "hdl_info_gen" 
relcom:..\..\..\..\..\..\..\lscc\diamond\3.10_x64\synpbase\bin64\c_vhdl.exe -osyn ..\synwork\alu02_alu02_hdl_.srs -top topalu00 -prodtype synplify_pro -dspmac -fixsmult -infer_seqShift -nram -sdff_counter -divnmod -nostructver -encrypt -pro -dmgen ..\dm -lite -ui -fid2 -ram -sharing on -ll 2000 -autosm -ignore_undefined_lib -lib work ..\..\..\..\..\..\..\lscc\diamond\3.10_x64\cae_library\synthesis\vhdl\machxo2.vhd -lib work ..\..\..\topdiv00VHDL\div00.vhdl -lib work ..\..\..\topdiv00VHDL\osc00.vhdl -lib work ..\..\..\topdiv00VHDL\packagediv00.vhdl -lib work ..\..\..\topdiv00VHDL\topdiv00.vhdl -lib work ..\..\..\adder8bit00VHDL\and00.vhdl -lib work ..\..\..\adder8bit00VHDL\or00.vhdl -lib work ..\..\..\adder8bit00VHDL\packageadder8bit00.vhdl -lib work ..\..\..\adder8bit00VHDL\packagefa00.vhdl -lib work ..\..\..\adder8bit00VHDL\packageha00.vhdl -lib work ..\..\..\adder8bit00VHDL\topfa00.vhdl -lib work ..\..\..\adder8bit00VHDL\topha00.vhdl -lib work ..\..\..\adder8bit00VHDL\xnor00.vhdl -lib work ..\..\..\adder8bit00VHDL\xor00.vhdl -lib work ..\..\..\adder8bit00VHDL\topadder8bit00.vhdl -lib work ..\..\..\mult8bit00VHDL\packagemult8bit00.vhdl -lib work ..\..\..\mult8bit00VHDL\topmult8bit00.vhdl -lib work ..\..\..\alu01\anda00.vhdl -lib work ..\..\..\alu01\ora00.vhdl -lib work ..\..\..\alu01\nanda00.vhdl -lib work ..\..\..\alu01\nora00.vhdl -lib work ..\..\..\alu01\xora00.vhdl -lib work ..\..\..\alu01\xnora00.vhdl -lib work ..\..\..\alu01\nota00.vhdl -lib work ..\..\..\alu01\mult00.vhdl -lib work ..\..\..\alu01\add00.vhdl -lib work ..\..\..\alu01\sub00.vhdl -lib work ..\..\..\alu01\ac00.vhdl -lib work ..\..\shifRL00.vhdl -lib work ..\..\packagealu02.vhdl -lib work ..\..\topalu02.vhdl -log ..\syntax.log -fileorder hdlorder.tcl -jobname "hdl_info_gen"
rc:0 success:1 runtime:1
file:..\synwork\alu02_alu02_hdl_.srs|io:o|time:0|size:0|exec:0|csum:
file:..\..\..\..\..\..\..\lscc\diamond\3.10_x64\cae_library\synthesis\vhdl\machxo2.vhd|io:i|time:1493331104|size:73964|exec:0|csum:CFF92E93E4FE354031DBB4E0E47DD4A6
file:..\..\..\topdiv00VHDL\div00.vhdl|io:i|time:1550622243|size:2213|exec:0|csum:AE44DDC4C7866C90B007991C651F9EB9
file:..\..\..\topdiv00VHDL\osc00.vhdl|io:i|time:1550622230|size:509|exec:0|csum:A50C7FE2335D6AF40655976E7D99CB90
file:..\..\..\topdiv00VHDL\packagediv00.vhdl|io:i|time:1550622251|size:328|exec:0|csum:88F12117AB796982DB8B3880DD3E8BE3
file:..\..\..\topdiv00VHDL\topdiv00.vhdl|io:i|time:1557197960|size:464|exec:0|csum:14B7D97B2DFA072B5736C388582A1C3C
file:..\..\..\adder8bit00VHDL\and00.vhdl|io:i|time:1557245229|size:258|exec:0|csum:105CDD52589042193A06132A22BD7799
file:..\..\..\adder8bit00VHDL\or00.vhdl|io:i|time:1557245252|size:248|exec:0|csum:79A189BF7B91FB562C5E62DF33E22BB2
file:..\..\..\adder8bit00VHDL\packageadder8bit00.vhdl|io:i|time:1557244683|size:631|exec:0|csum:10B84B7CE62C18FB036AE625C9F1434E
file:..\..\..\adder8bit00VHDL\packagefa00.vhdl|io:i|time:1557245220|size:380|exec:0|csum:C7489377C8B083CC373172375E4EE1EE
file:..\..\..\adder8bit00VHDL\packageha00.vhdl|io:i|time:1557245235|size:349|exec:0|csum:9B24DB44E1FC54FB09D4E86C5E6C486C
file:..\..\..\adder8bit00VHDL\topfa00.vhdl|io:i|time:1557245260|size:642|exec:0|csum:7DBED167F0039BCD8B934D75E80A1C3C
file:..\..\..\adder8bit00VHDL\topha00.vhdl|io:i|time:1557245245|size:437|exec:0|csum:34258394DB306AAC4804FCEBBC3E8EA3
file:..\..\..\adder8bit00VHDL\xnor00.vhdl|io:i|time:1557245268|size:266|exec:0|csum:D353A77F672CFFC8D7432FA1AB3A9F50
file:..\..\..\adder8bit00VHDL\xor00.vhdl|io:i|time:1557244549|size:277|exec:0|csum:FB6A4F73485B49F048A719E9DC660E6C
file:..\..\..\adder8bit00VHDL\topadder8bit00.vhdl|io:i|time:1557244683|size:2915|exec:0|csum:DC3D9865609ABF8DC64C8A97BA04A7C5
file:..\..\..\mult8bit00VHDL\packagemult8bit00.vhdl|io:i|time:1557243436|size:403|exec:0|csum:F82E0BE2FD00DDA86D153C8EC5E3080A
file:..\..\..\mult8bit00VHDL\topmult8bit00.vhdl|io:i|time:1557244101|size:12699|exec:0|csum:E6D0E8B883021E745FFA4322C7B8C500
file:..\..\..\alu01\anda00.vhdl|io:i|time:1554861356|size:904|exec:0|csum:5AF7ADCD60E9A5EB52D5089882AC988E
file:..\..\..\alu01\ora00.vhdl|io:i|time:1554861380|size:894|exec:0|csum:D6F19823D8CD195F974C76EC74E26B7C
file:..\..\..\alu01\nanda00.vhdl|io:i|time:1554861402|size:908|exec:0|csum:34D849E5483A07BE1EAACE0480789787
file:..\..\..\alu01\nora00.vhdl|io:i|time:1554861427|size:921|exec:0|csum:C896ABE711A8B5F733AFBF52E060F407
file:..\..\..\alu01\xora00.vhdl|io:i|time:1554861451|size:921|exec:0|csum:EAA99CF988208B93913EE4BD4D3D396A
file:..\..\..\alu01\xnora00.vhdl|io:i|time:1554861478|size:927|exec:0|csum:2F53F6CC83DCA52EF987038A441DA3EE
file:..\..\..\alu01\nota00.vhdl|io:i|time:1554861502|size:890|exec:0|csum:9546DCD1B270DBBFB059CFA0EE070D4E
file:..\..\..\alu01\mult00.vhdl|io:i|time:1557205382|size:1255|exec:0|csum:490BE12A1F2EEA6BF187530AAAE7B05E
file:..\..\..\alu01\add00.vhdl|io:i|time:1557199877|size:1234|exec:0|csum:2B7FF38D4494F0E73D1106A1E4CA2B55
file:..\..\..\alu01\sub00.vhdl|io:i|time:1557203241|size:1251|exec:0|csum:F003953343B0511ECD8321359E154C73
file:..\..\..\alu01\ac00.vhdl|io:i|time:1557123740|size:1184|exec:0|csum:AAD9DA756D6E010D3593964ADE5F2439
file:..\..\shifRL00.vhdl|io:i|time:1557326598|size:1860|exec:0|csum:2B081300C53BFB47E96BFC4199093C33
file:..\..\packagealu02.vhdl|io:i|time:1557326311|size:4872|exec:0|csum:81CAC425FCC3FC5562322A0D7A31E55F
file:..\..\topalu02.vhdl|io:i|time:1557326240|size:4569|exec:0|csum:3CFED0BABC29F7EA632CB5AC78EA31B3
file:..\syntax.log|io:o|time:1557326604|size:988|exec:0|csum:
file:..\..\..\..\..\..\..\lscc\diamond\3.10_x64\synpbase\bin64\c_vhdl.exe|io:i|time:1501913710|size:5913600|exec:1|csum:93E5DE52AE488E4DC33E43C149B8DA6C
