Running in Lattice mode

Starting:    C:\lscc\diamond\3.11_x64\synpbase\bin64\mbin\synbatch.exe
Install:     C:\lscc\diamond\3.11_x64\synpbase
Hostname:    DESKTOP-496B8RB
Date:        Mon Nov 25 10:43:40 2019
Version:     N-2018.03L-SP1-1

Arguments:   -product synplify_pro -batch ALU00_impl1_synplify.tcl
ProductType: synplify_pro




log file: "C:\Users\ameri\Documentos\ESCOM\Arquitectura\Arquitectura-de-Computadoras-master\II\Practicas\alu01\alu\impl1\ALU00_impl1.srr"
Running: hdl_info_gen in foreground

Generating HDL info...
Copied C:\Users\ameri\Documentos\ESCOM\Arquitectura\Arquitectura-de-Computadoras-master\II\Practicas\alu01\alu\impl1\ALU00_impl1.srr to C:\Users\ameri\Documentos\ESCOM\Arquitectura\Arquitectura-de-Computadoras-master\II\Practicas\alu01\alu\impl1\ALU00_impl1.srf

hdl_info_gen completed
# Mon Nov 25 10:43:43 2019

Return Code: 0
Run Time:00h:00m:02s
log file: "C:\Users\ameri\Documentos\ESCOM\Arquitectura\Arquitectura-de-Computadoras-master\II\Practicas\alu01\alu\impl1\ALU00_impl1.srr"
Running: impl1 in foreground

Running proj_1|impl1

Running Flow: compile (Compile) on proj_1|impl1
# Mon Nov 25 10:43:44 2019

Running Flow: compile_flow (Compile Process) on proj_1|impl1
# Mon Nov 25 10:43:44 2019

Running: compiler (Compile Input) on proj_1|impl1
# Mon Nov 25 10:43:44 2019
Copied C:\Users\ameri\Documentos\ESCOM\Arquitectura\Arquitectura-de-Computadoras-master\II\Practicas\alu01\alu\impl1\synwork\ALU00_impl1_comp.srs to C:\Users\ameri\Documentos\ESCOM\Arquitectura\Arquitectura-de-Computadoras-master\II\Practicas\alu01\alu\impl1\ALU00_impl1.srs

compiler completed
# Mon Nov 25 10:43:48 2019

Return Code: 0
Run Time:00h:00m:04s

Running: multi_srs_gen (Multi-srs Generator) on proj_1|impl1
# Mon Nov 25 10:43:48 2019

multi_srs_gen completed
# Mon Nov 25 10:43:49 2019

Return Code: 0
Run Time:00h:00m:01s
Copied C:\Users\ameri\Documentos\ESCOM\Arquitectura\Arquitectura-de-Computadoras-master\II\Practicas\alu01\alu\impl1\synwork\ALU00_impl1_mult.srs to C:\Users\ameri\Documentos\ESCOM\Arquitectura\Arquitectura-de-Computadoras-master\II\Practicas\alu01\alu\impl1\ALU00_impl1.srs
Copied C:\Users\ameri\Documentos\ESCOM\Arquitectura\Arquitectura-de-Computadoras-master\II\Practicas\alu01\alu\impl1\ALU00_impl1.srr to C:\Users\ameri\Documentos\ESCOM\Arquitectura\Arquitectura-de-Computadoras-master\II\Practicas\alu01\alu\impl1\ALU00_impl1.srf
Complete: Compile Process on proj_1|impl1

Running: premap (Premap) on proj_1|impl1
# Mon Nov 25 10:43:49 2019

premap completed with warnings
# Mon Nov 25 10:43:53 2019

Return Code: 1
Run Time:00h:00m:04s
Complete: Compile on proj_1|impl1

Running Flow: map (Map) on proj_1|impl1
# Mon Nov 25 10:43:53 2019
License granted for 4 parallel jobs

Running: fpga_mapper (Map & Optimize) on proj_1|impl1
# Mon Nov 25 10:43:53 2019
Copied C:\Users\ameri\Documentos\ESCOM\Arquitectura\Arquitectura-de-Computadoras-master\II\Practicas\alu01\alu\impl1\synwork\ALU00_impl1_m.srm to C:\Users\ameri\Documentos\ESCOM\Arquitectura\Arquitectura-de-Computadoras-master\II\Practicas\alu01\alu\impl1\ALU00_impl1.srm

fpga_mapper completed with warnings
# Mon Nov 25 10:43:59 2019

Return Code: 1
Run Time:00h:00m:06s
Complete: Map on proj_1|impl1
Copied C:\Users\ameri\Documentos\ESCOM\Arquitectura\Arquitectura-de-Computadoras-master\II\Practicas\alu01\alu\impl1\ALU00_impl1.srr to C:\Users\ameri\Documentos\ESCOM\Arquitectura\Arquitectura-de-Computadoras-master\II\Practicas\alu01\alu\impl1\ALU00_impl1.srf
Complete: Logic Synthesis on proj_1|impl1
TCL script complete: "ALU00_impl1_synplify.tcl"
exit status=0
exit status=0
Save changes for project:
C:\Users\ameri\Documentos\ESCOM\Arquitectura\Arquitectura-de-Computadoras-master\II\Practicas\alu01\alu\impl1\proj_1.prj
batch mode default:no
