Running in Lattice mode

Starting:    C:\lscc\diamond\3.10_x64\synpbase\bin64\mbin\synbatch.exe
Install:     C:\lscc\diamond\3.10_x64\synpbase
Hostname:    FERNANDO-VAIO
Date:        Thu Feb 21 00:12:05 2019
Version:     M-2017.03L-SP1-1

Arguments:   -product synplify_pro -batch mult4bit00_mult4bit00_synplify.tcl
ProductType: synplify_pro




log file: "C:\Users\FERNANDO\Desktop\P10\mult4bit00\mult4bit00\mult4bit00_mult4bit00.srr"
Running: hdl_info_gen in foreground

Generating HDL info...

hdl_info_gen completed
# Thu Feb 21 00:12:06 2019

Return Code: 0
Run Time:00h:00m:01s
log file: "C:\Users\FERNANDO\Desktop\P10\mult4bit00\mult4bit00\mult4bit00_mult4bit00.srr"
Running: mult4bit00 in foreground

Running proj_1|mult4bit00

Running: compile (Compile) on proj_1|mult4bit00
# Thu Feb 21 00:12:06 2019

Running: compile_flow (Compile Process) on proj_1|mult4bit00
# Thu Feb 21 00:12:06 2019

Running: compiler (Compile Input) on proj_1|mult4bit00
# Thu Feb 21 00:12:06 2019
Copied C:\Users\FERNANDO\Desktop\P10\mult4bit00\mult4bit00\synwork\mult4bit00_mult4bit00_comp.srs to C:\Users\FERNANDO\Desktop\P10\mult4bit00\mult4bit00\mult4bit00_mult4bit00.srs

compiler completed
# Thu Feb 21 00:12:08 2019

Return Code: 0
Run Time:00h:00m:02s

Running: multi_srs_gen (Multi-srs Generator) on proj_1|mult4bit00
# Thu Feb 21 00:12:08 2019

multi_srs_gen completed
# Thu Feb 21 00:12:08 2019

Return Code: 0
Run Time:00h:00m:00s
Copied C:\Users\FERNANDO\Desktop\P10\mult4bit00\mult4bit00\synwork\mult4bit00_mult4bit00_mult.srs to C:\Users\FERNANDO\Desktop\P10\mult4bit00\mult4bit00\mult4bit00_mult4bit00.srs
Copied C:\Users\FERNANDO\Desktop\P10\mult4bit00\mult4bit00\mult4bit00_mult4bit00.srr to C:\Users\FERNANDO\Desktop\P10\mult4bit00\mult4bit00\mult4bit00_mult4bit00.srf
Complete: Compile Process on proj_1|mult4bit00

Running: premap (Pre-mapping) on proj_1|mult4bit00
# Thu Feb 21 00:12:08 2019

premap completed
# Thu Feb 21 00:12:10 2019

Return Code: 0
Run Time:00h:00m:02s
Complete: Compile on proj_1|mult4bit00

Running: map (Map) on proj_1|mult4bit00
# Thu Feb 21 00:12:10 2019
License granted for 4 parallel jobs

Running: fpga_mapper (Map & Optimize) on proj_1|mult4bit00
# Thu Feb 21 00:12:10 2019
Copied C:\Users\FERNANDO\Desktop\P10\mult4bit00\mult4bit00\synwork\mult4bit00_mult4bit00_m.srm to C:\Users\FERNANDO\Desktop\P10\mult4bit00\mult4bit00\mult4bit00_mult4bit00.srm

fpga_mapper completed
# Thu Feb 21 00:12:13 2019

Return Code: 0
Run Time:00h:00m:03s
Complete: Map on proj_1|mult4bit00
Copied C:\Users\FERNANDO\Desktop\P10\mult4bit00\mult4bit00\mult4bit00_mult4bit00.srr to C:\Users\FERNANDO\Desktop\P10\mult4bit00\mult4bit00\mult4bit00_mult4bit00.srf
Complete: Logic Synthesis on proj_1|mult4bit00
TCL script complete: "mult4bit00_mult4bit00_synplify.tcl"
exit status=0
exit status=0
Save changes for project:
C:\Users\FERNANDO\Desktop\P10\mult4bit00\mult4bit00\proj_1.prj
batch mode default:no
