Resource Usage Report
Part: lcmxo2_7000he-5

Register bits: 107 of 6864 (2%)
PIC Latch:       0
I/O cells:       51

Details:
CCU2D:          22
DPR16X4C:       4
FD1P3AX:        26
FD1P3IX:        8
FD1P3JX:        8
FD1S3AX:        1
FD1S3IX:        39
FD1S3JX:        15
GSR:            1
IB:             10
INV:            4
OB:             41
OFS1P3IX:       6
OFS1P3JX:       4
ORCALUT4:       135
OSCH:           1
PFUMX:          1
PUR:            1
VHI:            11
VLO:            12
false:          4
true:           5
