
Copyright (C) 1994-2018 Synopsys, Inc.
This Synopsys software and all associated documentation are proprietary to Synopsys, Inc.
and may only be used pursuant to the terms and conditions of a written license agreement
with Synopsys, Inc. All other use, reproduction, modification, or distribution of the
Synopsys software or the associated documentation is strictly prohibited.
Tool: Synplify Pro (R)
Build: N-2018.03L-SP1-1
Install: C:\lscc\diamond\3.11_x64\synpbase
OS: Windows 6.2

Hostname: DESKTOP-496B8RB

Implementation : lcdram00
Synopsys VHDL Compiler, Version comp2018q2p1, Build 461R, Built Apr  1 2019 09:17:43

@N|Running in 64-bit mode
@N:"C:\Users\ameri\Documentos\ESCOM\Arquitectura\Arquitectura-de-Computadoras-master\II\Practicas\lcd03\lcdkeyborrar\lcdram00\lcdram00\lcdram00\source\toplcdram00.vhd":9:7:9:17|Top entity is set to toplcdram00.
@N: CD895 :"C:/Users/ameri/Documentos/ESCOM/Arquitectura/Arquitectura-de-Computadoras-master/II/Practicas/lcd03/lcdkeyborrar/lcdram00/lcdram00/lcdram00/source/lcdram00.vhd":90:16:90:20|Setting attribute syn_ramstyle to "no_rw_check" on shared variable c_key

At c_vhdl Exit (Real Time elapsed 0h:00m:00s; CPU Time elapsed 0h:00m:00s; Memory used current: 74MB peak: 75MB)

Process took 0h:00m:01s realtime, 0h:00m:01s cputime

Process completed successfully.
# Tue Nov 12 09:27:17 2019

###########################################################]
